-------------------------------------------------------------------------------
Test set: TestSuite
-------------------------------------------------------------------------------
Tests run: 187, Failures: 1, Errors: 0, Skipped: 0, Time elapsed: 12.89 sec <<< FAILURE! - in TestSuite
testIssue704(io.swagger.parser.SwaggerParserTest)  Time elapsed: 0.027 sec  <<< FAILURE!
java.lang.RuntimeException: Unable to load RELATIVE ref: ../schemas/schema.json path: /root/workspace/swagger-api/swagger-parser/385070560/modules/swagger-parser/src/test/resources/sample
	at io.swagger.parser.util.ClasspathHelper.loadFileFromClasspath(ClasspathHelper.java:31)
	at io.swagger.parser.util.RefUtils.readExternalRef(RefUtils.java:149)
	at io.swagger.parser.ResolverCache.loadRef(ResolverCache.java:115)
	at io.swagger.parser.processors.ExternalRefProcessor.processRefToExternalDefinition(ExternalRefProcessor.java:40)
	at io.swagger.parser.processors.PropertyProcessor.processRefProperty(PropertyProcessor.java:34)
	at io.swagger.parser.processors.PropertyProcessor.processProperty(PropertyProcessor.java:21)
	at io.swagger.parser.processors.ModelProcessor.processArrayModel(ModelProcessor.java:79)
	at io.swagger.parser.processors.ModelProcessor.processModel(ModelProcessor.java:35)
	at io.swagger.parser.processors.ResponseProcessor.processResponse(ResponseProcessor.java:23)
	at io.swagger.parser.processors.OperationProcessor.processOperation(OperationProcessor.java:45)
	at io.swagger.parser.processors.PathsProcessor.processPaths(PathsProcessor.java:101)
	at io.swagger.parser.SwaggerResolver.resolve(SwaggerResolver.java:50)
	at io.swagger.parser.SwaggerParser.read(SwaggerParser.java:71)
	at io.swagger.parser.SwaggerParser.read(SwaggerParser.java:58)
	at io.swagger.parser.SwaggerParserTest.testIssue704(SwaggerParserTest.java:60)

