<?xml version="1.0" encoding="UTF-8"?>
<testsuite name="TestSuite" time="7.134" tests="187" errors="0" skipped="0" failures="1">
  <properties>
    <property name="java.runtime.name" value="OpenJDK Runtime Environment"/>
    <property name="sun.boot.library.path" value="/usr/lib/jvm/java-8-openjdk-amd64/jre/lib/amd64"/>
    <property name="java.vm.version" value="25.121-b13"/>
    <property name="java.vm.vendor" value="Oracle Corporation"/>
    <property name="maven.multiModuleProjectDirectory" value="/root/workspace/swagger-api/swagger-parser/385070560"/>
    <property name="java.vendor.url" value="http://java.oracle.com/"/>
    <property name="path.separator" value=":"/>
    <property name="guice.disable.misplaced.annotation.check" value="true"/>
    <property name="skip.gulp" value="true"/>
    <property name="java.vm.name" value="OpenJDK 64-Bit Server VM"/>
    <property name="file.encoding.pkg" value="sun.io"/>
    <property name="sun.java.launcher" value="SUN_STANDARD"/>
    <property name="sun.os.patch.level" value="unknown"/>
    <property name="findbugs.skip" value="true"/>
    <property name="java.vm.specification.name" value="Java Virtual Machine Specification"/>
    <property name="user.dir" value="/root/workspace/swagger-api/swagger-parser/385070560"/>
    <property name="checkstyle.skip" value="true"/>
    <property name="java.runtime.version" value="1.8.0_121-8u121-b13-1~bpo8+1-b13"/>
    <property name="java.awt.graphicsenv" value="sun.awt.X11GraphicsEnvironment"/>
    <property name="skip.npm" value="true"/>
    <property name="java.endorsed.dirs" value="/usr/lib/jvm/java-8-openjdk-amd64/jre/lib/endorsed"/>
    <property name="os.arch" value="amd64"/>
    <property name="java.io.tmpdir" value="/tmp"/>
    <property name="gpg.skip" value="true"/>
    <property name="line.separator" value="&#10;"/>
    <property name="java.vm.specification.vendor" value="Oracle Corporation"/>
    <property name="cobertura.skip" value="true"/>
    <property name="os.name" value="Linux"/>
    <property name="classworlds.conf" value="/usr/share/maven/bin/m2.conf"/>
    <property name="sun.jnu.encoding" value="UTF-8"/>
    <property name="java.library.path" value="/usr/java/packages/lib/amd64:/usr/lib/x86_64-linux-gnu/jni:/lib/x86_64-linux-gnu:/usr/lib/x86_64-linux-gnu:/usr/lib/jni:/lib:/usr/lib"/>
    <property name="license.skip" value="true"/>
    <property name="java.specification.name" value="Java Platform API Specification"/>
    <property name="java.class.version" value="52.0"/>
    <property name="sun.management.compiler" value="HotSpot 64-Bit Tiered Compilers"/>
    <property name="skip.bower" value="true"/>
    <property name="maven.repo.local" value="/root/./workspace/swagger-api/swagger-parser/385070560/.m2"/>
    <property name="os.version" value="3.10.0-862.3.2.el7.x86_64"/>
    <property name="user.home" value="/root"/>
    <property name="user.timezone" value="Europe/Paris"/>
    <property name="java.awt.printerjob" value="sun.print.PSPrinterJob"/>
    <property name="java.specification.version" value="1.8"/>
    <property name="file.encoding" value="UTF-8"/>
    <property name="user.name" value="root"/>
    <property name="java.class.path" value="/usr/share/maven/boot/plexus-classworlds-2.5.2.jar"/>
    <property name="skipITs" value="true"/>
    <property name="java.vm.specification.version" value="1.8"/>
    <property name="sun.arch.data.model" value="64"/>
    <property name="java.home" value="/usr/lib/jvm/java-8-openjdk-amd64/jre"/>
    <property name="sun.java.command" value="org.codehaus.plexus.classworlds.launcher.Launcher -B -D enforcer.skip=true -D dependency-check.skip=true -D skipITs=true -D cobertura.skip=true -D maven.repo.local=/root/./workspace/swagger-api/swagger-parser/385070560/.m2 -D rat.skip=true -D findbugs.skip=true -D skip.bower=true -D gpg.skip=true -D checkstyle.skip=true -D skip.gulp=true -D license.skip=true -D skip.npm=true test"/>
    <property name="java.specification.vendor" value="Oracle Corporation"/>
    <property name="user.language" value="en"/>
    <property name="awt.toolkit" value="sun.awt.X11.XToolkit"/>
    <property name="dependency-check.skip" value="true"/>
    <property name="java.vm.info" value="mixed mode"/>
    <property name="java.version" value="1.8.0_121"/>
    <property name="java.ext.dirs" value="/usr/lib/jvm/java-8-openjdk-amd64/jre/lib/ext:/usr/java/packages/lib/ext"/>
    <property name="securerandom.source" value="file:/dev/./urandom"/>
    <property name="sun.boot.class.path" value="/usr/lib/jvm/java-8-openjdk-amd64/jre/lib/resources.jar:/usr/lib/jvm/java-8-openjdk-amd64/jre/lib/rt.jar:/usr/lib/jvm/java-8-openjdk-amd64/jre/lib/sunrsasign.jar:/usr/lib/jvm/java-8-openjdk-amd64/jre/lib/jsse.jar:/usr/lib/jvm/java-8-openjdk-amd64/jre/lib/jce.jar:/usr/lib/jvm/java-8-openjdk-amd64/jre/lib/charsets.jar:/usr/lib/jvm/java-8-openjdk-amd64/jre/lib/jfr.jar:/usr/lib/jvm/java-8-openjdk-amd64/jre/classes"/>
    <property name="java.vendor" value="Oracle Corporation"/>
    <property name="enforcer.skip" value="true"/>
    <property name="rat.skip" value="true"/>
    <property name="maven.home" value="/usr/share/maven"/>
    <property name="file.separator" value="/"/>
    <property name="java.vendor.url.bug" value="http://bugreport.sun.com/bugreport/"/>
    <property name="sun.cpu.endian" value="little"/>
    <property name="sun.io.unicode.encoding" value="UnicodeLittle"/>
    <property name="sun.cpu.isalist" value=""/>
  </properties>
  <testcase name="testIssue146" classname="io.swagger.parser.AnchorTest" time="0.999"/>
  <testcase name="testAllOfFlatAndNested" classname="io.swagger.parser.FileReferenceTest" time="0.205"/>
  <testcase name="testIssue289" classname="io.swagger.parser.FileReferenceTest" time="0.053"/>
  <testcase name="testIssue304" classname="io.swagger.parser.FileReferenceTest" time="0.01"/>
  <testcase name="testIssue306" classname="io.swagger.parser.FileReferenceTest" time="0.028"/>
  <testcase name="testIssue308" classname="io.swagger.parser.FileReferenceTest" time="0.012"/>
  <testcase name="testIssue310" classname="io.swagger.parser.FileReferenceTest" time="0.011"/>
  <testcase name="testIssue312" classname="io.swagger.parser.FileReferenceTest" time="0.015"/>
  <testcase name="testIssue314" classname="io.swagger.parser.FileReferenceTest" time="0.011"/>
  <testcase name="testIssue316" classname="io.swagger.parser.FileReferenceTest" time="0.01"/>
  <testcase name="testIssue323" classname="io.swagger.parser.FileReferenceTest" time="0.011"/>
  <testcase name="testIssue336" classname="io.swagger.parser.FileReferenceTest" time="0.037"/>
  <testcase name="testIssue340" classname="io.swagger.parser.FileReferenceTest" time="0.021"/>
  <testcase name="testIssue421" classname="io.swagger.parser.FileReferenceTest" time="0.335"/>
  <testcase name="testRelativeRefIssue421" classname="io.swagger.parser.FileReferenceTest" time="0.006"/>
  <testcase name="verifyDefaultExtension" classname="io.swagger.parser.SwaggerParserExtensionTest" time="0.001"/>
  <testcase name="testLoadExternalRefWithEscapedCharacters" classname="io.swagger.parser.ResolverCacheTest" time="0.556"/>
  <testcase name="testLoadExternalRef_NoDefinitionPath" classname="io.swagger.parser.ResolverCacheTest" time="0.03"/>
  <testcase name="testLoadInternalDefinitionRef" classname="io.swagger.parser.ResolverCacheTest" time="0.001"/>
  <testcase name="testLoadInternalDefinitionRefWithEscapedCharacters" classname="io.swagger.parser.ResolverCacheTest" time="0"/>
  <testcase name="testLoadInternalDefinitionRefWithSpaces" classname="io.swagger.parser.ResolverCacheTest" time="0"/>
  <testcase name="testLoadInternalParameterRef" classname="io.swagger.parser.ResolverCacheTest" time="0.021"/>
  <testcase name="testLoadInternalParameterRefWithSpaces" classname="io.swagger.parser.ResolverCacheTest" time="0.001"/>
  <testcase name="testLoadInternalResponseRef" classname="io.swagger.parser.ResolverCacheTest" time="0.056"/>
  <testcase name="testLoadInternalResponseRefWithSpaces" classname="io.swagger.parser.ResolverCacheTest" time="0.034"/>
  <testcase name="testMock" classname="io.swagger.parser.ResolverCacheTest" time="0.007"/>
  <testcase name="testRenameCache" classname="io.swagger.parser.ResolverCacheTest" time="0"/>
  <testcase name="checkAllOfAreTaken" classname="io.swagger.parser.SwaggerParserTest" time="0.094"/>
  <testcase name="checkAllOfWithRelativeReferencesAreFound" classname="io.swagger.parser.SwaggerParserTest" time="0.003"/>
  <testcase name="checkAllOfWithRelativeReferencesIssue604" classname="io.swagger.parser.SwaggerParserTest" time="0.01"/>
  <testcase name="readingSpecNodeShouldNotOverQuotingStringExample" classname="io.swagger.parser.SwaggerParserTest" time="0.021"/>
  <testcase name="readingSpecStringShouldNotOverQuotingStringExample" classname="io.swagger.parser.SwaggerParserTest" time="0.002"/>
  <testcase name="testCodegenIssue4555" classname="io.swagger.parser.SwaggerParserTest" time="0.002"/>
  <testcase name="testCodegenPetstore" classname="io.swagger.parser.SwaggerParserTest" time="0.101"/>
  <testcase name="testConsumesAndProduces" classname="io.swagger.parser.SwaggerParserTest" time="0.001"/>
  <testcase name="testConverterIssue17" classname="io.swagger.parser.SwaggerParserTest" time="0.002"/>
  <testcase name="testDefinitionExample" classname="io.swagger.parser.SwaggerParserTest" time="0.006"/>
  <testcase name="testFileReferenceWithVendorExt" classname="io.swagger.parser.SwaggerParserTest" time="0.004"/>
  <testcase name="testIncompatibleRefs" classname="io.swagger.parser.SwaggerParserTest" time="0.003"/>
  <testcase name="testIssue" classname="io.swagger.parser.SwaggerParserTest" time="0.002"/>
  <testcase name="testIssue108" classname="io.swagger.parser.SwaggerParserTest" time="0.003"/>
  <testcase name="testIssue146" classname="io.swagger.parser.SwaggerParserTest" time="0.004"/>
  <testcase name="testIssue243" classname="io.swagger.parser.SwaggerParserTest" time="0.001"/>
  <testcase name="testIssue286" classname="io.swagger.parser.SwaggerParserTest" time="0.015"/>
  <testcase name="testIssue286WithModel" classname="io.swagger.parser.SwaggerParserTest" time="0.007"/>
  <testcase name="testIssue292WithCSVCollectionFormat" classname="io.swagger.parser.SwaggerParserTest" time="0.003"/>
  <testcase name="testIssue292WithNoCollectionFormat" classname="io.swagger.parser.SwaggerParserTest" time="0.003"/>
  <testcase name="testIssue339" classname="io.swagger.parser.SwaggerParserTest" time="0.069"/>
  <testcase name="testIssue357" classname="io.swagger.parser.SwaggerParserTest" time="0.003"/>
  <testcase name="testIssue358" classname="io.swagger.parser.SwaggerParserTest" time="0.002"/>
  <testcase name="testIssue360" classname="io.swagger.parser.SwaggerParserTest" time="0.004"/>
  <testcase name="testIssue393" classname="io.swagger.parser.SwaggerParserTest" time="0.003"/>
  <testcase name="testIssue450" classname="io.swagger.parser.SwaggerParserTest" time="0.002"/>
  <testcase name="testIssue480" classname="io.swagger.parser.SwaggerParserTest" time="0.008"/>
  <testcase name="testIssue594" classname="io.swagger.parser.SwaggerParserTest" time="0.002"/>
  <testcase name="testIssue643" classname="io.swagger.parser.SwaggerParserTest" time="0.005"/>
  <testcase name="testIssue697" classname="io.swagger.parser.SwaggerParserTest" time="0.004"/>
  <testcase name="testIssue704" classname="io.swagger.parser.SwaggerParserTest" time="0.027">
    <failure message="Unable to load RELATIVE ref: ../schemas/schema.json path: /root/workspace/swagger-api/swagger-parser/385070560/modules/swagger-parser/src/test/resources/sample" type="java.lang.RuntimeException">java.lang.RuntimeException: Unable to load RELATIVE ref: ../schemas/schema.json path: /root/workspace/swagger-api/swagger-parser/385070560/modules/swagger-parser/src/test/resources/sample
	at io.swagger.parser.util.ClasspathHelper.loadFileFromClasspath(ClasspathHelper.java:31)
	at io.swagger.parser.util.RefUtils.readExternalRef(RefUtils.java:149)
	at io.swagger.parser.ResolverCache.loadRef(ResolverCache.java:115)
	at io.swagger.parser.processors.ExternalRefProcessor.processRefToExternalDefinition(ExternalRefProcessor.java:40)
	at io.swagger.parser.processors.PropertyProcessor.processRefProperty(PropertyProcessor.java:34)
	at io.swagger.parser.processors.PropertyProcessor.processProperty(PropertyProcessor.java:21)
	at io.swagger.parser.processors.ModelProcessor.processArrayModel(ModelProcessor.java:79)
	at io.swagger.parser.processors.ModelProcessor.processModel(ModelProcessor.java:35)
	at io.swagger.parser.processors.ResponseProcessor.processResponse(ResponseProcessor.java:23)
	at io.swagger.parser.processors.OperationProcessor.processOperation(OperationProcessor.java:45)
	at io.swagger.parser.processors.PathsProcessor.processPaths(PathsProcessor.java:101)
	at io.swagger.parser.SwaggerResolver.resolve(SwaggerResolver.java:50)
	at io.swagger.parser.SwaggerParser.read(SwaggerParser.java:71)
	at io.swagger.parser.SwaggerParser.read(SwaggerParser.java:58)
	at io.swagger.parser.SwaggerParserTest.testIssue704(SwaggerParserTest.java:60)
</failure>
    <system-err><![CDATA[3216 [main] INFO io.swagger.parser.Swagger20Parser - reading from src/test/resources/sample/swagger.json
]]></system-err>
  </testcase>
  <testcase name="testIssue75" classname="io.swagger.parser.SwaggerParserTest" time="0.001"/>
  <testcase name="testIssueGrace" classname="io.swagger.parser.SwaggerParserTest" time="0.003"/>
  <testcase name="testLoadExternalNestedDefinitions" classname="io.swagger.parser.SwaggerParserTest" time="0.008"/>
  <testcase name="testLoadNestedItemsReferences" classname="io.swagger.parser.SwaggerParserTest" time="0.007"/>
  <testcase name="testLoadRecursiveExternalDef" classname="io.swagger.parser.SwaggerParserTest" time="0.004"/>
  <testcase name="testLoadRelativeFileTree_Json" classname="io.swagger.parser.SwaggerParserTest" time="0.038"/>
  <testcase name="testLoadRelativeFileTree_Yaml" classname="io.swagger.parser.SwaggerParserTest" time="0.195"/>
  <testcase name="testModelParameters" classname="io.swagger.parser.SwaggerParserTest" time="0.002"/>
  <testcase name="testNPEIssue684" classname="io.swagger.parser.SwaggerParserTest" time="0.003"/>
  <testcase name="testNestedReferences" classname="io.swagger.parser.SwaggerParserTest" time="0.011"/>
  <testcase name="testParameterRequired" classname="io.swagger.parser.SwaggerParserTest" time="0.009"/>
  <testcase name="testParseRefPathParameters" classname="io.swagger.parser.SwaggerParserTest" time="0.002"/>
  <testcase name="testParseSharedPathParameters" classname="io.swagger.parser.SwaggerParserTest" time="0.001"/>
  <testcase name="testPetstore" classname="io.swagger.parser.SwaggerParserTest" time="0.01"/>
  <testcase name="testRefAdditionalProperties" classname="io.swagger.parser.SwaggerParserTest" time="0.005"/>
  <testcase name="testRefEnum" classname="io.swagger.parser.SwaggerParserTest" time="0.012"/>
  <testcase name="testRefNameConflicts" classname="io.swagger.parser.SwaggerParserTest" time="0.005"/>
  <testcase name="testRefPaths" classname="io.swagger.parser.SwaggerParserTest" time="0.001"/>
  <testcase name="testTroublesomeFile" classname="io.swagger.parser.SwaggerParserTest" time="0.01"/>
  <testcase name="testUniqueParameters" classname="io.swagger.parser.SwaggerParserTest" time="0.002"/>
  <testcase name="detectJson" classname="io.swagger.parser.SwaggerReaderTest" time="0.001"/>
  <testcase name="detectYaml" classname="io.swagger.parser.SwaggerReaderTest" time="0.002"/>
  <testcase name="readSimpleExampleWithMinimumValues" classname="io.swagger.parser.SwaggerReaderTest" time="0.003"/>
  <testcase name="readSimpleExampleWithModelExtensions" classname="io.swagger.parser.SwaggerReaderTest" time="0.003"/>
  <testcase name="readUberApi" classname="io.swagger.parser.SwaggerReaderTest" time="0.005"/>
  <testcase name="readUberApiFromFile" classname="io.swagger.parser.SwaggerReaderTest" time="0.005"/>
  <testcase name="readUberApiFromFileNoScheme" classname="io.swagger.parser.SwaggerReaderTest" time="0.005"/>
  <testcase name="readUberApiFromFileUri" classname="io.swagger.parser.SwaggerReaderTest" time="0.005"/>
  <testcase name="readUberApiFromFileWithSpaces" classname="io.swagger.parser.SwaggerReaderTest" time="0.005"/>
  <testcase name="readUberApiFromPathUri" classname="io.swagger.parser.SwaggerReaderTest" time="0.005"/>
  <testcase name="testIssue1261InlineSchemaExample" classname="io.swagger.parser.SwaggerReaderTest" time="0.004"/>
  <testcase name="testIssue136" classname="io.swagger.parser.SwaggerReaderTest" time="0.187"/>
  <testcase name="testIssue16" classname="io.swagger.parser.SwaggerReaderTest" time="0.003"/>
  <testcase name="testIssue192" classname="io.swagger.parser.SwaggerReaderTest" time="0.001"/>
  <testcase name="testIssue205" classname="io.swagger.parser.SwaggerReaderTest" time="0.001"/>
  <testcase name="testIssue206" classname="io.swagger.parser.SwaggerReaderTest" time="0.001"/>
  <testcase name="testIssue207" classname="io.swagger.parser.SwaggerReaderTest" time="0.001"/>
  <testcase name="testIssue208" classname="io.swagger.parser.SwaggerReaderTest" time="0.001"/>
  <testcase name="testIssue277" classname="io.swagger.parser.SwaggerReaderTest" time="0.003"/>
  <testcase name="testIssue364" classname="io.swagger.parser.SwaggerReaderTest" time="0.001"/>
  <testcase name="testIssue469" classname="io.swagger.parser.SwaggerReaderTest" time="0.005"/>
  <testcase name="testIssue59" classname="io.swagger.parser.SwaggerReaderTest" time="0.01"/>
  <testcase name="testIssueSwaggerUi1792" classname="io.swagger.parser.SwaggerReaderTest" time="0.003"/>
  <testcase name="testProcessOperation" classname="io.swagger.parser.processors.OperationProcessorTest" time="0.487"/>
  <testcase name="testIssue213" classname="io.swagger.parser.RelativeReferenceTest" time="0.139"/>
  <testcase name="testIssue409" classname="io.swagger.parser.RelativeReferenceTest" time="0.004"/>
  <testcase name="testIssue211" classname="io.swagger.parser.ResponseResolverTest" time="0.026"/>
  <testcase name="testAuth" classname="io.swagger.parser.LocalReferenceTest" time="0.041"/>
  <testcase name="testIssue323" classname="io.swagger.parser.NetworkReferenceTest" time="0.058"/>
  <testcase name="testIssue328" classname="io.swagger.parser.NetworkReferenceTest" time="0.007"/>
  <testcase name="testIssue330" classname="io.swagger.parser.NetworkReferenceTest" time="0.01"/>
  <testcase name="testIssue335" classname="io.swagger.parser.NetworkReferenceTest" time="0.006"/>
  <testcase name="testIssue411" classname="io.swagger.parser.NetworkReferenceTest" time="0.053"/>
  <testcase name="testPathReference" classname="io.swagger.parser.NetworkReferenceTest" time="0.009"/>
  <testcase name="testProcessResponse" classname="io.swagger.parser.processors.ResponseProcessorTest" time="0.165"/>
  <testcase name="testProcessArrayModel" classname="io.swagger.parser.processors.ModelProcessorTest" time="0.218"/>
  <testcase name="testProcessComposedModel" classname="io.swagger.parser.processors.ModelProcessorTest" time="0.008"/>
  <testcase name="testProcessModelImpl" classname="io.swagger.parser.processors.ModelProcessorTest" time="0.004"/>
  <testcase name="testProcessRefModel_ExternalRef" classname="io.swagger.parser.processors.ModelProcessorTest" time="0.003"/>
  <testcase name="testProcessRefModel_InternalRef" classname="io.swagger.parser.processors.ModelProcessorTest" time="0.001"/>
  <testcase name="testNestedExternalRefs" classname="io.swagger.parser.processors.ExternalRefProcessorTest" time="0.149"/>
  <testcase name="testProcessRefToExternalDefinition_NoNameConflict" classname="io.swagger.parser.processors.ExternalRefProcessorTest" time="0.004"/>
  <testcase name="testDefinitionsProcessor" classname="io.swagger.parser.processors.DefinitionsProcessorTest" time="0.118"/>
  <testcase name="testDefinitionsProcessor_RefModelInDefinitionsMap" classname="io.swagger.parser.processors.DefinitionsProcessorTest" time="0.075"/>
  <testcase name="testNoDefinitionsDefined" classname="io.swagger.parser.processors.DefinitionsProcessorTest" time="0.094"/>
  <testcase name="testProcessArrayProperty_ItemsIsRefProperty" classname="io.swagger.parser.processors.PropertyProcessorTest" time="0.09"/>
  <testcase name="testProcessMapProperty_AdditionalPropertiesIsRefProperty" classname="io.swagger.parser.processors.PropertyProcessorTest" time="0.002"/>
  <testcase name="testProcessRefProperty_ExternalRef" classname="io.swagger.parser.processors.PropertyProcessorTest" time="0.002"/>
  <testcase name="testProcessRefProperty_InternalRef" classname="io.swagger.parser.processors.PropertyProcessorTest" time="0.001"/>
  <testcase name="testProcessParameters_BodyParameter" classname="io.swagger.parser.processors.ParameterProcessorTest" time="0.132"/>
  <testcase name="testProcessParameters_RefToBodyParam" classname="io.swagger.parser.processors.ParameterProcessorTest" time="0.004"/>
  <testcase name="testProcessParameters_RefToHeader" classname="io.swagger.parser.processors.ParameterProcessorTest" time="0.24"/>
  <testcase name="testProcessParameters_TypesThatAreNotRefOrBody" classname="io.swagger.parser.processors.ParameterProcessorTest" time="0.519"/>
  <testcase name="testArrayModelDefinition" classname="io.swagger.parser.util.SwaggerDeserializerTest" time="0.074"/>
  <testcase name="testArrayQueryParam" classname="io.swagger.parser.util.SwaggerDeserializerTest" time="0.002"/>
  <testcase name="testArraySchema" classname="io.swagger.parser.util.SwaggerDeserializerTest" time="0.001"/>
  <testcase name="testContact" classname="io.swagger.parser.util.SwaggerDeserializerTest" time="0.001"/>
  <testcase name="testDefinitions" classname="io.swagger.parser.util.SwaggerDeserializerTest" time="0.001"/>
  <testcase name="testDeserializeBinaryString" classname="io.swagger.parser.util.SwaggerDeserializerTest" time="0.001"/>
  <testcase name="testDeserializeEnum" classname="io.swagger.parser.util.SwaggerDeserializerTest" time="0.006"/>
  <testcase name="testDeserializeWithBooleanEnumDiscriminator" classname="io.swagger.parser.util.SwaggerDeserializerTest" time="0.001"/>
  <testcase name="testDeserializeWithDiscriminator" classname="io.swagger.parser.util.SwaggerDeserializerTest" time="0"/>
  <testcase name="testDeserializeWithEnumDiscriminator" classname="io.swagger.parser.util.SwaggerDeserializerTest" time="0.001"/>
  <testcase name="testDeserializeWithMessages" classname="io.swagger.parser.util.SwaggerDeserializerTest" time="0.001"/>
  <testcase name="testDeserializeWithNumericEnumDiscriminator" classname="io.swagger.parser.util.SwaggerDeserializerTest" time="0.001"/>
  <testcase name="testEmpty" classname="io.swagger.parser.util.SwaggerDeserializerTest" time="0.001"/>
  <testcase name="testEmptyDefinitions" classname="io.swagger.parser.util.SwaggerDeserializerTest" time="0.002"/>
  <testcase name="testIssue151" classname="io.swagger.parser.util.SwaggerDeserializerTest" time="0.001"/>
  <testcase name="testIssue161" classname="io.swagger.parser.util.SwaggerDeserializerTest" time="0.001"/>
  <testcase name="testIssue204_allOf" classname="io.swagger.parser.util.SwaggerDeserializerTest" time="0.001"/>
  <testcase name="testIssue247" classname="io.swagger.parser.util.SwaggerDeserializerTest" time="0.002"/>
  <testcase name="testIssue343Parameter" classname="io.swagger.parser.util.SwaggerDeserializerTest" time="0.002"/>
  <testcase name="testIssue360" classname="io.swagger.parser.util.SwaggerDeserializerTest" time="0.002"/>
  <testcase name="testIssue386" classname="io.swagger.parser.util.SwaggerDeserializerTest" time="0.002"/>
  <testcase name="testIssue673ArrayProperties" classname="io.swagger.parser.util.SwaggerDeserializerTest" time="0.001"/>
  <testcase name="testIssue673NumericProperties" classname="io.swagger.parser.util.SwaggerDeserializerTest" time="0.001"/>
  <testcase name="testIssue673StringProperties" classname="io.swagger.parser.util.SwaggerDeserializerTest" time="0.001"/>
  <testcase name="testLicense" classname="io.swagger.parser.util.SwaggerDeserializerTest" time="0.001"/>
  <testcase name="testNestedDefinitions" classname="io.swagger.parser.util.SwaggerDeserializerTest" time="0.001"/>
  <testcase name="testPR246" classname="io.swagger.parser.util.SwaggerDeserializerTest" time="0.002"/>
  <testcase name="testPaths" classname="io.swagger.parser.util.SwaggerDeserializerTest" time="0"/>
  <testcase name="testPathsWithRefResponse" classname="io.swagger.parser.util.SwaggerDeserializerTest" time="0"/>
  <testcase name="testResponses" classname="io.swagger.parser.util.SwaggerDeserializerTest" time="0"/>
  <testcase name="testRootInfo" classname="io.swagger.parser.util.SwaggerDeserializerTest" time="0.001"/>
  <testcase name="testSchema" classname="io.swagger.parser.util.SwaggerDeserializerTest" time="0.001"/>
  <testcase name="testSecurity" classname="io.swagger.parser.util.SwaggerDeserializerTest" time="0.001"/>
  <testcase name="testSecurityDefinition" classname="io.swagger.parser.util.SwaggerDeserializerTest" time="0.001"/>
  <testcase name="testSecurityDefinitionWithMissingAttribute" classname="io.swagger.parser.util.SwaggerDeserializerTest" time="0"/>
  <testcase name="testSecurityDeserialization" classname="io.swagger.parser.util.SwaggerDeserializerTest" time="0.001"/>
  <testcase name="testToplevelExtension" classname="io.swagger.parser.util.SwaggerDeserializerTest" time="0"/>
  <testcase name="testUntypedAdditionalProperties" classname="io.swagger.parser.util.SwaggerDeserializerTest" time="0.001"/>
  <testcase name="testValidatorIssue50" classname="io.swagger.parser.util.SwaggerDeserializerTest" time="0.001"/>
  <testcase name="testLoadFileFromClasspath" classname="io.swagger.parser.util.ClasspathHelperTest" time="0.001"/>
  <testcase name="testLoadFileFromClasspath_DoesntExist" classname="io.swagger.parser.util.ClasspathHelperTest" time="0.001"/>
  <testcase name="testAppendQueryParam" classname="io.swagger.parser.util.RemoteUrlTest" time="0.514"/>
  <testcase name="testAuthorizationHeader" classname="io.swagger.parser.util.RemoteUrlTest" time="0.057"/>
  <testcase name="testAuthorizationQueryParam" classname="io.swagger.parser.util.RemoteUrlTest" time="0.048"/>
  <testcase name="testCleanUrl" classname="io.swagger.parser.util.RemoteUrlTest" time="0"/>
  <testcase name="testHostHeader" classname="io.swagger.parser.util.RemoteUrlTest" time="0.057"/>
  <testcase name="testHostQueryParam" classname="io.swagger.parser.util.RemoteUrlTest" time="0.042"/>
  <testcase name="testReadARemoteUrl" classname="io.swagger.parser.util.RemoteUrlTest" time="0.053"/>
  <testcase name="testSkippedHeader" classname="io.swagger.parser.util.RemoteUrlTest" time="0.046"/>
  <testcase name="testSkippedQueryParam" classname="io.swagger.parser.util.RemoteUrlTest" time="0.043"/>
  <testcase name="testGetParentDirectoryOfFile" classname="io.swagger.parser.util.PathUtilTest" time="0.001"/>
  <testcase name="testExactMatcher" classname="io.swagger.parser.util.HostAuthorizationValueTest" time="0.001"/>
  <testcase name="testPatternMatcher" classname="io.swagger.parser.util.HostAuthorizationValueTest" time="0.001"/>
  <testcase name="testOperationBodyParameterRemoteRefs on testOperationBodyParameterRemoteRefs(io.swagger.parser.SwaggerResolverTest)" classname="io.swagger.parser.SwaggerResolverTest" time="0.004"/>
  <testcase name="testComputeDefinitionName on testComputeDefinitionName(io.swagger.parser.util.RefUtilsTest)" classname="io.swagger.parser.util.RefUtilsTest" time="0.001"/>
  <testcase name="testIsAnExternalRefFormat on testIsAnExternalRefFormat(io.swagger.parser.util.RefUtilsTest)" classname="io.swagger.parser.util.RefUtilsTest" time="0.001"/>
</testsuite>