-------------------------------------------------------------------------------
Test set: lan.dk.podcastserver.manager.downloader.DownloaderTest
-------------------------------------------------------------------------------
Tests run: 10, Failures: 1, Errors: 0, Skipped: 0, Time elapsed: 0.141 s <<< FAILURE! - in lan.dk.podcastserver.manager.downloader.DownloaderTest
should_handle_error_during_creation_of_temp_file(lan.dk.podcastserver.manager.downloader.DownloaderTest)  Time elapsed: 0.015 s  <<< FAILURE!
org.junit.ComparisonFailure: expected:<[STOPP]ED> but was:<[NOT_DOWNLOAD]ED>
	at lan.dk.podcastserver.manager.downloader.DownloaderTest.should_handle_error_during_creation_of_temp_file(DownloaderTest.java:218)

