-------------------------------------------------------------------------------
Test set: com.github.nosan.embedded.cassandra.artifact.RemoteArtifactTests
-------------------------------------------------------------------------------
Tests run: 9, Failures: 1, Errors: 0, Skipped: 0, Time elapsed: 9.843 s <<< FAILURE! - in com.github.nosan.embedded.cassandra.artifact.RemoteArtifactTests
shouldNotWorkDirectoryNotWritable(com.github.nosan.embedded.cassandra.artifact.RemoteArtifactTests)  Time elapsed: 0.008 s  <<< FAILURE!
java.lang.AssertionError: 

Expected: (an instance of java.lang.IllegalArgumentException and exception with message a string containing "is not writable")
     but: an instance of java.lang.IllegalArgumentException <java.io.IOException: Could not download Cassandra from (http://127.0.0.1:37366/dist/apache-cassandra-3.11.3.zip)> is a java.io.IOException
Stacktrace was: java.io.IOException: Could not download Cassandra from (http://127.0.0.1:37366/dist/apache-cassandra-3.11.3.zip)
	at com.github.nosan.embedded.cassandra.artifact.RemoteArtifact.download(RemoteArtifact.java:184)
	at com.github.nosan.embedded.cassandra.artifact.RemoteArtifact.get(RemoteArtifact.java:106)
	at com.github.nosan.embedded.cassandra.artifact.RemoteArtifactTests.shouldNotWorkDirectoryNotWritable(RemoteArtifactTests.java:102)
	at sun.reflect.NativeMethodAccessorImpl.invoke0(Native Method)
	at sun.reflect.NativeMethodAccessorImpl.invoke(NativeMethodAccessorImpl.java:62)
	at sun.reflect.DelegatingMethodAccessorImpl.invoke(DelegatingMethodAccessorImpl.java:43)
	at java.lang.reflect.Method.invoke(Method.java:498)
	at org.junit.runners.model.FrameworkMethod$1.runReflectiveCall(FrameworkMethod.java:50)
	at org.junit.internal.runners.model.ReflectiveCallable.run(ReflectiveCallable.java:12)
	at org.junit.runners.model.FrameworkMethod.invokeExplosively(FrameworkMethod.java:47)
	at org.junit.internal.runners.statements.InvokeMethod.evaluate(InvokeMethod.java:17)
	at org.junit.internal.runners.statements.RunBefores.evaluate(RunBefores.java:26)
	at com.github.nosan.embedded.cassandra.testutil.Output$1.evaluate(Output.java:55)
	at org.junit.rules.ExternalResource$1.evaluate(ExternalResource.java:48)
	at org.junit.rules.ExpectedException$ExpectedExceptionStatement.evaluate(ExpectedException.java:239)
	at com.github.nosan.embedded.cassandra.testutil.WebServer$1.evaluate(WebServer.java:60)
	at org.junit.rules.RunRules.evaluate(RunRules.java:20)
	at org.junit.runners.ParentRunner.runLeaf(ParentRunner.java:325)
	at org.junit.runners.BlockJUnit4ClassRunner.runChild(BlockJUnit4ClassRunner.java:78)
	at org.junit.runners.BlockJUnit4ClassRunner.runChild(BlockJUnit4ClassRunner.java:57)
	at org.junit.runners.ParentRunner$3.run(ParentRunner.java:290)
	at org.junit.runners.ParentRunner$1.schedule(ParentRunner.java:71)
	at org.junit.runners.ParentRunner.runChildren(ParentRunner.java:288)
	at org.junit.runners.ParentRunner.access$000(ParentRunner.java:58)
	at org.junit.runners.ParentRunner$2.evaluate(ParentRunner.java:268)
	at org.junit.runners.ParentRunner.run(ParentRunner.java:363)
	at org.apache.maven.surefire.junit4.JUnit4Provider.execute(JUnit4Provider.java:365)
	at org.apache.maven.surefire.junit4.JUnit4Provider.executeWithRerun(JUnit4Provider.java:272)
	at org.apache.maven.surefire.junit4.JUnit4Provider.executeTestSet(JUnit4Provider.java:236)
	at org.apache.maven.surefire.junit4.JUnit4Provider.invoke(JUnit4Provider.java:159)
	at org.apache.maven.surefire.booter.ForkedBooter.invokeProviderInSameClassLoader(ForkedBooter.java:386)
	at org.apache.maven.surefire.booter.ForkedBooter.runSuitesInProcess(ForkedBooter.java:323)
	at org.apache.maven.surefire.booter.ForkedBooter.main(ForkedBooter.java:143)
Caused by: java.io.FileNotFoundException: http://127.0.0.1:37366/dist/apache-cassandra-3.11.3.zip
	at sun.reflect.NativeConstructorAccessorImpl.newInstance0(Native Method)
	at sun.reflect.NativeConstructorAccessorImpl.newInstance(NativeConstructorAccessorImpl.java:62)
	at sun.reflect.DelegatingConstructorAccessorImpl.newInstance(DelegatingConstructorAccessorImpl.java:45)
	at java.lang.reflect.Constructor.newInstance(Constructor.java:423)
	at sun.net.www.protocol.http.HttpURLConnection$10.run(HttpURLConnection.java:1926)
	at sun.net.www.protocol.http.HttpURLConnection$10.run(HttpURLConnection.java:1921)
	at java.security.AccessController.doPrivileged(Native Method)
	at sun.net.www.protocol.http.HttpURLConnection.getChainedException(HttpURLConnection.java:1920)
	at sun.net.www.protocol.http.HttpURLConnection.getInputStream0(HttpURLConnection.java:1490)
	at sun.net.www.protocol.http.HttpURLConnection.getInputStream(HttpURLConnection.java:1474)
	at com.github.nosan.embedded.cassandra.artifact.RemoteArtifact.download(RemoteArtifact.java:179)
	... 32 more
Caused by: java.io.FileNotFoundException: http://127.0.0.1:37366/dist/apache-cassandra-3.11.3.zip
	at sun.net.www.protocol.http.HttpURLConnection.getInputStream0(HttpURLConnection.java:1872)
	at sun.net.www.protocol.http.HttpURLConnection.getInputStream(HttpURLConnection.java:1474)
	at sun.net.www.protocol.http.HttpURLConnection.getHeaderField(HttpURLConnection.java:2982)
	at java.net.URLConnection.getHeaderFieldLong(URLConnection.java:629)
	at java.net.URLConnection.getContentLengthLong(URLConnection.java:501)
	at com.github.nosan.embedded.cassandra.artifact.RemoteArtifact.download(RemoteArtifact.java:161)
	... 32 more


