{
  "tests": {
    "failingModule": "/root/workspace/sbunciak/testrex.io/424840169",
    "overallMetrics": {
      "numberRunning": 10,
      "numberPassing": 7,
      "numberFailing": 3,
      "numberErroring": 0,
      "numberSkipping": 0,
      "failures": [
        {
          "failureName": "java.lang.AssertionError",
          "isError": false,
          "occurrences": 3
        }
      ]
    },
    "failingClasses": [
      {
        "testClass": "io.testrex.TestRexApplicationTests",
        "numberRunning": 10,
        "numberPassing": 7,
        "numberFailing": 3,
        "numberErroring": 0,
        "numberSkipping": 0
      }
    ],
    "failureDetails": [
      {
        "testClass": "io.testrex.TestRexApplicationTests",
        "testMethod": "parseTestSuiteXMLWithoutPackage",
        "failureName": "java.lang.AssertionError",
        "detail": "\nExpected: is \"junit.framework.AssertionFailedError: \\\"\\n      at junit.framework.Assert.fail(Assert.java:47)\\n      at NoPackageTest.testQuote(NoPackageTest.java:23)\\n      at sun.reflect.NativeMethodAccessorImpl.invoke0(Native Method)\\n      at sun.reflect.NativeMethodAccessorImpl.invoke(NativeMethodAccessorImpl.java:39)\\n      at sun.reflect.DelegatingMethodAccessorImpl.invoke(DelegatingMethodAccessorImpl.java:25)\\n      at java.lang.reflect.Method.invoke(Method.java:585)\\n      at junit.framework.TestCase.runTest(TestCase.java:154)\\n      at junit.framework.TestCase.runBare(TestCase.java:127)\\n      at junit.framework.TestResult$1.protect(TestResult.java:106)\\n      at junit.framework.TestResult.runProtected(TestResult.java:124)\\n      at junit.framework.TestResult.run(TestResult.java:109)\\n      at junit.framework.TestCase.run(TestCase.java:118)\\n      at junit.framework.TestSuite.runTest(TestSuite.java:208)\\n      at junit.framework.TestSuite.run(TestSuite.java:203)\\n      at sun.reflect.NativeMethodAccessorImpl.invoke0(Native Method)\\n      at sun.reflect.NativeMethodAccessorImpl.invoke(NativeMethodAccessorImpl.java:39)\\n      at sun.reflect.DelegatingMethodAccessorImpl.invoke(DelegatingMethodAccessorImpl.java:25)\\n      at java.lang.reflect.Method.invoke(Method.java:585)\\n      at org.apache.maven.surefire.battery.JUnitBattery.executeJUnit(JUnitBattery.java:242)\\n      at org.apache.maven.surefire.battery.JUnitBattery.execute(JUnitBattery.java:216)\\n      at org.apache.maven.surefire.Surefire.executeBattery(Surefire.java:215)\\n      at org.apache.maven.surefire.Surefire.run(Surefire.java:163)\\n      at org.apache.maven.surefire.Surefire.run(Surefire.java:87)\\n      at sun.reflect.NativeMethodAccessorImpl.invoke0(Native Method)\\n      at sun.reflect.NativeMethodAccessorImpl.invoke(NativeMethodAccessorImpl.java:39)\\n      at sun.reflect.DelegatingMethodAccessorImpl.invoke(DelegatingMethodAccessorImpl.java:25)\\n      at java.lang.reflect.Method.invoke(Method.java:585)\\n      at org.apache.maven.surefire.SurefireBooter.runTestsInProcess(SurefireBooter.java:300)\\n      at org.apache.maven.surefire.SurefireBooter.run(SurefireBooter.java:216)\\n      at org.apache.maven.test.SurefirePlugin.execute(SurefirePlugin.java:369)\\n      at org.apache.maven.plugin.DefaultPluginManager.executeMojo(DefaultPluginManager.java:415)\\n      at org.apache.maven.lifecycle.DefaultLifecycleExecutor.executeGoals(DefaultLifecycleExecutor.java:539)\\n      at org.apache.maven.lifecycle.DefaultLifecycleExecutor.executeGoalWithLifecycle(DefaultLifecycleExecutor.java:480)\\n      at org.apache.maven.lifecycle.DefaultLifecycleExecutor.forkProjectLifecycle(DefaultLifecycleExecutor.java:867)\\n      at org.apache.maven.lifecycle.DefaultLifecycleExecutor.forkLifecycle(DefaultLifecycleExecutor.java:739)\\n      at org.apache.maven.lifecycle.DefaultLifecycleExecutor.executeGoals(DefaultLifecycleExecutor.java:510)\\n      at org.apache.maven.lifecycle.DefaultLifecycleExecutor.executeStandaloneGoal(DefaultLifecycleExecutor.java:493)\\n      at org.apache.maven.lifecycle.DefaultLifecycleExecutor.executeGoal(DefaultLifecycleExecutor.java:463)\\n      at\\n      org.apache.maven.lifecycle.DefaultLifecycleExecutor.executeGoalAndHandleFailures(DefaultLifecycleExecutor.java:311)\\n      at org.apache.maven.lifecycle.DefaultLifecycleExecutor.executeTaskSegments(DefaultLifecycleExecutor.java:274)\\n      at org.apache.maven.lifecycle.DefaultLifecycleExecutor.execute(DefaultLifecycleExecutor.java:140)\\n      at org.apache.maven.DefaultMaven.doExecute(DefaultMaven.java:322)\\n      at org.apache.maven.DefaultMaven.execute(DefaultMaven.java:115)\\n      at org.apache.maven.cli.MavenCli.main(MavenCli.java:249)\\n      at sun.reflect.NativeMethodAccessorImpl.invoke0(Native Method)\\n      at sun.reflect.NativeMethodAccessorImpl.invoke(NativeMethodAccessorImpl.java:39)\\n      at sun.reflect.DelegatingMethodAccessorImpl.invoke(DelegatingMethodAccessorImpl.java:25)\\n      at java.lang.reflect.Method.invoke(Method.java:585)\\n      at org.codehaus.classworlds.Launcher.launchEnhanced(Launcher.java:315)\\n      at org.codehaus.classworlds.Launcher.launch(Launcher.java:255)\\n      at org.codehaus.classworlds.Launcher.mainWithExitCode(Launcher.java:430)\\n      at org.codehaus.classworlds.Launcher.main(Launcher.java:375)\"\n     but: was \"junit.framework.AssertionFailedError: \\\"      at junit.framework.Assert.fail(Assert.java:47)      at NoPackageTest.testQuote(NoPackageTest.java:23)      at sun.reflect.NativeMethodAccessorImpl.invoke0(Native Method)      at sun.reflect.NativeMethodAccessorImpl.invoke(NativeMethodAccessorImpl.java:39)      at sun.reflect.DelegatingMethodAccessorImpl.invoke(DelegatingMethodAccessorImpl.java:25)      at java.lang.reflect.Method.invoke(Method.java:585)      at junit.framework.TestCase.runTest(TestCase.java:154)      at junit.framework.TestCase.runBare(TestCase.java:127)      at junit.framework.TestResult$1.protect(TestResult.java:106)      at junit.framework.TestResult.runProtected(TestResult.java:124)      at junit.framework.TestResult.run(TestResult.java:109)      at junit.framework.TestCase.run(TestCase.java:118)      at junit.framework.TestSuite.runTest(TestSuite.java:208)      at junit.framework.TestSuite.run(TestSuite.java:203)      at sun.reflect.NativeMethodAccessorImpl.invoke0(Native Method)      at sun.reflect.NativeMethodAccessorImpl.invoke(NativeMethodAccessorImpl.java:39)      at sun.reflect.DelegatingMethodAccessorImpl.invoke(DelegatingMethodAccessorImpl.java:25)      at java.lang.reflect.Method.invoke(Method.java:585)      at org.apache.maven.surefire.battery.JUnitBattery.executeJUnit(JUnitBattery.java:242)      at org.apache.maven.surefire.battery.JUnitBattery.execute(JUnitBattery.java:216)      at org.apache.maven.surefire.Surefire.executeBattery(Surefire.java:215)      at org.apache.maven.surefire.Surefire.run(Surefire.java:163)      at org.apache.maven.surefire.Surefire.run(Surefire.java:87)      at sun.reflect.NativeMethodAccessorImpl.invoke0(Native Method)      at sun.reflect.NativeMethodAccessorImpl.invoke(NativeMethodAccessorImpl.java:39)      at sun.reflect.DelegatingMethodAccessorImpl.invoke(DelegatingMethodAccessorImpl.java:25)      at java.lang.reflect.Method.invoke(Method.java:585)      at org.apache.maven.surefire.SurefireBooter.runTestsInProcess(SurefireBooter.java:300)      at org.apache.maven.surefire.SurefireBooter.run(SurefireBooter.java:216)      at org.apache.maven.test.SurefirePlugin.execute(SurefirePlugin.java:369)      at org.apache.maven.plugin.DefaultPluginManager.executeMojo(DefaultPluginManager.java:415)      at org.apache.maven.lifecycle.DefaultLifecycleExecutor.executeGoals(DefaultLifecycleExecutor.java:539)      at org.apache.maven.lifecycle.DefaultLifecycleExecutor.executeGoalWithLifecycle(DefaultLifecycleExecutor.java:480)      at org.apache.maven.lifecycle.DefaultLifecycleExecutor.forkProjectLifecycle(DefaultLifecycleExecutor.java:867)      at org.apache.maven.lifecycle.DefaultLifecycleExecutor.forkLifecycle(DefaultLifecycleExecutor.java:739)      at org.apache.maven.lifecycle.DefaultLifecycleExecutor.executeGoals(DefaultLifecycleExecutor.java:510)      at org.apache.maven.lifecycle.DefaultLifecycleExecutor.executeStandaloneGoal(DefaultLifecycleExecutor.java:493)      at org.apache.maven.lifecycle.DefaultLifecycleExecutor.executeGoal(DefaultLifecycleExecutor.java:463)      at      org.apache.maven.lifecycle.DefaultLifecycleExecutor.executeGoalAndHandleFailures(DefaultLifecycleExecutor.java:311)      at org.apache.maven.lifecycle.DefaultLifecycleExecutor.executeTaskSegments(DefaultLifecycleExecutor.java:274)      at org.apache.maven.lifecycle.DefaultLifecycleExecutor.execute(DefaultLifecycleExecutor.java:140)      at org.apache.maven.DefaultMaven.doExecute(DefaultMaven.java:322)      at org.apache.maven.DefaultMaven.execute(DefaultMaven.java:115)      at org.apache.maven.cli.MavenCli.main(MavenCli.java:249)      at sun.reflect.NativeMethodAccessorImpl.invoke0(Native Method)      at sun.reflect.NativeMethodAccessorImpl.invoke(NativeMethodAccessorImpl.java:39)      at sun.reflect.DelegatingMethodAccessorImpl.invoke(DelegatingMethodAccessorImpl.java:25)      at java.lang.reflect.Method.invoke(Method.java:585)      at org.codehaus.classworlds.Launcher.launchEnhanced(Launcher.java:315)      at org.codehaus.classworlds.Launcher.launch(Launcher.java:255)      at org.codehaus.classworlds.Launcher.mainWithExitCode(Launcher.java:430)      at org.codehaus.classworlds.Launcher.main(Launcher.java:375)    \"",
        "isError": false
      },
      {
        "testClass": "io.testrex.TestRexApplicationTests",
        "testMethod": "parseTestSuiteXMLWithCircleTest",
        "failureName": "java.lang.AssertionError",
        "detail": "\nExpected: is \"junit.framework.AssertionFailedError: expected:\u003c20\u003e but was:\u003c10\u003e\\n      at junit.framework.Assert.fail(Assert.java:47)\\n      at junit.framework.Assert.failNotEquals(Assert.java:282)\\n      at junit.framework.Assert.assertEquals(Assert.java:64)\\n      at junit.framework.Assert.assertEquals(Assert.java:201)\\n      at junit.framework.Assert.assertEquals(Assert.java:207)\\n      at com.shape.CircleTest.testRadius(CircleTest.java:34)\\n      at sun.reflect.NativeMethodAccessorImpl.invoke0(Native Method)\\n      at sun.reflect.NativeMethodAccessorImpl.invoke(NativeMethodAccessorImpl.java:39)\\n      at sun.reflect.DelegatingMethodAccessorImpl.invoke(DelegatingMethodAccessorImpl.java:25)\\n      at java.lang.reflect.Method.invoke(Method.java:585)\\n      at junit.framework.TestCase.runTest(TestCase.java:154)\\n      at junit.framework.TestCase.runBare(TestCase.java:127)\\n      at junit.framework.TestResult$1.protect(TestResult.java:106)\\n      at junit.framework.TestResult.runProtected(TestResult.java:124)\\n      at junit.framework.TestResult.run(TestResult.java:109)\\n      at junit.framework.TestCase.run(TestCase.java:118)\\n      at junit.framework.TestSuite.runTest(TestSuite.java:208)\\n      at junit.framework.TestSuite.run(TestSuite.java:203)\\n      at sun.reflect.NativeMethodAccessorImpl.invoke0(Native Method)\\n      at sun.reflect.NativeMethodAccessorImpl.invoke(NativeMethodAccessorImpl.java:39)\\n      at sun.reflect.DelegatingMethodAccessorImpl.invoke(DelegatingMethodAccessorImpl.java:25)\\n      at java.lang.reflect.Method.invoke(Method.java:585)\\n      at org.codehaus.surefire.battery.JUnitBattery.executeJUnit(JUnitBattery.java:246)\\n      at org.codehaus.surefire.battery.JUnitBattery.execute(JUnitBattery.java:220)\\n      at org.codehaus.surefire.Surefire.executeBattery(Surefire.java:203)\\n      at org.codehaus.surefire.Surefire.run(Surefire.java:152)\\n      at org.codehaus.surefire.Surefire.run(Surefire.java:76)\\n      at sun.reflect.NativeMethodAccessorImpl.invoke0(Native Method)\\n      at sun.reflect.NativeMethodAccessorImpl.invoke(NativeMethodAccessorImpl.java:39)\\n      at sun.reflect.DelegatingMethodAccessorImpl.invoke(DelegatingMethodAccessorImpl.java:25)\\n      at java.lang.reflect.Method.invoke(Method.java:585)\\n      at org.codehaus.surefire.SurefireBooter.run(SurefireBooter.java:104)\\n      at org.apache.maven.test.SurefirePlugin.execute(SurefirePlugin.java:241)\\n      at org.apache.maven.plugin.DefaultPluginManager.executeMojo(DefaultPluginManager.java:357)\\n      at org.apache.maven.lifecycle.DefaultLifecycleExecutor.executeGoals(DefaultLifecycleExecutor.java:479)\\n      at org.apache.maven.lifecycle.DefaultLifecycleExecutor.executeGoalWithLifecycle(DefaultLifecycleExecutor.java:452)\\n      at org.apache.maven.lifecycle.DefaultLifecycleExecutor.executeGoal(DefaultLifecycleExecutor.java:438)\\n      at org.apache.maven.lifecycle.DefaultLifecycleExecutor.executeTaskSegments(DefaultLifecycleExecutor.java:273)\\n      at org.apache.maven.lifecycle.DefaultLifecycleExecutor.execute(DefaultLifecycleExecutor.java:131)\\n      at org.apache.maven.DefaultMaven.execute(DefaultMaven.java:186)\\n      at org.apache.maven.cli.MavenCli.main(MavenCli.java:316)\\n      at sun.reflect.NativeMethodAccessorImpl.invoke0(Native Method)\\n      at sun.reflect.NativeMethodAccessorImpl.invoke(NativeMethodAccessorImpl.java:39)\\n      at sun.reflect.DelegatingMethodAccessorImpl.invoke(DelegatingMethodAccessorImpl.java:25)\\n      at java.lang.reflect.Method.invoke(Method.java:585)\\n      at org.codehaus.classworlds.Launcher.launchEnhanced(Launcher.java:315)\\n      at org.codehaus.classworlds.Launcher.launch(Launcher.java:255)\\n      at org.codehaus.classworlds.Launcher.mainWithExitCode(Launcher.java:430)\\n      at org.codehaus.classworlds.Launcher.main(Launcher.java:375)\"\n     but: was \"      junit.framework.AssertionFailedError: expected:\u003c20\u003e but was:\u003c10\u003e      at junit.framework.Assert.fail(Assert.java:47)      at junit.framework.Assert.failNotEquals(Assert.java:282)      at junit.framework.Assert.assertEquals(Assert.java:64)      at junit.framework.Assert.assertEquals(Assert.java:201)      at junit.framework.Assert.assertEquals(Assert.java:207)      at com.shape.CircleTest.testRadius(CircleTest.java:34)      at sun.reflect.NativeMethodAccessorImpl.invoke0(Native Method)      at sun.reflect.NativeMethodAccessorImpl.invoke(NativeMethodAccessorImpl.java:39)      at sun.reflect.DelegatingMethodAccessorImpl.invoke(DelegatingMethodAccessorImpl.java:25)      at java.lang.reflect.Method.invoke(Method.java:585)      at junit.framework.TestCase.runTest(TestCase.java:154)      at junit.framework.TestCase.runBare(TestCase.java:127)      at junit.framework.TestResult$1.protect(TestResult.java:106)      at junit.framework.TestResult.runProtected(TestResult.java:124)      at junit.framework.TestResult.run(TestResult.java:109)      at junit.framework.TestCase.run(TestCase.java:118)      at junit.framework.TestSuite.runTest(TestSuite.java:208)      at junit.framework.TestSuite.run(TestSuite.java:203)      at sun.reflect.NativeMethodAccessorImpl.invoke0(Native Method)      at sun.reflect.NativeMethodAccessorImpl.invoke(NativeMethodAccessorImpl.java:39)      at sun.reflect.DelegatingMethodAccessorImpl.invoke(DelegatingMethodAccessorImpl.java:25)      at java.lang.reflect.Method.invoke(Method.java:585)      at org.codehaus.surefire.battery.JUnitBattery.executeJUnit(JUnitBattery.java:246)      at org.codehaus.surefire.battery.JUnitBattery.execute(JUnitBattery.java:220)      at org.codehaus.surefire.Surefire.executeBattery(Surefire.java:203)      at org.codehaus.surefire.Surefire.run(Surefire.java:152)      at org.codehaus.surefire.Surefire.run(Surefire.java:76)      at sun.reflect.NativeMethodAccessorImpl.invoke0(Native Method)      at sun.reflect.NativeMethodAccessorImpl.invoke(NativeMethodAccessorImpl.java:39)      at sun.reflect.DelegatingMethodAccessorImpl.invoke(DelegatingMethodAccessorImpl.java:25)      at java.lang.reflect.Method.invoke(Method.java:585)      at org.codehaus.surefire.SurefireBooter.run(SurefireBooter.java:104)      at org.apache.maven.test.SurefirePlugin.execute(SurefirePlugin.java:241)      at org.apache.maven.plugin.DefaultPluginManager.executeMojo(DefaultPluginManager.java:357)      at org.apache.maven.lifecycle.DefaultLifecycleExecutor.executeGoals(DefaultLifecycleExecutor.java:479)      at org.apache.maven.lifecycle.DefaultLifecycleExecutor.executeGoalWithLifecycle(DefaultLifecycleExecutor.java:452)      at org.apache.maven.lifecycle.DefaultLifecycleExecutor.executeGoal(DefaultLifecycleExecutor.java:438)      at org.apache.maven.lifecycle.DefaultLifecycleExecutor.executeTaskSegments(DefaultLifecycleExecutor.java:273)      at org.apache.maven.lifecycle.DefaultLifecycleExecutor.execute(DefaultLifecycleExecutor.java:131)      at org.apache.maven.DefaultMaven.execute(DefaultMaven.java:186)      at org.apache.maven.cli.MavenCli.main(MavenCli.java:316)      at sun.reflect.NativeMethodAccessorImpl.invoke0(Native Method)      at sun.reflect.NativeMethodAccessorImpl.invoke(NativeMethodAccessorImpl.java:39)      at sun.reflect.DelegatingMethodAccessorImpl.invoke(DelegatingMethodAccessorImpl.java:25)      at java.lang.reflect.Method.invoke(Method.java:585)      at org.codehaus.classworlds.Launcher.launchEnhanced(Launcher.java:315)      at org.codehaus.classworlds.Launcher.launch(Launcher.java:255)      at org.codehaus.classworlds.Launcher.mainWithExitCode(Launcher.java:430)      at org.codehaus.classworlds.Launcher.main(Launcher.java:375)    \"",
        "isError": false
      },
      {
        "testClass": "io.testrex.TestRexApplicationTests",
        "testMethod": "parseTestSuiteXMLWithPointTest",
        "failureName": "java.lang.AssertionError",
        "detail": "\nExpected: is \"junit.framework.AssertionFailedError: expected:\u003c0\u003e but was:\u003c1\u003e\\n      at junit.framework.Assert.fail(Assert.java:47)\\n      at junit.framework.Assert.failNotEquals(Assert.java:282)\\n      at junit.framework.Assert.assertEquals(Assert.java:64)\\n      at junit.framework.Assert.assertEquals(Assert.java:201)\\n      at junit.framework.Assert.assertEquals(Assert.java:207)\\n      at com.shape.PointTest.testXY(PointTest.java:28)\\n      at sun.reflect.NativeMethodAccessorImpl.invoke0(Native Method)\\n      at sun.reflect.NativeMethodAccessorImpl.invoke(NativeMethodAccessorImpl.java:39)\\n      at sun.reflect.DelegatingMethodAccessorImpl.invoke(DelegatingMethodAccessorImpl.java:25)\\n      at java.lang.reflect.Method.invoke(Method.java:585)\\n      at junit.framework.TestCase.runTest(TestCase.java:154)\\n      at junit.framework.TestCase.runBare(TestCase.java:127)\\n      at junit.framework.TestResult$1.protect(TestResult.java:106)\\n      at junit.framework.TestResult.runProtected(TestResult.java:124)\\n      at junit.framework.TestResult.run(TestResult.java:109)\\n      at junit.framework.TestCase.run(TestCase.java:118)\\n      at junit.framework.TestSuite.runTest(TestSuite.java:208)\\n      at junit.framework.TestSuite.run(TestSuite.java:203)\\n      at sun.reflect.NativeMethodAccessorImpl.invoke0(Native Method)\\n      at sun.reflect.NativeMethodAccessorImpl.invoke(NativeMethodAccessorImpl.java:39)\\n      at sun.reflect.DelegatingMethodAccessorImpl.invoke(DelegatingMethodAccessorImpl.java:25)\\n      at java.lang.reflect.Method.invoke(Method.java:585)\\n      at org.codehaus.surefire.battery.JUnitBattery.executeJUnit(JUnitBattery.java:246)\\n      at org.codehaus.surefire.battery.JUnitBattery.execute(JUnitBattery.java:220)\\n      at org.codehaus.surefire.Surefire.executeBattery(Surefire.java:203)\\n      at org.codehaus.surefire.Surefire.run(Surefire.java:152)\\n      at org.codehaus.surefire.Surefire.run(Surefire.java:76)\\n      at sun.reflect.NativeMethodAccessorImpl.invoke0(Native Method)\\n      at sun.reflect.NativeMethodAccessorImpl.invoke(NativeMethodAccessorImpl.java:39)\\n      at sun.reflect.DelegatingMethodAccessorImpl.invoke(DelegatingMethodAccessorImpl.java:25)\\n      at java.lang.reflect.Method.invoke(Method.java:585)\\n      at org.codehaus.surefire.SurefireBooter.run(SurefireBooter.java:104)\\n      at org.apache.maven.test.SurefirePlugin.execute(SurefirePlugin.java:241)\\n      at org.apache.maven.plugin.DefaultPluginManager.executeMojo(DefaultPluginManager.java:357)\\n      at org.apache.maven.lifecycle.DefaultLifecycleExecutor.executeGoals(DefaultLifecycleExecutor.java:479)\\n      at org.apache.maven.lifecycle.DefaultLifecycleExecutor.executeGoalWithLifecycle(DefaultLifecycleExecutor.java:452)\\n      at org.apache.maven.lifecycle.DefaultLifecycleExecutor.executeGoal(DefaultLifecycleExecutor.java:438)\\n      at org.apache.maven.lifecycle.DefaultLifecycleExecutor.executeTaskSegments(DefaultLifecycleExecutor.java:273)\\n      at org.apache.maven.lifecycle.DefaultLifecycleExecutor.execute(DefaultLifecycleExecutor.java:131)\\n      at org.apache.maven.DefaultMaven.execute(DefaultMaven.java:186)\\n      at org.apache.maven.cli.MavenCli.main(MavenCli.java:316)\\n      at sun.reflect.NativeMethodAccessorImpl.invoke0(Native Method)\\n      at sun.reflect.NativeMethodAccessorImpl.invoke(NativeMethodAccessorImpl.java:39)\\n      at sun.reflect.DelegatingMethodAccessorImpl.invoke(DelegatingMethodAccessorImpl.java:25)\\n      at java.lang.reflect.Method.invoke(Method.java:585)\\n      at org.codehaus.classworlds.Launcher.launchEnhanced(Launcher.java:315)\\n      at org.codehaus.classworlds.Launcher.launch(Launcher.java:255)\\n      at org.codehaus.classworlds.Launcher.mainWithExitCode(Launcher.java:430)\\n      at org.codehaus.classworlds.Launcher.main(Launcher.java:375)\"\n     but: was \"      junit.framework.AssertionFailedError: expected:\u003c0\u003e but was:\u003c1\u003e      at junit.framework.Assert.fail(Assert.java:47)      at junit.framework.Assert.failNotEquals(Assert.java:282)      at junit.framework.Assert.assertEquals(Assert.java:64)      at junit.framework.Assert.assertEquals(Assert.java:201)      at junit.framework.Assert.assertEquals(Assert.java:207)      at com.shape.PointTest.testXY(PointTest.java:28)      at sun.reflect.NativeMethodAccessorImpl.invoke0(Native Method)      at sun.reflect.NativeMethodAccessorImpl.invoke(NativeMethodAccessorImpl.java:39)      at sun.reflect.DelegatingMethodAccessorImpl.invoke(DelegatingMethodAccessorImpl.java:25)      at java.lang.reflect.Method.invoke(Method.java:585)      at junit.framework.TestCase.runTest(TestCase.java:154)      at junit.framework.TestCase.runBare(TestCase.java:127)      at junit.framework.TestResult$1.protect(TestResult.java:106)      at junit.framework.TestResult.runProtected(TestResult.java:124)      at junit.framework.TestResult.run(TestResult.java:109)      at junit.framework.TestCase.run(TestCase.java:118)      at junit.framework.TestSuite.runTest(TestSuite.java:208)      at junit.framework.TestSuite.run(TestSuite.java:203)      at sun.reflect.NativeMethodAccessorImpl.invoke0(Native Method)      at sun.reflect.NativeMethodAccessorImpl.invoke(NativeMethodAccessorImpl.java:39)      at sun.reflect.DelegatingMethodAccessorImpl.invoke(DelegatingMethodAccessorImpl.java:25)      at java.lang.reflect.Method.invoke(Method.java:585)      at org.codehaus.surefire.battery.JUnitBattery.executeJUnit(JUnitBattery.java:246)      at org.codehaus.surefire.battery.JUnitBattery.execute(JUnitBattery.java:220)      at org.codehaus.surefire.Surefire.executeBattery(Surefire.java:203)      at org.codehaus.surefire.Surefire.run(Surefire.java:152)      at org.codehaus.surefire.Surefire.run(Surefire.java:76)      at sun.reflect.NativeMethodAccessorImpl.invoke0(Native Method)      at sun.reflect.NativeMethodAccessorImpl.invoke(NativeMethodAccessorImpl.java:39)      at sun.reflect.DelegatingMethodAccessorImpl.invoke(DelegatingMethodAccessorImpl.java:25)      at java.lang.reflect.Method.invoke(Method.java:585)      at org.codehaus.surefire.SurefireBooter.run(SurefireBooter.java:104)      at org.apache.maven.test.SurefirePlugin.execute(SurefirePlugin.java:241)      at org.apache.maven.plugin.DefaultPluginManager.executeMojo(DefaultPluginManager.java:357)      at org.apache.maven.lifecycle.DefaultLifecycleExecutor.executeGoals(DefaultLifecycleExecutor.java:479)      at org.apache.maven.lifecycle.DefaultLifecycleExecutor.executeGoalWithLifecycle(DefaultLifecycleExecutor.java:452)      at org.apache.maven.lifecycle.DefaultLifecycleExecutor.executeGoal(DefaultLifecycleExecutor.java:438)      at org.apache.maven.lifecycle.DefaultLifecycleExecutor.executeTaskSegments(DefaultLifecycleExecutor.java:273)      at org.apache.maven.lifecycle.DefaultLifecycleExecutor.execute(DefaultLifecycleExecutor.java:131)      at org.apache.maven.DefaultMaven.execute(DefaultMaven.java:186)      at org.apache.maven.cli.MavenCli.main(MavenCli.java:316)      at sun.reflect.NativeMethodAccessorImpl.invoke0(Native Method)      at sun.reflect.NativeMethodAccessorImpl.invoke(NativeMethodAccessorImpl.java:39)      at sun.reflect.DelegatingMethodAccessorImpl.invoke(DelegatingMethodAccessorImpl.java:25)      at java.lang.reflect.Method.invoke(Method.java:585)      at org.codehaus.classworlds.Launcher.launchEnhanced(Launcher.java:315)      at org.codehaus.classworlds.Launcher.launch(Launcher.java:255)      at org.codehaus.classworlds.Launcher.mainWithExitCode(Launcher.java:430)      at org.codehaus.classworlds.Launcher.main(Launcher.java:375)    \"",
        "isError": false
      }
    ]
  },
  "commits": {
    "buggyBuild": {
      "repoName": "sbunciak/testrex.io",
      "branchName": "master",
      "sha": "bf8bf3b483f0ddf51d56000ac483c193a116690a",
      "url": "http://github.com/sbunciak/testrex.io/commit/bf8bf3b483f0ddf51d56000ac483c193a116690a",
      "date": "Sep 5, 2018 5:12:08 PM"
    },
    "buggyBuildForkRepo": {
      "repoName": "obabec/testrex.io",
      "branchName": "master",
      "sha": "a8fe245d36403b0c7f75528794cf013398221f7d",
      "url": "https://github.com/obabec/testrex.io/commit/a8fe245d36403b0c7f75528794cf013398221f7d",
      "date": "Sep 5, 2018 5:15:46 PM"
    },
    "buggyBuildBaseRepo": {
      "repoName": "sbunciak/testrex.io",
      "branchName": "master",
      "sha": "1d6d6b5be91518b1983f55842253ee3554e54734",
      "url": "https://github.com/sbunciak/testrex.io/commit/1d6d6b5be91518b1983f55842253ee3554e54734",
      "date": "Aug 30, 2018 2:11:51 PM"
    }
  },
  "projectMetrics": {
    "numberModules": 1,
    "numberSourceFiles": 12,
    "numberTestFiles": 1,
    "numberLibrariesFailingModule": 88
  },
  "repository": {
    "name": "sbunciak/testrex.io",
    "githubId": 142483648,
    "url": "https://github.com/sbunciak/testrex.io",
    "isFork": false,
    "original": {
      "name": "",
      "githubId": 0,
      "url": ""
    },
    "isPullRequest": true,
    "pullRequestId": 2
  },
  "builds": {
    "buggyBuild": {
      "id": 424840169,
      "url": "http://travis-ci.org/sbunciak/testrex.io/builds/424840169",
      "date": "Sep 5, 2018 5:12:57 PM"
    }
  },
  "reproductionBuggyBuild": {
    "reproductionDateBeginning": "Sep 5, 2018 5:20:00 PM",
    "reproductionDateEnd": "Sep 5, 2018 5:21:16 PM",
    "totalDuration": 73,
    "processDurations": {
      "cloning": {
        "nbSteps": 1,
        "totalDuration": 2,
        "stepNames": [
          "CloneRepository"
        ],
        "stepDurations": [
          2
        ]
      },
      "building": {
        "nbSteps": 2,
        "totalDuration": 27,
        "stepNames": [
          "CheckoutBuggyBuild",
          "BuildProject"
        ],
        "stepDurations": [
          2,
          25
        ]
      },
      "testing": {
        "nbSteps": 1,
        "totalDuration": 21,
        "stepNames": [
          "TestProject"
        ],
        "stepDurations": [
          21
        ]
      }
    },
    "projectRootPomPath": "./workspace/sbunciak/testrex.io/424840169/pom.xml"
  },
  "patchDiff": {
    "files": {
      "numberAdded": 0,
      "numberChanged": 0,
      "numberDeleted": 0
    },
    "lines": {
      "numberAdded": 0,
      "numberDeleted": 0
    }
  },
  "type": "only_fail"
}