{
  "bugType": "only_fail",
  "hostname": "cyclone1",
  "repo": "STAMP-project/dspot",
  "metrics": {
    "ReproductionDate": "Jul 16, 2018 11:47:49 PM",
    "BuggyBuildId": 404624130,
    "PatchedBuilId": 0,
    "BuggyBuildURL": "http://travis-ci.org/STAMP-project/dspot/builds/404624130",
    "BuggyBuildDate": "Jul 16, 2018 11:36:01 PM",
    "BugCommit": "a75829301eddb78b0b04e6f1d9a8f1312d5be021",
    "PatchChangedFiles": 0,
    "PatchAddedLines": 0,
    "PatchDeletedLines": 0,
    "NbLibraries": 52,
    "NbFileApp": 81,
    "NbFileTests": 59,
    "NbCPU": 8,
    "FreeMemory": 569200768,
    "TotalMemory": 1555038208,
    "AngelicValuesByTest": {},
    "FreeMemoryByStep": {
      "CheckoutBuggyBuild": 191029528,
      "ComputeClasspath": 89619416,
      "CloneRepository": 112797688,
      "ComputeTestDir": 84780968,
      "CheckoutPatchedBuild": 569200768,
      "TestProject": 150649520,
      "AssertFixer": 591153624,
      "BuildProject": 177003352,
      "GatherTestInformation": 139719688,
      "InitRepoToPush": 91499152,
      "ComputeSourceDir": 568285696,
      "CommitPatch": 569200768
    },
    "NbSucceedingTests": 128,
    "NbFailingTests": 5,
    "NbErroringTests": 2,
    "NbSkippingTests": 7,
    "NbRunningTests": 135,
    "FailureNames": [
      "java.lang.AssertionError",
      "java.lang.RuntimeException"
    ],
    "StepsDurationsInSeconds": {
      "CheckoutBuggyBuild": 4,
      "ComputeClasspath": 18,
      "CloneRepository": 5,
      "ComputeTestDir": 0,
      "CheckoutPatchedBuild": 0,
      "TestProject": 613,
      "AssertFixer": 207,
      "BuildProject": 99,
      "GatherTestInformation": 0,
      "InitRepoToPush": 1,
      "ComputeSourceDir": 0,
      "CommitPatch": 1
    },
    "BugCommitUrl": "http://github.com/STAMP-project/dspot/commit/a75829301eddb78b0b04e6f1d9a8f1312d5be021"
  },
  "failing-test-cases": [
    {
      "className": "eu.stamp_project.dspot.amplifier.IterationDecoratorAmplifierTest",
      "failingMethods": [
        "test"
      ],
      "erroringMethods": [],
      "failures": [
        {
          "failureName": "java.lang.AssertionError",
          "isError": false
        }
      ],
      "nbFailures": 1,
      "nbErrors": 0
    },
    {
      "className": "eu.stamp_project.dspot.amplifier.LiteralAmplifiersTest",
      "failingMethods": [
        "testAvoidRedundantAmplification",
        "test"
      ],
      "erroringMethods": [],
      "failures": [
        {
          "failureName": "java.lang.AssertionError",
          "failureDetail": "expected:\u003c366\u003e but was:\u003c787\u003e",
          "isError": false
        },
        {
          "failureName": "java.lang.AssertionError",
          "failureDetail": "expected:\u003c1\u003e but was:\u003c4\u003e",
          "isError": false
        }
      ],
      "nbFailures": 2,
      "nbErrors": 0
    },
    {
      "className": "eu.stamp_project.automaticbuilder.MavenAutomaticBuilderTest",
      "failingMethods": [],
      "erroringMethods": [
        "testSpecificClass",
        "testMultipleClasses"
      ],
      "failures": [
        {
          "failureName": "java.lang.RuntimeException",
          "failureDetail": "java.lang.RuntimeException: Maven build failed! Enable verbose mode for more information (--verbose)",
          "isError": true
        },
        {
          "failureName": "java.lang.RuntimeException",
          "failureDetail": "java.lang.RuntimeException: Maven build failed! Enable verbose mode for more information (--verbose)",
          "isError": true
        }
      ],
      "nbFailures": 0,
      "nbErrors": 2
    },
    {
      "className": "eu.stamp_project.dspot.amplifier.StringLiteralAmplifierTest",
      "failingMethods": [
        "testAmplify"
      ],
      "erroringMethods": [],
      "failures": [
        {
          "failureName": "java.lang.AssertionError",
          "failureDetail": "expected:\u003c43\u003e but was:\u003c28\u003e",
          "isError": false
        }
      ],
      "nbFailures": 1,
      "nbErrors": 0
    },
    {
      "className": "eu.stamp_project.dspot.amplifier.StatementAddTest",
      "failingMethods": [
        "testWithLoop"
      ],
      "erroringMethods": [],
      "failures": [
        {
          "failureName": "java.lang.AssertionError",
          "failureDetail": "expected:\u003c[        // StatementAdd: add invocation of a method,     java.util.ArrayList\u003cfr.inria.statementadd.TestClassTarget.Internal\u003e internalList \u003d new java.util.ArrayList\u003c\u003e();,     for (fr.inria.statementadd.TestClassTarget.Internal i : internalList) {,         i.compute(__DSPOT_i_0);,         i.compute(0);, {,     },     internalList.add(new fr.inria.statementadd.TestClassTarget.Internal());, },         int __DSPOT_i_0 \u003d -1167796541;]\u003e but was:\u003c[    java.util.ArrayList\u003cfr.inria.statementadd.TestClassTarget.Internal\u003e internalList \u003d new java.util.ArrayList\u003c\u003e();,     for (fr.inria.statementadd.TestClassTarget.Internal i : internalList) {,         i.compute(__DSPOT_i_0);,         i.compute(0);, {,     },     internalList.add(new fr.inria.statementadd.TestClassTarget.Internal());, },         int __DSPOT_i_0 \u003d -1167796541;]\u003e",
          "isError": false
        }
      ],
      "nbFailures": 1,
      "nbErrors": 0
    }
  ],
  "failingModule": "/root/workspace/STAMP-project/dspot/404624130/dspot"
}