[INFO] Scanning for projects...
[INFO]                                                                         
[INFO] ------------------------------------------------------------------------
[INFO] Building HTTP/2 Nukleus Implementation develop-SNAPSHOT
[INFO] ------------------------------------------------------------------------
[INFO] 
[INFO] --- license-maven-plugin:3.0:check (default) @ nukleus-http2 ---
[INFO] 
[INFO] --- maven-checkstyle-plugin:2.17:check (default) @ nukleus-http2 ---
[INFO] 
[INFO] --- jacoco-maven-plugin:0.7.9:prepare-agent (default) @ nukleus-http2 ---
[INFO] argLine set to -javaagent:/root/./workspace/reaktivity/nukleus-http2.java/422171528/.m2/org/jacoco/org.jacoco.agent/0.7.9/org.jacoco.agent-0.7.9-runtime.jar=destfile=/root/workspace/reaktivity/nukleus-http2.java/422171528/target/jacoco.exec
[INFO] 
[INFO] --- nukleus-maven-plugin:0.28:generate (default) @ nukleus-http2 ---
Generating to /root/workspace/reaktivity/nukleus-http2.java/422171528/target/generated-sources/reaktivity
[INFO] 
[INFO] --- maven-resources-plugin:2.6:resources (default-resources) @ nukleus-http2 ---
[INFO] Using 'UTF-8' encoding to copy filtered resources.
[INFO] Copying 2 resources
[INFO] 
[INFO] --- maven-compiler-plugin:3.6.1:compile (default-compile) @ nukleus-http2 ---
[INFO] Changes detected - recompiling the module!
[INFO] Compiling 86 source files to /root/workspace/reaktivity/nukleus-http2.java/422171528/target/classes
[INFO] /root/workspace/reaktivity/nukleus-http2.java/422171528/src/main/java/org/reaktivity/nukleus/http2/internal/Http2Controller.java: Some input files use or override a deprecated API.
[INFO] /root/workspace/reaktivity/nukleus-http2.java/422171528/src/main/java/org/reaktivity/nukleus/http2/internal/Http2Controller.java: Recompile with -Xlint:deprecation for details.
[INFO] /root/workspace/reaktivity/nukleus-http2.java/422171528/src/main/java/org/reaktivity/nukleus/http2/internal/types/stream/Http2FrameFW.java: Some input files use unchecked or unsafe operations.
[INFO] /root/workspace/reaktivity/nukleus-http2.java/422171528/src/main/java/org/reaktivity/nukleus/http2/internal/types/stream/Http2FrameFW.java: Recompile with -Xlint:unchecked for details.
[INFO] 
[INFO] --- maven-resources-plugin:2.6:testResources (default-testResources) @ nukleus-http2 ---
[INFO] Using 'UTF-8' encoding to copy filtered resources.
[INFO] skip non existing resourceDirectory /root/workspace/reaktivity/nukleus-http2.java/422171528/src/test/resources
[INFO] 
[INFO] --- maven-compiler-plugin:3.6.1:testCompile (default-testCompile) @ nukleus-http2 ---
[INFO] Nothing to compile - all classes are up to date
[INFO] 
[INFO] --- maven-surefire-plugin:2.17:test (default-test) @ nukleus-http2 ---
[INFO] Tests are skipped.
[INFO] 
[INFO] --- maven-jar-plugin:2.4:jar (default-jar) @ nukleus-http2 ---
[INFO] Building jar: /root/workspace/reaktivity/nukleus-http2.java/422171528/target/nukleus-http2-develop-SNAPSHOT.jar
[INFO] 
[INFO] --- maven-jar-plugin:2.4:test-jar (default) @ nukleus-http2 ---
[INFO] 
[INFO] --- maven-shade-plugin:2.4.4.2:shade (default) @ nukleus-http2 ---
[INFO] Including org.reaktivity:reaktor:jar:0.59 in the shaded test jar.
[INFO] Including commons-cli:commons-cli:jar:1.3.1 in the shaded test jar.
[INFO] Excluding org.reaktivity:nukleus-tcp:jar:0.56 from the shaded test jar.
[INFO] Including org.reaktivity:reaktor:test-jar:tests:0.59 in the shaded test jar.
[INFO] Excluding junit:junit:jar:4.12 from the shaded test jar.
[INFO] Excluding org.hamcrest:hamcrest-core:jar:1.3 from the shaded test jar.
[INFO] Excluding org.hamcrest:hamcrest-library:jar:1.3 from the shaded test jar.
[INFO] Excluding org.kaazing:k3po.junit:jar:3.0.0-alpha-96 from the shaded test jar.
[INFO] Excluding org.kaazing:net.tcp:jar:1.1.0.9 from the shaded test jar.
[INFO] Excluding org.kaazing:net.api:jar:1.1.0.9 from the shaded test jar.
[INFO] Excluding org.kaazing:community.license:jar:2.18 from the shaded test jar.
[INFO] Excluding org.kaazing:k3po.lang:jar:3.0.0-alpha-96 from the shaded test jar.
[INFO] Excluding org.antlr:antlr4-runtime:jar:4.7 from the shaded test jar.
[INFO] Excluding de.odysseus.juel:juel-api:jar:2.2.7 from the shaded test jar.
[INFO] Excluding de.odysseus.juel:juel-impl:jar:2.2.7 from the shaded test jar.
[INFO] Including org.openjdk.jmh:jmh-core:jar:1.12 in the shaded test jar.
[INFO] Including net.sf.jopt-simple:jopt-simple:jar:4.6 in the shaded test jar.
[INFO] Including org.apache.commons:commons-math3:jar:3.2 in the shaded test jar.
[INFO] Excluding org.openjdk.jmh:jmh-generator-annprocess:jar:1.12 from the shaded test jar.
[INFO] Excluding org.jmock:jmock-junit4:jar:2.6.0 from the shaded test jar.
[INFO] Excluding org.jmock:jmock:jar:2.6.0 from the shaded test jar.
[INFO] Excluding junit:junit-dep:jar:4.4 from the shaded test jar.
[INFO] 
[INFO] --- k3po-maven-plugin:3.0.0-alpha-96:start (default) @ nukleus-http2 ---
[INFO] Tests are skipped
[INFO] 
[INFO] --- maven-failsafe-plugin:2.19.1:integration-test (default) @ nukleus-http2 ---
[INFO] Tests are skipped.
[INFO] 
[INFO] --- k3po-maven-plugin:3.0.0-alpha-96:stop (default) @ nukleus-http2 ---
[INFO] Tests are skipped
[INFO] 
[INFO] --- jacoco-maven-plugin:0.7.9:check (default) @ nukleus-http2 ---
[INFO] Loading execution data file /root/workspace/reaktivity/nukleus-http2.java/422171528/target/jacoco.exec
[INFO] Analyzed bundle 'nukleus-http2' with 164 classes
[WARNING] Rule violated for bundle nukleus-http2: instructions covered ratio is 0.29, but expected minimum is 0.68
[WARNING] Rule violated for bundle nukleus-http2: classes missed count is 110, but expected maximum is 53
[INFO] ------------------------------------------------------------------------
[INFO] BUILD FAILURE
[INFO] ------------------------------------------------------------------------
[INFO] Total time: 7.122 s
[INFO] Finished at: 2018-08-29T19:25:47+02:00
[INFO] Final Memory: 29M/435M
[INFO] ------------------------------------------------------------------------
[ERROR] Failed to execute goal org.jacoco:jacoco-maven-plugin:0.7.9:check (default) on project nukleus-http2: Coverage checks have not been met. See log for details. -> [Help 1]
[ERROR] 
[ERROR] To see the full stack trace of the errors, re-run Maven with the -e switch.
[ERROR] Re-run Maven using the -X switch to enable full debug logging.
[ERROR] 
[ERROR] For more information about the errors and possible solutions, please read the following articles:
[ERROR] [Help 1] http://cwiki.apache.org/confluence/display/MAVEN/MojoExecutionException
