[INFO] Scanning for projects...
[INFO] Downloading: https://repo.maven.apache.org/maven2/com/atlassian/maven/plugins/clover-maven-plugin/4.1.2/clover-maven-plugin-4.1.2.pom
[INFO] Downloaded: https://repo.maven.apache.org/maven2/com/atlassian/maven/plugins/clover-maven-plugin/4.1.2/clover-maven-plugin-4.1.2.pom (21 KB at 54.3 KB/sec)
[INFO] Downloading: https://repo.maven.apache.org/maven2/com/atlassian/pom/central-pom/3.0.105/central-pom-3.0.105.pom
[INFO] Downloaded: https://repo.maven.apache.org/maven2/com/atlassian/pom/central-pom/3.0.105/central-pom-3.0.105.pom (5 KB at 220.8 KB/sec)
[INFO] Downloading: https://repo.maven.apache.org/maven2/com/atlassian/pom/base-pom/3.0.105/base-pom-3.0.105.pom
[INFO] Downloaded: https://repo.maven.apache.org/maven2/com/atlassian/pom/base-pom/3.0.105/base-pom-3.0.105.pom (33 KB at 823.2 KB/sec)
[INFO] Downloading: https://repo.maven.apache.org/maven2/com/atlassian/maven/plugins/clover-maven-plugin/4.1.2/clover-maven-plugin-4.1.2.jar
[INFO] Downloaded: https://repo.maven.apache.org/maven2/com/atlassian/maven/plugins/clover-maven-plugin/4.1.2/clover-maven-plugin-4.1.2.jar (136 KB at 2884.5 KB/sec)
[INFO] Downloading: https://repo.maven.apache.org/maven2/org/apache/maven/plugins/maven-deploy-plugin/2.8.2/maven-deploy-plugin-2.8.2.pom
[INFO] Downloaded: https://repo.maven.apache.org/maven2/org/apache/maven/plugins/maven-deploy-plugin/2.8.2/maven-deploy-plugin-2.8.2.pom (7 KB at 303.1 KB/sec)
[INFO] Downloading: https://repo.maven.apache.org/maven2/org/apache/maven/plugins/maven-deploy-plugin/2.8.2/maven-deploy-plugin-2.8.2.jar
[INFO] Downloaded: https://repo.maven.apache.org/maven2/org/apache/maven/plugins/maven-deploy-plugin/2.8.2/maven-deploy-plugin-2.8.2.jar (34 KB at 1234.4 KB/sec)
[INFO]                                                                         
[INFO] ------------------------------------------------------------------------
[INFO] Building RESTEasy Main testsuite: Integration tests 3.6.0.Final
[INFO] ------------------------------------------------------------------------
[INFO] Downloading: http://repository.jboss.org/nexus/content/groups/public/org/jboss/resteasy/resteasy-testsuite/3.6.0.Final/resteasy-testsuite-3.6.0.Final.pom
[INFO] Downloading: https://repo.maven.apache.org/maven2/org/jboss/resteasy/resteasy-testsuite/3.6.0.Final/resteasy-testsuite-3.6.0.Final.pom
[INFO] ------------------------------------------------------------------------
[INFO] BUILD FAILURE
[INFO] ------------------------------------------------------------------------
[INFO] Total time: 3.685 s
[INFO] Finished at: 2018-07-26T16:36:27+02:00
[INFO] Final Memory: 19M/227M
[INFO] ------------------------------------------------------------------------
[ERROR] Failed to execute goal on project resteasy-integration-tests: Could not resolve dependencies for project org.jboss.resteasy:resteasy-integration-tests:jar:3.6.0.Final: Failed to collect dependencies at org.jboss.resteasy:arquillian-utils:jar:3.6.0.Final: Failed to read artifact descriptor for org.jboss.resteasy:arquillian-utils:jar:3.6.0.Final: Could not find artifact org.jboss.resteasy:resteasy-testsuite:pom:3.6.0.Final in jboss (http://repository.jboss.org/nexus/content/groups/public/) -> [Help 1]
[ERROR] 
[ERROR] To see the full stack trace of the errors, re-run Maven with the -e switch.
[ERROR] Re-run Maven using the -X switch to enable full debug logging.
[ERROR] 
[ERROR] For more information about the errors and possible solutions, please read the following articles:
[ERROR] [Help 1] http://cwiki.apache.org/confluence/display/MAVEN/DependencyResolutionException
