-------------------------------------------------------------------------------
Test set: TestSuite
-------------------------------------------------------------------------------
Tests run: 126, Failures: 1, Errors: 0, Skipped: 0, Time elapsed: 13.869 s <<< FAILURE! - in TestSuite
testGetEntityType(org.molgenis.data.annotation.core.resources.impl.tabix.TabixVcfRepositoryTest)  Time elapsed: 0.016 s  <<< FAILURE!
java.lang.AssertionError: expected [true] but found [false]
	at org.molgenis.data.annotation.core.resources.impl.tabix.TabixVcfRepositoryTest.testGetEntityType(TabixVcfRepositoryTest.java:78)

