-------------------------------------------------------------------------------
Test set: org.eclipse.collections.impl.bag.sorted.immutable.ImmutableSortedBagImplTest
-------------------------------------------------------------------------------
Tests run: 161, Failures: 1, Errors: 0, Skipped: 0, Time elapsed: 0.126 sec <<< FAILURE! - in org.eclipse.collections.impl.bag.sorted.immutable.ImmutableSortedBagImplTest
countByEach(org.eclipse.collections.impl.bag.sorted.immutable.ImmutableSortedBagImplTest)  Time elapsed: 0.001 sec  <<< FAILURE!
java.lang.AssertionError: Incorrect size for iterable; expected:<4> but was:<20>

