-------------------------------------------------------------------------------
Test set: org.eclipse.collections.impl.bag.sorted.immutable.ImmutableSortedBagImplNoIteratorTest
-------------------------------------------------------------------------------
Tests run: 161, Failures: 1, Errors: 0, Skipped: 0, Time elapsed: 0.161 sec <<< FAILURE! - in org.eclipse.collections.impl.bag.sorted.immutable.ImmutableSortedBagImplNoIteratorTest
countByEach(org.eclipse.collections.impl.bag.sorted.immutable.ImmutableSortedBagImplNoIteratorTest)  Time elapsed: 0 sec  <<< FAILURE!
java.lang.AssertionError: Incorrect size for iterable; expected:<4> but was:<20>

