-------------------------------------------------------------------------------
Test set: org.eclipse.collections.impl.list.immutable.ImmutableQuadrupletonListTest
-------------------------------------------------------------------------------
Tests run: 150, Failures: 1, Errors: 0, Skipped: 0, Time elapsed: 0.114 sec <<< FAILURE! - in org.eclipse.collections.impl.list.immutable.ImmutableQuadrupletonListTest
countByEach(org.eclipse.collections.impl.list.immutable.ImmutableQuadrupletonListTest)  Time elapsed: 0.001 sec  <<< FAILURE!
java.lang.AssertionError: Incorrect size for iterable; expected:<4> but was:<20>

