-------------------------------------------------------------------------------
Test set: org.eclipse.collections.impl.set.immutable.ImmutableTripletonSetTest
-------------------------------------------------------------------------------
Tests run: 129, Failures: 1, Errors: 0, Skipped: 0, Time elapsed: 0.098 sec <<< FAILURE! - in org.eclipse.collections.impl.set.immutable.ImmutableTripletonSetTest
countByEach(org.eclipse.collections.impl.set.immutable.ImmutableTripletonSetTest)  Time elapsed: 0.001 sec  <<< FAILURE!
java.lang.AssertionError: Incorrect size for iterable; expected:<3> but was:<15>

