-------------------------------------------------------------------------------
Test set: org.eclipse.collections.impl.list.immutable.ImmutableArrayListTest
-------------------------------------------------------------------------------
Tests run: 166, Failures: 1, Errors: 0, Skipped: 0, Time elapsed: 0.125 sec <<< FAILURE! - in org.eclipse.collections.impl.list.immutable.ImmutableArrayListTest
countByEach(org.eclipse.collections.impl.list.immutable.ImmutableArrayListTest)  Time elapsed: 0.001 sec  <<< FAILURE!
java.lang.AssertionError: Incorrect size for iterable; expected:<3> but was:<15>

