-------------------------------------------------------------------------------
Test set: org.eclipse.collections.impl.bag.immutable.ImmutableSingletonBagTest
-------------------------------------------------------------------------------
Tests run: 208, Failures: 1, Errors: 0, Skipped: 0, Time elapsed: 0.309 sec <<< FAILURE! - in org.eclipse.collections.impl.bag.immutable.ImmutableSingletonBagTest
countByEach(org.eclipse.collections.impl.bag.immutable.ImmutableSingletonBagTest)  Time elapsed: 0.001 sec  <<< FAILURE!
java.lang.AssertionError: Incorrect size for iterable; expected:<1> but was:<5>

