-------------------------------------------------------------------------------
Test set: org.eclipse.collections.impl.set.immutable.ImmutableQuadrupletonSetTest
-------------------------------------------------------------------------------
Tests run: 130, Failures: 1, Errors: 0, Skipped: 0, Time elapsed: 0.123 sec <<< FAILURE! - in org.eclipse.collections.impl.set.immutable.ImmutableQuadrupletonSetTest
countByEach(org.eclipse.collections.impl.set.immutable.ImmutableQuadrupletonSetTest)  Time elapsed: 0.001 sec  <<< FAILURE!
java.lang.AssertionError: Incorrect size for iterable; expected:<4> but was:<20>

