-------------------------------------------------------------------------------
Test set: org.eclipse.collections.impl.list.immutable.ImmutableSubListTest
-------------------------------------------------------------------------------
Tests run: 155, Failures: 1, Errors: 0, Skipped: 0, Time elapsed: 0.135 sec <<< FAILURE! - in org.eclipse.collections.impl.list.immutable.ImmutableSubListTest
countByEach(org.eclipse.collections.impl.list.immutable.ImmutableSubListTest)  Time elapsed: 0 sec  <<< FAILURE!
java.lang.AssertionError: Incorrect size for iterable; expected:<4> but was:<20>

