-------------------------------------------------------------------------------
Test set: org.eclipse.collections.impl.list.immutable.ImmutableSextupletonListTest
-------------------------------------------------------------------------------
Tests run: 149, Failures: 1, Errors: 0, Skipped: 0, Time elapsed: 0.129 sec <<< FAILURE! - in org.eclipse.collections.impl.list.immutable.ImmutableSextupletonListTest
countByEach(org.eclipse.collections.impl.list.immutable.ImmutableSextupletonListTest)  Time elapsed: 0 sec  <<< FAILURE!
java.lang.AssertionError: Incorrect size for iterable; expected:<6> but was:<30>

