-------------------------------------------------------------------------------
Test set: org.eclipse.collections.impl.list.immutable.ImmutableSingletonListTest
-------------------------------------------------------------------------------
Tests run: 149, Failures: 1, Errors: 0, Skipped: 0, Time elapsed: 0.138 sec <<< FAILURE! - in org.eclipse.collections.impl.list.immutable.ImmutableSingletonListTest
countByEach(org.eclipse.collections.impl.list.immutable.ImmutableSingletonListTest)  Time elapsed: 0 sec  <<< FAILURE!
java.lang.AssertionError: Incorrect size for iterable; expected:<1> but was:<5>

