-------------------------------------------------------------------------------
Test set: org.eclipse.collections.impl.bag.immutable.ImmutableArrayBagTest
-------------------------------------------------------------------------------
Tests run: 202, Failures: 1, Errors: 0, Skipped: 0, Time elapsed: 0.25 sec <<< FAILURE! - in org.eclipse.collections.impl.bag.immutable.ImmutableArrayBagTest
countByEach(org.eclipse.collections.impl.bag.immutable.ImmutableArrayBagTest)  Time elapsed: 0.001 sec  <<< FAILURE!
java.lang.AssertionError: Incorrect size for iterable; expected:<10> but was:<50>

