-------------------------------------------------------------------------------
Test set: org.eclipse.collections.impl.list.immutable.ImmutableTripletonListTest
-------------------------------------------------------------------------------
Tests run: 149, Failures: 1, Errors: 0, Skipped: 0, Time elapsed: 0.108 sec <<< FAILURE! - in org.eclipse.collections.impl.list.immutable.ImmutableTripletonListTest
countByEach(org.eclipse.collections.impl.list.immutable.ImmutableTripletonListTest)  Time elapsed: 0 sec  <<< FAILURE!
java.lang.AssertionError: Incorrect size for iterable; expected:<3> but was:<15>

