-------------------------------------------------------------------------------
Test set: org.eclipse.collections.impl.set.immutable.ImmutableDoubletonSetTest
-------------------------------------------------------------------------------
Tests run: 129, Failures: 1, Errors: 0, Skipped: 0, Time elapsed: 0.112 sec <<< FAILURE! - in org.eclipse.collections.impl.set.immutable.ImmutableDoubletonSetTest
countByEach(org.eclipse.collections.impl.set.immutable.ImmutableDoubletonSetTest)  Time elapsed: 0.001 sec  <<< FAILURE!
java.lang.AssertionError: Incorrect size for iterable; expected:<2> but was:<10>

