-------------------------------------------------------------------------------
Test set: org.eclipse.collections.impl.set.immutable.ImmutableSingletonSetTest
-------------------------------------------------------------------------------
Tests run: 129, Failures: 1, Errors: 0, Skipped: 0, Time elapsed: 0.101 sec <<< FAILURE! - in org.eclipse.collections.impl.set.immutable.ImmutableSingletonSetTest
countByEach(org.eclipse.collections.impl.set.immutable.ImmutableSingletonSetTest)  Time elapsed: 0 sec  <<< FAILURE!
java.lang.AssertionError: Incorrect size for iterable; expected:<1> but was:<5>

