-------------------------------------------------------------------------------
Test set: org.eclipse.collections.impl.list.immutable.ImmutableSeptupletonListTest
-------------------------------------------------------------------------------
Tests run: 149, Failures: 1, Errors: 0, Skipped: 0, Time elapsed: 0.124 sec <<< FAILURE! - in org.eclipse.collections.impl.list.immutable.ImmutableSeptupletonListTest
countByEach(org.eclipse.collections.impl.list.immutable.ImmutableSeptupletonListTest)  Time elapsed: 0.001 sec  <<< FAILURE!
java.lang.AssertionError: Incorrect size for iterable; expected:<7> but was:<35>

