<?xml version="1.0" encoding="UTF-8" ?>
<testsuite tests="1" failures="1" name="eu.stamp_project.dspot.DSpotMockedTest" time="24.867" errors="0" skipped="0">
  <properties>
    <property name="java.runtime.name" value="OpenJDK Runtime Environment"/>
    <property name="sun.boot.library.path" value="/usr/lib/jvm/java-8-openjdk-amd64/jre/lib/amd64"/>
    <property name="java.vm.version" value="25.121-b13"/>
    <property name="java.vm.vendor" value="Oracle Corporation"/>
    <property name="maven.multiModuleProjectDirectory" value="/root/workspace/danglotb/dspot/389400309"/>
    <property name="java.vendor.url" value="http://java.oracle.com/"/>
    <property name="path.separator" value=":"/>
    <property name="guice.disable.misplaced.annotation.check" value="true"/>
    <property name="skip.gulp" value="true"/>
    <property name="java.vm.name" value="OpenJDK 64-Bit Server VM"/>
    <property name="file.encoding.pkg" value="sun.io"/>
    <property name="sun.java.launcher" value="SUN_STANDARD"/>
    <property name="sun.os.patch.level" value="unknown"/>
    <property name="findbugs.skip" value="true"/>
    <property name="java.vm.specification.name" value="Java Virtual Machine Specification"/>
    <property name="user.dir" value="/root/workspace/danglotb/dspot/389400309"/>
    <property name="checkstyle.skip" value="true"/>
    <property name="java.runtime.version" value="1.8.0_121-8u121-b13-1~bpo8+1-b13"/>
    <property name="java.awt.graphicsenv" value="sun.awt.X11GraphicsEnvironment"/>
    <property name="skip.npm" value="true"/>
    <property name="java.endorsed.dirs" value="/usr/lib/jvm/java-8-openjdk-amd64/jre/lib/endorsed"/>
    <property name="os.arch" value="amd64"/>
    <property name="java.io.tmpdir" value="/tmp"/>
    <property name="gpg.skip" value="true"/>
    <property name="line.separator" value="
"/>
    <property name="java.vm.specification.vendor" value="Oracle Corporation"/>
    <property name="cobertura.skip" value="true"/>
    <property name="os.name" value="Linux"/>
    <property name="classworlds.conf" value="/usr/share/maven/bin/m2.conf"/>
    <property name="sun.jnu.encoding" value="UTF-8"/>
    <property name="java.library.path" value="/usr/java/packages/lib/amd64:/usr/lib/x86_64-linux-gnu/jni:/lib/x86_64-linux-gnu:/usr/lib/x86_64-linux-gnu:/usr/lib/jni:/lib:/usr/lib"/>
    <property name="license.skip" value="true"/>
    <property name="java.specification.name" value="Java Platform API Specification"/>
    <property name="java.class.version" value="52.0"/>
    <property name="sun.management.compiler" value="HotSpot 64-Bit Tiered Compilers"/>
    <property name="skip.bower" value="true"/>
    <property name="maven.repo.local" value="/root/./workspace/danglotb/dspot/389400309/.m2"/>
    <property name="os.version" value="3.10.0-862.3.2.el7.x86_64"/>
    <property name="user.home" value="/root"/>
    <property name="user.timezone" value="Europe/Paris"/>
    <property name="java.awt.printerjob" value="sun.print.PSPrinterJob"/>
    <property name="java.specification.version" value="1.8"/>
    <property name="file.encoding" value="UTF-8"/>
    <property name="user.name" value="root"/>
    <property name="java.class.path" value="/usr/share/maven/boot/plexus-classworlds-2.5.2.jar"/>
    <property name="skipITs" value="true"/>
    <property name="java.vm.specification.version" value="1.8"/>
    <property name="sun.arch.data.model" value="64"/>
    <property name="java.home" value="/usr/lib/jvm/java-8-openjdk-amd64/jre"/>
    <property name="sun.java.command" value="org.codehaus.plexus.classworlds.launcher.Launcher -B -D enforcer.skip=true -D dependency-check.skip=true -D skipITs=true -D cobertura.skip=true -D maven.repo.local=/root/./workspace/danglotb/dspot/389400309/.m2 -D rat.skip=true -D findbugs.skip=true -D skip.bower=true -D gpg.skip=true -D checkstyle.skip=true -D skip.gulp=true -D license.skip=true -D skip.npm=true test"/>
    <property name="java.specification.vendor" value="Oracle Corporation"/>
    <property name="user.language" value="en"/>
    <property name="awt.toolkit" value="sun.awt.X11.XToolkit"/>
    <property name="dependency-check.skip" value="true"/>
    <property name="java.vm.info" value="mixed mode"/>
    <property name="java.version" value="1.8.0_121"/>
    <property name="java.ext.dirs" value="/usr/lib/jvm/java-8-openjdk-amd64/jre/lib/ext:/usr/java/packages/lib/ext"/>
    <property name="securerandom.source" value="file:/dev/./urandom"/>
    <property name="sun.boot.class.path" value="/usr/lib/jvm/java-8-openjdk-amd64/jre/lib/resources.jar:/usr/lib/jvm/java-8-openjdk-amd64/jre/lib/rt.jar:/usr/lib/jvm/java-8-openjdk-amd64/jre/lib/sunrsasign.jar:/usr/lib/jvm/java-8-openjdk-amd64/jre/lib/jsse.jar:/usr/lib/jvm/java-8-openjdk-amd64/jre/lib/jce.jar:/usr/lib/jvm/java-8-openjdk-amd64/jre/lib/charsets.jar:/usr/lib/jvm/java-8-openjdk-amd64/jre/lib/jfr.jar:/usr/lib/jvm/java-8-openjdk-amd64/jre/classes"/>
    <property name="java.vendor" value="Oracle Corporation"/>
    <property name="enforcer.skip" value="true"/>
    <property name="rat.skip" value="true"/>
    <property name="maven.home" value="/usr/share/maven"/>
    <property name="file.separator" value="/"/>
    <property name="java.vendor.url.bug" value="http://bugreport.sun.com/bugreport/"/>
    <property name="sun.cpu.endian" value="little"/>
    <property name="sun.io.unicode.encoding" value="UnicodeLittle"/>
    <property name="sun.cpu.isalist" value=""/>
  </properties>
  <testcase classname="eu.stamp_project.dspot.DSpotMockedTest" name="test" time="24.867">
    <failure message="expected:&lt;1&gt; but was:&lt;9&gt;" type="java.lang.AssertionError">java.lang.AssertionError: expected:&lt;1&gt; but was:&lt;9&gt;
	at org.junit.Assert.fail(Assert.java:88)
	at org.junit.Assert.failNotEquals(Assert.java:834)
	at org.junit.Assert.assertEquals(Assert.java:645)
	at org.junit.Assert.assertEquals(Assert.java:631)
	at eu.stamp_project.dspot.DSpotMockedTest.test(DSpotMockedTest.java:51)
	at sun.reflect.NativeMethodAccessorImpl.invoke0(Native Method)
	at sun.reflect.NativeMethodAccessorImpl.invoke(NativeMethodAccessorImpl.java:62)
	at sun.reflect.DelegatingMethodAccessorImpl.invoke(DelegatingMethodAccessorImpl.java:43)
	at java.lang.reflect.Method.invoke(Method.java:498)
	at org.junit.runners.model.FrameworkMethod$1.runReflectiveCall(FrameworkMethod.java:50)
	at org.junit.internal.runners.model.ReflectiveCallable.run(ReflectiveCallable.java:12)
	at org.junit.runners.model.FrameworkMethod.invokeExplosively(FrameworkMethod.java:47)
	at org.junit.internal.runners.statements.InvokeMethod.evaluate(InvokeMethod.java:17)
	at org.junit.internal.runners.statements.RunBefores.evaluate(RunBefores.java:26)
	at org.junit.runners.ParentRunner.runLeaf(ParentRunner.java:325)
	at org.junit.runners.BlockJUnit4ClassRunner.runChild(BlockJUnit4ClassRunner.java:78)
	at org.junit.runners.BlockJUnit4ClassRunner.runChild(BlockJUnit4ClassRunner.java:57)
	at org.junit.runners.ParentRunner$3.run(ParentRunner.java:290)
	at org.junit.runners.ParentRunner$1.schedule(ParentRunner.java:71)
	at org.junit.runners.ParentRunner.runChildren(ParentRunner.java:288)
	at org.junit.runners.ParentRunner.access$000(ParentRunner.java:58)
	at org.junit.runners.ParentRunner$2.evaluate(ParentRunner.java:268)
	at org.junit.runners.ParentRunner.run(ParentRunner.java:363)
	at org.apache.maven.surefire.junit4.JUnit4Provider.execute(JUnit4Provider.java:252)
	at org.apache.maven.surefire.junit4.JUnit4Provider.executeTestSet(JUnit4Provider.java:141)
	at org.apache.maven.surefire.junit4.JUnit4Provider.invoke(JUnit4Provider.java:112)
	at sun.reflect.NativeMethodAccessorImpl.invoke0(Native Method)
	at sun.reflect.NativeMethodAccessorImpl.invoke(NativeMethodAccessorImpl.java:62)
	at sun.reflect.DelegatingMethodAccessorImpl.invoke(DelegatingMethodAccessorImpl.java:43)
	at java.lang.reflect.Method.invoke(Method.java:498)
	at org.apache.maven.surefire.util.ReflectionUtils.invokeMethodWithArray(ReflectionUtils.java:189)
	at org.apache.maven.surefire.booter.ProviderFactory$ProviderProxy.invoke(ProviderFactory.java:165)
	at org.apache.maven.surefire.booter.ProviderFactory.invokeProvider(ProviderFactory.java:85)
	at org.apache.maven.surefire.booter.ForkedBooter.runSuitesInProcess(ForkedBooter.java:115)
	at org.apache.maven.surefire.booter.ForkedBooter.main(ForkedBooter.java:75)
</failure>
    <system-out>[169252] WARN AutomaticBuilderFactory - No automatic builder specified in configuration, going to default.
[169252] INFO AutomaticBuilderFactory - Default: provided Maven automatic builder.
[169252] INFO MavenAutomaticBuilder - run maven clean test -DskipTests dependency:build-classpath -Dmdep.outputFile=target/dspot/classpath
[WARN] Maven will be executed in interactive mode, but no input stream has been configured for this MavenInvoker instance.
[INFO] Scanning for projects...
[INFO]                                                                         
[INFO] ------------------------------------------------------------------------
[INFO] Building MockitoDemo 1.0-SNAPSHOT
[INFO] ------------------------------------------------------------------------
Downloading: https://repo.maven.apache.org/maven2/org/mockito/mockito-core/2.10.0/mockito-core-2.10.0.pom
3/15 KB   
5/15 KB   
8/15 KB   
11/15 KB   
13/15 KB   
15/15 KB   
           
Downloaded: https://repo.maven.apache.org/maven2/org/mockito/mockito-core/2.10.0/mockito-core-2.10.0.pom (15 KB at 44.2 KB/sec)
Downloading: https://repo.maven.apache.org/maven2/net/bytebuddy/byte-buddy/1.7.4/byte-buddy-1.7.4.pom
3/12 KB    
5/12 KB   
8/12 KB   
11/12 KB   
12/12 KB   
           
Downloaded: https://repo.maven.apache.org/maven2/net/bytebuddy/byte-buddy/1.7.4/byte-buddy-1.7.4.pom (12 KB at 477.0 KB/sec)
Downloading: https://repo.maven.apache.org/maven2/net/bytebuddy/byte-buddy-parent/1.7.4/byte-buddy-parent-1.7.4.pom
3/25 KB    
5/25 KB   
8/25 KB   
11/25 KB   
13/25 KB   
16/25 KB   
19/25 KB   
21/25 KB   
24/25 KB   
25/25 KB   
           
Downloaded: https://repo.maven.apache.org/maven2/net/bytebuddy/byte-buddy-parent/1.7.4/byte-buddy-parent-1.7.4.pom (25 KB at 989.9 KB/sec)
Downloading: https://repo.maven.apache.org/maven2/net/bytebuddy/byte-buddy-agent/1.7.4/byte-buddy-agent-1.7.4.pom
3/5 KB     
5/5 KB   
         
Downloaded: https://repo.maven.apache.org/maven2/net/bytebuddy/byte-buddy-agent/1.7.4/byte-buddy-agent-1.7.4.pom (5 KB at 240.2 KB/sec)
Downloading: https://repo.maven.apache.org/maven2/org/objenesis/objenesis/2.6/objenesis-2.6.pom
3/3 KB   
3/3 KB   
         
Downloaded: https://repo.maven.apache.org/maven2/org/objenesis/objenesis/2.6/objenesis-2.6.pom (3 KB at 135.9 KB/sec)
Downloading: https://repo.maven.apache.org/maven2/org/objenesis/objenesis-parent/2.6/objenesis-parent-2.6.pom
3/17 KB   
5/17 KB   
8/17 KB   
11/17 KB   
13/17 KB   
16/17 KB   
17/17 KB   
           
Downloaded: https://repo.maven.apache.org/maven2/org/objenesis/objenesis-parent/2.6/objenesis-parent-2.6.pom (17 KB at 672.2 KB/sec)
Downloading: https://repo.maven.apache.org/maven2/org/mockito/mockito-core/2.10.0/mockito-core-2.10.0.jar
Downloading: https://repo.maven.apache.org/maven2/net/bytebuddy/byte-buddy/1.7.4/byte-buddy-1.7.4.jar
Downloading: https://repo.maven.apache.org/maven2/net/bytebuddy/byte-buddy-agent/1.7.4/byte-buddy-agent-1.7.4.jar
Downloading: https://repo.maven.apache.org/maven2/org/objenesis/objenesis/2.6/objenesis-2.6.jar
3/523 KB   
5/523 KB   
8/523 KB   
11/523 KB   
13/523 KB   
16/523 KB   
19/523 KB   
21/523 KB   
24/523 KB   
27/523 KB   
29/523 KB   
32/523 KB   
36/523 KB   
40/523 KB   
44/523 KB   
48/523 KB   
52/523 KB   
56/523 KB   
3/2793 KB   60/523 KB   
3/2793 KB   64/523 KB   
3/2793 KB   3/42 KB   64/523 KB   
3/2793 KB   3/55 KB   3/42 KB   64/523 KB   
3/2793 KB   3/55 KB   5/42 KB   64/523 KB   
3/2793 KB   56/523 KB   
3/2793 KB   5/55 KB   5/42 KB   64/523 KB   
3/2793 KB   5/55 KB   8/42 KB   64/523 KB   
6/2793 KB   5/55 KB   8/42 KB   64/523 KB   
6/2793 KB   8/55 KB   8/42 KB   64/523 KB   
6/2793 KB   8/55 KB   8/42 KB   68/523 KB   
6/2793 KB   8/55 KB   11/42 KB   68/523 KB   
6/2793 KB   8/55 KB   11/42 KB   72/523 KB   
9/2793 KB   11/55 KB   11/42 KB   72/523 KB   
9/2793 KB   11/55 KB   11/42 KB   76/523 KB   
9/2793 KB   11/55 KB   13/42 KB   80/523 KB   
9/2793 KB   8/55 KB   11/42 KB   72/523 KB   
9/2793 KB   13/55 KB   13/42 KB   80/523 KB   
9/2793 KB   11/55 KB   13/42 KB   76/523 KB   
11/2793 KB   13/55 KB   13/42 KB   80/523 KB   
11/2793 KB   16/55 KB   13/42 KB   80/523 KB   
11/2793 KB   16/55 KB   16/42 KB   80/523 KB   
14/2793 KB   16/55 KB   16/42 KB   80/523 KB   
14/2793 KB   19/55 KB   16/42 KB   80/523 KB   
14/2793 KB   19/55 KB   19/42 KB   80/523 KB   
16/2793 KB   19/55 KB   19/42 KB   80/523 KB   
16/2793 KB   19/55 KB   21/42 KB   80/523 KB   
16/2793 KB   21/55 KB   21/42 KB   80/523 KB   
19/2793 KB   21/55 KB   21/42 KB   80/523 KB   
19/2793 KB   21/55 KB   24/42 KB   80/523 KB   
19/2793 KB   24/55 KB   24/42 KB   80/523 KB   
22/2793 KB   24/55 KB   24/42 KB   80/523 KB   
22/2793 KB   24/55 KB   27/42 KB   80/523 KB   
22/2793 KB   24/55 KB   27/42 KB   84/523 KB   
22/2793 KB   24/55 KB   27/42 KB   88/523 KB   
22/2793 KB   24/55 KB   27/42 KB   92/523 KB   
22/2793 KB   24/55 KB   27/42 KB   96/523 KB   
22/2793 KB   27/55 KB   27/42 KB   96/523 KB   
25/2793 KB   27/55 KB   29/42 KB   96/523 KB   
22/2793 KB   27/55 KB   29/42 KB   96/523 KB   
27/2793 KB   29/55 KB   29/42 KB   96/523 KB   
25/2793 KB   29/55 KB   29/42 KB   96/523 KB   
30/2793 KB   29/55 KB   29/42 KB   96/523 KB   
30/2793 KB   29/55 KB   32/42 KB   96/523 KB   
30/2793 KB   32/55 KB   32/42 KB   100/523 KB   
30/2793 KB   32/55 KB   32/42 KB   100/523 KB   
30/2793 KB   32/55 KB   32/42 KB   104/523 KB   
32/2793 KB   32/55 KB   32/42 KB   104/523 KB   
32/2793 KB   32/55 KB   32/42 KB   108/523 KB   
32/2793 KB   32/55 KB   32/42 KB   112/523 KB   
32/2793 KB   32/55 KB   36/42 KB   112/523 KB   
36/2793 KB   36/55 KB   36/42 KB   116/523 KB   
36/2793 KB   36/55 KB   36/42 KB   112/523 KB   
36/2793 KB   36/55 KB   40/42 KB   120/523 KB   
40/2793 KB   36/55 KB   40/42 KB   120/523 KB   
40/2793 KB   36/55 KB   40/42 KB   124/523 KB   
44/2793 KB   36/55 KB   40/42 KB   124/523 KB   
32/2793 KB   36/55 KB   36/42 KB   112/523 KB   
48/2793 KB   36/55 KB   40/42 KB   128/523 KB   
44/2793 KB   36/55 KB   40/42 KB   128/523 KB   
36/2793 KB   36/55 KB   40/42 KB   116/523 KB   
48/2793 KB   40/55 KB   42/42 KB   128/523 KB   
48/2793 KB   40/55 KB   40/42 KB   128/523 KB   
48/2793 KB   44/55 KB   42/42 KB   128/523 KB   
48/2793 KB   48/55 KB   42/42 KB   128/523 KB   
48/2793 KB   52/55 KB   42/42 KB   128/523 KB   
48/2793 KB   55/55 KB   42/42 KB   128/523 KB   
48/2793 KB   55/55 KB   42/42 KB   132/523 KB   
48/2793 KB   55/55 KB   42/42 KB   136/523 KB   
52/2793 KB   55/55 KB   42/42 KB   136/523 KB   
52/2793 KB   55/55 KB   42/42 KB   140/523 KB   
56/2793 KB   55/55 KB   42/42 KB   140/523 KB   
56/2793 KB   55/55 KB   42/42 KB   144/523 KB   
60/2793 KB   55/55 KB   42/42 KB   144/523 KB   
64/2793 KB   55/55 KB   42/42 KB   144/523 KB   
                                                
Downloaded: https://repo.maven.apache.org/maven2/net/bytebuddy/byte-buddy-agent/1.7.4/byte-buddy-agent-1.7.4.jar (42 KB at 574.4 KB/sec)
64/2793 KB   55/55 KB   148/523 KB              
64/2793 KB   55/55 KB   152/523 KB   
68/2793 KB   55/55 KB   156/523 KB   
68/2793 KB   55/55 KB   156/523 KB   
72/2793 KB   55/55 KB   156/523 KB   
72/2793 KB   55/55 KB   160/523 KB   
76/2793 KB   55/55 KB   160/523 KB   
80/2793 KB   55/55 KB   160/523 KB   
80/2793 KB   55/55 KB   164/523 KB   
80/2793 KB   55/55 KB   168/523 KB   
80/2793 KB   55/55 KB   172/523 KB   
80/2793 KB   55/55 KB   176/523 KB   
84/2793 KB   55/55 KB   176/523 KB   
88/2793 KB   55/55 KB   176/523 KB   
92/2793 KB   55/55 KB   176/523 KB   
96/2793 KB   55/55 KB   176/523 KB   
96/2793 KB   55/55 KB   180/523 KB   
96/2793 KB   55/55 KB   184/523 KB   
96/2793 KB   55/55 KB   188/523 KB   
96/2793 KB   55/55 KB   192/523 KB   
                                     
Downloaded: https://repo.maven.apache.org/maven2/org/objenesis/objenesis/2.6/objenesis-2.6.jar (55 KB at 632.3 KB/sec)
100/2793 KB   192/523 KB             
100/2793 KB   196/523 KB   
104/2793 KB   196/523 KB   
104/2793 KB   200/523 KB   
108/2793 KB   200/523 KB   
108/2793 KB   204/523 KB   
112/2793 KB   204/523 KB   
112/2793 KB   208/523 KB   
112/2793 KB   212/523 KB   
112/2793 KB   216/523 KB   
112/2793 KB   220/523 KB   
112/2793 KB   224/523 KB   
116/2793 KB   224/523 KB   
120/2793 KB   224/523 KB   
124/2793 KB   224/523 KB   
128/2793 KB   224/523 KB   
128/2793 KB   228/523 KB   
128/2793 KB   232/523 KB   
128/2793 KB   236/523 KB   
128/2793 KB   240/523 KB   
132/2793 KB   240/523 KB   
132/2793 KB   244/523 KB   
136/2793 KB   244/523 KB   
136/2793 KB   248/523 KB   
140/2793 KB   248/523 KB   
140/2793 KB   252/523 KB   
144/2793 KB   252/523 KB   
144/2793 KB   256/523 KB   
144/2793 KB   260/523 KB   
144/2793 KB   264/523 KB   
144/2793 KB   268/523 KB   
144/2793 KB   272/523 KB   
148/2793 KB   272/523 KB   
152/2793 KB   272/523 KB   
156/2793 KB   272/523 KB   
160/2793 KB   272/523 KB   
160/2793 KB   276/523 KB   
160/2793 KB   280/523 KB   
160/2793 KB   284/523 KB   
160/2793 KB   288/523 KB   
164/2793 KB   288/523 KB   
168/2793 KB   288/523 KB   
172/2793 KB   288/523 KB   
176/2793 KB   288/523 KB   
176/2793 KB   292/523 KB   
176/2793 KB   296/523 KB   
176/2793 KB   300/523 KB   
176/2793 KB   304/523 KB   
180/2793 KB   304/523 KB   
184/2793 KB   304/523 KB   
188/2793 KB   304/523 KB   
192/2793 KB   304/523 KB   
192/2793 KB   308/523 KB   
192/2793 KB   312/523 KB   
192/2793 KB   316/523 KB   
192/2793 KB   320/523 KB   
196/2793 KB   320/523 KB   
200/2793 KB   320/523 KB   
204/2793 KB   320/523 KB   
208/2793 KB   320/523 KB   
208/2793 KB   324/523 KB   
208/2793 KB   328/523 KB   
208/2793 KB   332/523 KB   
208/2793 KB   336/523 KB   
212/2793 KB   336/523 KB   
216/2793 KB   336/523 KB   
220/2793 KB   336/523 KB   
224/2793 KB   336/523 KB   
224/2793 KB   340/523 KB   
224/2793 KB   344/523 KB   
224/2793 KB   348/523 KB   
224/2793 KB   352/523 KB   
228/2793 KB   352/523 KB   
232/2793 KB   352/523 KB   
236/2793 KB   352/523 KB   
240/2793 KB   352/523 KB   
240/2793 KB   356/523 KB   
240/2793 KB   360/523 KB   
240/2793 KB   364/523 KB   
240/2793 KB   368/523 KB   
244/2793 KB   368/523 KB   
248/2793 KB   368/523 KB   
252/2793 KB   368/523 KB   
256/2793 KB   368/523 KB   
256/2793 KB   372/523 KB   
256/2793 KB   376/523 KB   
256/2793 KB   380/523 KB   
256/2793 KB   384/523 KB   
260/2793 KB   384/523 KB   
264/2793 KB   384/523 KB   
268/2793 KB   384/523 KB   
272/2793 KB   384/523 KB   
272/2793 KB   388/523 KB   
272/2793 KB   392/523 KB   
272/2793 KB   396/523 KB   
272/2793 KB   400/523 KB   
276/2793 KB   400/523 KB   
280/2793 KB   400/523 KB   
284/2793 KB   400/523 KB   
288/2793 KB   400/523 KB   
288/2793 KB   404/523 KB   
288/2793 KB   408/523 KB   
288/2793 KB   412/523 KB   
288/2793 KB   416/523 KB   
292/2793 KB   416/523 KB   
296/2793 KB   416/523 KB   
300/2793 KB   416/523 KB   
304/2793 KB   416/523 KB   
304/2793 KB   420/523 KB   
304/2793 KB   424/523 KB   
304/2793 KB   428/523 KB   
304/2793 KB   432/523 KB   
304/2793 KB   436/523 KB   
304/2793 KB   440/523 KB   
304/2793 KB   444/523 KB   
304/2793 KB   448/523 KB   
308/2793 KB   448/523 KB   
312/2793 KB   448/523 KB   
316/2793 KB   448/523 KB   
320/2793 KB   448/523 KB   
320/2793 KB   452/523 KB   
320/2793 KB   456/523 KB   
320/2793 KB   460/523 KB   
320/2793 KB   464/523 KB   
324/2793 KB   464/523 KB   
328/2793 KB   464/523 KB   
332/2793 KB   464/523 KB   
336/2793 KB   464/523 KB   
336/2793 KB   468/523 KB   
336/2793 KB   472/523 KB   
336/2793 KB   476/523 KB   
336/2793 KB   480/523 KB   
340/2793 KB   480/523 KB   
344/2793 KB   480/523 KB   
348/2793 KB   480/523 KB   
352/2793 KB   480/523 KB   
352/2793 KB   484/523 KB   
352/2793 KB   488/523 KB   
352/2793 KB   492/523 KB   
352/2793 KB   496/523 KB   
356/2793 KB   496/523 KB   
360/2793 KB   496/523 KB   
364/2793 KB   496/523 KB   
368/2793 KB   496/523 KB   
368/2793 KB   500/523 KB   
368/2793 KB   504/523 KB   
368/2793 KB   508/523 KB   
368/2793 KB   512/523 KB   
372/2793 KB   512/523 KB   
376/2793 KB   512/523 KB   
380/2793 KB   512/523 KB   
380/2793 KB   516/523 KB   
384/2793 KB   516/523 KB   
384/2793 KB   520/523 KB   
384/2793 KB   523/523 KB   
388/2793 KB   523/523 KB   
392/2793 KB   523/523 KB   
396/2793 KB   523/523 KB   
400/2793 KB   523/523 KB   
404/2793 KB   523/523 KB   
408/2793 KB   523/523 KB   
412/2793 KB   523/523 KB   
416/2793 KB   523/523 KB   
                           
Downloaded: https://repo.maven.apache.org/maven2/org/mockito/mockito-core/2.10.0/mockito-core-2.10.0.jar (523 KB at 2966.8 KB/sec)
420/2793 KB                
424/2793 KB   
428/2793 KB   
432/2793 KB   
436/2793 KB   
440/2793 KB   
444/2793 KB   
448/2793 KB   
452/2793 KB   
456/2793 KB   
460/2793 KB   
464/2793 KB   
468/2793 KB   
472/2793 KB   
476/2793 KB   
480/2793 KB   
484/2793 KB   
488/2793 KB   
492/2793 KB   
496/2793 KB   
500/2793 KB   
504/2793 KB   
508/2793 KB   
512/2793 KB   
516/2793 KB   
520/2793 KB   
524/2793 KB   
528/2793 KB   
532/2793 KB   
536/2793 KB   
540/2793 KB   
544/2793 KB   
548/2793 KB   
552/2793 KB   
556/2793 KB   
560/2793 KB   
564/2793 KB   
568/2793 KB   
572/2793 KB   
576/2793 KB   
580/2793 KB   
584/2793 KB   
588/2793 KB   
592/2793 KB   
596/2793 KB   
600/2793 KB   
604/2793 KB   
608/2793 KB   
612/2793 KB   
616/2793 KB   
620/2793 KB   
624/2793 KB   
628/2793 KB   
632/2793 KB   
636/2793 KB   
640/2793 KB   
644/2793 KB   
648/2793 KB   
652/2793 KB   
656/2793 KB   
660/2793 KB   
664/2793 KB   
668/2793 KB   
672/2793 KB   
676/2793 KB   
680/2793 KB   
684/2793 KB   
688/2793 KB   
692/2793 KB   
696/2793 KB   
700/2793 KB   
704/2793 KB   
708/2793 KB   
712/2793 KB   
716/2793 KB   
720/2793 KB   
724/2793 KB   
728/2793 KB   
732/2793 KB   
736/2793 KB   
740/2793 KB   
744/2793 KB   
748/2793 KB   
752/2793 KB   
756/2793 KB   
760/2793 KB   
764/2793 KB   
768/2793 KB   
772/2793 KB   
776/2793 KB   
780/2793 KB   
784/2793 KB   
788/2793 KB   
792/2793 KB   
796/2793 KB   
800/2793 KB   
804/2793 KB   
808/2793 KB   
812/2793 KB   
816/2793 KB   
820/2793 KB   
824/2793 KB   
828/2793 KB   
832/2793 KB   
836/2793 KB   
840/2793 KB   
844/2793 KB   
848/2793 KB   
852/2793 KB   
856/2793 KB   
860/2793 KB   
864/2793 KB   
868/2793 KB   
872/2793 KB   
876/2793 KB   
880/2793 KB   
884/2793 KB   
888/2793 KB   
892/2793 KB   
896/2793 KB   
900/2793 KB   
904/2793 KB   
908/2793 KB   
912/2793 KB   
916/2793 KB   
920/2793 KB   
924/2793 KB   
928/2793 KB   
932/2793 KB   
936/2793 KB   
940/2793 KB   
944/2793 KB   
948/2793 KB   
952/2793 KB   
956/2793 KB   
960/2793 KB   
964/2793 KB   
968/2793 KB   
972/2793 KB   
976/2793 KB   
980/2793 KB   
984/2793 KB   
988/2793 KB   
992/2793 KB   
996/2793 KB   
1000/2793 KB   
1004/2793 KB   
1008/2793 KB   
1012/2793 KB   
1016/2793 KB   
1020/2793 KB   
1024/2793 KB   
1028/2793 KB   
1032/2793 KB   
1036/2793 KB   
1040/2793 KB   
1044/2793 KB   
1048/2793 KB   
1052/2793 KB   
1056/2793 KB   
1060/2793 KB   
1064/2793 KB   
1068/2793 KB   
1072/2793 KB   
1076/2793 KB   
1080/2793 KB   
1084/2793 KB   
1088/2793 KB   
1092/2793 KB   
1096/2793 KB   
1100/2793 KB   
1104/2793 KB   
1108/2793 KB   
1112/2793 KB   
1116/2793 KB   
1120/2793 KB   
1124/2793 KB   
1128/2793 KB   
1132/2793 KB   
1136/2793 KB   
1140/2793 KB   
1144/2793 KB   
1148/2793 KB   
1152/2793 KB   
1156/2793 KB   
1160/2793 KB   
1164/2793 KB   
1168/2793 KB   
1172/2793 KB   
1176/2793 KB   
1180/2793 KB   
1184/2793 KB   
1188/2793 KB   
1192/2793 KB   
1196/2793 KB   
1200/2793 KB   
1204/2793 KB   
1208/2793 KB   
1212/2793 KB   
1216/2793 KB   
1220/2793 KB   
1224/2793 KB   
1228/2793 KB   
1232/2793 KB   
1236/2793 KB   
1240/2793 KB   
1244/2793 KB   
1248/2793 KB   
1252/2793 KB   
1256/2793 KB   
1260/2793 KB   
1264/2793 KB   
1268/2793 KB   
1272/2793 KB   
1276/2793 KB   
1280/2793 KB   
1284/2793 KB   
1288/2793 KB   
1292/2793 KB   
1296/2793 KB   
1300/2793 KB   
1304/2793 KB   
1308/2793 KB   
1312/2793 KB   
1316/2793 KB   
1320/2793 KB   
1324/2793 KB   
1328/2793 KB   
1332/2793 KB   
1336/2793 KB   
1340/2793 KB   
1344/2793 KB   
1348/2793 KB   
1352/2793 KB   
1356/2793 KB   
1360/2793 KB   
1364/2793 KB   
1368/2793 KB   
1372/2793 KB   
1376/2793 KB   
1380/2793 KB   
1384/2793 KB   
1388/2793 KB   
1392/2793 KB   
1396/2793 KB   
1400/2793 KB   
1404/2793 KB   
1408/2793 KB   
1412/2793 KB   
1416/2793 KB   
1420/2793 KB   
1424/2793 KB   
1428/2793 KB   
1432/2793 KB   
1436/2793 KB   
1440/2793 KB   
1444/2793 KB   
1448/2793 KB   
1452/2793 KB   
1456/2793 KB   
1460/2793 KB   
1464/2793 KB   
1468/2793 KB   
1472/2793 KB   
1476/2793 KB   
1480/2793 KB   
1484/2793 KB   
1488/2793 KB   
1492/2793 KB   
1496/2793 KB   
1500/2793 KB   
1504/2793 KB   
1508/2793 KB   
1512/2793 KB   
1516/2793 KB   
1520/2793 KB   
1524/2793 KB   
1528/2793 KB   
1532/2793 KB   
1536/2793 KB   
1540/2793 KB   
1544/2793 KB   
1548/2793 KB   
1552/2793 KB   
1556/2793 KB   
1560/2793 KB   
1564/2793 KB   
1568/2793 KB   
1572/2793 KB   
1576/2793 KB   
1580/2793 KB   
1584/2793 KB   
1588/2793 KB   
1592/2793 KB   
1596/2793 KB   
1600/2793 KB   
1604/2793 KB   
1608/2793 KB   
1612/2793 KB   
1616/2793 KB   
1620/2793 KB   
1624/2793 KB   
1628/2793 KB   
1632/2793 KB   
1636/2793 KB   
1640/2793 KB   
1644/2793 KB   
1648/2793 KB   
1652/2793 KB   
1656/2793 KB   
1660/2793 KB   
1664/2793 KB   
1668/2793 KB   
1672/2793 KB   
1676/2793 KB   
1680/2793 KB   
1684/2793 KB   
1688/2793 KB   
1692/2793 KB   
1696/2793 KB   
1700/2793 KB   
1704/2793 KB   
1708/2793 KB   
1712/2793 KB   
1716/2793 KB   
1720/2793 KB   
1724/2793 KB   
1728/2793 KB   
1732/2793 KB   
1736/2793 KB   
1740/2793 KB   
1744/2793 KB   
1748/2793 KB   
1752/2793 KB   
1756/2793 KB   
1760/2793 KB   
1764/2793 KB   
1768/2793 KB   
1772/2793 KB   
1776/2793 KB   
1780/2793 KB   
1784/2793 KB   
1788/2793 KB   
1792/2793 KB   
1796/2793 KB   
1800/2793 KB   
1804/2793 KB   
1808/2793 KB   
1812/2793 KB   
1816/2793 KB   
1820/2793 KB   
1824/2793 KB   
1828/2793 KB   
1832/2793 KB   
1836/2793 KB   
1840/2793 KB   
1844/2793 KB   
1848/2793 KB   
1852/2793 KB   
1856/2793 KB   
1860/2793 KB   
1864/2793 KB   
1868/2793 KB   
1872/2793 KB   
1876/2793 KB   
1880/2793 KB   
1884/2793 KB   
1888/2793 KB   
1892/2793 KB   
1896/2793 KB   
1900/2793 KB   
1904/2793 KB   
1908/2793 KB   
1912/2793 KB   
1916/2793 KB   
1920/2793 KB   
1924/2793 KB   
1928/2793 KB   
1932/2793 KB   
1936/2793 KB   
1940/2793 KB   
1944/2793 KB   
1948/2793 KB   
1952/2793 KB   
1956/2793 KB   
1960/2793 KB   
1964/2793 KB   
1968/2793 KB   
1972/2793 KB   
1976/2793 KB   
1980/2793 KB   
1984/2793 KB   
1988/2793 KB   
1992/2793 KB   
1996/2793 KB   
2000/2793 KB   
2004/2793 KB   
2008/2793 KB   
2012/2793 KB   
2016/2793 KB   
2020/2793 KB   
2024/2793 KB   
2028/2793 KB   
2032/2793 KB   
2036/2793 KB   
2040/2793 KB   
2044/2793 KB   
2048/2793 KB   
2052/2793 KB   
2056/2793 KB   
2060/2793 KB   
2064/2793 KB   
2068/2793 KB   
2072/2793 KB   
2076/2793 KB   
2080/2793 KB   
2084/2793 KB   
2088/2793 KB   
2092/2793 KB   
2096/2793 KB   
2100/2793 KB   
2104/2793 KB   
2108/2793 KB   
2112/2793 KB   
2116/2793 KB   
2120/2793 KB   
2124/2793 KB   
2128/2793 KB   
2132/2793 KB   
2136/2793 KB   
2140/2793 KB   
2144/2793 KB   
2148/2793 KB   
2152/2793 KB   
2156/2793 KB   
2160/2793 KB   
2164/2793 KB   
2168/2793 KB   
2172/2793 KB   
2176/2793 KB   
2180/2793 KB   
2184/2793 KB   
2188/2793 KB   
2192/2793 KB   
2196/2793 KB   
2200/2793 KB   
2204/2793 KB   
2208/2793 KB   
2212/2793 KB   
2216/2793 KB   
2220/2793 KB   
2224/2793 KB   
2228/2793 KB   
2232/2793 KB   
2236/2793 KB   
2240/2793 KB   
2244/2793 KB   
2248/2793 KB   
2252/2793 KB   
2256/2793 KB   
2260/2793 KB   
2264/2793 KB   
2268/2793 KB   
2272/2793 KB   
2276/2793 KB   
2280/2793 KB   
2284/2793 KB   
2288/2793 KB   
2292/2793 KB   
2296/2793 KB   
2300/2793 KB   
2304/2793 KB   
2308/2793 KB   
2312/2793 KB   
2316/2793 KB   
2320/2793 KB   
2324/2793 KB   
2328/2793 KB   
2332/2793 KB   
2336/2793 KB   
2340/2793 KB   
2344/2793 KB   
2348/2793 KB   
2352/2793 KB   
2356/2793 KB   
2360/2793 KB   
2364/2793 KB   
2368/2793 KB   
2372/2793 KB   
2376/2793 KB   
2380/2793 KB   
2384/2793 KB   
2388/2793 KB   
2392/2793 KB   
2396/2793 KB   
2400/2793 KB   
2404/2793 KB   
2408/2793 KB   
2412/2793 KB   
2416/2793 KB   
2420/2793 KB   
2424/2793 KB   
2428/2793 KB   
2432/2793 KB   
2436/2793 KB   
2440/2793 KB   
2444/2793 KB   
2448/2793 KB   
2452/2793 KB   
2456/2793 KB   
2460/2793 KB   
2464/2793 KB   
2468/2793 KB   
2472/2793 KB   
2476/2793 KB   
2480/2793 KB   
2484/2793 KB   
2488/2793 KB   
2492/2793 KB   
2496/2793 KB   
2500/2793 KB   
2504/2793 KB   
2508/2793 KB   
2512/2793 KB   
2516/2793 KB   
2520/2793 KB   
2524/2793 KB   
2528/2793 KB   
2532/2793 KB   
2536/2793 KB   
2540/2793 KB   
2544/2793 KB   
2548/2793 KB   
2552/2793 KB   
2556/2793 KB   
2560/2793 KB   
2564/2793 KB   
2568/2793 KB   
2572/2793 KB   
2576/2793 KB   
2580/2793 KB   
2584/2793 KB   
2588/2793 KB   
2592/2793 KB   
2596/2793 KB   
2600/2793 KB   
2604/2793 KB   
2608/2793 KB   
2612/2793 KB   
2616/2793 KB   
2620/2793 KB   
2624/2793 KB   
2628/2793 KB   
2632/2793 KB   
2636/2793 KB   
2640/2793 KB   
2644/2793 KB   
2648/2793 KB   
2652/2793 KB   
2656/2793 KB   
2660/2793 KB   
2664/2793 KB   
2668/2793 KB   
2672/2793 KB   
2676/2793 KB   
2680/2793 KB   
2684/2793 KB   
2688/2793 KB   
2692/2793 KB   
2696/2793 KB   
2700/2793 KB   
2704/2793 KB   
2708/2793 KB   
2712/2793 KB   
2716/2793 KB   
2720/2793 KB   
2724/2793 KB   
2728/2793 KB   
2732/2793 KB   
2736/2793 KB   
2740/2793 KB   
2744/2793 KB   
2748/2793 KB   
2752/2793 KB   
2756/2793 KB   
2760/2793 KB   
2764/2793 KB   
2768/2793 KB   
2772/2793 KB   
2776/2793 KB   
2780/2793 KB   
2784/2793 KB   
2788/2793 KB   
2792/2793 KB   
2793/2793 KB   
               
Downloaded: https://repo.maven.apache.org/maven2/net/bytebuddy/byte-buddy/1.7.4/byte-buddy-1.7.4.jar (2793 KB at 5675.8 KB/sec)
[INFO] 
[INFO] --- maven-clean-plugin:2.5:clean (default-clean) @ MockitoDemo ---
[INFO] 
[INFO] --- maven-resources-plugin:2.6:resources (default-resources) @ MockitoDemo ---
[WARNING] Using platform encoding (UTF-8 actually) to copy filtered resources, i.e. build is platform dependent!
[INFO] skip non existing resourceDirectory /root/workspace/danglotb/dspot/389400309/dspot/src/test/resources/mockito/src/main/resources
[INFO] 
[INFO] --- maven-compiler-plugin:3.1:compile (default-compile) @ MockitoDemo ---
[INFO] Changes detected - recompiling the module!
[WARNING] File encoding has not been set, using platform encoding UTF-8, i.e. build is platform dependent!
[INFO] Compiling 2 source files to /root/workspace/danglotb/dspot/389400309/dspot/src/test/resources/mockito/target/classes
[WARNING] /root/workspace/danglotb/dspot/389400309/dspot/src/test/resources/mockito/src/main/java/info/sanaulla/dal/BookDAL.java: /root/workspace/danglotb/dspot/389400309/dspot/src/test/resources/mockito/src/main/java/info/sanaulla/dal/BookDAL.java uses unchecked or unsafe operations.
[WARNING] /root/workspace/danglotb/dspot/389400309/dspot/src/test/resources/mockito/src/main/java/info/sanaulla/dal/BookDAL.java: Recompile with -Xlint:unchecked for details.
[INFO] 
[INFO] --- maven-resources-plugin:2.6:testResources (default-testResources) @ MockitoDemo ---
[WARNING] Using platform encoding (UTF-8 actually) to copy filtered resources, i.e. build is platform dependent!
[INFO] skip non existing resourceDirectory /root/workspace/danglotb/dspot/389400309/dspot/src/test/resources/mockito/src/test/resources
[INFO] 
[INFO] --- maven-compiler-plugin:3.1:testCompile (default-testCompile) @ MockitoDemo ---
[INFO] Changes detected - recompiling the module!
[WARNING] File encoding has not been set, using platform encoding UTF-8, i.e. build is platform dependent!
[INFO] Compiling 1 source file to /root/workspace/danglotb/dspot/389400309/dspot/src/test/resources/mockito/target/test-classes
[INFO] 
[INFO] --- maven-surefire-plugin:2.12.4:test (default-test) @ MockitoDemo ---
[INFO] Tests are skipped.
[INFO] 
[INFO] --- maven-dependency-plugin:2.8:build-classpath (default-cli) @ MockitoDemo ---
[INFO] Wrote classpath file &apos;/root/workspace/danglotb/dspot/389400309/dspot/src/test/resources/mockito/target/dspot/classpath&apos;.
[INFO] ------------------------------------------------------------------------
[INFO] BUILD SUCCESS
[INFO] ------------------------------------------------------------------------
[INFO] Total time: 3.924 s
[INFO] Finished at: 2018-06-07T21:39:43+02:00
[INFO] Final Memory: 22M/213M
[INFO] ------------------------------------------------------------------------
[174849] WARN AutomaticBuilderFactory - No automatic builder specified in configuration, going to default.
[174849] INFO AutomaticBuilderFactory - Default: provided Maven automatic builder.
[174849] INFO MavenAutomaticBuilder - run maven clean test -DskipTests dependency:build-classpath -Dmdep.outputFile=target/dspot/classpath
[WARN] Maven will be executed in interactive mode, but no input stream has been configured for this MavenInvoker instance.
[INFO] Scanning for projects...
[INFO]                                                                         
[INFO] ------------------------------------------------------------------------
[INFO] Building MockitoDemo 1.0-SNAPSHOT
[INFO] ------------------------------------------------------------------------
[INFO] 
[INFO] --- maven-clean-plugin:2.5:clean (default-clean) @ MockitoDemo ---
[INFO] Deleting /root/workspace/danglotb/dspot/389400309/dspot/src/test/resources/mockito/target
[INFO] 
[INFO] --- maven-resources-plugin:2.6:resources (default-resources) @ MockitoDemo ---
[WARNING] Using platform encoding (UTF-8 actually) to copy filtered resources, i.e. build is platform dependent!
[INFO] skip non existing resourceDirectory /root/workspace/danglotb/dspot/389400309/dspot/src/test/resources/mockito/src/main/resources
[INFO] 
[INFO] --- maven-compiler-plugin:3.1:compile (default-compile) @ MockitoDemo ---
[INFO] Changes detected - recompiling the module!
[WARNING] File encoding has not been set, using platform encoding UTF-8, i.e. build is platform dependent!
[INFO] Compiling 2 source files to /root/workspace/danglotb/dspot/389400309/dspot/src/test/resources/mockito/target/classes
[WARNING] /root/workspace/danglotb/dspot/389400309/dspot/src/test/resources/mockito/src/main/java/info/sanaulla/dal/BookDAL.java: /root/workspace/danglotb/dspot/389400309/dspot/src/test/resources/mockito/src/main/java/info/sanaulla/dal/BookDAL.java uses unchecked or unsafe operations.
[WARNING] /root/workspace/danglotb/dspot/389400309/dspot/src/test/resources/mockito/src/main/java/info/sanaulla/dal/BookDAL.java: Recompile with -Xlint:unchecked for details.
[INFO] 
[INFO] --- maven-resources-plugin:2.6:testResources (default-testResources) @ MockitoDemo ---
[WARNING] Using platform encoding (UTF-8 actually) to copy filtered resources, i.e. build is platform dependent!
[INFO] skip non existing resourceDirectory /root/workspace/danglotb/dspot/389400309/dspot/src/test/resources/mockito/src/test/resources
[INFO] 
[INFO] --- maven-compiler-plugin:3.1:testCompile (default-testCompile) @ MockitoDemo ---
[INFO] Changes detected - recompiling the module!
[WARNING] File encoding has not been set, using platform encoding UTF-8, i.e. build is platform dependent!
[INFO] Compiling 1 source file to /root/workspace/danglotb/dspot/389400309/dspot/src/test/resources/mockito/target/test-classes
[INFO] 
[INFO] --- maven-surefire-plugin:2.12.4:test (default-test) @ MockitoDemo ---
[INFO] Tests are skipped.
[INFO] 
[INFO] --- maven-dependency-plugin:2.8:build-classpath (default-cli) @ MockitoDemo ---
[INFO] Wrote classpath file &apos;/root/workspace/danglotb/dspot/389400309/dspot/src/test/resources/mockito/target/dspot/classpath&apos;.
[INFO] ------------------------------------------------------------------------
[INFO] BUILD SUCCESS
[INFO] ------------------------------------------------------------------------
[INFO] Total time: 2.398 s
[INFO] Finished at: 2018-06-07T21:39:48+02:00
[INFO] Final Memory: 21M/297M
[INFO] ------------------------------------------------------------------------
[179109] INFO Amplification - amplification of info.sanaulla.dal.BookDALTest (1 test(s))
[179167] INFO EntryPoint - Run: java -cp /root/workspace/danglotb/dspot/389400309/dspot/src/test/resources/mockito/target/test-classes:/root/workspace/danglotb/dspot/389400309/dspot/src/test/resources/mockito/target/classes/:/root/.m2/repository/junit/junit/4.12/junit-4.12.jar:/root/.m2/repository/org/hamcrest/hamcrest-core/1.3/hamcrest-core-1.3.jar:/root/.m2/repository/org/mockito/mockito-core/2.10.0/mockito-core-2.10.0.jar:/root/.m2/repository/net/bytebuddy/byte-buddy/1.7.4/byte-buddy-1.7.4.jar:/root/.m2/repository/net/bytebuddy/byte-buddy-agent/1.7.4/byte-buddy-agent-1.7.4.jar:/root/.m2/repository/org/objenesis/objenesis/2.6/objenesis-2.6.jar:/root/workspace/danglotb/dspot/389400309/dspot/target/dspot/dependencies:/root/./workspace/danglotb/dspot/389400309/.m2/eu/stamp-project/test-runner/1.0.8/test-runner-1.0.8-jar-with-dependencies.jar eu.stamp_project.testrunner.runner.test.TestRunner info.sanaulla.dal.BookDALTest testGetBook
File saved to the following path: /root/workspace/danglotb/dspot/389400309/dspot/target/dspot/TestListener.ser
[180108] INFO EntryPoint - Test has been run: testGetBook
[180108] INFO Amplification - Try to add assertions before amplification
OpenClover Version 4.2.1, built on November 21 2017 (build-1004)
Loaded from: /root/./workspace/danglotb/dspot/389400309/.m2/org/openclover/clover/4.2.1/clover-4.2.1.jar
Clover free edition.
Creating new database at &apos;/root/workspace/danglotb/dspot/389400309/dspot/target/dspot/clover/clover.db&apos;.
Processing files at 1.8 source level.
Clover all over. Instrumented 3 files (2 packages).
5 test methods detected.
Elapsed time = 0.061 secs. (49.18 files/sec, 3,377.049 srclines/sec)
[180338] DEBUG Launcher - building sources: [/root/workspace/danglotb/dspot/389400309/dspot/target/dspot/clover/instr/info/sanaulla/dal/BookDAL.java, /root/workspace/danglotb/dspot/389400309/dspot/target/dspot/clover/instr/info/sanaulla/models/Book.java, /root/workspace/danglotb/dspot/389400309/dspot/target/dspot/clover/instr/info/sanaulla/dal/BookDALTest.java]
[180338] DEBUG Launcher - build args: [-encoding, UTF-8, -cp, /root/.m2/repository/junit/junit/4.12/junit-4.12.jar:/root/.m2/repository/org/hamcrest/hamcrest-core/1.3/hamcrest-core-1.3.jar:/root/.m2/repository/org/mockito/mockito-core/2.10.0/mockito-core-2.10.0.jar:/root/.m2/repository/net/bytebuddy/byte-buddy/1.7.4/byte-buddy-1.7.4.jar:/root/.m2/repository/net/bytebuddy/byte-buddy-agent/1.7.4/byte-buddy-agent-1.7.4.jar:/root/.m2/repository/org/objenesis/objenesis/2.6/objenesis-2.6.jar:/root/workspace/danglotb/dspot/389400309/dspot/target/dspot/clover/instr-classes/:/root/./workspace/danglotb/dspot/389400309/.m2/commons-io/commons-io/2.5/commons-io-2.5.jar:/root/./workspace/danglotb/dspot/389400309/.m2/org/openclover/clover/4.2.1/clover-4.2.1.jar:, -1.8, -preserveAllLocals, -noExit, -enableJavadoc, /root/workspace/danglotb/dspot/389400309/dspot/target/dspot/clover/instr/info/sanaulla/dal/BookDAL.java, /root/workspace/danglotb/dspot/389400309/dspot/target/dspot/clover/instr/info/sanaulla/models/Book.java, /root/workspace/danglotb/dspot/389400309/dspot/target/dspot/clover/instr/info/sanaulla/dal/BookDALTest.java]
[180443] DEBUG Launcher - built in 105 ms
[180443] DEBUG Launcher - building templates: []
[180443] DEBUG Launcher - built in 0 ms
[180445] DEBUG Launcher - model built in 107
[180445] DEBUG Launcher - compiling sources: [/root/workspace/danglotb/dspot/389400309/dspot/target/dspot/clover/instr/info/sanaulla/dal/BookDAL.java, /root/workspace/danglotb/dspot/389400309/dspot/target/dspot/clover/instr/info/sanaulla/dal/BookDALTest.java, /root/workspace/danglotb/dspot/389400309/dspot/target/dspot/clover/instr/info/sanaulla/models/Book.java]
[180448] DEBUG Launcher - compile args: [-encoding, UTF-8, -cp, /root/.m2/repository/junit/junit/4.12/junit-4.12.jar:/root/.m2/repository/org/hamcrest/hamcrest-core/1.3/hamcrest-core-1.3.jar:/root/.m2/repository/org/mockito/mockito-core/2.10.0/mockito-core-2.10.0.jar:/root/.m2/repository/net/bytebuddy/byte-buddy/1.7.4/byte-buddy-1.7.4.jar:/root/.m2/repository/net/bytebuddy/byte-buddy-agent/1.7.4/byte-buddy-agent-1.7.4.jar:/root/.m2/repository/org/objenesis/objenesis/2.6/objenesis-2.6.jar:/root/workspace/danglotb/dspot/389400309/dspot/target/dspot/clover/instr-classes/:/root/./workspace/danglotb/dspot/389400309/.m2/commons-io/commons-io/2.5/commons-io-2.5.jar:/root/./workspace/danglotb/dspot/389400309/.m2/org/openclover/clover/4.2.1/clover-4.2.1.jar:, -d, /root/workspace/danglotb/dspot/389400309/dspot/target/dspot/clover/instr-classes, -1.8, -proc:none, -preserveAllLocals, -noExit, -enableJavadoc, /root/workspace/danglotb/dspot/389400309/dspot/target/dspot/clover/instr/info/sanaulla/dal/BookDAL.java, /root/workspace/danglotb/dspot/389400309/dspot/target/dspot/clover/instr/info/sanaulla/models/Book.java, /root/workspace/danglotb/dspot/389400309/dspot/target/dspot/clover/instr/info/sanaulla/dal/BookDALTest.java]
[180682] DEBUG Launcher - compiled in 237 ms
[180683] INFO EntryPoint - Run: java -cp /root/.m2/repository/junit/junit/4.12/junit-4.12.jar:/root/.m2/repository/org/hamcrest/hamcrest-core/1.3/hamcrest-core-1.3.jar:/root/.m2/repository/org/mockito/mockito-core/2.10.0/mockito-core-2.10.0.jar:/root/.m2/repository/net/bytebuddy/byte-buddy/1.7.4/byte-buddy-1.7.4.jar:/root/.m2/repository/net/bytebuddy/byte-buddy-agent/1.7.4/byte-buddy-agent-1.7.4.jar:/root/.m2/repository/org/objenesis/objenesis/2.6/objenesis-2.6.jar:/root/workspace/danglotb/dspot/389400309/dspot/target/dspot/clover/instr-classes/:/root/./workspace/danglotb/dspot/389400309/.m2/commons-io/commons-io/2.5/commons-io-2.5.jar:/root/./workspace/danglotb/dspot/389400309/.m2/org/openclover/clover/4.2.1/clover-4.2.1.jar:/root/./workspace/danglotb/dspot/389400309/.m2/eu/stamp-project/test-runner/1.0.8/test-runner-1.0.8-jar-with-dependencies.jar eu.stamp_project.testrunner.runner.test.TestRunner info.sanaulla.dal.BookDALTest
File saved to the following path: /root/workspace/danglotb/dspot/389400309/dspot/target/dspot/TestListener.ser
[181626] INFO EntryPoint - Test has been run: testAddBook,testGetAllBooks,testUpdateBook,testGetBook,testGetAllBooksFailing(info.sanaulla.dal.BookDALTest): null
Writing HTML report to &apos;/root/workspace/danglotb/dspot/389400309/dspot/target/dspot/clover/report&apos;
Done. Processed 2 packages in 171ms (85ms per package).
[181814] INFO EntryPoint - Run: java -cp /root/.m2/repository/junit/junit/4.12/junit-4.12.jar:/root/.m2/repository/org/hamcrest/hamcrest-core/1.3/hamcrest-core-1.3.jar:/root/.m2/repository/org/mockito/mockito-core/2.10.0/mockito-core-2.10.0.jar:/root/.m2/repository/net/bytebuddy/byte-buddy/1.7.4/byte-buddy-1.7.4.jar:/root/.m2/repository/net/bytebuddy/byte-buddy-agent/1.7.4/byte-buddy-agent-1.7.4.jar:/root/.m2/repository/org/objenesis/objenesis/2.6/objenesis-2.6.jar:/root/workspace/danglotb/dspot/389400309/dspot/src/test/resources/mockito/target/classes/:/root/workspace/danglotb/dspot/389400309/dspot/src/test/resources/mockito/target/test-classes/:/root/./workspace/danglotb/dspot/389400309/.m2/eu/stamp-project/test-runner/1.0.8/test-runner-1.0.8-jar-with-dependencies.jar:/root/./workspace/danglotb/dspot/389400309/.m2/org/jacoco/org.jacoco.core/0.7.9/org.jacoco.core-0.7.9.jar:/root/./workspace/danglotb/dspot/389400309/.m2/org/ow2/asm/asm-debug-all/5.2/asm-debug-all-5.2.jar:/root/./workspace/danglotb/dspot/389400309/.m2/commons-io/commons-io/2.5/commons-io-2.5.jar eu.stamp_project.testrunner.runner.coverage.JacocoRunner /root/workspace/danglotb/dspot/389400309/dspot/src/test/resources/mockito/target/classes/:/root/workspace/danglotb/dspot/389400309/dspot/src/test/resources/mockito/target/test-classes/ info.sanaulla.dal.BookDALTest
File saved to the following path: /root/workspace/danglotb/dspot/389400309/dspot/target/dspot/globalCoverageResult.ser
[182742] INFO EntryPoint - Global Coverage has been computed 53 / 67
[182749] INFO AssertGenerator - Run tests. (1)
[182752] DEBUG Launcher - printing info.sanaulla.dal.BookDALTest to /root/workspace/danglotb/dspot/389400309/dspot/target/dspot/tmp_test_sources
[182813] INFO EntryPoint - Run: java -cp /root/workspace/danglotb/dspot/389400309/dspot/src/test/resources/mockito/target/test-classes:/root/workspace/danglotb/dspot/389400309/dspot/src/test/resources/mockito/target/classes/:/root/.m2/repository/junit/junit/4.12/junit-4.12.jar:/root/.m2/repository/org/hamcrest/hamcrest-core/1.3/hamcrest-core-1.3.jar:/root/.m2/repository/org/mockito/mockito-core/2.10.0/mockito-core-2.10.0.jar:/root/.m2/repository/net/bytebuddy/byte-buddy/1.7.4/byte-buddy-1.7.4.jar:/root/.m2/repository/net/bytebuddy/byte-buddy-agent/1.7.4/byte-buddy-agent-1.7.4.jar:/root/.m2/repository/org/objenesis/objenesis/2.6/objenesis-2.6.jar:/root/workspace/danglotb/dspot/389400309/dspot/target/dspot/dependencies:/root/./workspace/danglotb/dspot/389400309/.m2/eu/stamp-project/test-runner/1.0.8/test-runner-1.0.8-jar-with-dependencies.jar eu.stamp_project.testrunner.runner.test.TestRunner info.sanaulla.dal.BookDALTest testGetBook
File saved to the following path: /root/workspace/danglotb/dspot/389400309/dspot/target/dspot/TestListener.ser
[183597] INFO EntryPoint - Test has been run: testGetBook
[183597] INFO AssertGenerator - 1 test pass, generating assertion...
[183599] INFO MethodsAssertGenerator - Add observations points in passing tests.
[183599] INFO MethodsAssertGenerator - Instrumentation...
100% |================================================== ]/
[183606] INFO MethodsAssertGenerator - Run instrumented tests. (3)
[183612] DEBUG Launcher - printing info.sanaulla.dal.BookDALTest to /root/workspace/danglotb/dspot/389400309/dspot/target/dspot/tmp_test_sources
[183669] INFO EntryPoint - Run: java -cp /root/workspace/danglotb/dspot/389400309/dspot/src/test/resources/mockito/target/test-classes:/root/workspace/danglotb/dspot/389400309/dspot/src/test/resources/mockito/target/classes/:/root/.m2/repository/junit/junit/4.12/junit-4.12.jar:/root/.m2/repository/org/hamcrest/hamcrest-core/1.3/hamcrest-core-1.3.jar:/root/.m2/repository/org/mockito/mockito-core/2.10.0/mockito-core-2.10.0.jar:/root/.m2/repository/net/bytebuddy/byte-buddy/1.7.4/byte-buddy-1.7.4.jar:/root/.m2/repository/net/bytebuddy/byte-buddy-agent/1.7.4/byte-buddy-agent-1.7.4.jar:/root/.m2/repository/org/objenesis/objenesis/2.6/objenesis-2.6.jar:/root/workspace/danglotb/dspot/389400309/dspot/target/dspot/dependencies:/root/./workspace/danglotb/dspot/389400309/.m2/eu/stamp-project/test-runner/1.0.8/test-runner-1.0.8-jar-with-dependencies.jar eu.stamp_project.testrunner.runner.test.TestRunner info.sanaulla.dal.BookDALTest testGetBook_withlog0:testGetBook_withlog1:testGetBook_withlog2
File saved to the following path: /root/workspace/danglotb/dspot/389400309/dspot/target/dspot/observations.ser
File saved to the following path: /root/workspace/danglotb/dspot/389400309/dspot/target/dspot/TestListener.ser
[184474] INFO EntryPoint - Test has been run: testGetBook_withlog0,testGetBook_withlog1,testGetBook_withlog2
[184477] INFO MethodsAssertGenerator - Generating assertions...
[184487] INFO AssertGenerator - 1 new tests with assertions generated
[184493] DEBUG Launcher - printing info.sanaulla.dal.BookDALTest to /root/workspace/danglotb/dspot/389400309/dspot/target/dspot/tmp_test_sources
[184567] INFO EntryPoint - Run: java -cp /root/workspace/danglotb/dspot/389400309/dspot/src/test/resources/mockito/target/test-classes:/root/workspace/danglotb/dspot/389400309/dspot/src/test/resources/mockito/target/classes/:/root/.m2/repository/junit/junit/4.12/junit-4.12.jar:/root/.m2/repository/org/hamcrest/hamcrest-core/1.3/hamcrest-core-1.3.jar:/root/.m2/repository/org/mockito/mockito-core/2.10.0/mockito-core-2.10.0.jar:/root/.m2/repository/net/bytebuddy/byte-buddy/1.7.4/byte-buddy-1.7.4.jar:/root/.m2/repository/net/bytebuddy/byte-buddy-agent/1.7.4/byte-buddy-agent-1.7.4.jar:/root/.m2/repository/org/objenesis/objenesis/2.6/objenesis-2.6.jar:/root/workspace/danglotb/dspot/389400309/dspot/target/dspot/dependencies:/root/./workspace/danglotb/dspot/389400309/.m2/eu/stamp-project/test-runner/1.0.8/test-runner-1.0.8-jar-with-dependencies.jar eu.stamp_project.testrunner.runner.test.TestRunner info.sanaulla.dal.BookDALTest testGetBook
File saved to the following path: /root/workspace/danglotb/dspot/389400309/dspot/target/dspot/TestListener.ser
[185286] INFO EntryPoint - Test has been run: testGetBook
[185294] DEBUG Launcher - printing info.sanaulla.dal.BookDALTest to /root/workspace/danglotb/dspot/389400309/dspot/target/dspot/copy
OpenClover Version 4.2.1, built on November 21 2017 (build-1004)
Loaded from: /root/./workspace/danglotb/dspot/389400309/.m2/org/openclover/clover/4.2.1/clover-4.2.1.jar
Clover free edition.
Creating new database at &apos;/root/workspace/danglotb/dspot/389400309/dspot/target/dspot/clover/clover.db&apos;.
Processing files at 1.8 source level.
Clover all over. Instrumented 3 files (2 packages).
1 test method detected.
Elapsed time = 0.119 secs. (25.21 files/sec, 1,512.605 srclines/sec)
[185441] DEBUG Launcher - building sources: [/root/workspace/danglotb/dspot/389400309/dspot/target/dspot/clover/instr/info/sanaulla/dal/BookDAL.java, /root/workspace/danglotb/dspot/389400309/dspot/target/dspot/clover/instr/info/sanaulla/models/Book.java, /root/workspace/danglotb/dspot/389400309/dspot/target/dspot/clover/instr/info/sanaulla/dal/BookDALTest.java]
[185442] DEBUG Launcher - build args: [-encoding, UTF-8, -cp, /root/.m2/repository/junit/junit/4.12/junit-4.12.jar:/root/.m2/repository/org/hamcrest/hamcrest-core/1.3/hamcrest-core-1.3.jar:/root/.m2/repository/org/mockito/mockito-core/2.10.0/mockito-core-2.10.0.jar:/root/.m2/repository/net/bytebuddy/byte-buddy/1.7.4/byte-buddy-1.7.4.jar:/root/.m2/repository/net/bytebuddy/byte-buddy-agent/1.7.4/byte-buddy-agent-1.7.4.jar:/root/.m2/repository/org/objenesis/objenesis/2.6/objenesis-2.6.jar:/root/workspace/danglotb/dspot/389400309/dspot/target/dspot/clover/instr-classes/:/root/./workspace/danglotb/dspot/389400309/.m2/commons-io/commons-io/2.5/commons-io-2.5.jar:/root/./workspace/danglotb/dspot/389400309/.m2/org/openclover/clover/4.2.1/clover-4.2.1.jar:, -1.8, -preserveAllLocals, -noExit, -enableJavadoc, /root/workspace/danglotb/dspot/389400309/dspot/target/dspot/clover/instr/info/sanaulla/dal/BookDAL.java, /root/workspace/danglotb/dspot/389400309/dspot/target/dspot/clover/instr/info/sanaulla/models/Book.java, /root/workspace/danglotb/dspot/389400309/dspot/target/dspot/clover/instr/info/sanaulla/dal/BookDALTest.java]
[185544] DEBUG Launcher - built in 103 ms
[185544] DEBUG Launcher - building templates: []
[185544] DEBUG Launcher - built in 0 ms
[185546] DEBUG Launcher - model built in 105
[185546] DEBUG Launcher - compiling sources: [/root/workspace/danglotb/dspot/389400309/dspot/target/dspot/clover/instr/info/sanaulla/dal/BookDAL.java, /root/workspace/danglotb/dspot/389400309/dspot/target/dspot/clover/instr/info/sanaulla/dal/BookDALTest.java, /root/workspace/danglotb/dspot/389400309/dspot/target/dspot/clover/instr/info/sanaulla/models/Book.java]
[185550] DEBUG Launcher - compile args: [-encoding, UTF-8, -cp, /root/.m2/repository/junit/junit/4.12/junit-4.12.jar:/root/.m2/repository/org/hamcrest/hamcrest-core/1.3/hamcrest-core-1.3.jar:/root/.m2/repository/org/mockito/mockito-core/2.10.0/mockito-core-2.10.0.jar:/root/.m2/repository/net/bytebuddy/byte-buddy/1.7.4/byte-buddy-1.7.4.jar:/root/.m2/repository/net/bytebuddy/byte-buddy-agent/1.7.4/byte-buddy-agent-1.7.4.jar:/root/.m2/repository/org/objenesis/objenesis/2.6/objenesis-2.6.jar:/root/workspace/danglotb/dspot/389400309/dspot/target/dspot/clover/instr-classes/:/root/./workspace/danglotb/dspot/389400309/.m2/commons-io/commons-io/2.5/commons-io-2.5.jar:/root/./workspace/danglotb/dspot/389400309/.m2/org/openclover/clover/4.2.1/clover-4.2.1.jar:, -d, /root/workspace/danglotb/dspot/389400309/dspot/target/dspot/clover/instr-classes, -1.8, -proc:none, -preserveAllLocals, -noExit, -enableJavadoc, /root/workspace/danglotb/dspot/389400309/dspot/target/dspot/clover/instr/info/sanaulla/dal/BookDAL.java, /root/workspace/danglotb/dspot/389400309/dspot/target/dspot/clover/instr/info/sanaulla/models/Book.java, /root/workspace/danglotb/dspot/389400309/dspot/target/dspot/clover/instr/info/sanaulla/dal/BookDALTest.java]
[185780] DEBUG Launcher - compiled in 232 ms
[185780] INFO EntryPoint - Run: java -cp /root/.m2/repository/junit/junit/4.12/junit-4.12.jar:/root/.m2/repository/org/hamcrest/hamcrest-core/1.3/hamcrest-core-1.3.jar:/root/.m2/repository/org/mockito/mockito-core/2.10.0/mockito-core-2.10.0.jar:/root/.m2/repository/net/bytebuddy/byte-buddy/1.7.4/byte-buddy-1.7.4.jar:/root/.m2/repository/net/bytebuddy/byte-buddy-agent/1.7.4/byte-buddy-agent-1.7.4.jar:/root/.m2/repository/org/objenesis/objenesis/2.6/objenesis-2.6.jar:/root/workspace/danglotb/dspot/389400309/dspot/target/dspot/clover/instr-classes/:/root/./workspace/danglotb/dspot/389400309/.m2/commons-io/commons-io/2.5/commons-io-2.5.jar:/root/./workspace/danglotb/dspot/389400309/.m2/org/openclover/clover/4.2.1/clover-4.2.1.jar:/root/./workspace/danglotb/dspot/389400309/.m2/eu/stamp-project/test-runner/1.0.8/test-runner-1.0.8-jar-with-dependencies.jar eu.stamp_project.testrunner.runner.test.TestRunner info.sanaulla.dal.BookDALTest
File saved to the following path: /root/workspace/danglotb/dspot/389400309/dspot/target/dspot/TestListener.ser
[186538] INFO EntryPoint - Test has been run: testGetBook
Writing HTML report to &apos;/root/workspace/danglotb/dspot/389400309/dspot/target/dspot/clover/report&apos;
Done. Processed 2 packages in 156ms (78ms per package).
[186699] INFO Amplification - 1 amplified test(s) has been selected, global: 1
[186700] INFO Amplification - amp testGetBook (1/1)
[186705] DEBUG Launcher - printing info.sanaulla.dal.BookDALTest to /root/workspace/danglotb/dspot/389400309/dspot/target/dspot/tmp_test_sources
[186746] INFO EntryPoint - Run: java -cp /root/workspace/danglotb/dspot/389400309/dspot/src/test/resources/mockito/target/test-classes:/root/workspace/danglotb/dspot/389400309/dspot/src/test/resources/mockito/target/classes/:/root/.m2/repository/junit/junit/4.12/junit-4.12.jar:/root/.m2/repository/org/hamcrest/hamcrest-core/1.3/hamcrest-core-1.3.jar:/root/.m2/repository/org/mockito/mockito-core/2.10.0/mockito-core-2.10.0.jar:/root/.m2/repository/net/bytebuddy/byte-buddy/1.7.4/byte-buddy-1.7.4.jar:/root/.m2/repository/net/bytebuddy/byte-buddy-agent/1.7.4/byte-buddy-agent-1.7.4.jar:/root/.m2/repository/org/objenesis/objenesis/2.6/objenesis-2.6.jar:/root/workspace/danglotb/dspot/389400309/dspot/target/dspot/dependencies:/root/./workspace/danglotb/dspot/389400309/.m2/eu/stamp-project/test-runner/1.0.8/test-runner-1.0.8-jar-with-dependencies.jar eu.stamp_project.testrunner.runner.test.TestRunner info.sanaulla.dal.BookDALTest testGetBook
File saved to the following path: /root/workspace/danglotb/dspot/389400309/dspot/target/dspot/TestListener.ser
[187508] INFO EntryPoint - Test has been run: testGetBook
[187508] INFO Amplification - iteration 0:
[187508] INFO Amplification - 1 tests selected to be amplified over 1 available tests
[187508] INFO Amplification - Amplification of inputs...
100% |================================================== ]/
[187516] INFO Amplification - 8 new tests generated
[187552] INFO AssertGenerator - Run tests. (8)
[187557] DEBUG Launcher - printing info.sanaulla.dal.BookDALTest to /root/workspace/danglotb/dspot/389400309/dspot/target/dspot/tmp_test_sources
[187601] INFO EntryPoint - Run: java -cp /root/workspace/danglotb/dspot/389400309/dspot/src/test/resources/mockito/target/test-classes:/root/workspace/danglotb/dspot/389400309/dspot/src/test/resources/mockito/target/classes/:/root/.m2/repository/junit/junit/4.12/junit-4.12.jar:/root/.m2/repository/org/hamcrest/hamcrest-core/1.3/hamcrest-core-1.3.jar:/root/.m2/repository/org/mockito/mockito-core/2.10.0/mockito-core-2.10.0.jar:/root/.m2/repository/net/bytebuddy/byte-buddy/1.7.4/byte-buddy-1.7.4.jar:/root/.m2/repository/net/bytebuddy/byte-buddy-agent/1.7.4/byte-buddy-agent-1.7.4.jar:/root/.m2/repository/org/objenesis/objenesis/2.6/objenesis-2.6.jar:/root/workspace/danglotb/dspot/389400309/dspot/target/dspot/dependencies:/root/./workspace/danglotb/dspot/389400309/.m2/eu/stamp-project/test-runner/1.0.8/test-runner-1.0.8-jar-with-dependencies.jar eu.stamp_project.testrunner.runner.test.TestRunner info.sanaulla.dal.BookDALTest testGetBook_sd1:testGetBook_sd2:testGetBook_sd3:testGetBook_sd4:testGetBook_sd5:testGetBook_sd6:testGetBook_sd7:testGetBook_sd8
File saved to the following path: /root/workspace/danglotb/dspot/389400309/dspot/target/dspot/TestListener.ser
[188341] INFO EntryPoint - Test has been run: testGetBook_sd1,testGetBook_sd2,testGetBook_sd3,testGetBook_sd4,testGetBook_sd5,testGetBook_sd6,testGetBook_sd7,testGetBook_sd8
[188342] INFO AssertGenerator - 8 test pass, generating assertion...
[188345] INFO MethodsAssertGenerator - Add observations points in passing tests.
[188345] INFO MethodsAssertGenerator - Instrumentation...
 12% |====== ]/ 25% |============ ]- 37% |================== ]\ 50% |========================= ]| 62% |=============================== ]/ 75% |===================================== ]- 87% |=========================================== ]\100% |================================================== ]|
[188393] INFO MethodsAssertGenerator - Run instrumented tests. (24)
[188408] DEBUG Launcher - printing info.sanaulla.dal.BookDALTest to /root/workspace/danglotb/dspot/389400309/dspot/target/dspot/tmp_test_sources
[188504] INFO EntryPoint - Run: java -cp /root/workspace/danglotb/dspot/389400309/dspot/src/test/resources/mockito/target/test-classes:/root/workspace/danglotb/dspot/389400309/dspot/src/test/resources/mockito/target/classes/:/root/.m2/repository/junit/junit/4.12/junit-4.12.jar:/root/.m2/repository/org/hamcrest/hamcrest-core/1.3/hamcrest-core-1.3.jar:/root/.m2/repository/org/mockito/mockito-core/2.10.0/mockito-core-2.10.0.jar:/root/.m2/repository/net/bytebuddy/byte-buddy/1.7.4/byte-buddy-1.7.4.jar:/root/.m2/repository/net/bytebuddy/byte-buddy-agent/1.7.4/byte-buddy-agent-1.7.4.jar:/root/.m2/repository/org/objenesis/objenesis/2.6/objenesis-2.6.jar:/root/workspace/danglotb/dspot/389400309/dspot/target/dspot/dependencies:/root/./workspace/danglotb/dspot/389400309/.m2/eu/stamp-project/test-runner/1.0.8/test-runner-1.0.8-jar-with-dependencies.jar eu.stamp_project.testrunner.runner.test.TestRunner info.sanaulla.dal.BookDALTest testGetBook_sd1_withlog0:testGetBook_sd2_withlog0:testGetBook_sd3_withlog0:testGetBook_sd4_withlog0:testGetBook_sd5_withlog0:testGetBook_sd6_withlog0:testGetBook_sd7_withlog0:testGetBook_sd8_withlog0:testGetBook_sd1_withlog1:testGetBook_sd2_withlog1:testGetBook_sd3_withlog1:testGetBook_sd4_withlog1:testGetBook_sd5_withlog1:testGetBook_sd6_withlog1:testGetBook_sd7_withlog1:testGetBook_sd8_withlog1:testGetBook_sd1_withlog2:testGetBook_sd2_withlog2:testGetBook_sd3_withlog2:testGetBook_sd4_withlog2:testGetBook_sd5_withlog2:testGetBook_sd6_withlog2:testGetBook_sd7_withlog2:testGetBook_sd8_withlog2
File saved to the following path: /root/workspace/danglotb/dspot/389400309/dspot/target/dspot/observations.ser
File saved to the following path: /root/workspace/danglotb/dspot/389400309/dspot/target/dspot/TestListener.ser
[189546] INFO EntryPoint - Test has been run: testGetBook_sd5_withlog0,testGetBook_sd5_withlog1,testGetBook_sd5_withlog2,testGetBook_sd4_withlog0,testGetBook_sd4_withlog1,testGetBook_sd4_withlog2,testGetBook_sd3_withlog0,testGetBook_sd3_withlog1,testGetBook_sd3_withlog2,testGetBook_sd2_withlog0,testGetBook_sd2_withlog1,testGetBook_sd2_withlog2,testGetBook_sd1_withlog0,testGetBook_sd1_withlog1,testGetBook_sd1_withlog2,testGetBook_sd8_withlog0,testGetBook_sd8_withlog1,testGetBook_sd8_withlog2,testGetBook_sd7_withlog0,testGetBook_sd7_withlog1,testGetBook_sd7_withlog2,testGetBook_sd6_withlog0,testGetBook_sd6_withlog1,testGetBook_sd6_withlog2
[189558] INFO MethodsAssertGenerator - Generating assertions...
[189605] INFO AssertGenerator - 8 new tests with assertions generated
[189615] DEBUG Launcher - printing info.sanaulla.dal.BookDALTest to /root/workspace/danglotb/dspot/389400309/dspot/target/dspot/tmp_test_sources
[189699] INFO EntryPoint - Run: java -cp /root/workspace/danglotb/dspot/389400309/dspot/src/test/resources/mockito/target/test-classes:/root/workspace/danglotb/dspot/389400309/dspot/src/test/resources/mockito/target/classes/:/root/.m2/repository/junit/junit/4.12/junit-4.12.jar:/root/.m2/repository/org/hamcrest/hamcrest-core/1.3/hamcrest-core-1.3.jar:/root/.m2/repository/org/mockito/mockito-core/2.10.0/mockito-core-2.10.0.jar:/root/.m2/repository/net/bytebuddy/byte-buddy/1.7.4/byte-buddy-1.7.4.jar:/root/.m2/repository/net/bytebuddy/byte-buddy-agent/1.7.4/byte-buddy-agent-1.7.4.jar:/root/.m2/repository/org/objenesis/objenesis/2.6/objenesis-2.6.jar:/root/workspace/danglotb/dspot/389400309/dspot/target/dspot/dependencies:/root/./workspace/danglotb/dspot/389400309/.m2/eu/stamp-project/test-runner/1.0.8/test-runner-1.0.8-jar-with-dependencies.jar eu.stamp_project.testrunner.runner.test.TestRunner info.sanaulla.dal.BookDALTest testGetBook_sd1:testGetBook_sd2:testGetBook_sd3:testGetBook_sd4:testGetBook_sd5:testGetBook_sd6:testGetBook_sd7:testGetBook_sd8
File saved to the following path: /root/workspace/danglotb/dspot/389400309/dspot/target/dspot/TestListener.ser
[190470] INFO EntryPoint - Test has been run: testGetBook_sd1,testGetBook_sd2,testGetBook_sd3,testGetBook_sd4,testGetBook_sd5,testGetBook_sd6,testGetBook_sd7,testGetBook_sd8
[190470] INFO Amplification - 8 test method(s) has been successfully generated
[190477] DEBUG Launcher - printing info.sanaulla.dal.BookDALTest to /root/workspace/danglotb/dspot/389400309/dspot/target/dspot/copy
OpenClover Version 4.2.1, built on November 21 2017 (build-1004)
Loaded from: /root/./workspace/danglotb/dspot/389400309/.m2/org/openclover/clover/4.2.1/clover-4.2.1.jar
Clover free edition.
Creating new database at &apos;/root/workspace/danglotb/dspot/389400309/dspot/target/dspot/clover/clover.db&apos;.
Processing files at 1.8 source level.
Clover all over. Instrumented 3 files (2 packages).
8 test methods detected.
Elapsed time = 0.531 secs. (5.65 files/sec, 1,011.299 srclines/sec)
[191054] DEBUG Launcher - building sources: [/root/workspace/danglotb/dspot/389400309/dspot/target/dspot/clover/instr/info/sanaulla/dal/BookDAL.java, /root/workspace/danglotb/dspot/389400309/dspot/target/dspot/clover/instr/info/sanaulla/models/Book.java, /root/workspace/danglotb/dspot/389400309/dspot/target/dspot/clover/instr/info/sanaulla/dal/BookDALTest.java]
[191055] DEBUG Launcher - build args: [-encoding, UTF-8, -cp, /root/.m2/repository/junit/junit/4.12/junit-4.12.jar:/root/.m2/repository/org/hamcrest/hamcrest-core/1.3/hamcrest-core-1.3.jar:/root/.m2/repository/org/mockito/mockito-core/2.10.0/mockito-core-2.10.0.jar:/root/.m2/repository/net/bytebuddy/byte-buddy/1.7.4/byte-buddy-1.7.4.jar:/root/.m2/repository/net/bytebuddy/byte-buddy-agent/1.7.4/byte-buddy-agent-1.7.4.jar:/root/.m2/repository/org/objenesis/objenesis/2.6/objenesis-2.6.jar:/root/workspace/danglotb/dspot/389400309/dspot/target/dspot/clover/instr-classes/:/root/./workspace/danglotb/dspot/389400309/.m2/commons-io/commons-io/2.5/commons-io-2.5.jar:/root/./workspace/danglotb/dspot/389400309/.m2/org/openclover/clover/4.2.1/clover-4.2.1.jar:, -1.8, -preserveAllLocals, -noExit, -enableJavadoc, /root/workspace/danglotb/dspot/389400309/dspot/target/dspot/clover/instr/info/sanaulla/dal/BookDAL.java, /root/workspace/danglotb/dspot/389400309/dspot/target/dspot/clover/instr/info/sanaulla/models/Book.java, /root/workspace/danglotb/dspot/389400309/dspot/target/dspot/clover/instr/info/sanaulla/dal/BookDALTest.java]
[191261] DEBUG Launcher - built in 207 ms
[191261] DEBUG Launcher - building templates: []
[191261] DEBUG Launcher - built in 0 ms
[191266] DEBUG Launcher - model built in 212
[191266] DEBUG Launcher - compiling sources: [/root/workspace/danglotb/dspot/389400309/dspot/target/dspot/clover/instr/info/sanaulla/dal/BookDAL.java, /root/workspace/danglotb/dspot/389400309/dspot/target/dspot/clover/instr/info/sanaulla/dal/BookDALTest.java, /root/workspace/danglotb/dspot/389400309/dspot/target/dspot/clover/instr/info/sanaulla/models/Book.java]
[191272] DEBUG Launcher - compile args: [-encoding, UTF-8, -cp, /root/.m2/repository/junit/junit/4.12/junit-4.12.jar:/root/.m2/repository/org/hamcrest/hamcrest-core/1.3/hamcrest-core-1.3.jar:/root/.m2/repository/org/mockito/mockito-core/2.10.0/mockito-core-2.10.0.jar:/root/.m2/repository/net/bytebuddy/byte-buddy/1.7.4/byte-buddy-1.7.4.jar:/root/.m2/repository/net/bytebuddy/byte-buddy-agent/1.7.4/byte-buddy-agent-1.7.4.jar:/root/.m2/repository/org/objenesis/objenesis/2.6/objenesis-2.6.jar:/root/workspace/danglotb/dspot/389400309/dspot/target/dspot/clover/instr-classes/:/root/./workspace/danglotb/dspot/389400309/.m2/commons-io/commons-io/2.5/commons-io-2.5.jar:/root/./workspace/danglotb/dspot/389400309/.m2/org/openclover/clover/4.2.1/clover-4.2.1.jar:, -d, /root/workspace/danglotb/dspot/389400309/dspot/target/dspot/clover/instr-classes, -1.8, -proc:none, -preserveAllLocals, -noExit, -enableJavadoc, /root/workspace/danglotb/dspot/389400309/dspot/target/dspot/clover/instr/info/sanaulla/dal/BookDAL.java, /root/workspace/danglotb/dspot/389400309/dspot/target/dspot/clover/instr/info/sanaulla/models/Book.java, /root/workspace/danglotb/dspot/389400309/dspot/target/dspot/clover/instr/info/sanaulla/dal/BookDALTest.java]
[191954] DEBUG Launcher - compiled in 688 ms
[191954] INFO EntryPoint - Run: java -cp /root/.m2/repository/junit/junit/4.12/junit-4.12.jar:/root/.m2/repository/org/hamcrest/hamcrest-core/1.3/hamcrest-core-1.3.jar:/root/.m2/repository/org/mockito/mockito-core/2.10.0/mockito-core-2.10.0.jar:/root/.m2/repository/net/bytebuddy/byte-buddy/1.7.4/byte-buddy-1.7.4.jar:/root/.m2/repository/net/bytebuddy/byte-buddy-agent/1.7.4/byte-buddy-agent-1.7.4.jar:/root/.m2/repository/org/objenesis/objenesis/2.6/objenesis-2.6.jar:/root/workspace/danglotb/dspot/389400309/dspot/target/dspot/clover/instr-classes/:/root/./workspace/danglotb/dspot/389400309/.m2/commons-io/commons-io/2.5/commons-io-2.5.jar:/root/./workspace/danglotb/dspot/389400309/.m2/org/openclover/clover/4.2.1/clover-4.2.1.jar:/root/./workspace/danglotb/dspot/389400309/.m2/eu/stamp-project/test-runner/1.0.8/test-runner-1.0.8-jar-with-dependencies.jar eu.stamp_project.testrunner.runner.test.TestRunner info.sanaulla.dal.BookDALTest
File saved to the following path: /root/workspace/danglotb/dspot/389400309/dspot/target/dspot/TestListener.ser
[192674] INFO EntryPoint - Test has been run: testGetBook_sd1,testGetBook_sd2,testGetBook_sd3,testGetBook_sd4,testGetBook_sd5,testGetBook_sd6,testGetBook_sd7,testGetBook_sd8
Writing HTML report to &apos;/root/workspace/danglotb/dspot/389400309/dspot/target/dspot/clover/report&apos;
Done. Processed 2 packages in 208ms (104ms per package).
[192892] INFO Amplification - 8 amplified test(s) has been selected, global: 9
[192892] INFO DSpot - elapsedTime 13784
[192918] DEBUG Launcher - printing info.sanaulla.dal.BookDALTest to /root/workspace/danglotb/dspot/389400309/dspot/target/dspot/tmp_test_sources
[192963] DEBUG Launcher - building sources: [/root/workspace/danglotb/dspot/389400309/dspot/target/dspot/tmp_test_sources/info/sanaulla/dal/BookDALTest.java]
[192964] DEBUG Launcher - build args: [-encoding, UTF-8, -cp, /root/.m2/repository/junit/junit/4.12/junit-4.12.jar:/root/.m2/repository/org/hamcrest/hamcrest-core/1.3/hamcrest-core-1.3.jar:/root/.m2/repository/org/mockito/mockito-core/2.10.0/mockito-core-2.10.0.jar:/root/.m2/repository/net/bytebuddy/byte-buddy/1.7.4/byte-buddy-1.7.4.jar:/root/.m2/repository/net/bytebuddy/byte-buddy-agent/1.7.4/byte-buddy-agent-1.7.4.jar:/root/.m2/repository/org/objenesis/objenesis/2.6/objenesis-2.6.jar:/root/workspace/danglotb/dspot/389400309/dspot/src/test/resources/mockito/target/classes/:/root/workspace/danglotb/dspot/389400309/dspot/src/test/resources/mockito/target/test-classes/:, -1.8, -preserveAllLocals, -noExit, -enableJavadoc, /root/workspace/danglotb/dspot/389400309/dspot/target/dspot/tmp_test_sources/info/sanaulla/dal/BookDALTest.java]
[193083] DEBUG Launcher - built in 120 ms
[193083] DEBUG Launcher - building templates: []
[193084] DEBUG Launcher - built in 1 ms
[193087] DEBUG Launcher - model built in 124
[193087] DEBUG Launcher - compiling sources: [/root/workspace/danglotb/dspot/389400309/dspot/target/dspot/tmp_test_sources/info/sanaulla/dal/BookDALTest.java]
[193092] DEBUG Launcher - compile args: [-encoding, UTF-8, -cp, /root/.m2/repository/junit/junit/4.12/junit-4.12.jar:/root/.m2/repository/org/hamcrest/hamcrest-core/1.3/hamcrest-core-1.3.jar:/root/.m2/repository/org/mockito/mockito-core/2.10.0/mockito-core-2.10.0.jar:/root/.m2/repository/net/bytebuddy/byte-buddy/1.7.4/byte-buddy-1.7.4.jar:/root/.m2/repository/net/bytebuddy/byte-buddy-agent/1.7.4/byte-buddy-agent-1.7.4.jar:/root/.m2/repository/org/objenesis/objenesis/2.6/objenesis-2.6.jar:/root/workspace/danglotb/dspot/389400309/dspot/src/test/resources/mockito/target/classes/:/root/workspace/danglotb/dspot/389400309/dspot/src/test/resources/mockito/target/test-classes/:, -d, /root/workspace/danglotb/dspot/389400309/dspot/src/test/resources/mockito/target/test-classes, -1.8, -proc:none, -preserveAllLocals, -noExit, -enableJavadoc, /root/workspace/danglotb/dspot/389400309/dspot/target/dspot/tmp_test_sources/info/sanaulla/dal/BookDALTest.java]
[193302] DEBUG Launcher - compiled in 215 ms
[193302] INFO EntryPoint - Run: java -cp /root/.m2/repository/junit/junit/4.12/junit-4.12.jar:/root/.m2/repository/org/hamcrest/hamcrest-core/1.3/hamcrest-core-1.3.jar:/root/.m2/repository/org/mockito/mockito-core/2.10.0/mockito-core-2.10.0.jar:/root/.m2/repository/net/bytebuddy/byte-buddy/1.7.4/byte-buddy-1.7.4.jar:/root/.m2/repository/net/bytebuddy/byte-buddy-agent/1.7.4/byte-buddy-agent-1.7.4.jar:/root/.m2/repository/org/objenesis/objenesis/2.6/objenesis-2.6.jar:/root/workspace/danglotb/dspot/389400309/dspot/src/test/resources/mockito/target/classes/:/root/workspace/danglotb/dspot/389400309/dspot/src/test/resources/mockito/target/test-classes/:/root/./workspace/danglotb/dspot/389400309/.m2/eu/stamp-project/test-runner/1.0.8/test-runner-1.0.8-jar-with-dependencies.jar:/root/./workspace/danglotb/dspot/389400309/.m2/org/jacoco/org.jacoco.core/0.7.9/org.jacoco.core-0.7.9.jar:/root/./workspace/danglotb/dspot/389400309/.m2/org/ow2/asm/asm-debug-all/5.2/asm-debug-all-5.2.jar:/root/./workspace/danglotb/dspot/389400309/.m2/commons-io/commons-io/2.5/commons-io-2.5.jar eu.stamp_project.testrunner.runner.coverage.JacocoRunner /root/workspace/danglotb/dspot/389400309/dspot/src/test/resources/mockito/target/classes/:/root/workspace/danglotb/dspot/389400309/dspot/src/test/resources/mockito/target/test-classes/ info.sanaulla.dal.BookDALTest
File saved to the following path: /root/workspace/danglotb/dspot/389400309/dspot/target/dspot/globalCoverageResult.ser
[194086] INFO EntryPoint - Global Coverage has been computed 55 / 67
======= REPORT =======
Initial Coverage: 53 / 67
The amplification results with: 9 amplified test cases
Amplified Coverage: 55 / 67

[194087] INFO DSpot - Print AmplBookDALTest with 9amplified test cases in target/trash/
[194087] DEBUG Launcher - printing info.sanaulla.dal.AmplBookDALTest to /root/workspace/danglotb/dspot/389400309/dspot/target/trash
</system-out>
    <system-err>Some test(s) failed during computation of coverage:
testGetAllBooksFailing(info.sanaulla.dal.BookDALTest): null
Some test(s) failed during computation of coverage:
testGetAllBooksFailing(info.sanaulla.dal.BookDALTest): null
</system-err>
  </testcase>
</testsuite>