<?xml version="1.0" encoding="UTF-8" ?>
<testsuite tests="1" failures="0" name="eu.stamp_project.dspot.selector.JacocoCoverageSelectorTest" time="11.111" errors="1" skipped="0">
  <properties>
    <property name="java.runtime.name" value="OpenJDK Runtime Environment"/>
    <property name="sun.boot.library.path" value="/usr/lib/jvm/java-8-openjdk-amd64/jre/lib/amd64"/>
    <property name="java.vm.version" value="25.121-b13"/>
    <property name="java.vm.vendor" value="Oracle Corporation"/>
    <property name="maven.multiModuleProjectDirectory" value="/root/workspace/danglotb/dspot/389400309"/>
    <property name="java.vendor.url" value="http://java.oracle.com/"/>
    <property name="path.separator" value=":"/>
    <property name="guice.disable.misplaced.annotation.check" value="true"/>
    <property name="skip.gulp" value="true"/>
    <property name="java.vm.name" value="OpenJDK 64-Bit Server VM"/>
    <property name="file.encoding.pkg" value="sun.io"/>
    <property name="sun.java.launcher" value="SUN_STANDARD"/>
    <property name="sun.os.patch.level" value="unknown"/>
    <property name="findbugs.skip" value="true"/>
    <property name="java.vm.specification.name" value="Java Virtual Machine Specification"/>
    <property name="user.dir" value="/root/workspace/danglotb/dspot/389400309"/>
    <property name="checkstyle.skip" value="true"/>
    <property name="java.runtime.version" value="1.8.0_121-8u121-b13-1~bpo8+1-b13"/>
    <property name="java.awt.graphicsenv" value="sun.awt.X11GraphicsEnvironment"/>
    <property name="skip.npm" value="true"/>
    <property name="java.endorsed.dirs" value="/usr/lib/jvm/java-8-openjdk-amd64/jre/lib/endorsed"/>
    <property name="os.arch" value="amd64"/>
    <property name="java.io.tmpdir" value="/tmp"/>
    <property name="gpg.skip" value="true"/>
    <property name="line.separator" value="
"/>
    <property name="java.vm.specification.vendor" value="Oracle Corporation"/>
    <property name="cobertura.skip" value="true"/>
    <property name="os.name" value="Linux"/>
    <property name="classworlds.conf" value="/usr/share/maven/bin/m2.conf"/>
    <property name="sun.jnu.encoding" value="UTF-8"/>
    <property name="java.library.path" value="/usr/java/packages/lib/amd64:/usr/lib/x86_64-linux-gnu/jni:/lib/x86_64-linux-gnu:/usr/lib/x86_64-linux-gnu:/usr/lib/jni:/lib:/usr/lib"/>
    <property name="license.skip" value="true"/>
    <property name="java.specification.name" value="Java Platform API Specification"/>
    <property name="java.class.version" value="52.0"/>
    <property name="sun.management.compiler" value="HotSpot 64-Bit Tiered Compilers"/>
    <property name="skip.bower" value="true"/>
    <property name="maven.repo.local" value="/root/./workspace/danglotb/dspot/389400309/.m2"/>
    <property name="os.version" value="3.10.0-862.3.2.el7.x86_64"/>
    <property name="user.home" value="/root"/>
    <property name="user.timezone" value="Europe/Paris"/>
    <property name="java.awt.printerjob" value="sun.print.PSPrinterJob"/>
    <property name="java.specification.version" value="1.8"/>
    <property name="file.encoding" value="UTF-8"/>
    <property name="user.name" value="root"/>
    <property name="java.class.path" value="/usr/share/maven/boot/plexus-classworlds-2.5.2.jar"/>
    <property name="skipITs" value="true"/>
    <property name="java.vm.specification.version" value="1.8"/>
    <property name="sun.arch.data.model" value="64"/>
    <property name="java.home" value="/usr/lib/jvm/java-8-openjdk-amd64/jre"/>
    <property name="sun.java.command" value="org.codehaus.plexus.classworlds.launcher.Launcher -B -D enforcer.skip=true -D dependency-check.skip=true -D skipITs=true -D cobertura.skip=true -D maven.repo.local=/root/./workspace/danglotb/dspot/389400309/.m2 -D rat.skip=true -D findbugs.skip=true -D skip.bower=true -D gpg.skip=true -D checkstyle.skip=true -D skip.gulp=true -D license.skip=true -D skip.npm=true test"/>
    <property name="java.specification.vendor" value="Oracle Corporation"/>
    <property name="user.language" value="en"/>
    <property name="awt.toolkit" value="sun.awt.X11.XToolkit"/>
    <property name="dependency-check.skip" value="true"/>
    <property name="java.vm.info" value="mixed mode"/>
    <property name="java.version" value="1.8.0_121"/>
    <property name="java.ext.dirs" value="/usr/lib/jvm/java-8-openjdk-amd64/jre/lib/ext:/usr/java/packages/lib/ext"/>
    <property name="securerandom.source" value="file:/dev/./urandom"/>
    <property name="sun.boot.class.path" value="/usr/lib/jvm/java-8-openjdk-amd64/jre/lib/resources.jar:/usr/lib/jvm/java-8-openjdk-amd64/jre/lib/rt.jar:/usr/lib/jvm/java-8-openjdk-amd64/jre/lib/sunrsasign.jar:/usr/lib/jvm/java-8-openjdk-amd64/jre/lib/jsse.jar:/usr/lib/jvm/java-8-openjdk-amd64/jre/lib/jce.jar:/usr/lib/jvm/java-8-openjdk-amd64/jre/lib/charsets.jar:/usr/lib/jvm/java-8-openjdk-amd64/jre/lib/jfr.jar:/usr/lib/jvm/java-8-openjdk-amd64/jre/classes"/>
    <property name="java.vendor" value="Oracle Corporation"/>
    <property name="enforcer.skip" value="true"/>
    <property name="rat.skip" value="true"/>
    <property name="maven.home" value="/usr/share/maven"/>
    <property name="file.separator" value="/"/>
    <property name="java.vendor.url.bug" value="http://bugreport.sun.com/bugreport/"/>
    <property name="sun.cpu.endian" value="little"/>
    <property name="sun.io.unicode.encoding" value="UnicodeLittle"/>
    <property name="sun.cpu.isalist" value=""/>
  </properties>
  <testcase classname="eu.stamp_project.dspot.selector.JacocoCoverageSelectorTest" name="testDSpotWithJacocoCoverageSelector" time="11.111">
    <error message="Index: 0, Size: 0" type="java.lang.IndexOutOfBoundsException">java.lang.IndexOutOfBoundsException: Index: 0, Size: 0
	at java.util.ArrayList.rangeCheck(ArrayList.java:653)
	at java.util.ArrayList.get(ArrayList.java:429)
	at eu.stamp_project.dspot.assertGenerator.AssertionRemover.removeAssertion(AssertionRemover.java:100)
	at eu.stamp_project.dspot.assertGenerator.AssertionRemover.lambda$removeAssertion$0(AssertionRemover.java:56)
	at java.util.stream.ReferencePipeline$7$1.accept(ReferencePipeline.java:267)
	at java.util.ArrayList$ArrayListSpliterator.forEachRemaining(ArrayList.java:1374)
	at java.util.stream.AbstractPipeline.copyInto(AbstractPipeline.java:481)
	at java.util.stream.AbstractPipeline.wrapAndCopyInto(AbstractPipeline.java:471)
	at java.util.stream.ReduceOps$ReduceOp.evaluateSequential(ReduceOps.java:708)
	at java.util.stream.AbstractPipeline.evaluate(AbstractPipeline.java:234)
	at java.util.stream.ReferencePipeline.collect(ReferencePipeline.java:499)
	at eu.stamp_project.dspot.assertGenerator.AssertionRemover.removeAssertion(AssertionRemover.java:57)
	at java.util.stream.ReferencePipeline$3$1.accept(ReferencePipeline.java:193)
	at java.util.ArrayList$ArrayListSpliterator.forEachRemaining(ArrayList.java:1374)
	at java.util.stream.AbstractPipeline.copyInto(AbstractPipeline.java:481)
	at java.util.stream.AbstractPipeline.wrapAndCopyInto(AbstractPipeline.java:471)
	at java.util.stream.ReduceOps$ReduceOp.evaluateSequential(ReduceOps.java:708)
	at java.util.stream.AbstractPipeline.evaluate(AbstractPipeline.java:234)
	at java.util.stream.ReferencePipeline.collect(ReferencePipeline.java:499)
	at eu.stamp_project.dspot.assertGenerator.AssertGenerator.assertionAmplification(AssertGenerator.java:62)
	at eu.stamp_project.dspot.Amplification.amplification(Amplification.java:140)
	at eu.stamp_project.dspot.Amplification.amplification(Amplification.java:103)
	at eu.stamp_project.dspot.DSpot.amplifyTest(DSpot.java:174)
	at eu.stamp_project.dspot.DSpot.amplifyTest(DSpot.java:161)
	at eu.stamp_project.dspot.selector.JacocoCoverageSelectorTest.testDSpotWithJacocoCoverageSelector(JacocoCoverageSelectorTest.java:44)
	at sun.reflect.NativeMethodAccessorImpl.invoke0(Native Method)
	at sun.reflect.NativeMethodAccessorImpl.invoke(NativeMethodAccessorImpl.java:62)
	at sun.reflect.DelegatingMethodAccessorImpl.invoke(DelegatingMethodAccessorImpl.java:43)
	at java.lang.reflect.Method.invoke(Method.java:498)
	at org.junit.runners.model.FrameworkMethod$1.runReflectiveCall(FrameworkMethod.java:50)
	at org.junit.internal.runners.model.ReflectiveCallable.run(ReflectiveCallable.java:12)
	at org.junit.runners.model.FrameworkMethod.invokeExplosively(FrameworkMethod.java:47)
	at org.junit.internal.runners.statements.InvokeMethod.evaluate(InvokeMethod.java:17)
	at org.junit.runners.ParentRunner.runLeaf(ParentRunner.java:325)
	at org.junit.runners.BlockJUnit4ClassRunner.runChild(BlockJUnit4ClassRunner.java:78)
	at org.junit.runners.BlockJUnit4ClassRunner.runChild(BlockJUnit4ClassRunner.java:57)
	at org.junit.runners.ParentRunner$3.run(ParentRunner.java:290)
	at org.junit.runners.ParentRunner$1.schedule(ParentRunner.java:71)
	at org.junit.runners.ParentRunner.runChildren(ParentRunner.java:288)
	at org.junit.runners.ParentRunner.access$000(ParentRunner.java:58)
	at org.junit.runners.ParentRunner$2.evaluate(ParentRunner.java:268)
	at org.junit.runners.ParentRunner.run(ParentRunner.java:363)
	at org.apache.maven.surefire.junit4.JUnit4Provider.execute(JUnit4Provider.java:252)
	at org.apache.maven.surefire.junit4.JUnit4Provider.executeTestSet(JUnit4Provider.java:141)
	at org.apache.maven.surefire.junit4.JUnit4Provider.invoke(JUnit4Provider.java:112)
	at sun.reflect.NativeMethodAccessorImpl.invoke0(Native Method)
	at sun.reflect.NativeMethodAccessorImpl.invoke(NativeMethodAccessorImpl.java:62)
	at sun.reflect.DelegatingMethodAccessorImpl.invoke(DelegatingMethodAccessorImpl.java:43)
	at java.lang.reflect.Method.invoke(Method.java:498)
	at org.apache.maven.surefire.util.ReflectionUtils.invokeMethodWithArray(ReflectionUtils.java:189)
	at org.apache.maven.surefire.booter.ProviderFactory$ProviderProxy.invoke(ProviderFactory.java:165)
	at org.apache.maven.surefire.booter.ProviderFactory.invokeProvider(ProviderFactory.java:85)
	at org.apache.maven.surefire.booter.ForkedBooter.runSuitesInProcess(ForkedBooter.java:115)
	at org.apache.maven.surefire.booter.ForkedBooter.main(ForkedBooter.java:75)
</error>
    <system-out>[114383] WARN AutomaticBuilderFactory - No automatic builder specified in configuration, going to default.
[114383] INFO AutomaticBuilderFactory - Default: provided Maven automatic builder.
[114383] INFO MavenAutomaticBuilder - run maven clean test -DskipTests dependency:build-classpath -Dmdep.outputFile=target/dspot/classpath
[WARN] Maven will be executed in interactive mode, but no input stream has been configured for this MavenInvoker instance.
[INFO] Scanning for projects...
Downloading: https://repo.maven.apache.org/maven2/org/apache/maven/plugins/maven-compiler-plugin/3.7.0/maven-compiler-plugin-3.7.0.pom
3/11 KB   
5/11 KB   
8/11 KB   
11/11 KB   
11/11 KB   
           
Downloaded: https://repo.maven.apache.org/maven2/org/apache/maven/plugins/maven-compiler-plugin/3.7.0/maven-compiler-plugin-3.7.0.pom (11 KB at 31.9 KB/sec)
Downloading: https://repo.maven.apache.org/maven2/org/apache/maven/plugins/maven-plugins/30/maven-plugins-30.pom
3/10 KB    
5/10 KB   
8/10 KB   
10/10 KB   
           
Downloaded: https://repo.maven.apache.org/maven2/org/apache/maven/plugins/maven-plugins/30/maven-plugins-30.pom (10 KB at 431.9 KB/sec)
Downloading: https://repo.maven.apache.org/maven2/org/apache/maven/maven-parent/30/maven-parent-30.pom
3/41 KB    
5/41 KB   
8/41 KB   
11/41 KB   
13/41 KB   
16/41 KB   
19/41 KB   
21/41 KB   
24/41 KB   
27/41 KB   
29/41 KB   
32/41 KB   
36/41 KB   
40/41 KB   
41/41 KB   
           
Downloaded: https://repo.maven.apache.org/maven2/org/apache/maven/maven-parent/30/maven-parent-30.pom (41 KB at 1301.7 KB/sec)
Downloading: https://repo.maven.apache.org/maven2/org/apache/apache/18/apache-18.pom
4/16 KB    
8/16 KB   
12/16 KB   
16/16 KB   
           
Downloaded: https://repo.maven.apache.org/maven2/org/apache/apache/18/apache-18.pom (16 KB at 612.0 KB/sec)
Downloading: https://repo.maven.apache.org/maven2/org/apache/maven/plugins/maven-compiler-plugin/3.7.0/maven-compiler-plugin-3.7.0.jar
4/57 KB    
8/57 KB   
12/57 KB   
16/57 KB   
20/57 KB   
24/57 KB   
28/57 KB   
32/57 KB   
36/57 KB   
40/57 KB   
44/57 KB   
48/57 KB   
52/57 KB   
56/57 KB   
57/57 KB   
           
Downloaded: https://repo.maven.apache.org/maven2/org/apache/maven/plugins/maven-compiler-plugin/3.7.0/maven-compiler-plugin-3.7.0.jar (57 KB at 1672.3 KB/sec)
[INFO]                                                                         
[INFO] ------------------------------------------------------------------------
[INFO] Building test-projects 0.0.1-SNAPSHOT
[INFO] ------------------------------------------------------------------------
[INFO] 
[INFO] --- maven-clean-plugin:2.5:clean (default-clean) @ example ---
[INFO] 
[INFO] --- maven-resources-plugin:2.6:resources (default-resources) @ example ---
[WARNING] Using platform encoding (UTF-8 actually) to copy filtered resources, i.e. build is platform dependent!
[INFO] skip non existing resourceDirectory /root/workspace/danglotb/dspot/389400309/dspot/src/test/resources/test-projects/src/main/resources
[INFO] 
[INFO] --- maven-compiler-plugin:3.7.0:compile (default-compile) @ example ---
Downloading: https://repo.maven.apache.org/maven2/org/apache/maven/maven-plugin-api/3.0/maven-plugin-api-3.0.pom
3/3 KB     
         
Downloaded: https://repo.maven.apache.org/maven2/org/apache/maven/maven-plugin-api/3.0/maven-plugin-api-3.0.pom (3 KB at 117.6 KB/sec)
Downloading: https://repo.maven.apache.org/maven2/org/apache/maven/maven-model/3.0/maven-model-3.0.pom
3/4 KB   
4/4 KB   
         
Downloaded: https://repo.maven.apache.org/maven2/org/apache/maven/maven-model/3.0/maven-model-3.0.pom (4 KB at 190.0 KB/sec)
Downloading: https://repo.maven.apache.org/maven2/org/sonatype/sisu/sisu-inject-plexus/1.4.2/sisu-inject-plexus-1.4.2.pom
3/6 KB   
5/6 KB   
6/6 KB   
         
Downloaded: https://repo.maven.apache.org/maven2/org/sonatype/sisu/sisu-inject-plexus/1.4.2/sisu-inject-plexus-1.4.2.pom (6 KB at 262.2 KB/sec)
Downloading: https://repo.maven.apache.org/maven2/org/sonatype/sisu/inject/guice-plexus/1.4.2/guice-plexus-1.4.2.pom
3/4 KB   
4/4 KB   
         
Downloaded: https://repo.maven.apache.org/maven2/org/sonatype/sisu/inject/guice-plexus/1.4.2/guice-plexus-1.4.2.pom (4 KB at 160.8 KB/sec)
Downloading: https://repo.maven.apache.org/maven2/org/sonatype/sisu/inject/guice-bean/1.4.2/guice-bean-1.4.2.pom
3/3 KB   
3/3 KB   
         
Downloaded: https://repo.maven.apache.org/maven2/org/sonatype/sisu/inject/guice-bean/1.4.2/guice-bean-1.4.2.pom (3 KB at 141.4 KB/sec)
Downloading: https://repo.maven.apache.org/maven2/org/sonatype/sisu/sisu-inject/1.4.2/sisu-inject-1.4.2.pom
2/2 KB   
         
Downloaded: https://repo.maven.apache.org/maven2/org/sonatype/sisu/sisu-inject/1.4.2/sisu-inject-1.4.2.pom (2 KB at 67.8 KB/sec)
Downloading: https://repo.maven.apache.org/maven2/org/sonatype/sisu/sisu-parent/1.4.2/sisu-parent-1.4.2.pom
3/8 KB   
5/8 KB   
8/8 KB   
8/8 KB   
         
Downloaded: https://repo.maven.apache.org/maven2/org/sonatype/sisu/sisu-parent/1.4.2/sisu-parent-1.4.2.pom (8 KB at 421.9 KB/sec)
Downloading: https://repo.maven.apache.org/maven2/org/sonatype/forge/forge-parent/6/forge-parent-6.pom
3/11 KB   
5/11 KB   
8/11 KB   
11/11 KB   
11/11 KB   
           
Downloaded: https://repo.maven.apache.org/maven2/org/sonatype/forge/forge-parent/6/forge-parent-6.pom (11 KB at 552.7 KB/sec)
Downloading: https://repo.maven.apache.org/maven2/org/codehaus/plexus/plexus-component-annotations/1.6/plexus-component-annotations-1.6.pom
748/748 B   
            
Downloaded: https://repo.maven.apache.org/maven2/org/codehaus/plexus/plexus-component-annotations/1.6/plexus-component-annotations-1.6.pom (748 B at 40.6 KB/sec)
Downloading: https://repo.maven.apache.org/maven2/org/codehaus/plexus/plexus-containers/1.6/plexus-containers-1.6.pom
3/4 KB      
4/4 KB   
         
Downloaded: https://repo.maven.apache.org/maven2/org/codehaus/plexus/plexus-containers/1.6/plexus-containers-1.6.pom (4 KB at 204.3 KB/sec)
Downloading: https://repo.maven.apache.org/maven2/org/codehaus/plexus/plexus/3.3.2/plexus-3.3.2.pom
3/22 KB   
5/22 KB   
8/22 KB   
11/22 KB   
13/22 KB   
16/22 KB   
19/22 KB   
21/22 KB   
22/22 KB   
           
Downloaded: https://repo.maven.apache.org/maven2/org/codehaus/plexus/plexus/3.3.2/plexus-3.3.2.pom (22 KB at 914.1 KB/sec)
Downloading: https://repo.maven.apache.org/maven2/org/codehaus/plexus/plexus-classworlds/2.2.3/plexus-classworlds-2.2.3.pom
3/4 KB     
4/4 KB   
         
Downloaded: https://repo.maven.apache.org/maven2/org/codehaus/plexus/plexus-classworlds/2.2.3/plexus-classworlds-2.2.3.pom (4 KB at 205.4 KB/sec)
Downloading: https://repo.maven.apache.org/maven2/org/sonatype/sisu/sisu-inject-bean/1.4.2/sisu-inject-bean-1.4.2.pom
3/6 KB   
5/6 KB   
6/6 KB   
         
Downloaded: https://repo.maven.apache.org/maven2/org/sonatype/sisu/sisu-inject-bean/1.4.2/sisu-inject-bean-1.4.2.pom (6 KB at 280.5 KB/sec)
Downloading: https://repo.maven.apache.org/maven2/org/sonatype/sisu/sisu-guice/2.1.7/sisu-guice-2.1.7.pom
3/11 KB   
5/11 KB   
8/11 KB   
11/11 KB   
11/11 KB   
           
Downloaded: https://repo.maven.apache.org/maven2/org/sonatype/sisu/sisu-guice/2.1.7/sisu-guice-2.1.7.pom (11 KB at 540.1 KB/sec)
Downloading: https://repo.maven.apache.org/maven2/org/apache/maven/maven-core/3.0/maven-core-3.0.pom
3/7 KB     
5/7 KB   
7/7 KB   
         
Downloaded: https://repo.maven.apache.org/maven2/org/apache/maven/maven-core/3.0/maven-core-3.0.pom (7 KB at 323.7 KB/sec)
Downloading: https://repo.maven.apache.org/maven2/org/apache/maven/maven-settings/3.0/maven-settings-3.0.pom
2/2 KB   
         
Downloaded: https://repo.maven.apache.org/maven2/org/apache/maven/maven-settings/3.0/maven-settings-3.0.pom (2 KB at 102.1 KB/sec)
Downloading: https://repo.maven.apache.org/maven2/org/apache/maven/maven-settings-builder/3.0/maven-settings-builder-3.0.pom
3/3 KB   
         
Downloaded: https://repo.maven.apache.org/maven2/org/apache/maven/maven-settings-builder/3.0/maven-settings-builder-3.0.pom (3 KB at 108.4 KB/sec)
Downloading: https://repo.maven.apache.org/maven2/org/codehaus/plexus/plexus-interpolation/1.14/plexus-interpolation-1.14.pom
910/910 B   
            
Downloaded: https://repo.maven.apache.org/maven2/org/codehaus/plexus/plexus-interpolation/1.14/plexus-interpolation-1.14.pom (910 B at 49.4 KB/sec)
Downloading: https://repo.maven.apache.org/maven2/org/codehaus/plexus/plexus-components/1.1.18/plexus-components-1.1.18.pom
3/6 KB      
5/6 KB   
6/6 KB   
         
Downloaded: https://repo.maven.apache.org/maven2/org/codehaus/plexus/plexus-components/1.1.18/plexus-components-1.1.18.pom (6 KB at 290.5 KB/sec)
Downloading: https://repo.maven.apache.org/maven2/org/apache/maven/maven-repository-metadata/3.0/maven-repository-metadata-3.0.pom
2/2 KB   
         
Downloaded: https://repo.maven.apache.org/maven2/org/apache/maven/maven-repository-metadata/3.0/maven-repository-metadata-3.0.pom (2 KB at 104.7 KB/sec)
Downloading: https://repo.maven.apache.org/maven2/org/apache/maven/maven-model-builder/3.0/maven-model-builder-3.0.pom
3/3 KB   
3/3 KB   
         
Downloaded: https://repo.maven.apache.org/maven2/org/apache/maven/maven-model-builder/3.0/maven-model-builder-3.0.pom (3 KB at 115.4 KB/sec)
Downloading: https://repo.maven.apache.org/maven2/org/apache/maven/maven-aether-provider/3.0/maven-aether-provider-3.0.pom
3/3 KB   
3/3 KB   
         
Downloaded: https://repo.maven.apache.org/maven2/org/apache/maven/maven-aether-provider/3.0/maven-aether-provider-3.0.pom (3 KB at 127.0 KB/sec)
Downloading: https://repo.maven.apache.org/maven2/org/sonatype/aether/aether-api/1.7/aether-api-1.7.pom
2/2 KB   
         
Downloaded: https://repo.maven.apache.org/maven2/org/sonatype/aether/aether-api/1.7/aether-api-1.7.pom (2 KB at 96.1 KB/sec)
Downloading: https://repo.maven.apache.org/maven2/org/sonatype/aether/aether-parent/1.7/aether-parent-1.7.pom
3/8 KB   
5/8 KB   
8/8 KB   
         
Downloaded: https://repo.maven.apache.org/maven2/org/sonatype/aether/aether-parent/1.7/aether-parent-1.7.pom (8 KB at 419.1 KB/sec)
Downloading: https://repo.maven.apache.org/maven2/org/sonatype/aether/aether-util/1.7/aether-util-1.7.pom
3/3 KB   
         
Downloaded: https://repo.maven.apache.org/maven2/org/sonatype/aether/aether-util/1.7/aether-util-1.7.pom (3 KB at 111.9 KB/sec)
Downloading: https://repo.maven.apache.org/maven2/org/sonatype/aether/aether-impl/1.7/aether-impl-1.7.pom
3/4 KB   
4/4 KB   
         
Downloaded: https://repo.maven.apache.org/maven2/org/sonatype/aether/aether-impl/1.7/aether-impl-1.7.pom (4 KB at 200.4 KB/sec)
Downloading: https://repo.maven.apache.org/maven2/org/sonatype/aether/aether-spi/1.7/aether-spi-1.7.pom
2/2 KB   
         
Downloaded: https://repo.maven.apache.org/maven2/org/sonatype/aether/aether-spi/1.7/aether-spi-1.7.pom (2 KB at 94.5 KB/sec)
Downloading: https://repo.maven.apache.org/maven2/org/apache/maven/shared/maven-shared-utils/3.1.0/maven-shared-utils-3.1.0.pom
3/5 KB   
5/5 KB   
         
Downloaded: https://repo.maven.apache.org/maven2/org/apache/maven/shared/maven-shared-utils/3.1.0/maven-shared-utils-3.1.0.pom (5 KB at 270.1 KB/sec)
Downloading: https://repo.maven.apache.org/maven2/org/apache/maven/shared/maven-shared-components/30/maven-shared-components-30.pom
3/5 KB   
5/5 KB   
         
Downloaded: https://repo.maven.apache.org/maven2/org/apache/maven/shared/maven-shared-components/30/maven-shared-components-30.pom (5 KB at 223.8 KB/sec)
Downloading: https://repo.maven.apache.org/maven2/commons-io/commons-io/2.5/commons-io-2.5.pom
3/13 KB   
5/13 KB   
8/13 KB   
11/13 KB   
13/13 KB   
13/13 KB   
           
Downloaded: https://repo.maven.apache.org/maven2/commons-io/commons-io/2.5/commons-io-2.5.pom (13 KB at 683.1 KB/sec)
Downloading: https://repo.maven.apache.org/maven2/org/apache/commons/commons-parent/39/commons-parent-39.pom
3/61 KB    
5/61 KB   
8/61 KB   
11/61 KB   
13/61 KB   
16/61 KB   
19/61 KB   
21/61 KB   
24/61 KB   
27/61 KB   
29/61 KB   
32/61 KB   
36/61 KB   
40/61 KB   
44/61 KB   
48/61 KB   
52/61 KB   
56/61 KB   
60/61 KB   
61/61 KB   
           
Downloaded: https://repo.maven.apache.org/maven2/org/apache/commons/commons-parent/39/commons-parent-39.pom (61 KB at 2161.5 KB/sec)
Downloading: https://repo.maven.apache.org/maven2/org/codehaus/plexus/plexus-java/0.9.2/plexus-java-0.9.2.pom
3/3 KB     
         
Downloaded: https://repo.maven.apache.org/maven2/org/codehaus/plexus/plexus-java/0.9.2/plexus-java-0.9.2.pom (3 KB at 119.0 KB/sec)
Downloading: https://repo.maven.apache.org/maven2/org/codehaus/plexus/plexus-languages/0.9.2/plexus-languages-0.9.2.pom
3/3 KB   
3/3 KB   
         
Downloaded: https://repo.maven.apache.org/maven2/org/codehaus/plexus/plexus-languages/0.9.2/plexus-languages-0.9.2.pom (3 KB at 117.1 KB/sec)
Downloading: https://repo.maven.apache.org/maven2/org/codehaus/plexus/plexus/4.0/plexus-4.0.pom
3/21 KB   
5/21 KB   
8/21 KB   
11/21 KB   
13/21 KB   
16/21 KB   
19/21 KB   
21/21 KB   
21/21 KB   
           
Downloaded: https://repo.maven.apache.org/maven2/org/codehaus/plexus/plexus/4.0/plexus-4.0.pom (21 KB at 1049.8 KB/sec)
Downloading: https://repo.maven.apache.org/maven2/org/ow2/asm/asm/6.0_BETA/asm-6.0_BETA.pom
2/2 KB     
         
Downloaded: https://repo.maven.apache.org/maven2/org/ow2/asm/asm/6.0_BETA/asm-6.0_BETA.pom (2 KB at 99.6 KB/sec)
Downloading: https://repo.maven.apache.org/maven2/org/ow2/asm/asm-parent/6.0_BETA/asm-parent-6.0_BETA.pom
3/6 KB   
5/6 KB   
6/6 KB   
         
Downloaded: https://repo.maven.apache.org/maven2/org/ow2/asm/asm-parent/6.0_BETA/asm-parent-6.0_BETA.pom (6 KB at 298.3 KB/sec)
Downloading: https://repo.maven.apache.org/maven2/org/ow2/ow2/1.3/ow2-1.3.pom
3/10 KB   
5/10 KB   
8/10 KB   
10/10 KB   
           
Downloaded: https://repo.maven.apache.org/maven2/org/ow2/ow2/1.3/ow2-1.3.pom (10 KB at 464.3 KB/sec)
Downloading: https://repo.maven.apache.org/maven2/com/thoughtworks/qdox/qdox/2.0-M7/qdox-2.0-M7.pom
3/16 KB    
5/16 KB   
8/16 KB   
11/16 KB   
13/16 KB   
16/16 KB   
           
Downloaded: https://repo.maven.apache.org/maven2/com/thoughtworks/qdox/qdox/2.0-M7/qdox-2.0-M7.pom (16 KB at 703.3 KB/sec)
Downloading: https://repo.maven.apache.org/maven2/org/sonatype/oss/oss-parent/9/oss-parent-9.pom
3/7 KB     
5/7 KB   
7/7 KB   
         
Downloaded: https://repo.maven.apache.org/maven2/org/sonatype/oss/oss-parent/9/oss-parent-9.pom (7 KB at 356.4 KB/sec)
Downloading: https://repo.maven.apache.org/maven2/org/codehaus/plexus/plexus-compiler-api/2.8.2/plexus-compiler-api-2.8.2.pom
867/867 B   
            
Downloaded: https://repo.maven.apache.org/maven2/org/codehaus/plexus/plexus-compiler-api/2.8.2/plexus-compiler-api-2.8.2.pom (867 B at 47.0 KB/sec)
Downloading: https://repo.maven.apache.org/maven2/org/codehaus/plexus/plexus-compiler/2.8.2/plexus-compiler-2.8.2.pom
3/5 KB      
5/5 KB   
         
Downloaded: https://repo.maven.apache.org/maven2/org/codehaus/plexus/plexus-compiler/2.8.2/plexus-compiler-2.8.2.pom (5 KB at 264.9 KB/sec)
Downloading: https://repo.maven.apache.org/maven2/org/codehaus/plexus/plexus-components/4.0/plexus-components-4.0.pom
3/3 KB   
3/3 KB   
         
Downloaded: https://repo.maven.apache.org/maven2/org/codehaus/plexus/plexus-components/4.0/plexus-components-4.0.pom (3 KB at 136.6 KB/sec)
Downloading: https://repo.maven.apache.org/maven2/org/codehaus/plexus/plexus-utils/3.0.22/plexus-utils-3.0.22.pom
3/4 KB   
4/4 KB   
         
Downloaded: https://repo.maven.apache.org/maven2/org/codehaus/plexus/plexus-utils/3.0.22/plexus-utils-3.0.22.pom (4 KB at 196.9 KB/sec)
Downloading: https://repo.maven.apache.org/maven2/org/codehaus/plexus/plexus-compiler-manager/2.8.2/plexus-compiler-manager-2.8.2.pom
692/692 B   
            
Downloaded: https://repo.maven.apache.org/maven2/org/codehaus/plexus/plexus-compiler-manager/2.8.2/plexus-compiler-manager-2.8.2.pom (692 B at 35.6 KB/sec)
Downloading: https://repo.maven.apache.org/maven2/org/codehaus/plexus/plexus-compiler-javac/2.8.2/plexus-compiler-javac-2.8.2.pom
771/771 B   
            
Downloaded: https://repo.maven.apache.org/maven2/org/codehaus/plexus/plexus-compiler-javac/2.8.2/plexus-compiler-javac-2.8.2.pom (771 B at 39.6 KB/sec)
Downloading: https://repo.maven.apache.org/maven2/org/codehaus/plexus/plexus-compilers/2.8.2/plexus-compilers-2.8.2.pom
2/2 KB      
         
Downloaded: https://repo.maven.apache.org/maven2/org/codehaus/plexus/plexus-compilers/2.8.2/plexus-compilers-2.8.2.pom (2 KB at 65.5 KB/sec)
Downloading: https://repo.maven.apache.org/maven2/org/apache/maven/maven-plugin-api/3.0/maven-plugin-api-3.0.jar
Downloading: https://repo.maven.apache.org/maven2/org/apache/maven/maven-model/3.0/maven-model-3.0.jar
Downloading: https://repo.maven.apache.org/maven2/org/sonatype/sisu/sisu-inject-plexus/1.4.2/sisu-inject-plexus-1.4.2.jar
Downloading: https://repo.maven.apache.org/maven2/org/sonatype/sisu/sisu-inject-bean/1.4.2/sisu-inject-bean-1.4.2.jar
Downloading: https://repo.maven.apache.org/maven2/org/sonatype/sisu/sisu-guice/2.1.7/sisu-guice-2.1.7-noaop.jar
3/48 KB   
5/48 KB   
8/48 KB   
11/48 KB   
13/48 KB   
16/48 KB   
19/48 KB   
21/48 KB   
24/48 KB   
27/48 KB   
29/48 KB   
32/48 KB   
36/48 KB   
40/48 KB   
44/48 KB   
48/48 KB   
48/48 KB   
48/48 KB   3/461 KB   3/150 KB   
48/48 KB   5/461 KB   3/150 KB   
48/48 KB   8/461 KB   3/150 KB   
48/48 KB   11/461 KB   3/150 KB   
48/48 KB   11/461 KB   3/161 KB   3/150 KB   
48/48 KB   13/461 KB   3/161 KB   3/150 KB   
48/48 KB   13/461 KB   5/161 KB   3/150 KB   
48/48 KB   3/461 KB   3/150 KB   
48/48 KB   13/461 KB   3/197 KB   8/161 KB   3/150 KB   
48/48 KB   13/461 KB   3/197 KB   8/161 KB   5/150 KB   
48/48 KB   13/461 KB   3/197 KB   11/161 KB   5/150 KB   
                                                         
48/48 KB   13/461 KB   3/197 KB   5/161 KB   3/150 KB   
Downloaded: https://repo.maven.apache.org/maven2/org/apache/maven/maven-plugin-api/3.0/maven-plugin-api-3.0.jar (48 KB at 1541.1 KB/sec)
Downloading: https://repo.maven.apache.org/maven2/org/apache/maven/maven-artifact/3.0/maven-artifact-3.0.jar
13/461 KB   5/197 KB   13/161 KB   8/150 KB   
13/461 KB   8/197 KB   13/161 KB   8/150 KB   
13/461 KB   11/197 KB   13/161 KB   8/150 KB   
48/48 KB   13/461 KB   3/197 KB   11/161 KB   8/150 KB   
13/461 KB   13/197 KB   13/161 KB   8/150 KB   
13/461 KB   3/197 KB   13/161 KB   8/150 KB              
13/461 KB   13/197 KB   13/161 KB   11/150 KB   
13/461 KB   13/197 KB   13/161 KB   13/150 KB   
16/461 KB   13/197 KB   13/161 KB   13/150 KB   
16/461 KB   13/197 KB   16/161 KB   16/150 KB   
16/461 KB   13/197 KB   16/161 KB   16/150 KB   
16/461 KB   13/197 KB   16/161 KB   19/150 KB   
19/461 KB   13/197 KB   16/161 KB   19/150 KB   
19/461 KB   13/197 KB   16/161 KB   21/150 KB   
19/461 KB   13/197 KB   19/161 KB   21/150 KB   
19/461 KB   13/197 KB   19/161 KB   24/150 KB   
19/461 KB   13/197 KB   21/161 KB   24/150 KB   
21/461 KB   13/197 KB   21/161 KB   27/150 KB   
21/461 KB   13/197 KB   24/161 KB   27/150 KB   
21/461 KB   13/197 KB   21/161 KB   27/150 KB   
24/461 KB   13/197 KB   24/161 KB   27/150 KB   
24/461 KB   13/197 KB   27/161 KB   29/150 KB   
27/461 KB   13/197 KB   27/161 KB   29/150 KB   
27/461 KB   16/197 KB   27/161 KB   29/150 KB   
27/461 KB   16/197 KB   27/161 KB   32/150 KB   
29/461 KB   16/197 KB   27/161 KB   32/150 KB   
29/461 KB   19/197 KB   27/161 KB   32/150 KB   
32/461 KB   19/197 KB   27/161 KB   32/150 KB   
32/461 KB   21/197 KB   27/161 KB   32/150 KB   
24/461 KB   13/197 KB   27/161 KB   29/150 KB   
32/461 KB   24/197 KB   27/161 KB   32/150 KB   
32/461 KB   27/197 KB   29/161 KB   32/150 KB   
32/461 KB   27/197 KB   29/161 KB   32/150 KB   
32/461 KB   27/197 KB   32/161 KB   32/150 KB   
32/461 KB   27/197 KB   36/161 KB   32/150 KB   
32/461 KB   27/197 KB   40/161 KB   32/150 KB   
32/461 KB   27/197 KB   44/161 KB   32/150 KB   
32/461 KB   27/197 KB   48/161 KB   32/150 KB   
32/461 KB   29/197 KB   48/161 KB   32/150 KB   
32/461 KB   32/197 KB   48/161 KB   32/150 KB   
32/461 KB   32/197 KB   52/161 KB   32/150 KB   
36/461 KB   32/197 KB   56/161 KB   32/150 KB   
36/461 KB   32/197 KB   60/161 KB   32/150 KB   
36/461 KB   32/197 KB   64/161 KB   32/150 KB   
36/461 KB   36/197 KB   64/161 KB   32/150 KB   
36/461 KB   40/197 KB   64/161 KB   36/150 KB   
36/461 KB   40/197 KB   68/161 KB   36/150 KB   
36/461 KB   40/197 KB   72/161 KB   36/150 KB   
36/461 KB   32/197 KB   52/161 KB   32/150 KB   
36/461 KB   36/197 KB   64/161 KB   36/150 KB   
40/461 KB   40/197 KB   72/161 KB   36/150 KB   
44/461 KB   40/197 KB   72/161 KB   36/150 KB   
44/461 KB   40/197 KB   72/161 KB   40/150 KB   
48/461 KB   40/197 KB   76/161 KB   40/150 KB   
48/461 KB   44/197 KB   80/161 KB   44/150 KB   
48/461 KB   44/197 KB   80/161 KB   4/51 KB   44/150 KB   
48/461 KB   44/197 KB   80/161 KB   8/51 KB   44/150 KB   
48/461 KB   44/197 KB   84/161 KB   8/51 KB   44/150 KB   
48/461 KB   44/197 KB   88/161 KB   12/51 KB   44/150 KB   
48/461 KB   44/197 KB   92/161 KB   12/51 KB   44/150 KB   
48/461 KB   44/197 KB   96/161 KB   12/51 KB   44/150 KB   
48/461 KB   40/197 KB   72/161 KB   40/150 KB   
48/461 KB   44/197 KB   84/161 KB   12/51 KB   44/150 KB   
48/461 KB   44/197 KB   76/161 KB   44/150 KB   
48/461 KB   44/197 KB   96/161 KB   16/51 KB   48/150 KB   
52/461 KB   44/197 KB   96/161 KB   16/51 KB   48/150 KB   
56/461 KB   44/197 KB   96/161 KB   16/51 KB   48/150 KB   
60/461 KB   44/197 KB   96/161 KB   16/51 KB   48/150 KB   
64/461 KB   44/197 KB   96/161 KB   16/51 KB   48/150 KB   
64/461 KB   44/197 KB   100/161 KB   16/51 KB   48/150 KB   
68/461 KB   44/197 KB   104/161 KB   16/51 KB   52/150 KB   
72/461 KB   44/197 KB   104/161 KB   16/51 KB   52/150 KB   
76/461 KB   44/197 KB   104/161 KB   16/51 KB   52/150 KB   
80/461 KB   44/197 KB   104/161 KB   16/51 KB   52/150 KB   
48/461 KB   44/197 KB   76/161 KB   40/150 KB   
68/461 KB   44/197 KB   104/161 KB   16/51 KB   52/150 KB   
64/461 KB   44/197 KB   100/161 KB   16/51 KB   52/150 KB   
80/461 KB   48/197 KB   108/161 KB   16/51 KB   56/150 KB   
84/461 KB   48/197 KB   108/161 KB   16/51 KB   56/150 KB   
48/461 KB   44/197 KB   96/161 KB   16/51 KB   44/150 KB   
88/461 KB   48/197 KB   108/161 KB   16/51 KB   60/150 KB   
92/461 KB   48/197 KB   108/161 KB   16/51 KB   60/150 KB   
96/461 KB   48/197 KB   108/161 KB   16/51 KB   60/150 KB   
96/461 KB   48/197 KB   108/161 KB   20/51 KB   60/150 KB   
96/461 KB   48/197 KB   108/161 KB   24/51 KB   60/150 KB   
100/461 KB   48/197 KB   108/161 KB   24/51 KB   60/150 KB   
84/461 KB   48/197 KB   108/161 KB   16/51 KB   60/150 KB   
104/461 KB   48/197 KB   108/161 KB   28/51 KB   60/150 KB   
104/461 KB   48/197 KB   108/161 KB   28/51 KB   64/150 KB   
108/461 KB   48/197 KB   108/161 KB   28/51 KB   64/150 KB   
80/461 KB   48/197 KB   108/161 KB   16/51 KB   56/150 KB   
80/461 KB   48/197 KB   104/161 KB   16/51 KB   52/150 KB   
112/461 KB   48/197 KB   108/161 KB   28/51 KB   64/150 KB   
112/461 KB   48/197 KB   112/161 KB   28/51 KB   64/150 KB   
116/461 KB   48/197 KB   112/161 KB   28/51 KB   64/150 KB   
100/461 KB   48/197 KB   108/161 KB   28/51 KB   60/150 KB   
120/461 KB   52/197 KB   112/161 KB   28/51 KB   68/150 KB   
124/461 KB   52/197 KB   112/161 KB   32/51 KB   68/150 KB   
124/461 KB   52/197 KB   116/161 KB   32/51 KB   68/150 KB   
116/461 KB   52/197 KB   112/161 KB   28/51 KB   68/150 KB   
116/461 KB   48/197 KB   112/161 KB   28/51 KB   68/150 KB   
128/461 KB   56/197 KB   120/161 KB   32/51 KB   68/150 KB   
128/461 KB   56/197 KB   120/161 KB   32/51 KB   72/150 KB   
128/461 KB   60/197 KB   120/161 KB   32/51 KB   72/150 KB   
128/461 KB   60/197 KB   120/161 KB   32/51 KB   76/150 KB   
128/461 KB   64/197 KB   120/161 KB   32/51 KB   76/150 KB   
128/461 KB   64/197 KB   120/161 KB   32/51 KB   80/150 KB   
128/461 KB   52/197 KB   120/161 KB   32/51 KB   68/150 KB   
128/461 KB   52/197 KB   116/161 KB   32/51 KB   68/150 KB   
128/461 KB   64/197 KB   124/161 KB   32/51 KB   80/150 KB   
128/461 KB   64/197 KB   128/161 KB   32/51 KB   80/150 KB   
128/461 KB   68/197 KB   128/161 KB   32/51 KB   80/150 KB   
128/461 KB   72/197 KB   128/161 KB   32/51 KB   80/150 KB   
132/461 KB   76/197 KB   128/161 KB   32/51 KB   84/150 KB   
120/461 KB   52/197 KB   112/161 KB   32/51 KB   68/150 KB   
132/461 KB   80/197 KB   128/161 KB   32/51 KB   84/150 KB   
132/461 KB   76/197 KB   128/161 KB   32/51 KB   84/150 KB   
132/461 KB   80/197 KB   132/161 KB   32/51 KB   88/150 KB   
132/461 KB   80/197 KB   132/161 KB   32/51 KB   92/150 KB   
132/461 KB   80/197 KB   132/161 KB   32/51 KB   96/150 KB   
132/461 KB   84/197 KB   132/161 KB   32/51 KB   96/150 KB   
132/461 KB   88/197 KB   132/161 KB   36/51 KB   96/150 KB   
132/461 KB   92/197 KB   132/161 KB   36/51 KB   96/150 KB   
132/461 KB   96/197 KB   132/161 KB   36/51 KB   96/150 KB   
132/461 KB   96/197 KB   132/161 KB   36/51 KB   100/150 KB   
132/461 KB   96/197 KB   132/161 KB   36/51 KB   104/150 KB   
132/461 KB   96/197 KB   132/161 KB   36/51 KB   108/150 KB   
132/461 KB   96/197 KB   132/161 KB   36/51 KB   112/150 KB   
132/461 KB   96/197 KB   132/161 KB   36/51 KB   116/150 KB   
132/461 KB   96/197 KB   132/161 KB   36/51 KB   120/150 KB   
132/461 KB   72/197 KB   128/161 KB   32/51 KB   80/150 KB   
132/461 KB   84/197 KB   132/161 KB   36/51 KB   96/150 KB   
132/461 KB   80/197 KB   132/161 KB   32/51 KB   84/150 KB   
136/461 KB   96/197 KB   132/161 KB   36/51 KB   124/150 KB   
136/461 KB   96/197 KB   132/161 KB   40/51 KB   124/150 KB   
136/461 KB   100/197 KB   132/161 KB   40/51 KB   128/150 KB   
136/461 KB   100/197 KB   132/161 KB   40/51 KB   128/150 KB   
136/461 KB   96/197 KB   132/161 KB   36/51 KB   120/150 KB   
136/461 KB   100/197 KB   136/161 KB   40/51 KB   128/150 KB   
140/461 KB   104/197 KB   136/161 KB   44/51 KB   128/150 KB   
140/461 KB   104/197 KB   136/161 KB   40/51 KB   128/150 KB   
144/461 KB   104/197 KB   140/161 KB   44/51 KB   128/150 KB   
144/461 KB   104/197 KB   140/161 KB   48/51 KB   128/150 KB   
136/461 KB   104/197 KB   136/161 KB   40/51 KB   128/150 KB   
140/461 KB   104/197 KB   140/161 KB   44/51 KB   128/150 KB   
144/461 KB   108/197 KB   140/161 KB   48/51 KB   128/150 KB   
144/461 KB   108/197 KB   140/161 KB   51/51 KB   128/150 KB   
148/461 KB   112/197 KB   144/161 KB   51/51 KB   128/150 KB   
152/461 KB   112/197 KB   144/161 KB   51/51 KB   128/150 KB   
156/461 KB   112/197 KB   144/161 KB   51/51 KB   128/150 KB   
160/461 KB   112/197 KB   144/161 KB   51/51 KB   128/150 KB   
144/461 KB   108/197 KB   144/161 KB   51/51 KB   128/150 KB   
144/461 KB   112/197 KB   144/161 KB   51/51 KB   128/150 KB   
164/461 KB   112/197 KB   144/161 KB   51/51 KB   128/150 KB   
168/461 KB   112/197 KB   144/161 KB   51/51 KB   128/150 KB   
172/461 KB   112/197 KB   144/161 KB   51/51 KB   128/150 KB   
176/461 KB   112/197 KB   144/161 KB   51/51 KB   128/150 KB   
176/461 KB   116/197 KB   144/161 KB   51/51 KB   128/150 KB   
176/461 KB   116/197 KB   148/161 KB   51/51 KB   128/150 KB   
176/461 KB   120/197 KB   148/161 KB   51/51 KB   132/150 KB   
176/461 KB   120/197 KB   152/161 KB   51/51 KB   132/150 KB   
176/461 KB   116/197 KB   148/161 KB   51/51 KB   132/150 KB   
176/461 KB   124/197 KB   152/161 KB   51/51 KB   132/150 KB   
176/461 KB   128/197 KB   156/161 KB   51/51 KB   132/150 KB   
176/461 KB   128/197 KB   156/161 KB   51/51 KB   132/150 KB   
180/461 KB   128/197 KB   156/161 KB   51/51 KB   136/150 KB   
180/461 KB   128/197 KB   156/161 KB   51/51 KB   132/150 KB   
180/461 KB   128/197 KB   160/161 KB   51/51 KB   136/150 KB   
180/461 KB   128/197 KB   160/161 KB   51/51 KB   140/150 KB   
184/461 KB   128/197 KB   160/161 KB   51/51 KB   140/150 KB   
184/461 KB   128/197 KB   160/161 KB   51/51 KB   144/150 KB   
188/461 KB   128/197 KB   160/161 KB   51/51 KB   144/150 KB   
192/461 KB   128/197 KB   160/161 KB   51/51 KB   144/150 KB   
192/461 KB   128/197 KB   161/161 KB   51/51 KB   144/150 KB   
192/461 KB   132/197 KB   161/161 KB   51/51 KB   144/150 KB   
192/461 KB   136/197 KB   161/161 KB   51/51 KB   144/150 KB   
192/461 KB   140/197 KB   161/161 KB   51/51 KB   144/150 KB   
192/461 KB   140/197 KB   161/161 KB   51/51 KB   148/150 KB   
192/461 KB   144/197 KB   161/161 KB   51/51 KB   150/150 KB   
196/461 KB   144/197 KB   161/161 KB   51/51 KB   150/150 KB   
200/461 KB   144/197 KB   161/161 KB   51/51 KB   150/150 KB   
204/461 KB   144/197 KB   161/161 KB   51/51 KB   150/150 KB   
208/461 KB   144/197 KB   161/161 KB   51/51 KB   150/150 KB   
212/461 KB   144/197 KB   161/161 KB   51/51 KB   150/150 KB   
216/461 KB   144/197 KB   161/161 KB   51/51 KB   150/150 KB   
220/461 KB   144/197 KB   161/161 KB   51/51 KB   150/150 KB   
224/461 KB   144/197 KB   161/161 KB   51/51 KB   150/150 KB   
192/461 KB   144/197 KB   161/161 KB   51/51 KB   148/150 KB   
                                                               
Downloaded: https://repo.maven.apache.org/maven2/org/apache/maven/maven-model/3.0/maven-model-3.0.jar (161 KB at 2061.9 KB/sec)
                                                               
228/461 KB   144/197 KB   161/161 KB   51/51 KB   150/150 KB   
                                                               
Downloaded: https://repo.maven.apache.org/maven2/org/sonatype/sisu/sisu-inject-bean/1.4.2/sisu-inject-bean-1.4.2.jar (150 KB at 1940.3 KB/sec)
Downloading: https://repo.maven.apache.org/maven2/org/codehaus/plexus/plexus-utils/2.0.4/plexus-utils-2.0.4.jar
232/461 KB   148/197 KB   
232/461 KB   152/197 KB   
232/461 KB   156/197 KB   
232/461 KB   160/197 KB   
Downloaded: https://repo.maven.apache.org/maven2/org/apache/maven/maven-artifact/3.0/maven-artifact-3.0.jar (51 KB at 667.0 KB/sec)
232/461 KB   144/197 KB                                        
Downloading: https://repo.maven.apache.org/maven2/org/apache/maven/maven-settings/3.0/maven-settings-3.0.jar
232/461 KB   164/197 KB   
236/461 KB   164/197 KB   
Downloading: https://repo.maven.apache.org/maven2/org/apache/maven/maven-core/3.0/maven-core-3.0.jar
240/461 KB   168/197 KB   
236/461 KB   168/197 KB   
240/461 KB   172/197 KB   
240/461 KB   176/197 KB   
244/461 KB   176/197 KB   
248/461 KB   176/197 KB   
248/461 KB   180/197 KB   
252/461 KB   180/197 KB   
252/461 KB   184/197 KB   
252/461 KB   188/197 KB   
256/461 KB   188/197 KB   
256/461 KB   192/197 KB   
256/461 KB   196/197 KB   
256/461 KB   197/197 KB   
260/461 KB   197/197 KB   
264/461 KB   197/197 KB   
268/461 KB   197/197 KB   
272/461 KB   197/197 KB   
276/461 KB   197/197 KB   
280/461 KB   197/197 KB   
284/461 KB   197/197 KB   
288/461 KB   197/197 KB   
292/461 KB   197/197 KB   
296/461 KB   197/197 KB   
300/461 KB   197/197 KB   
304/461 KB   197/197 KB   
308/461 KB   197/197 KB   
312/461 KB   197/197 KB   
316/461 KB   197/197 KB   
320/461 KB   197/197 KB   
324/461 KB   197/197 KB   
328/461 KB   197/197 KB   
332/461 KB   197/197 KB   
336/461 KB   197/197 KB   
340/461 KB   197/197 KB   
344/461 KB   197/197 KB   
348/461 KB   197/197 KB   
352/461 KB   197/197 KB   
352/461 KB   197/197 KB   4/46 KB   
352/461 KB   197/197 KB   8/46 KB   
352/461 KB   197/197 KB   12/46 KB   
352/461 KB   197/197 KB   16/46 KB   
356/461 KB   197/197 KB   16/46 KB   
                                     
360/461 KB   197/197 KB   16/46 KB   
Downloaded: https://repo.maven.apache.org/maven2/org/sonatype/sisu/sisu-inject-plexus/1.4.2/sisu-inject-plexus-1.4.2.jar (197 KB at 2118.2 KB/sec)
Downloading: https://repo.maven.apache.org/maven2/org/apache/maven/maven-settings-builder/3.0/maven-settings-builder-3.0.jar
364/461 KB   16/46 KB                
368/461 KB   16/46 KB   
368/461 KB   4/217 KB   16/46 KB   
368/461 KB   8/217 KB   16/46 KB   
368/461 KB   8/217 KB   20/46 KB   
372/461 KB   12/217 KB   20/46 KB   
372/461 KB   12/217 KB   24/46 KB   
372/461 KB   12/217 KB   20/46 KB   
376/461 KB   12/217 KB   28/46 KB   
376/461 KB   12/217 KB   24/46 KB   
376/461 KB   16/217 KB   32/46 KB   
376/461 KB   16/217 KB   28/46 KB   
380/461 KB   16/217 KB   32/46 KB   4/515 KB   
384/461 KB   16/217 KB   32/46 KB   4/515 KB   
376/461 KB   16/217 KB   32/46 KB   4/515 KB   
384/461 KB   16/217 KB   32/46 KB   8/515 KB   
388/461 KB   16/217 KB   32/46 KB   8/515 KB   
388/461 KB   16/217 KB   32/46 KB   12/515 KB   
392/461 KB   16/217 KB   32/46 KB   12/515 KB   
392/461 KB   16/217 KB   32/46 KB   16/515 KB   
396/461 KB   16/217 KB   32/46 KB   16/515 KB   
400/461 KB   16/217 KB   32/46 KB   16/515 KB   
400/461 KB   20/217 KB   32/46 KB   16/515 KB   
400/461 KB   20/217 KB   36/46 KB   16/515 KB   
400/461 KB   20/217 KB   40/46 KB   16/515 KB   
400/461 KB   24/217 KB   40/46 KB   16/515 KB   
400/461 KB   24/217 KB   44/46 KB   16/515 KB   
400/461 KB   28/217 KB   44/46 KB   16/515 KB   
400/461 KB   28/217 KB   46/46 KB   16/515 KB   
400/461 KB   32/217 KB   46/46 KB   16/515 KB   
400/461 KB   32/217 KB   46/46 KB   20/515 KB   
404/461 KB   32/217 KB   46/46 KB   20/515 KB   
404/461 KB   32/217 KB   46/46 KB   24/515 KB   
408/461 KB   32/217 KB   46/46 KB   24/515 KB   
408/461 KB   32/217 KB   46/46 KB   28/515 KB   
412/461 KB   32/217 KB   46/46 KB   28/515 KB   
412/461 KB   32/217 KB   46/46 KB   32/515 KB   
416/461 KB   32/217 KB   46/46 KB   32/515 KB   
416/461 KB   36/217 KB   46/46 KB   32/515 KB   
416/461 KB   40/217 KB   46/46 KB   32/515 KB   
420/461 KB   40/217 KB   46/46 KB   32/515 KB   
420/461 KB   44/217 KB   46/46 KB   32/515 KB   
424/461 KB   44/217 KB   46/46 KB   32/515 KB   
424/461 KB   44/217 KB   46/46 KB   36/515 KB   
428/461 KB   48/217 KB   46/46 KB   36/515 KB   
424/461 KB   48/217 KB   46/46 KB   36/515 KB   
428/461 KB   48/217 KB   46/46 KB   40/515 KB   
432/461 KB   48/217 KB   46/46 KB   40/515 KB   
432/461 KB   48/217 KB   46/46 KB   44/515 KB   
432/461 KB   48/217 KB   46/46 KB   48/515 KB   
432/461 KB   52/217 KB   46/46 KB   48/515 KB   
432/461 KB   56/217 KB   46/46 KB   48/515 KB   
432/461 KB   60/217 KB   46/46 KB   48/515 KB   
432/461 KB   64/217 KB   46/46 KB   48/515 KB   
436/461 KB   64/217 KB   46/46 KB   48/515 KB   
440/461 KB   64/217 KB   46/46 KB   48/515 KB   
444/461 KB   64/217 KB   46/46 KB   48/515 KB   
448/461 KB   64/217 KB   46/46 KB   48/515 KB   
448/461 KB   64/217 KB   46/46 KB   52/515 KB   
448/461 KB   64/217 KB   46/46 KB   56/515 KB   
452/461 KB   64/217 KB   46/46 KB   60/515 KB   
452/461 KB   64/217 KB   46/46 KB   60/515 KB   
452/461 KB   64/217 KB   46/46 KB   64/515 KB   
456/461 KB   64/217 KB   46/46 KB   64/515 KB   
460/461 KB   64/217 KB   46/46 KB   64/515 KB   
460/461 KB   68/217 KB   46/46 KB   64/515 KB   
461/461 KB   68/217 KB   46/46 KB   64/515 KB   
461/461 KB   72/217 KB   46/46 KB   64/515 KB   
461/461 KB   76/217 KB   46/46 KB   64/515 KB   
461/461 KB   80/217 KB   46/46 KB   64/515 KB   
461/461 KB   80/217 KB   46/46 KB   68/515 KB   
461/461 KB   84/217 KB   46/46 KB   68/515 KB   
461/461 KB   84/217 KB   46/46 KB   72/515 KB   
461/461 KB   88/217 KB   46/46 KB   72/515 KB   
461/461 KB   88/217 KB   46/46 KB   72/515 KB   4/37 KB   
461/461 KB   92/217 KB   46/46 KB   76/515 KB   4/37 KB   
461/461 KB   92/217 KB   46/46 KB   80/515 KB   8/37 KB   
461/461 KB   92/217 KB   46/46 KB   80/515 KB   12/37 KB   
461/461 KB   92/217 KB   46/46 KB   76/515 KB   4/37 KB   
461/461 KB   92/217 KB   46/46 KB   80/515 KB   8/37 KB   
461/461 KB   92/217 KB   46/46 KB   80/515 KB   16/37 KB   
461/461 KB   96/217 KB   46/46 KB   80/515 KB   16/37 KB   
461/461 KB   100/217 KB   46/46 KB   80/515 KB   16/37 KB   
461/461 KB   100/217 KB   46/46 KB   80/515 KB   20/37 KB   
461/461 KB   100/217 KB   46/46 KB   80/515 KB   24/37 KB   
461/461 KB   104/217 KB   46/46 KB   80/515 KB   24/37 KB   
461/461 KB   108/217 KB   46/46 KB   80/515 KB   28/37 KB   
461/461 KB   112/217 KB   46/46 KB   80/515 KB   28/37 KB   
                                                            
Downloaded: https://repo.maven.apache.org/maven2/org/apache/maven/maven-settings/3.0/maven-settings-3.0.jar (46 KB at 438.2 KB/sec)
Downloading: https://repo.maven.apache.org/maven2/org/apache/maven/maven-repository-metadata/3.0/maven-repository-metadata-3.0.jar
461/461 KB   104/217 KB   46/46 KB   80/515 KB   28/37 KB   
461/461 KB   112/217 KB   84/515 KB   32/37 KB              
461/461 KB   116/217 KB   84/515 KB   32/37 KB   
461/461 KB   116/217 KB   88/515 KB   32/37 KB   
461/461 KB   120/217 KB   88/515 KB   32/37 KB   
461/461 KB   112/217 KB   84/515 KB   32/37 KB   
461/461 KB   120/217 KB   92/515 KB   32/37 KB   
461/461 KB   124/217 KB   92/515 KB   32/37 KB   
461/461 KB   124/217 KB   96/515 KB   32/37 KB   
461/461 KB   128/217 KB   96/515 KB   32/37 KB   
461/461 KB   128/217 KB   96/515 KB   36/37 KB   
461/461 KB   128/217 KB   96/515 KB   37/37 KB   
461/461 KB   128/217 KB   100/515 KB   37/37 KB   
461/461 KB   128/217 KB   104/515 KB   37/37 KB   
461/461 KB   128/217 KB   108/515 KB   37/37 KB   
461/461 KB   128/217 KB   112/515 KB   37/37 KB   
461/461 KB   132/217 KB   112/515 KB   37/37 KB   
461/461 KB   136/217 KB   112/515 KB   37/37 KB   
461/461 KB   140/217 KB   112/515 KB   37/37 KB   
461/461 KB   144/217 KB   112/515 KB   37/37 KB   
461/461 KB   144/217 KB   116/515 KB   37/37 KB   
461/461 KB   144/217 KB   120/515 KB   37/37 KB   
461/461 KB   144/217 KB   124/515 KB   37/37 KB   
                                                  
144/217 KB   128/515 KB   37/37 KB                
Downloaded: https://repo.maven.apache.org/maven2/org/sonatype/sisu/sisu-guice/2.1.7/sisu-guice-2.1.7-noaop.jar (461 KB at 4188.0 KB/sec)
Downloading: https://repo.maven.apache.org/maven2/org/apache/maven/maven-model-builder/3.0/maven-model-builder-3.0.jar
148/217 KB   128/515 KB   37/37 KB   
152/217 KB   128/515 KB   37/37 KB   
156/217 KB   128/515 KB   37/37 KB   
160/217 KB   128/515 KB   37/37 KB   
164/217 KB   128/515 KB   37/37 KB   
164/217 KB   132/515 KB   37/37 KB   
168/217 KB   132/515 KB   37/37 KB   
168/217 KB   136/515 KB   37/37 KB   
172/217 KB   136/515 KB   37/37 KB   
172/217 KB   140/515 KB   37/37 KB   
176/217 KB   140/515 KB   37/37 KB   
176/217 KB   144/515 KB   37/37 KB   
180/217 KB   148/515 KB   37/37 KB   
180/217 KB   148/515 KB   37/37 KB   
180/217 KB   152/515 KB   37/37 KB   
184/217 KB   152/515 KB   37/37 KB   
184/217 KB   156/515 KB   37/37 KB   
188/217 KB   156/515 KB   37/37 KB   
188/217 KB   160/515 KB   37/37 KB   
192/217 KB   160/515 KB   37/37 KB   
196/217 KB   160/515 KB   37/37 KB   
                                     
200/217 KB   164/515 KB   
200/217 KB   168/515 KB   
200/217 KB   172/515 KB   
200/217 KB   176/515 KB   
200/217 KB   160/515 KB              
204/217 KB   176/515 KB   
208/217 KB   176/515 KB   
208/217 KB   180/515 KB   
4/30 KB   208/217 KB   180/515 KB   
4/30 KB   208/217 KB   184/515 KB   
8/30 KB   208/217 KB   184/515 KB   
8/30 KB   208/217 KB   188/515 KB   
12/30 KB   212/217 KB   188/515 KB   
12/30 KB   216/217 KB   192/515 KB   
12/30 KB   216/217 KB   192/515 KB   
12/30 KB   217/217 KB   192/515 KB   
Downloaded: https://repo.maven.apache.org/maven2/org/apache/maven/maven-settings-builder/3.0/maven-settings-builder-3.0.jar (37 KB at 320.8 KB/sec)
Downloading: https://repo.maven.apache.org/maven2/org/apache/maven/maven-aether-provider/3.0/maven-aether-provider-3.0.jar
12/30 KB   212/217 KB   188/515 KB   
12/30 KB   217/217 KB   196/515 KB   
12/30 KB   217/217 KB   200/515 KB   
16/30 KB   217/217 KB   204/515 KB   
16/30 KB   217/217 KB   208/515 KB   
16/30 KB   217/217 KB   4/145 KB   208/515 KB   
16/30 KB   217/217 KB   8/145 KB   208/515 KB   
16/30 KB   217/217 KB   12/145 KB   208/515 KB   
16/30 KB   217/217 KB   16/145 KB   208/515 KB   
16/30 KB   217/217 KB   200/515 KB   
16/30 KB   217/217 KB   20/145 KB   208/515 KB   
16/30 KB   217/217 KB   24/145 KB   208/515 KB   
20/30 KB   217/217 KB   24/145 KB   208/515 KB   
20/30 KB   217/217 KB   28/145 KB   208/515 KB   
24/30 KB   217/217 KB   28/145 KB   208/515 KB   
24/30 KB   217/217 KB   32/145 KB   212/515 KB   
28/30 KB   217/217 KB   32/145 KB   212/515 KB   
28/30 KB   217/217 KB   32/145 KB   216/515 KB   
30/30 KB   217/217 KB   32/145 KB   216/515 KB   
24/30 KB   217/217 KB   32/145 KB   208/515 KB   
30/30 KB   217/217 KB   32/145 KB   220/515 KB   
30/30 KB   217/217 KB   32/145 KB   224/515 KB   
30/30 KB   217/217 KB   36/145 KB   224/515 KB   
30/30 KB   217/217 KB   40/145 KB   224/515 KB   
30/30 KB   217/217 KB   44/145 KB   224/515 KB   
30/30 KB   217/217 KB   48/145 KB   224/515 KB   
30/30 KB   217/217 KB   48/145 KB   228/515 KB   
30/30 KB   217/217 KB   48/145 KB   232/515 KB   
30/30 KB   217/217 KB   48/145 KB   236/515 KB   
30/30 KB   217/217 KB   48/145 KB   240/515 KB   
30/30 KB   217/217 KB   52/145 KB   240/515 KB   
30/30 KB   217/217 KB   56/145 KB   240/515 KB   
30/30 KB   217/217 KB   60/145 KB   240/515 KB   
30/30 KB   217/217 KB   64/145 KB   240/515 KB   
30/30 KB   217/217 KB   64/145 KB   244/515 KB   
30/30 KB   217/217 KB   64/145 KB   248/515 KB   
30/30 KB   217/217 KB   64/145 KB   252/515 KB   
30/30 KB   217/217 KB   68/145 KB   252/515 KB   
30/30 KB   217/217 KB   68/145 KB   256/515 KB   
30/30 KB   217/217 KB   72/145 KB   256/515 KB   
30/30 KB   217/217 KB   76/145 KB   256/515 KB   
30/30 KB   217/217 KB   80/145 KB   256/515 KB   
30/30 KB   217/217 KB   80/145 KB   260/515 KB   
30/30 KB   217/217 KB   80/145 KB   264/515 KB   
30/30 KB   217/217 KB   80/145 KB   268/515 KB   
30/30 KB   217/217 KB   80/145 KB   272/515 KB   
                                                 
Downloaded: https://repo.maven.apache.org/maven2/org/codehaus/plexus/plexus-utils/2.0.4/plexus-utils-2.0.4.jar (217 KB at 1694.8 KB/sec)
Downloading: https://repo.maven.apache.org/maven2/org/sonatype/aether/aether-impl/1.7/aether-impl-1.7.jar
30/30 KB   84/145 KB   272/515 KB                
30/30 KB   88/145 KB   272/515 KB   
30/30 KB   92/145 KB   272/515 KB   
30/30 KB   92/145 KB   272/515 KB   3/50 KB   
30/30 KB   96/145 KB   272/515 KB   3/50 KB   
30/30 KB   96/145 KB   272/515 KB   6/50 KB   
30/30 KB   96/145 KB   272/515 KB   9/50 KB   
30/30 KB   96/145 KB   272/515 KB   11/50 KB   
30/30 KB   100/145 KB   272/515 KB   11/50 KB   
100/145 KB   276/515 KB   14/50 KB              
100/145 KB   280/515 KB   14/50 KB   
                                                
30/30 KB   100/145 KB   272/515 KB   14/50 KB   
104/145 KB   284/515 KB   14/50 KB   
Downloaded: https://repo.maven.apache.org/maven2/org/apache/maven/maven-repository-metadata/3.0/maven-repository-metadata-3.0.jar (30 KB at 224.3 KB/sec)
Downloading: https://repo.maven.apache.org/maven2/org/sonatype/aether/aether-spi/1.7/aether-spi-1.7.jar
104/145 KB   288/515 KB   14/50 KB   
104/145 KB   288/515 KB   16/50 KB   
104/145 KB   280/515 KB   14/50 KB   
108/145 KB   288/515 KB   16/50 KB   
112/145 KB   288/515 KB   19/50 KB   
108/145 KB   288/515 KB   19/50 KB   
112/145 KB   288/515 KB   22/50 KB   
112/145 KB   292/515 KB   22/50 KB   
116/145 KB   292/515 KB   22/50 KB   
116/145 KB   292/515 KB   25/50 KB   
120/145 KB   292/515 KB   25/50 KB   
124/145 KB   292/515 KB   25/50 KB   
128/145 KB   296/515 KB   25/50 KB   
124/145 KB   296/515 KB   25/50 KB   
128/145 KB   300/515 KB   25/50 KB   
128/145 KB   300/515 KB   27/50 KB   
128/145 KB   304/515 KB   27/50 KB   
128/145 KB   304/515 KB   30/50 KB   
132/145 KB   304/515 KB   30/50 KB   
136/145 KB   304/515 KB   30/50 KB   
136/145 KB   304/515 KB   32/50 KB   
140/145 KB   304/515 KB   32/50 KB   
144/145 KB   304/515 KB   32/50 KB   
145/145 KB   304/515 KB   32/50 KB   
145/145 KB   308/515 KB   32/50 KB   
145/145 KB   312/515 KB   32/50 KB   
145/145 KB   316/515 KB   32/50 KB   
145/145 KB   320/515 KB   32/50 KB   
145/145 KB   320/515 KB   36/50 KB   
145/145 KB   320/515 KB   40/50 KB   
145/145 KB   320/515 KB   44/50 KB   
145/145 KB   320/515 KB   48/50 KB   
145/145 KB   320/515 KB   50/50 KB   
145/145 KB   324/515 KB   50/50 KB   
145/145 KB   328/515 KB   50/50 KB   
145/145 KB   332/515 KB   50/50 KB   
145/145 KB   336/515 KB   50/50 KB   
145/145 KB   340/515 KB   50/50 KB   
145/145 KB   344/515 KB   50/50 KB   
145/145 KB   348/515 KB   50/50 KB   
145/145 KB   352/515 KB   50/50 KB   
4/104 KB   145/145 KB   352/515 KB   50/50 KB   
8/104 KB   145/145 KB   352/515 KB   50/50 KB   
12/104 KB   145/145 KB   352/515 KB   50/50 KB   
16/104 KB   145/145 KB   356/515 KB   50/50 KB   
16/104 KB   145/145 KB   356/515 KB   50/50 KB   
16/104 KB   145/145 KB   360/515 KB   50/50 KB   
16/104 KB   145/145 KB   364/515 KB   50/50 KB   
16/104 KB   145/145 KB   368/515 KB   50/50 KB   
20/104 KB   145/145 KB   368/515 KB   50/50 KB   
24/104 KB   145/145 KB   368/515 KB   50/50 KB   
28/104 KB   145/145 KB   368/515 KB   50/50 KB   
32/104 KB   145/145 KB   368/515 KB   50/50 KB   
32/104 KB   145/145 KB   4/14 KB   368/515 KB   50/50 KB   
32/104 KB   145/145 KB   4/14 KB   372/515 KB   50/50 KB   
32/104 KB   145/145 KB   4/14 KB   376/515 KB   50/50 KB   
32/104 KB   145/145 KB   8/14 KB   376/515 KB   50/50 KB   
32/104 KB   145/145 KB   8/14 KB   380/515 KB   50/50 KB   
32/104 KB   145/145 KB   12/14 KB   380/515 KB   50/50 KB   
32/104 KB   145/145 KB   12/14 KB   384/515 KB   50/50 KB   
32/104 KB   145/145 KB   14/14 KB   384/515 KB   50/50 KB   
36/104 KB   145/145 KB   14/14 KB   384/515 KB   50/50 KB   
40/104 KB   145/145 KB   14/14 KB   384/515 KB   50/50 KB   
44/104 KB   145/145 KB   14/14 KB   384/515 KB   50/50 KB   
48/104 KB   145/145 KB   14/14 KB   384/515 KB   50/50 KB   
48/104 KB   145/145 KB   14/14 KB   388/515 KB   50/50 KB   
48/104 KB   145/145 KB   14/14 KB   392/515 KB   50/50 KB   
48/104 KB   145/145 KB   14/14 KB   396/515 KB   50/50 KB   
48/104 KB   145/145 KB   14/14 KB   400/515 KB   50/50 KB   
52/104 KB   145/145 KB   14/14 KB   400/515 KB   50/50 KB   
56/104 KB   145/145 KB   14/14 KB   400/515 KB   50/50 KB   
60/104 KB   145/145 KB   14/14 KB   400/515 KB   50/50 KB   
64/104 KB   145/145 KB   14/14 KB   400/515 KB   50/50 KB   
64/104 KB   145/145 KB   14/14 KB   404/515 KB   50/50 KB   
64/104 KB   145/145 KB   14/14 KB   408/515 KB   50/50 KB   
68/104 KB   145/145 KB   14/14 KB   408/515 KB   50/50 KB   
68/104 KB   145/145 KB   14/14 KB   412/515 KB   50/50 KB   
72/104 KB   145/145 KB   14/14 KB   412/515 KB   50/50 KB   
72/104 KB   145/145 KB   14/14 KB   416/515 KB   50/50 KB   
76/104 KB   145/145 KB   14/14 KB   416/515 KB   50/50 KB   
80/104 KB   145/145 KB   14/14 KB   416/515 KB   50/50 KB   
80/104 KB   145/145 KB   14/14 KB   420/515 KB   50/50 KB   
80/104 KB   145/145 KB   14/14 KB   424/515 KB   50/50 KB   
80/104 KB   145/145 KB   14/14 KB   428/515 KB              
                                                 
84/104 KB   145/145 KB   14/14 KB   428/515 KB   
84/104 KB   145/145 KB   14/14 KB   432/515 KB   
88/104 KB   145/145 KB   14/14 KB   432/515 KB   
Downloaded: https://repo.maven.apache.org/maven2/org/apache/maven/maven-aether-provider/3.0/maven-aether-provider-3.0.jar (50 KB at 342.4 KB/sec)
Downloading: https://repo.maven.apache.org/maven2/org/sonatype/aether/aether-api/1.7/aether-api-1.7.jar
92/104 KB   145/145 KB   14/14 KB   432/515 KB   
96/104 KB   145/145 KB   14/14 KB   432/515 KB   
100/104 KB   145/145 KB   14/14 KB   432/515 KB   
104/104 KB   145/145 KB   14/14 KB   432/515 KB   
104/104 KB   145/145 KB   14/14 KB   432/515 KB   
104/104 KB   145/145 KB   14/14 KB   436/515 KB   
104/104 KB   145/145 KB   14/14 KB   440/515 KB   
104/104 KB   145/145 KB   14/14 KB   444/515 KB   
104/104 KB   145/145 KB   14/14 KB   448/515 KB   
                                                  
Downloaded: https://repo.maven.apache.org/maven2/org/apache/maven/maven-model-builder/3.0/maven-model-builder-3.0.jar (145 KB at 969.8 KB/sec)
Downloading: https://repo.maven.apache.org/maven2/org/sonatype/aether/aether-util/1.7/aether-util-1.7.jar
104/104 KB   14/14 KB   452/515 KB                
104/104 KB   14/14 KB   456/515 KB   
104/104 KB   14/14 KB   460/515 KB   
104/104 KB   14/14 KB   464/515 KB   
                                     
104/104 KB   468/515 KB              
Downloaded: https://repo.maven.apache.org/maven2/org/sonatype/aether/aether-spi/1.7/aether-spi-1.7.jar (14 KB at 88.2 KB/sec)
104/104 KB   472/515 KB   
Downloading: https://repo.maven.apache.org/maven2/org/codehaus/plexus/plexus-interpolation/1.14/plexus-interpolation-1.14.jar
104/104 KB   476/515 KB   
104/104 KB   480/515 KB   
104/104 KB   484/515 KB   
104/104 KB   488/515 KB   
104/104 KB   492/515 KB   
104/104 KB   496/515 KB   
104/104 KB   500/515 KB   
104/104 KB   504/515 KB   
104/104 KB   508/515 KB   
104/104 KB   512/515 KB   
104/104 KB   515/515 KB   
                          
Downloaded: https://repo.maven.apache.org/maven2/org/sonatype/aether/aether-impl/1.7/aether-impl-1.7.jar (104 KB at 669.6 KB/sec)
Downloading: https://repo.maven.apache.org/maven2/org/codehaus/plexus/plexus-classworlds/2.2.3/plexus-classworlds-2.2.3.jar
4/73 KB   515/515 KB      
8/73 KB   515/515 KB   
12/73 KB   515/515 KB   
16/73 KB   515/515 KB   
16/73 KB   515/515 KB   4/106 KB   
16/73 KB   515/515 KB   8/106 KB   
16/73 KB   515/515 KB   12/106 KB   
16/73 KB   515/515 KB   16/106 KB   
20/73 KB   515/515 KB   16/106 KB   
24/73 KB   515/515 KB   16/106 KB   
28/73 KB   515/515 KB   16/106 KB   
32/73 KB   515/515 KB   16/106 KB   
32/73 KB   515/515 KB   20/106 KB   
32/73 KB   515/515 KB   24/106 KB   
32/73 KB   515/515 KB   28/106 KB   
36/73 KB   515/515 KB   28/106 KB   
40/73 KB   515/515 KB   28/106 KB   
40/73 KB   515/515 KB   32/106 KB   
44/73 KB   515/515 KB   32/106 KB   
48/73 KB   515/515 KB   32/106 KB   
48/73 KB   515/515 KB   4/60 KB   32/106 KB   
48/73 KB   515/515 KB   8/60 KB   32/106 KB   
48/73 KB   515/515 KB   12/60 KB   32/106 KB   
48/73 KB   515/515 KB   16/60 KB   32/106 KB   
48/73 KB   515/515 KB   16/60 KB   36/106 KB   
48/73 KB   515/515 KB   16/60 KB   40/106 KB   
52/73 KB   515/515 KB   16/60 KB   40/106 KB   
56/73 KB   515/515 KB   16/60 KB   40/106 KB   
56/73 KB   515/515 KB   16/60 KB   44/106 KB   
60/73 KB   515/515 KB   16/60 KB   44/106 KB   
60/73 KB   515/515 KB   16/60 KB   48/106 KB   
64/73 KB   515/515 KB   16/60 KB   48/106 KB   
                                               
Downloaded: https://repo.maven.apache.org/maven2/org/apache/maven/maven-core/3.0/maven-core-3.0.jar (515 KB at 3177.1 KB/sec)
Downloading: https://repo.maven.apache.org/maven2/org/codehaus/plexus/plexus-component-annotations/1.6/plexus-component-annotations-1.6.jar
64/73 KB   20/60 KB   48/106 KB                
64/73 KB   24/60 KB   48/106 KB   
68/73 KB   24/60 KB   48/106 KB   
68/73 KB   28/60 KB   48/106 KB   
72/73 KB   28/60 KB   48/106 KB   
72/73 KB   32/60 KB   48/106 KB   
73/73 KB   32/60 KB   48/106 KB   
73/73 KB   32/60 KB   52/106 KB   
73/73 KB   32/60 KB   56/106 KB   
73/73 KB   32/60 KB   60/106 KB   
73/73 KB   32/60 KB   64/106 KB   
73/73 KB   36/60 KB   64/106 KB   
73/73 KB   40/60 KB   64/106 KB   
73/73 KB   3/46 KB   40/60 KB   68/106 KB   
73/73 KB   40/60 KB   68/106 KB   
73/73 KB   3/46 KB   40/60 KB   72/106 KB   
73/73 KB   3/46 KB   40/60 KB   76/106 KB   
73/73 KB   3/46 KB   40/60 KB   80/106 KB   
73/73 KB   5/46 KB   40/60 KB   80/106 KB   
73/73 KB   5/46 KB   44/60 KB   80/106 KB   
73/73 KB   8/46 KB   44/60 KB   80/106 KB   
73/73 KB   8/46 KB   48/60 KB   80/106 KB   
73/73 KB   11/46 KB   48/60 KB   80/106 KB   
73/73 KB   11/46 KB   48/60 KB   84/106 KB   
73/73 KB   13/46 KB   48/60 KB   84/106 KB   
73/73 KB   13/46 KB   48/60 KB   88/106 KB   
73/73 KB   13/46 KB   48/60 KB   92/106 KB   
73/73 KB   13/46 KB   48/60 KB   96/106 KB   
73/73 KB   16/46 KB   48/60 KB   96/106 KB   
73/73 KB   19/46 KB   48/60 KB   96/106 KB   
73/73 KB   19/46 KB   48/60 KB   100/106 KB   
73/73 KB   19/46 KB   48/60 KB   104/106 KB   
73/73 KB   19/46 KB   48/60 KB   106/106 KB   
73/73 KB   21/46 KB   48/60 KB   106/106 KB   
73/73 KB   24/46 KB   48/60 KB   106/106 KB   
73/73 KB   24/46 KB   52/60 KB   106/106 KB   
73/73 KB   24/46 KB   56/60 KB   106/106 KB   
73/73 KB   27/46 KB   56/60 KB   106/106 KB   
73/73 KB   27/46 KB   60/60 KB   106/106 KB   
73/73 KB   27/46 KB   60/60 KB   106/106 KB   
73/73 KB   29/46 KB   60/60 KB   106/106 KB   
73/73 KB   32/46 KB   60/60 KB   106/106 KB   
73/73 KB   36/46 KB   60/60 KB   106/106 KB   
73/73 KB   40/46 KB   60/60 KB   106/106 KB   
73/73 KB   44/46 KB   60/60 KB   106/106 KB   
73/73 KB   46/46 KB   60/60 KB   106/106 KB   
                                              
Downloaded: https://repo.maven.apache.org/maven2/org/sonatype/aether/aether-api/1.7/aether-api-1.7.jar (73 KB at 423.6 KB/sec)
Downloading: https://repo.maven.apache.org/maven2/org/apache/maven/shared/maven-shared-utils/3.1.0/maven-shared-utils-3.1.0.jar
46/46 KB   60/60 KB   3/5 KB   106/106 KB     
46/46 KB   60/60 KB   5/5 KB   106/106 KB   
                                            
Downloaded: https://repo.maven.apache.org/maven2/org/sonatype/aether/aether-util/1.7/aether-util-1.7.jar (106 KB at 605.9 KB/sec)
Downloading: https://repo.maven.apache.org/maven2/commons-io/commons-io/2.5/commons-io-2.5.jar
                                            
Downloaded: https://repo.maven.apache.org/maven2/org/codehaus/plexus/plexus-interpolation/1.14/plexus-interpolation-1.14.jar (60 KB at 340.8 KB/sec)
Downloading: https://repo.maven.apache.org/maven2/org/codehaus/plexus/plexus-java/0.9.2/plexus-java-0.9.2.jar
                                            
Downloaded: https://repo.maven.apache.org/maven2/org/codehaus/plexus/plexus-classworlds/2.2.3/plexus-classworlds-2.2.3.jar (46 KB at 251.5 KB/sec)
Downloading: https://repo.maven.apache.org/maven2/org/ow2/asm/asm/6.0_BETA/asm-6.0_BETA.jar
                                            
Downloaded: https://repo.maven.apache.org/maven2/org/codehaus/plexus/plexus-component-annotations/1.6/plexus-component-annotations-1.6.jar (5 KB at 23.0 KB/sec)
Downloading: https://repo.maven.apache.org/maven2/com/thoughtworks/qdox/qdox/2.0-M7/qdox-2.0-M7.jar
4/160 KB                                    
8/160 KB   
12/160 KB   
16/160 KB   
20/160 KB   
24/160 KB   
28/160 KB   
32/160 KB   
36/160 KB   
40/160 KB   
4/204 KB   40/160 KB   
4/204 KB   44/160 KB   
4/204 KB   48/160 KB   
8/204 KB   48/160 KB   
12/204 KB   48/160 KB   
16/204 KB   48/160 KB   
16/204 KB   52/160 KB   
16/204 KB   56/160 KB   
16/204 KB   60/160 KB   
16/204 KB   64/160 KB   
16/204 KB   4/31 KB   64/160 KB   
16/204 KB   8/31 KB   64/160 KB   
16/204 KB   12/31 KB   64/160 KB   
20/204 KB   12/31 KB   64/160 KB   
24/204 KB   12/31 KB   64/160 KB   
24/204 KB   16/31 KB   64/160 KB   
28/204 KB   16/31 KB   64/160 KB   
32/204 KB   16/31 KB   64/160 KB   
32/204 KB   16/31 KB   68/160 KB   
32/204 KB   16/31 KB   72/160 KB   
32/204 KB   16/31 KB   76/160 KB   
32/204 KB   16/31 KB   80/160 KB   
32/204 KB   20/31 KB   80/160 KB   
32/204 KB   24/31 KB   80/160 KB   
32/204 KB   28/31 KB   80/160 KB   
32/204 KB   31/31 KB   80/160 KB   
36/204 KB   31/31 KB   80/160 KB   
40/204 KB   31/31 KB   80/160 KB   
44/204 KB   31/31 KB   80/160 KB   
44/204 KB   31/31 KB   84/160 KB   
48/204 KB   31/31 KB   88/160 KB   
48/204 KB   31/31 KB   92/160 KB   
48/204 KB   31/31 KB   96/160 KB   
48/204 KB   31/31 KB   84/160 KB   
48/204 KB   31/31 KB   3/308 KB   96/160 KB   
48/204 KB   31/31 KB   3/308 KB   100/160 KB   
48/204 KB   31/31 KB   3/308 KB   104/160 KB   
48/204 KB   31/31 KB   3/308 KB   108/160 KB   
48/204 KB   31/31 KB   5/308 KB   108/160 KB   
48/204 KB   31/31 KB   5/308 KB   112/160 KB   
48/204 KB   31/31 KB   8/308 KB   112/160 KB   
48/204 KB   31/31 KB   8/308 KB   4/56 KB   112/160 KB   
48/204 KB   31/31 KB   11/308 KB   4/56 KB   112/160 KB   
48/204 KB   31/31 KB   11/308 KB   8/56 KB   112/160 KB   
48/204 KB   31/31 KB   11/308 KB   12/56 KB   112/160 KB   
48/204 KB   31/31 KB   11/308 KB   16/56 KB   112/160 KB   
48/204 KB   31/31 KB   11/308 KB   16/56 KB   116/160 KB   
48/204 KB   31/31 KB   11/308 KB   16/56 KB   120/160 KB   
48/204 KB   31/31 KB   13/308 KB   16/56 KB   120/160 KB   
48/204 KB   31/31 KB   13/308 KB   16/56 KB   124/160 KB   
48/204 KB   31/31 KB   13/308 KB   16/56 KB   128/160 KB   
48/204 KB   31/31 KB   16/308 KB   16/56 KB   128/160 KB   
48/204 KB   31/31 KB   19/308 KB   16/56 KB   128/160 KB   
48/204 KB   31/31 KB   19/308 KB   16/56 KB   132/160 KB   
48/204 KB   31/31 KB   19/308 KB   16/56 KB   136/160 KB   
52/204 KB   31/31 KB   19/308 KB   16/56 KB   136/160 KB   
52/204 KB   31/31 KB   19/308 KB   16/56 KB   140/160 KB   
56/204 KB   31/31 KB   21/308 KB   16/56 KB   140/160 KB   
52/204 KB   31/31 KB   21/308 KB   16/56 KB   140/160 KB   
56/204 KB   31/31 KB   21/308 KB   16/56 KB   144/160 KB   
60/204 KB   31/31 KB   21/308 KB   16/56 KB   144/160 KB   
60/204 KB   31/31 KB   21/308 KB   20/56 KB   144/160 KB   
64/204 KB   31/31 KB   21/308 KB   20/56 KB   144/160 KB   
64/204 KB   31/31 KB   21/308 KB   24/56 KB   144/160 KB   
64/204 KB   31/31 KB   21/308 KB   28/56 KB   144/160 KB   
64/204 KB   31/31 KB   24/308 KB   28/56 KB   144/160 KB   
64/204 KB   31/31 KB   24/308 KB   32/56 KB   144/160 KB   
64/204 KB   31/31 KB   27/308 KB   32/56 KB   144/160 KB   
64/204 KB   31/31 KB   27/308 KB   32/56 KB   148/160 KB   
64/204 KB   31/31 KB   27/308 KB   32/56 KB   152/160 KB   
64/204 KB   31/31 KB   27/308 KB   32/56 KB   156/160 KB   
64/204 KB   31/31 KB   29/308 KB   32/56 KB   156/160 KB   
64/204 KB   31/31 KB   29/308 KB   32/56 KB   160/160 KB   
68/204 KB   31/31 KB   29/308 KB   32/56 KB   160/160 KB   
68/204 KB   31/31 KB   29/308 KB   32/56 KB   160/160 KB   
72/204 KB   31/31 KB   29/308 KB   32/56 KB   160/160 KB   
76/204 KB   31/31 KB   29/308 KB   32/56 KB   160/160 KB   
76/204 KB   31/31 KB   32/308 KB   32/56 KB   160/160 KB   
80/204 KB   31/31 KB   32/308 KB   36/56 KB   160/160 KB   
76/204 KB   31/31 KB   32/308 KB   36/56 KB   160/160 KB   
80/204 KB   31/31 KB   32/308 KB   40/56 KB   160/160 KB   
80/204 KB   31/31 KB   32/308 KB   44/56 KB   160/160 KB   
80/204 KB   31/31 KB   32/308 KB   48/56 KB   160/160 KB   
80/204 KB   31/31 KB   36/308 KB   48/56 KB   160/160 KB   
80/204 KB   31/31 KB   40/308 KB   48/56 KB   160/160 KB   
80/204 KB   31/31 KB   44/308 KB   48/56 KB   160/160 KB   
80/204 KB   31/31 KB   48/308 KB   48/56 KB   160/160 KB   
84/204 KB   31/31 KB   48/308 KB   48/56 KB   160/160 KB   
88/204 KB   31/31 KB   48/308 KB   48/56 KB   160/160 KB   
92/204 KB   31/31 KB   48/308 KB   48/56 KB   160/160 KB   
96/204 KB   31/31 KB   48/308 KB   48/56 KB   160/160 KB   
96/204 KB   31/31 KB   52/308 KB   48/56 KB   160/160 KB   
96/204 KB   52/308 KB   52/56 KB   160/160 KB              
96/204 KB   56/308 KB   52/56 KB   160/160 KB   
96/204 KB   56/308 KB   56/56 KB   160/160 KB   
96/204 KB   60/308 KB   56/56 KB   160/160 KB   
96/204 KB   64/308 KB   56/56 KB   160/160 KB   
                                                           
Downloaded: https://repo.maven.apache.org/maven2/org/codehaus/plexus/plexus-java/0.9.2/plexus-java-0.9.2.jar (31 KB at 153.8 KB/sec)
Downloading: https://repo.maven.apache.org/maven2/org/codehaus/plexus/plexus-compiler-api/2.8.2/plexus-compiler-api-2.8.2.jar
100/204 KB   64/308 KB   56/56 KB   160/160 KB   
104/204 KB   64/308 KB   56/56 KB   160/160 KB   
108/204 KB   64/308 KB   56/56 KB   160/160 KB   
108/204 KB   68/308 KB   56/56 KB   160/160 KB   
112/204 KB   68/308 KB   56/56 KB   160/160 KB   
112/204 KB   72/308 KB   56/56 KB   160/160 KB   
112/204 KB   76/308 KB   56/56 KB   160/160 KB   
112/204 KB   80/308 KB   56/56 KB   160/160 KB   
116/204 KB   80/308 KB   56/56 KB   160/160 KB   
120/204 KB   80/308 KB   56/56 KB   160/160 KB   
120/204 KB   84/308 KB   56/56 KB   160/160 KB   
124/204 KB   84/308 KB   56/56 KB   160/160 KB   
124/204 KB   88/308 KB   56/56 KB   160/160 KB   
128/204 KB   88/308 KB   56/56 KB   160/160 KB   
128/204 KB   92/308 KB   56/56 KB   160/160 KB   
128/204 KB   96/308 KB   56/56 KB   160/160 KB   
132/204 KB   96/308 KB   56/56 KB   160/160 KB   
136/204 KB   96/308 KB   56/56 KB   160/160 KB   
136/204 KB   100/308 KB   56/56 KB   160/160 KB   
140/204 KB   104/308 KB   56/56 KB   160/160 KB   
140/204 KB   104/308 KB   56/56 KB   160/160 KB   
144/204 KB   104/308 KB   56/56 KB   160/160 KB   
144/204 KB   108/308 KB   56/56 KB   160/160 KB   
144/204 KB   112/308 KB   56/56 KB   160/160 KB   
148/204 KB   112/308 KB   56/56 KB   160/160 KB   
152/204 KB   112/308 KB   56/56 KB   160/160 KB   
156/204 KB   112/308 KB   56/56 KB   160/160 KB   
156/204 KB   116/308 KB   56/56 KB   160/160 KB   
160/204 KB   116/308 KB   56/56 KB   160/160 KB   
160/204 KB   120/308 KB   56/56 KB   160/160 KB   
160/204 KB   124/308 KB   56/56 KB   160/160 KB   
160/204 KB   128/308 KB   56/56 KB   160/160 KB   
164/204 KB   128/308 KB   56/56 KB   160/160 KB   
168/204 KB   128/308 KB   56/56 KB   160/160 KB   
172/204 KB   128/308 KB   56/56 KB   160/160 KB   
176/204 KB   128/308 KB   56/56 KB   160/160 KB   
176/204 KB   132/308 KB   56/56 KB   160/160 KB   
176/204 KB   136/308 KB   56/56 KB   160/160 KB   
176/204 KB   140/308 KB   56/56 KB   160/160 KB   
176/204 KB   144/308 KB   56/56 KB   160/160 KB   
180/204 KB   144/308 KB   56/56 KB   160/160 KB   
184/204 KB   144/308 KB   56/56 KB   160/160 KB   
188/204 KB   144/308 KB   56/56 KB   160/160 KB   
192/204 KB   144/308 KB   56/56 KB   160/160 KB   
192/204 KB   148/308 KB   56/56 KB   160/160 KB   
192/204 KB   152/308 KB   56/56 KB   160/160 KB   
192/204 KB   156/308 KB   56/56 KB   160/160 KB   
192/204 KB   160/308 KB   56/56 KB   160/160 KB   
196/204 KB   160/308 KB   56/56 KB   160/160 KB   
                                                  
200/204 KB   160/308 KB   56/56 KB                
Downloaded: https://repo.maven.apache.org/maven2/org/apache/maven/shared/maven-shared-utils/3.1.0/maven-shared-utils-3.1.0.jar (160 KB at 783.6 KB/sec)
204/204 KB   160/308 KB   56/56 KB   
204/204 KB   160/308 KB   56/56 KB   
Downloading: https://repo.maven.apache.org/maven2/org/codehaus/plexus/plexus-compiler-manager/2.8.2/plexus-compiler-manager-2.8.2.jar
204/204 KB   164/308 KB   56/56 KB   
204/204 KB   168/308 KB   56/56 KB   
204/204 KB   172/308 KB   56/56 KB   
204/204 KB   176/308 KB   56/56 KB   
204/204 KB   180/308 KB   56/56 KB   
204/204 KB   184/308 KB   56/56 KB   
204/204 KB   188/308 KB   56/56 KB   
4/26 KB   204/204 KB   188/308 KB   56/56 KB   
                                               
4/26 KB   204/204 KB   192/308 KB              
Downloaded: https://repo.maven.apache.org/maven2/org/ow2/asm/asm/6.0_BETA/asm-6.0_BETA.jar (56 KB at 266.3 KB/sec)
8/26 KB   204/204 KB   192/308 KB   
Downloading: https://repo.maven.apache.org/maven2/org/codehaus/plexus/plexus-compiler-javac/2.8.2/plexus-compiler-javac-2.8.2.jar
12/26 KB   204/204 KB   192/308 KB   
16/26 KB   204/204 KB   192/308 KB   
20/26 KB   204/204 KB   196/308 KB   
20/26 KB   204/204 KB   196/308 KB   
20/26 KB   204/204 KB   200/308 KB   
20/26 KB   204/204 KB   204/308 KB   
24/26 KB   204/204 KB   204/308 KB   
24/26 KB   204/204 KB   208/308 KB   
26/26 KB   204/204 KB   208/308 KB   
26/26 KB   204/204 KB   212/308 KB   
26/26 KB   204/204 KB   216/308 KB   
26/26 KB   204/204 KB   220/308 KB   
26/26 KB   204/204 KB   224/308 KB   
26/26 KB   204/204 KB   228/308 KB   
26/26 KB   204/204 KB   232/308 KB   
26/26 KB   204/204 KB   236/308 KB   
26/26 KB   204/204 KB   240/308 KB   
26/26 KB   204/204 KB   244/308 KB   
26/26 KB   204/204 KB   248/308 KB   
26/26 KB   204/204 KB   252/308 KB   
26/26 KB   204/204 KB   256/308 KB   
26/26 KB   204/204 KB   260/308 KB   
26/26 KB   204/204 KB   264/308 KB   
26/26 KB   204/204 KB   268/308 KB   
26/26 KB   204/204 KB   272/308 KB   
26/26 KB   204/204 KB   276/308 KB   
26/26 KB   204/204 KB   280/308 KB   
26/26 KB   204/204 KB   280/308 KB   3/5 KB   
26/26 KB   204/204 KB   284/308 KB   3/5 KB   
26/26 KB   204/204 KB   288/308 KB   3/5 KB   
26/26 KB   204/204 KB   288/308 KB   5/5 KB   
                                              
26/26 KB   292/308 KB   5/5 KB                
Downloaded: https://repo.maven.apache.org/maven2/commons-io/commons-io/2.5/commons-io-2.5.jar (204 KB at 952.4 KB/sec)
26/26 KB   296/308 KB   5/5 KB   
26/26 KB   300/308 KB   5/5 KB   
26/26 KB   304/308 KB   5/5 KB   
26/26 KB   308/308 KB   5/5 KB   
26/26 KB   308/308 KB   5/5 KB   
26/26 KB   308/308 KB   4/20 KB   5/5 KB   
26/26 KB   308/308 KB   8/20 KB   5/5 KB   
26/26 KB   308/308 KB   12/20 KB   5/5 KB   
26/26 KB   308/308 KB   16/20 KB   5/5 KB   
26/26 KB   308/308 KB   20/20 KB   5/5 KB   
26/26 KB   308/308 KB   20/20 KB   5/5 KB   
                                            
Downloaded: https://repo.maven.apache.org/maven2/org/codehaus/plexus/plexus-compiler-api/2.8.2/plexus-compiler-api-2.8.2.jar (26 KB at 118.7 KB/sec)
                                            
Downloaded: https://repo.maven.apache.org/maven2/org/codehaus/plexus/plexus-compiler-manager/2.8.2/plexus-compiler-manager-2.8.2.jar (5 KB at 20.6 KB/sec)
                                            
Downloaded: https://repo.maven.apache.org/maven2/com/thoughtworks/qdox/qdox/2.0-M7/qdox-2.0-M7.jar (308 KB at 1379.6 KB/sec)
                                            
Downloaded: https://repo.maven.apache.org/maven2/org/codehaus/plexus/plexus-compiler-javac/2.8.2/plexus-compiler-javac-2.8.2.jar (20 KB at 87.5 KB/sec)
[INFO] Changes detected - recompiling the module!
[WARNING] File encoding has not been set, using platform encoding UTF-8, i.e. build is platform dependent!
[INFO] Compiling 1 source file to /root/workspace/danglotb/dspot/389400309/dspot/src/test/resources/test-projects/target/classes
[INFO] 
[INFO] --- maven-resources-plugin:2.6:testResources (default-testResources) @ example ---
[WARNING] Using platform encoding (UTF-8 actually) to copy filtered resources, i.e. build is platform dependent!
[INFO] skip non existing resourceDirectory /root/workspace/danglotb/dspot/389400309/dspot/src/test/resources/test-projects/src/test/resources
[INFO] 
[INFO] --- maven-compiler-plugin:3.7.0:testCompile (default-testCompile) @ example ---
[INFO] Changes detected - recompiling the module!
[WARNING] File encoding has not been set, using platform encoding UTF-8, i.e. build is platform dependent!
[INFO] Compiling 3 source files to /root/workspace/danglotb/dspot/389400309/dspot/src/test/resources/test-projects/target/test-classes
[INFO] 
[INFO] --- maven-surefire-plugin:2.12.4:test (default-test) @ example ---
[INFO] Tests are skipped.
[INFO] 
[INFO] --- maven-dependency-plugin:2.8:build-classpath (default-cli) @ example ---
[INFO] Wrote classpath file &apos;/root/workspace/danglotb/dspot/389400309/dspot/src/test/resources/test-projects/target/dspot/classpath&apos;.
[INFO] ------------------------------------------------------------------------
[INFO] BUILD SUCCESS
[INFO] ------------------------------------------------------------------------
[INFO] Total time: 4.123 s
[INFO] Finished at: 2018-06-07T21:38:49+02:00
[INFO] Final Memory: 22M/255M
[INFO] ------------------------------------------------------------------------
[120149] INFO Amplification - amplification of example.TestSuiteExample (1 test(s))
[120184] INFO EntryPoint - Run: java -cp /root/workspace/danglotb/dspot/389400309/dspot/src/test/resources/test-projects/target/test-classes:/root/workspace/danglotb/dspot/389400309/dspot/src/test/resources/test-projects/target/classes/:/root/.m2/repository/junit/junit/4.11/junit-4.11.jar:/root/.m2/repository/org/hamcrest/hamcrest-core/1.3/hamcrest-core-1.3.jar:/root/workspace/danglotb/dspot/389400309/dspot/target/dspot/dependencies:/root/./workspace/danglotb/dspot/389400309/.m2/eu/stamp-project/test-runner/1.0.8/test-runner-1.0.8-jar-with-dependencies.jar eu.stamp_project.testrunner.runner.test.TestRunner example.TestSuiteExample test2
File saved to the following path: /root/workspace/danglotb/dspot/389400309/dspot/target/dspot/TestListener.ser
[120449] INFO EntryPoint - Test has been run: test2
[120449] INFO Amplification - Try to add assertions before amplification
[120449] INFO EntryPoint - Run: java -cp /root/.m2/repository/junit/junit/4.11/junit-4.11.jar:/root/.m2/repository/org/hamcrest/hamcrest-core/1.3/hamcrest-core-1.3.jar:/root/workspace/danglotb/dspot/389400309/dspot/src/test/resources/test-projects/target/classes/:/root/workspace/danglotb/dspot/389400309/dspot/src/test/resources/test-projects/target/test-classes/:/root/./workspace/danglotb/dspot/389400309/.m2/eu/stamp-project/test-runner/1.0.8/test-runner-1.0.8-jar-with-dependencies.jar:/root/./workspace/danglotb/dspot/389400309/.m2/org/jacoco/org.jacoco.core/0.7.9/org.jacoco.core-0.7.9.jar:/root/./workspace/danglotb/dspot/389400309/.m2/org/ow2/asm/asm-debug-all/5.2/asm-debug-all-5.2.jar:/root/./workspace/danglotb/dspot/389400309/.m2/commons-io/commons-io/2.5/commons-io-2.5.jar eu.stamp_project.testrunner.runner.coverage.JacocoRunner /root/workspace/danglotb/dspot/389400309/dspot/src/test/resources/test-projects/target/classes/:/root/workspace/danglotb/dspot/389400309/dspot/src/test/resources/test-projects/target/test-classes/ example.TestSuiteExample
File saved to the following path: /root/workspace/danglotb/dspot/389400309/dspot/target/dspot/globalCoverageResult.ser
[120808] INFO EntryPoint - Global Coverage has been computed 33 / 37
[120809] INFO EntryPoint - Run: java -cp /root/.m2/repository/junit/junit/4.11/junit-4.11.jar:/root/.m2/repository/org/hamcrest/hamcrest-core/1.3/hamcrest-core-1.3.jar:/root/workspace/danglotb/dspot/389400309/dspot/src/test/resources/test-projects/target/classes/:/root/workspace/danglotb/dspot/389400309/dspot/src/test/resources/test-projects/target/test-classes/:/root/./workspace/danglotb/dspot/389400309/.m2/eu/stamp-project/test-runner/1.0.8/test-runner-1.0.8-jar-with-dependencies.jar:/root/./workspace/danglotb/dspot/389400309/.m2/org/jacoco/org.jacoco.core/0.7.9/org.jacoco.core-0.7.9.jar:/root/./workspace/danglotb/dspot/389400309/.m2/org/ow2/asm/asm-debug-all/5.2/asm-debug-all-5.2.jar:/root/./workspace/danglotb/dspot/389400309/.m2/commons-io/commons-io/2.5/commons-io-2.5.jar eu.stamp_project.testrunner.runner.coverage.JacocoRunnerPerTestMethods /root/workspace/danglotb/dspot/389400309/dspot/src/test/resources/test-projects/target/classes/:/root/workspace/danglotb/dspot/389400309/dspot/src/test/resources/test-projects/target/test-classes/ example.TestSuiteExample test2
File saved to the following path: /root/workspace/danglotb/dspot/389400309/dspot/target/dspot/perTestCoverageResult.ser
[121232] INFO EntryPoint - Global Coverage has been computed TestListener{runningTests=[], failingTests=[], assumptionFailingTests=[], ignoredTests=[]}
[121238] INFO AssertGenerator - Run tests. (1)
[121269] INFO EntryPoint - Run: java -cp /root/workspace/danglotb/dspot/389400309/dspot/src/test/resources/test-projects/target/test-classes:/root/workspace/danglotb/dspot/389400309/dspot/src/test/resources/test-projects/target/classes/:/root/.m2/repository/junit/junit/4.11/junit-4.11.jar:/root/.m2/repository/org/hamcrest/hamcrest-core/1.3/hamcrest-core-1.3.jar:/root/workspace/danglotb/dspot/389400309/dspot/target/dspot/dependencies:/root/./workspace/danglotb/dspot/389400309/.m2/eu/stamp-project/test-runner/1.0.8/test-runner-1.0.8-jar-with-dependencies.jar eu.stamp_project.testrunner.runner.test.TestRunner example.TestSuiteExample test2
File saved to the following path: /root/workspace/danglotb/dspot/389400309/dspot/target/dspot/TestListener.ser
[121538] INFO EntryPoint - Test has been run: test2
[121538] INFO AssertGenerator - 1 test pass, generating assertion...
[121539] INFO MethodsAssertGenerator - Add observations points in passing tests.
[121539] INFO MethodsAssertGenerator - Instrumentation...
100% |================================================== ]/
[121541] INFO MethodsAssertGenerator - Run instrumented tests. (3)
[121579] INFO EntryPoint - Run: java -cp /root/workspace/danglotb/dspot/389400309/dspot/src/test/resources/test-projects/target/test-classes:/root/workspace/danglotb/dspot/389400309/dspot/src/test/resources/test-projects/target/classes/:/root/.m2/repository/junit/junit/4.11/junit-4.11.jar:/root/.m2/repository/org/hamcrest/hamcrest-core/1.3/hamcrest-core-1.3.jar:/root/workspace/danglotb/dspot/389400309/dspot/target/dspot/dependencies:/root/./workspace/danglotb/dspot/389400309/.m2/eu/stamp-project/test-runner/1.0.8/test-runner-1.0.8-jar-with-dependencies.jar eu.stamp_project.testrunner.runner.test.TestRunner example.TestSuiteExample test2_withlog0:test2_withlog1:test2_withlog2
File saved to the following path: /root/workspace/danglotb/dspot/389400309/dspot/target/dspot/observations.ser
File saved to the following path: /root/workspace/danglotb/dspot/389400309/dspot/target/dspot/TestListener.ser
[121920] INFO EntryPoint - Test has been run: test2_withlog0,test2_withlog1,test2_withlog2
[121920] INFO MethodsAssertGenerator - Generating assertions...
[121922] INFO AssertGenerator - 1 new tests with assertions generated
[121954] INFO EntryPoint - Run: java -cp /root/workspace/danglotb/dspot/389400309/dspot/src/test/resources/test-projects/target/test-classes:/root/workspace/danglotb/dspot/389400309/dspot/src/test/resources/test-projects/target/classes/:/root/.m2/repository/junit/junit/4.11/junit-4.11.jar:/root/.m2/repository/org/hamcrest/hamcrest-core/1.3/hamcrest-core-1.3.jar:/root/workspace/danglotb/dspot/389400309/dspot/target/dspot/dependencies:/root/./workspace/danglotb/dspot/389400309/.m2/eu/stamp-project/test-runner/1.0.8/test-runner-1.0.8-jar-with-dependencies.jar eu.stamp_project.testrunner.runner.test.TestRunner example.TestSuiteExample test2
File saved to the following path: /root/workspace/danglotb/dspot/389400309/dspot/target/dspot/TestListener.ser
[122253] INFO EntryPoint - Test has been run: test2
[122253] INFO EntryPoint - Run: java -cp /root/.m2/repository/junit/junit/4.11/junit-4.11.jar:/root/.m2/repository/org/hamcrest/hamcrest-core/1.3/hamcrest-core-1.3.jar:/root/workspace/danglotb/dspot/389400309/dspot/src/test/resources/test-projects/target/classes/:/root/workspace/danglotb/dspot/389400309/dspot/src/test/resources/test-projects/target/test-classes/:/root/./workspace/danglotb/dspot/389400309/.m2/eu/stamp-project/test-runner/1.0.8/test-runner-1.0.8-jar-with-dependencies.jar:/root/./workspace/danglotb/dspot/389400309/.m2/org/jacoco/org.jacoco.core/0.7.9/org.jacoco.core-0.7.9.jar:/root/./workspace/danglotb/dspot/389400309/.m2/org/ow2/asm/asm-debug-all/5.2/asm-debug-all-5.2.jar:/root/./workspace/danglotb/dspot/389400309/.m2/commons-io/commons-io/2.5/commons-io-2.5.jar eu.stamp_project.testrunner.runner.coverage.JacocoRunnerPerTestMethods /root/workspace/danglotb/dspot/389400309/dspot/src/test/resources/test-projects/target/classes/:/root/workspace/danglotb/dspot/389400309/dspot/src/test/resources/test-projects/target/test-classes/ example.TestSuiteExample test2
File saved to the following path: /root/workspace/danglotb/dspot/389400309/dspot/target/dspot/perTestCoverageResult.ser
[122614] INFO EntryPoint - Global Coverage has been computed TestListener{runningTests=[], failingTests=[], assumptionFailingTests=[], ignoredTests=[]}
[122616] INFO Amplification - 0 amplified test(s) has been selected, global: 0
[122619] INFO Amplification - amp test2 (1/1)
[122653] INFO EntryPoint - Run: java -cp /root/workspace/danglotb/dspot/389400309/dspot/src/test/resources/test-projects/target/test-classes:/root/workspace/danglotb/dspot/389400309/dspot/src/test/resources/test-projects/target/classes/:/root/.m2/repository/junit/junit/4.11/junit-4.11.jar:/root/.m2/repository/org/hamcrest/hamcrest-core/1.3/hamcrest-core-1.3.jar:/root/workspace/danglotb/dspot/389400309/dspot/target/dspot/dependencies:/root/./workspace/danglotb/dspot/389400309/.m2/eu/stamp-project/test-runner/1.0.8/test-runner-1.0.8-jar-with-dependencies.jar eu.stamp_project.testrunner.runner.test.TestRunner example.TestSuiteExample test2
File saved to the following path: /root/workspace/danglotb/dspot/389400309/dspot/target/dspot/TestListener.ser
[122918] INFO EntryPoint - Test has been run: test2
[122918] INFO Amplification - iteration 0:
[122918] INFO EntryPoint - Run: java -cp /root/.m2/repository/junit/junit/4.11/junit-4.11.jar:/root/.m2/repository/org/hamcrest/hamcrest-core/1.3/hamcrest-core-1.3.jar:/root/workspace/danglotb/dspot/389400309/dspot/src/test/resources/test-projects/target/classes/:/root/workspace/danglotb/dspot/389400309/dspot/src/test/resources/test-projects/target/test-classes/:/root/./workspace/danglotb/dspot/389400309/.m2/eu/stamp-project/test-runner/1.0.8/test-runner-1.0.8-jar-with-dependencies.jar:/root/./workspace/danglotb/dspot/389400309/.m2/org/jacoco/org.jacoco.core/0.7.9/org.jacoco.core-0.7.9.jar:/root/./workspace/danglotb/dspot/389400309/.m2/org/ow2/asm/asm-debug-all/5.2/asm-debug-all-5.2.jar:/root/./workspace/danglotb/dspot/389400309/.m2/commons-io/commons-io/2.5/commons-io-2.5.jar eu.stamp_project.testrunner.runner.coverage.JacocoRunnerPerTestMethods /root/workspace/danglotb/dspot/389400309/dspot/src/test/resources/test-projects/target/classes/:/root/workspace/danglotb/dspot/389400309/dspot/src/test/resources/test-projects/target/test-classes/ example.TestSuiteExample test2
File saved to the following path: /root/workspace/danglotb/dspot/389400309/dspot/target/dspot/perTestCoverageResult.ser
[123291] INFO EntryPoint - Global Coverage has been computed TestListener{runningTests=[], failingTests=[], assumptionFailingTests=[], ignoredTests=[]}
[123291] INFO Amplification - 1 tests selected to be amplified over 1 available tests
[123291] INFO Amplification - Amplification of inputs...
100% |================================================== ]/
[123303] INFO Amplification - 12 new tests generated
[123317] INFO AssertGenerator - Run tests. (12)
[123355] INFO EntryPoint - Run: java -cp /root/workspace/danglotb/dspot/389400309/dspot/src/test/resources/test-projects/target/test-classes:/root/workspace/danglotb/dspot/389400309/dspot/src/test/resources/test-projects/target/classes/:/root/.m2/repository/junit/junit/4.11/junit-4.11.jar:/root/.m2/repository/org/hamcrest/hamcrest-core/1.3/hamcrest-core-1.3.jar:/root/workspace/danglotb/dspot/389400309/dspot/target/dspot/dependencies:/root/./workspace/danglotb/dspot/389400309/.m2/eu/stamp-project/test-runner/1.0.8/test-runner-1.0.8-jar-with-dependencies.jar eu.stamp_project.testrunner.runner.test.TestRunner example.TestSuiteExample test2_literalMutationString1:test2_literalMutationString2:test2_literalMutationString3:test2_literalMutationString4:test2_literalMutationString5:test2_literalMutationString6:test2_literalMutationNumber7:test2_literalMutationNumber8:test2_literalMutationNumber9:test2_literalMutationNumber10:test2_literalMutationNumber11:test2_sd12
File saved to the following path: /root/workspace/danglotb/dspot/389400309/dspot/target/dspot/TestListener.ser
[123661] INFO EntryPoint - Test has been run: test2_literalMutationNumber10,test2_literalMutationNumber11,test2_sd12,test2_literalMutationNumber7,test2_literalMutationNumber8,test2_literalMutationNumber9,test2_literalMutationString2,test2_literalMutationString3,test2_literalMutationString4,test2_literalMutationString5,test2_literalMutationString6,test2_literalMutationString1(example.TestSuiteExample): String index out of range: -1
[123661] INFO AssertGenerator - 11 test pass, generating assertion...
[123664] INFO MethodsAssertGenerator - Add observations points in passing tests.
[123664] INFO MethodsAssertGenerator - Instrumentation...
  9% |==== ]/ 18% |========= ]- 27% |============= ]\ 36% |================== ]| 45% |====================== ]/ 54% |=========================== ]- 63% |=============================== ]\ 72% |==================================== ]| 81% |======================================== ]/ 90% |============================================= ]-100% |================================================== ]\
[123704] INFO MethodsAssertGenerator - Run instrumented tests. (33)
[123798] INFO EntryPoint - Run: java -cp /root/workspace/danglotb/dspot/389400309/dspot/src/test/resources/test-projects/target/test-classes:/root/workspace/danglotb/dspot/389400309/dspot/src/test/resources/test-projects/target/classes/:/root/.m2/repository/junit/junit/4.11/junit-4.11.jar:/root/.m2/repository/org/hamcrest/hamcrest-core/1.3/hamcrest-core-1.3.jar:/root/workspace/danglotb/dspot/389400309/dspot/target/dspot/dependencies:/root/./workspace/danglotb/dspot/389400309/.m2/eu/stamp-project/test-runner/1.0.8/test-runner-1.0.8-jar-with-dependencies.jar eu.stamp_project.testrunner.runner.test.TestRunner example.TestSuiteExample test2_literalMutationString2_withlog0:test2_literalMutationString3_withlog0:test2_literalMutationString4_withlog0:test2_literalMutationString5_withlog0:test2_literalMutationString6_withlog0:test2_literalMutationNumber7_withlog0:test2_literalMutationNumber8_withlog0:test2_literalMutationNumber9_withlog0:test2_literalMutationNumber10_withlog0:test2_literalMutationNumber11_withlog0:test2_sd12_withlog0:test2_literalMutationString2_withlog1:test2_literalMutationString3_withlog1:test2_literalMutationString4_withlog1:test2_literalMutationString5_withlog1:test2_literalMutationString6_withlog1:test2_literalMutationNumber7_withlog1:test2_literalMutationNumber8_withlog1:test2_literalMutationNumber9_withlog1:test2_literalMutationNumber10_withlog1:test2_literalMutationNumber11_withlog1:test2_sd12_withlog1:test2_literalMutationString2_withlog2:test2_literalMutationString3_withlog2:test2_literalMutationString4_withlog2:test2_literalMutationString5_withlog2:test2_literalMutationString6_withlog2:test2_literalMutationNumber7_withlog2:test2_literalMutationNumber8_withlog2:test2_literalMutationNumber9_withlog2:test2_literalMutationNumber10_withlog2:test2_literalMutationNumber11_withlog2:test2_sd12_withlog2
File saved to the following path: /root/workspace/danglotb/dspot/389400309/dspot/target/dspot/observations.ser
File saved to the following path: /root/workspace/danglotb/dspot/389400309/dspot/target/dspot/TestListener.ser
[124226] INFO EntryPoint - Test has been run: test2_literalMutationNumber11_withlog0,test2_literalMutationNumber11_withlog1,test2_literalMutationNumber11_withlog2,test2_literalMutationNumber10_withlog0,test2_literalMutationNumber10_withlog1,test2_literalMutationNumber10_withlog2,test2_sd12_withlog0,test2_sd12_withlog1,test2_sd12_withlog2,test2_literalMutationString6_withlog0,test2_literalMutationString6_withlog1,test2_literalMutationString6_withlog2,test2_literalMutationNumber9_withlog0,test2_literalMutationNumber9_withlog1,test2_literalMutationNumber9_withlog2,test2_literalMutationString5_withlog0,test2_literalMutationString5_withlog1,test2_literalMutationString5_withlog2,test2_literalMutationNumber8_withlog0,test2_literalMutationNumber8_withlog1,test2_literalMutationNumber8_withlog2,test2_literalMutationString4_withlog0,test2_literalMutationString4_withlog1,test2_literalMutationString4_withlog2,test2_literalMutationNumber7_withlog0,test2_literalMutationNumber7_withlog1,test2_literalMutationNumber7_withlog2,test2_literalMutationString3_withlog0,test2_literalMutationString3_withlog1,test2_literalMutationString3_withlog2,test2_literalMutationString2_withlog0,test2_literalMutationString2_withlog1,test2_literalMutationString2_withlog2
[124229] INFO MethodsAssertGenerator - Generating assertions...
[124240] INFO AssertGenerator - 1 test fail, generating try/catch/fail blocks...
[124248] INFO AssertGenerator - 12 new tests with assertions generated
[124303] INFO EntryPoint - Run: java -cp /root/workspace/danglotb/dspot/389400309/dspot/src/test/resources/test-projects/target/test-classes:/root/workspace/danglotb/dspot/389400309/dspot/src/test/resources/test-projects/target/classes/:/root/.m2/repository/junit/junit/4.11/junit-4.11.jar:/root/.m2/repository/org/hamcrest/hamcrest-core/1.3/hamcrest-core-1.3.jar:/root/workspace/danglotb/dspot/389400309/dspot/target/dspot/dependencies:/root/./workspace/danglotb/dspot/389400309/.m2/eu/stamp-project/test-runner/1.0.8/test-runner-1.0.8-jar-with-dependencies.jar eu.stamp_project.testrunner.runner.test.TestRunner example.TestSuiteExample test2_literalMutationString2:test2_literalMutationString3:test2_literalMutationString4:test2_literalMutationString5:test2_literalMutationString6:test2_literalMutationNumber7:test2_literalMutationNumber8:test2_literalMutationNumber9:test2_literalMutationNumber10:test2_literalMutationNumber11:test2_sd12:test2_literalMutationString1_failAssert0
File saved to the following path: /root/workspace/danglotb/dspot/389400309/dspot/target/dspot/TestListener.ser
[124622] INFO EntryPoint - Test has been run: test2_literalMutationNumber10,test2_literalMutationNumber11,test2_sd12,test2_literalMutationNumber7,test2_literalMutationNumber8,test2_literalMutationNumber9,test2_literalMutationString2,test2_literalMutationString3,test2_literalMutationString4,test2_literalMutationString5,test2_literalMutationString6,test2_literalMutationString1_failAssert0
[124622] INFO Amplification - 12 test method(s) has been successfully generated
[124623] INFO EntryPoint - Run: java -cp /root/.m2/repository/junit/junit/4.11/junit-4.11.jar:/root/.m2/repository/org/hamcrest/hamcrest-core/1.3/hamcrest-core-1.3.jar:/root/workspace/danglotb/dspot/389400309/dspot/src/test/resources/test-projects/target/classes/:/root/workspace/danglotb/dspot/389400309/dspot/src/test/resources/test-projects/target/test-classes/:/root/./workspace/danglotb/dspot/389400309/.m2/eu/stamp-project/test-runner/1.0.8/test-runner-1.0.8-jar-with-dependencies.jar:/root/./workspace/danglotb/dspot/389400309/.m2/org/jacoco/org.jacoco.core/0.7.9/org.jacoco.core-0.7.9.jar:/root/./workspace/danglotb/dspot/389400309/.m2/org/ow2/asm/asm-debug-all/5.2/asm-debug-all-5.2.jar:/root/./workspace/danglotb/dspot/389400309/.m2/commons-io/commons-io/2.5/commons-io-2.5.jar eu.stamp_project.testrunner.runner.coverage.JacocoRunnerPerTestMethods /root/workspace/danglotb/dspot/389400309/dspot/src/test/resources/test-projects/target/classes/:/root/workspace/danglotb/dspot/389400309/dspot/src/test/resources/test-projects/target/test-classes/ example.TestSuiteExample test2_literalMutationString2:test2_literalMutationString3:test2_literalMutationString4:test2_literalMutationString5:test2_literalMutationString6:test2_literalMutationNumber7:test2_literalMutationNumber8:test2_literalMutationNumber9:test2_literalMutationNumber10:test2_literalMutationNumber11:test2_sd12:test2_literalMutationString1_failAssert0
File saved to the following path: /root/workspace/danglotb/dspot/389400309/dspot/target/dspot/perTestCoverageResult.ser
[125039] INFO EntryPoint - Global Coverage has been computed TestListener{runningTests=[], failingTests=[], assumptionFailingTests=[], ignoredTests=[]}
[125039] INFO Amplification - iteration 1:
[125039] INFO EntryPoint - Run: java -cp /root/.m2/repository/junit/junit/4.11/junit-4.11.jar:/root/.m2/repository/org/hamcrest/hamcrest-core/1.3/hamcrest-core-1.3.jar:/root/workspace/danglotb/dspot/389400309/dspot/src/test/resources/test-projects/target/classes/:/root/workspace/danglotb/dspot/389400309/dspot/src/test/resources/test-projects/target/test-classes/:/root/./workspace/danglotb/dspot/389400309/.m2/eu/stamp-project/test-runner/1.0.8/test-runner-1.0.8-jar-with-dependencies.jar:/root/./workspace/danglotb/dspot/389400309/.m2/org/jacoco/org.jacoco.core/0.7.9/org.jacoco.core-0.7.9.jar:/root/./workspace/danglotb/dspot/389400309/.m2/org/ow2/asm/asm-debug-all/5.2/asm-debug-all-5.2.jar:/root/./workspace/danglotb/dspot/389400309/.m2/commons-io/commons-io/2.5/commons-io-2.5.jar eu.stamp_project.testrunner.runner.coverage.JacocoRunnerPerTestMethods /root/workspace/danglotb/dspot/389400309/dspot/src/test/resources/test-projects/target/classes/:/root/workspace/danglotb/dspot/389400309/dspot/src/test/resources/test-projects/target/test-classes/ example.TestSuiteExample test2_literalMutationString2:test2_literalMutationString3:test2_literalMutationString4:test2_literalMutationString5:test2_literalMutationString6:test2_literalMutationNumber7:test2_literalMutationNumber8:test2_literalMutationNumber9:test2_literalMutationNumber10:test2_literalMutationNumber11:test2_sd12:test2_literalMutationString1_failAssert0
File saved to the following path: /root/workspace/danglotb/dspot/389400309/dspot/target/dspot/perTestCoverageResult.ser
[125458] INFO EntryPoint - Global Coverage has been computed TestListener{runningTests=[], failingTests=[], assumptionFailingTests=[], ignoredTests=[]}
[125458] INFO Amplification - 5 tests selected to be amplified over 12 available tests
[125458] INFO Amplification - Amplification of inputs...
 60% |============================== ]\ 40% |================================================== ]- 80% |================================================== ]| 20% |================================================== ]/100% |================================================== ]/
[125486] INFO Amplification - 66 new tests generated
</system-out>
  </testcase>
</testsuite>