<?xml version="1.0" encoding="UTF-8" ?>
<testsuite tests="3" failures="0" name="eu.stamp_project.stamp.MainTest" time="25.273" errors="3" skipped="0">
  <properties>
    <property name="java.runtime.name" value="OpenJDK Runtime Environment"/>
    <property name="sun.boot.library.path" value="/usr/lib/jvm/java-8-openjdk-amd64/jre/lib/amd64"/>
    <property name="java.vm.version" value="25.121-b13"/>
    <property name="java.vm.vendor" value="Oracle Corporation"/>
    <property name="maven.multiModuleProjectDirectory" value="/root/workspace/danglotb/dspot/385709878"/>
    <property name="java.vendor.url" value="http://java.oracle.com/"/>
    <property name="path.separator" value=":"/>
    <property name="guice.disable.misplaced.annotation.check" value="true"/>
    <property name="skip.gulp" value="true"/>
    <property name="java.vm.name" value="OpenJDK 64-Bit Server VM"/>
    <property name="file.encoding.pkg" value="sun.io"/>
    <property name="sun.java.launcher" value="SUN_STANDARD"/>
    <property name="sun.os.patch.level" value="unknown"/>
    <property name="findbugs.skip" value="true"/>
    <property name="java.vm.specification.name" value="Java Virtual Machine Specification"/>
    <property name="user.dir" value="/root/workspace/danglotb/dspot/385709878"/>
    <property name="checkstyle.skip" value="true"/>
    <property name="java.runtime.version" value="1.8.0_121-8u121-b13-1~bpo8+1-b13"/>
    <property name="java.awt.graphicsenv" value="sun.awt.X11GraphicsEnvironment"/>
    <property name="skip.npm" value="true"/>
    <property name="java.endorsed.dirs" value="/usr/lib/jvm/java-8-openjdk-amd64/jre/lib/endorsed"/>
    <property name="os.arch" value="amd64"/>
    <property name="java.io.tmpdir" value="/tmp"/>
    <property name="gpg.skip" value="true"/>
    <property name="line.separator" value="
"/>
    <property name="java.vm.specification.vendor" value="Oracle Corporation"/>
    <property name="cobertura.skip" value="true"/>
    <property name="os.name" value="Linux"/>
    <property name="classworlds.conf" value="/usr/share/maven/bin/m2.conf"/>
    <property name="sun.jnu.encoding" value="UTF-8"/>
    <property name="java.library.path" value="/usr/java/packages/lib/amd64:/usr/lib/x86_64-linux-gnu/jni:/lib/x86_64-linux-gnu:/usr/lib/x86_64-linux-gnu:/usr/lib/jni:/lib:/usr/lib"/>
    <property name="license.skip" value="true"/>
    <property name="java.specification.name" value="Java Platform API Specification"/>
    <property name="java.class.version" value="52.0"/>
    <property name="sun.management.compiler" value="HotSpot 64-Bit Tiered Compilers"/>
    <property name="skip.bower" value="true"/>
    <property name="maven.repo.local" value="/root/./workspace/danglotb/dspot/385709878/.m2"/>
    <property name="os.version" value="3.10.0-862.3.2.el7.x86_64"/>
    <property name="user.home" value="/root"/>
    <property name="user.timezone" value="Europe/Paris"/>
    <property name="java.awt.printerjob" value="sun.print.PSPrinterJob"/>
    <property name="java.specification.version" value="1.8"/>
    <property name="file.encoding" value="UTF-8"/>
    <property name="user.name" value="root"/>
    <property name="java.class.path" value="/usr/share/maven/boot/plexus-classworlds-2.5.2.jar"/>
    <property name="skipITs" value="true"/>
    <property name="java.vm.specification.version" value="1.8"/>
    <property name="sun.arch.data.model" value="64"/>
    <property name="java.home" value="/usr/lib/jvm/java-8-openjdk-amd64/jre"/>
    <property name="sun.java.command" value="org.codehaus.plexus.classworlds.launcher.Launcher -B -D enforcer.skip=true -D dependency-check.skip=true -D skipITs=true -D cobertura.skip=true -D maven.repo.local=/root/./workspace/danglotb/dspot/385709878/.m2 -D rat.skip=true -D findbugs.skip=true -D skip.bower=true -D gpg.skip=true -D checkstyle.skip=true -D skip.gulp=true -D license.skip=true -D skip.npm=true test"/>
    <property name="java.specification.vendor" value="Oracle Corporation"/>
    <property name="user.language" value="en"/>
    <property name="awt.toolkit" value="sun.awt.X11.XToolkit"/>
    <property name="dependency-check.skip" value="true"/>
    <property name="java.vm.info" value="mixed mode"/>
    <property name="java.version" value="1.8.0_121"/>
    <property name="java.ext.dirs" value="/usr/lib/jvm/java-8-openjdk-amd64/jre/lib/ext:/usr/java/packages/lib/ext"/>
    <property name="securerandom.source" value="file:/dev/./urandom"/>
    <property name="sun.boot.class.path" value="/usr/lib/jvm/java-8-openjdk-amd64/jre/lib/resources.jar:/usr/lib/jvm/java-8-openjdk-amd64/jre/lib/rt.jar:/usr/lib/jvm/java-8-openjdk-amd64/jre/lib/sunrsasign.jar:/usr/lib/jvm/java-8-openjdk-amd64/jre/lib/jsse.jar:/usr/lib/jvm/java-8-openjdk-amd64/jre/lib/jce.jar:/usr/lib/jvm/java-8-openjdk-amd64/jre/lib/charsets.jar:/usr/lib/jvm/java-8-openjdk-amd64/jre/lib/jfr.jar:/usr/lib/jvm/java-8-openjdk-amd64/jre/classes"/>
    <property name="java.vendor" value="Oracle Corporation"/>
    <property name="enforcer.skip" value="true"/>
    <property name="rat.skip" value="true"/>
    <property name="maven.home" value="/usr/share/maven"/>
    <property name="file.separator" value="/"/>
    <property name="java.vendor.url.bug" value="http://bugreport.sun.com/bugreport/"/>
    <property name="sun.cpu.endian" value="little"/>
    <property name="sun.io.unicode.encoding" value="UnicodeLittle"/>
    <property name="sun.cpu.isalist" value=""/>
  </properties>
  <testcase classname="eu.stamp_project.stamp.MainTest" name="testExample" time="10.766">
    <error message="java.lang.NullPointerException" type="java.lang.RuntimeException">java.lang.RuntimeException: java.lang.NullPointerException
	at eu.stamp_project.Main.runExample(Main.java:119)
	at eu.stamp_project.Main.main(Main.java:41)
	at eu.stamp_project.stamp.MainTest.testExample(MainTest.java:65)
	at sun.reflect.NativeMethodAccessorImpl.invoke0(Native Method)
	at sun.reflect.NativeMethodAccessorImpl.invoke(NativeMethodAccessorImpl.java:62)
	at sun.reflect.DelegatingMethodAccessorImpl.invoke(DelegatingMethodAccessorImpl.java:43)
	at java.lang.reflect.Method.invoke(Method.java:498)
	at org.junit.runners.model.FrameworkMethod$1.runReflectiveCall(FrameworkMethod.java:50)
	at org.junit.internal.runners.model.ReflectiveCallable.run(ReflectiveCallable.java:12)
	at org.junit.runners.model.FrameworkMethod.invokeExplosively(FrameworkMethod.java:47)
	at org.junit.internal.runners.statements.InvokeMethod.evaluate(InvokeMethod.java:17)
	at org.junit.internal.runners.statements.RunBefores.evaluate(RunBefores.java:26)
	at org.junit.internal.runners.statements.RunAfters.evaluate(RunAfters.java:27)
	at org.junit.runners.ParentRunner.runLeaf(ParentRunner.java:325)
	at org.junit.runners.BlockJUnit4ClassRunner.runChild(BlockJUnit4ClassRunner.java:78)
	at org.junit.runners.BlockJUnit4ClassRunner.runChild(BlockJUnit4ClassRunner.java:57)
	at org.junit.runners.ParentRunner$3.run(ParentRunner.java:290)
	at org.junit.runners.ParentRunner$1.schedule(ParentRunner.java:71)
	at org.junit.runners.ParentRunner.runChildren(ParentRunner.java:288)
	at org.junit.runners.ParentRunner.access$000(ParentRunner.java:58)
	at org.junit.runners.ParentRunner$2.evaluate(ParentRunner.java:268)
	at org.junit.runners.ParentRunner.run(ParentRunner.java:363)
	at org.apache.maven.surefire.junit4.JUnit4Provider.execute(JUnit4Provider.java:252)
	at org.apache.maven.surefire.junit4.JUnit4Provider.executeTestSet(JUnit4Provider.java:141)
	at org.apache.maven.surefire.junit4.JUnit4Provider.invoke(JUnit4Provider.java:112)
	at sun.reflect.NativeMethodAccessorImpl.invoke0(Native Method)
	at sun.reflect.NativeMethodAccessorImpl.invoke(NativeMethodAccessorImpl.java:62)
	at sun.reflect.DelegatingMethodAccessorImpl.invoke(DelegatingMethodAccessorImpl.java:43)
	at java.lang.reflect.Method.invoke(Method.java:498)
	at org.apache.maven.surefire.util.ReflectionUtils.invokeMethodWithArray(ReflectionUtils.java:189)
	at org.apache.maven.surefire.booter.ProviderFactory$ProviderProxy.invoke(ProviderFactory.java:165)
	at org.apache.maven.surefire.booter.ProviderFactory.invokeProvider(ProviderFactory.java:85)
	at org.apache.maven.surefire.booter.ForkedBooter.runSuitesInProcess(ForkedBooter.java:115)
	at org.apache.maven.surefire.booter.ForkedBooter.main(ForkedBooter.java:75)
Caused by: java.lang.NullPointerException
	at eu.stamp_project.dspot.selector.JacocoCoverageSelector.lambda$selectToKeep$3(JacocoCoverageSelector.java:136)
	at java.util.stream.ReferencePipeline$2$1.accept(ReferencePipeline.java:174)
	at java.util.ArrayList$ArrayListSpliterator.forEachRemaining(ArrayList.java:1374)
	at java.util.stream.AbstractPipeline.copyInto(AbstractPipeline.java:481)
	at java.util.stream.AbstractPipeline.wrapAndCopyInto(AbstractPipeline.java:471)
	at java.util.stream.ReduceOps$ReduceOp.evaluateSequential(ReduceOps.java:708)
	at java.util.stream.AbstractPipeline.evaluate(AbstractPipeline.java:234)
	at java.util.stream.ReferencePipeline.collect(ReferencePipeline.java:499)
	at eu.stamp_project.dspot.selector.JacocoCoverageSelector.selectToKeep(JacocoCoverageSelector.java:150)
	at eu.stamp_project.dspot.Amplification.amplification(Amplification.java:172)
	at eu.stamp_project.dspot.Amplification.amplification(Amplification.java:110)
	at eu.stamp_project.dspot.DSpot.amplifyTest(DSpot.java:191)
	at eu.stamp_project.dspot.DSpot.amplifyTest(DSpot.java:173)
	at java.util.stream.ReferencePipeline$3$1.accept(ReferencePipeline.java:193)
	at java.util.stream.ReferencePipeline$2$1.accept(ReferencePipeline.java:175)
	at java.util.stream.ReferencePipeline$2$1.accept(ReferencePipeline.java:175)
	at java.util.stream.ReferencePipeline$2$1.accept(ReferencePipeline.java:175)
	at java.util.ArrayList$ArrayListSpliterator.forEachRemaining(ArrayList.java:1374)
	at java.util.stream.AbstractPipeline.copyInto(AbstractPipeline.java:481)
	at java.util.stream.AbstractPipeline.wrapAndCopyInto(AbstractPipeline.java:471)
	at java.util.stream.ReduceOps$ReduceOp.evaluateSequential(ReduceOps.java:708)
	at java.util.stream.AbstractPipeline.evaluate(AbstractPipeline.java:234)
	at java.util.stream.ReferencePipeline.collect(ReferencePipeline.java:499)
	at eu.stamp_project.dspot.DSpot.amplifyTest(DSpot.java:169)
	at eu.stamp_project.Main.runExample(Main.java:117)
	... 33 more
</error>
    <system-out>[376545] WARN AutomaticBuilderFactory - No automatic builder specified in configuration, going to default.
[376545] INFO AutomaticBuilderFactory - Default: provided Maven automatic builder.
[376545] INFO MavenAutomaticBuilder - run maven clean test -DskipTests dependency:build-classpath -Dmdep.outputFile=target/dspot/classpath
[WARN] Maven will be executed in interactive mode, but no input stream has been configured for this MavenInvoker instance.
[INFO] Scanning for projects...
[INFO]                                                                         
[INFO] ------------------------------------------------------------------------
[INFO] Building test-projects 0.0.1-SNAPSHOT
[INFO] ------------------------------------------------------------------------
[INFO] 
[INFO] --- maven-clean-plugin:2.5:clean (default-clean) @ example ---
[INFO] 
[INFO] --- maven-resources-plugin:2.6:resources (default-resources) @ example ---
[WARNING] Using platform encoding (UTF-8 actually) to copy filtered resources, i.e. build is platform dependent!
[INFO] skip non existing resourceDirectory /root/workspace/danglotb/dspot/385709878/dspot/src/test/resources/test-projects/src/main/resources
[INFO] 
[INFO] --- maven-compiler-plugin:3.7.0:compile (default-compile) @ example ---
[INFO] Changes detected - recompiling the module!
[WARNING] File encoding has not been set, using platform encoding UTF-8, i.e. build is platform dependent!
[INFO] Compiling 1 source file to /root/workspace/danglotb/dspot/385709878/dspot/src/test/resources/test-projects/target/classes
[INFO] 
[INFO] --- maven-resources-plugin:2.6:testResources (default-testResources) @ example ---
[WARNING] Using platform encoding (UTF-8 actually) to copy filtered resources, i.e. build is platform dependent!
[INFO] skip non existing resourceDirectory /root/workspace/danglotb/dspot/385709878/dspot/src/test/resources/test-projects/src/test/resources
[INFO] 
[INFO] --- maven-compiler-plugin:3.7.0:testCompile (default-testCompile) @ example ---
[INFO] Changes detected - recompiling the module!
[WARNING] File encoding has not been set, using platform encoding UTF-8, i.e. build is platform dependent!
[INFO] Compiling 3 source files to /root/workspace/danglotb/dspot/385709878/dspot/src/test/resources/test-projects/target/test-classes
[INFO] 
[INFO] --- maven-surefire-plugin:2.12.4:test (default-test) @ example ---
[INFO] Tests are skipped.
[INFO] 
[INFO] --- maven-dependency-plugin:2.8:build-classpath (default-cli) @ example ---
[INFO] Wrote classpath file &apos;/root/workspace/danglotb/dspot/385709878/dspot/src/test/resources/test-projects/target/dspot/classpath&apos;.
[INFO] ------------------------------------------------------------------------
[INFO] BUILD SUCCESS
[INFO] ------------------------------------------------------------------------
[INFO] Total time: 3.754 s
[INFO] Finished at: 2018-05-30T16:25:22+02:00
[INFO] Final Memory: 20M/294M
[INFO] ------------------------------------------------------------------------
[382571] INFO Amplification - amplification of example.TestSuiteExample (6 test(s))
[382623] INFO EntryPoint - Run: java -cp /root/workspace/danglotb/dspot/385709878/dspot/src/test/resources/test-projects/target/test-classes:/root/workspace/danglotb/dspot/385709878/dspot/src/test/resources/test-projects/target/classes:/root/.m2/repository/junit/junit/4.11/junit-4.11.jar:/root/.m2/repository/org/hamcrest/hamcrest-core/1.3/hamcrest-core-1.3.jar:/root/workspace/danglotb/dspot/385709878/dspot/target/dspot/dependencies:/root/./workspace/danglotb/dspot/385709878/.m2/eu/stamp-project/test-runner/1.0.8/test-runner-1.0.8-jar-with-dependencies.jar eu.stamp_project.testrunner.runner.test.TestRunner example.TestSuiteExample test2:test3:test4:test7:test8:test9
File saved to the following path: /root/workspace/danglotb/dspot/385709878/dspot/target/dspot/TestListener.ser
[383114] INFO EntryPoint - Test has been run: test2,test3,test4,test7,test8,test9
[383114] INFO Amplification - 0 amplified test(s) has been selected, global: 0
[383119] INFO Amplification - amp test2 (1/6)
[383173] INFO EntryPoint - Run: java -cp /root/workspace/danglotb/dspot/385709878/dspot/src/test/resources/test-projects/target/test-classes:/root/workspace/danglotb/dspot/385709878/dspot/src/test/resources/test-projects/target/classes:/root/.m2/repository/junit/junit/4.11/junit-4.11.jar:/root/.m2/repository/org/hamcrest/hamcrest-core/1.3/hamcrest-core-1.3.jar:/root/workspace/danglotb/dspot/385709878/dspot/target/dspot/dependencies:/root/./workspace/danglotb/dspot/385709878/.m2/eu/stamp-project/test-runner/1.0.8/test-runner-1.0.8-jar-with-dependencies.jar eu.stamp_project.testrunner.runner.test.TestRunner example.TestSuiteExample test2
File saved to the following path: /root/workspace/danglotb/dspot/385709878/dspot/target/dspot/TestListener.ser
[383613] INFO EntryPoint - Test has been run: test2
[383613] INFO Amplification - iteration 0:
[383613] INFO EntryPoint - Run: java -cp /root/.m2/repository/junit/junit/4.11/junit-4.11.jar:/root/.m2/repository/org/hamcrest/hamcrest-core/1.3/hamcrest-core-1.3.jar:/root/workspace/danglotb/dspot/385709878/dspot/src/test/resources/test-projects/target/classes:/root/workspace/danglotb/dspot/385709878/dspot/src/test/resources/test-projects/target/test-classes:/root/./workspace/danglotb/dspot/385709878/.m2/eu/stamp-project/test-runner/1.0.8/test-runner-1.0.8-jar-with-dependencies.jar:/root/./workspace/danglotb/dspot/385709878/.m2/org/jacoco/org.jacoco.core/0.7.9/org.jacoco.core-0.7.9.jar:/root/./workspace/danglotb/dspot/385709878/.m2/org/ow2/asm/asm-debug-all/5.2/asm-debug-all-5.2.jar:/root/./workspace/danglotb/dspot/385709878/.m2/commons-io/commons-io/2.5/commons-io-2.5.jar eu.stamp_project.testrunner.runner.coverage.JacocoRunner /root/workspace/danglotb/dspot/385709878/dspot/src/test/resources/test-projects/target/classes:/root/workspace/danglotb/dspot/385709878/dspot/src/test/resources/test-projects/target/test-classes example.TestSuiteExample
File saved to the following path: /root/workspace/danglotb/dspot/385709878/dspot/target/dspot/globalCoverageResult.ser
[384090] INFO EntryPoint - Global Coverage has been computed 33 / 37
[384090] INFO EntryPoint - Run: java -cp /root/.m2/repository/junit/junit/4.11/junit-4.11.jar:/root/.m2/repository/org/hamcrest/hamcrest-core/1.3/hamcrest-core-1.3.jar:/root/workspace/danglotb/dspot/385709878/dspot/src/test/resources/test-projects/target/classes:/root/workspace/danglotb/dspot/385709878/dspot/src/test/resources/test-projects/target/test-classes:/root/./workspace/danglotb/dspot/385709878/.m2/eu/stamp-project/test-runner/1.0.8/test-runner-1.0.8-jar-with-dependencies.jar:/root/./workspace/danglotb/dspot/385709878/.m2/org/jacoco/org.jacoco.core/0.7.9/org.jacoco.core-0.7.9.jar:/root/./workspace/danglotb/dspot/385709878/.m2/org/ow2/asm/asm-debug-all/5.2/asm-debug-all-5.2.jar:/root/./workspace/danglotb/dspot/385709878/.m2/commons-io/commons-io/2.5/commons-io-2.5.jar eu.stamp_project.testrunner.runner.coverage.JacocoRunnerPerTestMethods /root/workspace/danglotb/dspot/385709878/dspot/src/test/resources/test-projects/target/classes:/root/workspace/danglotb/dspot/385709878/dspot/src/test/resources/test-projects/target/test-classes example.TestSuiteExample test2
File saved to the following path: /root/workspace/danglotb/dspot/385709878/dspot/target/dspot/perTestCoverageResult.ser
[384651] INFO EntryPoint - Global Coverage has been computed TestListener{runningTests=[], failingTests=[], assumptionFailingTests=[], ignoredTests=[]}
[384651] INFO Amplification - 1 tests selected to be amplified over 1 available tests
100% |================================================== ]/
[384667] INFO AssertGenerator - Run tests. (11)
[384713] INFO EntryPoint - Run: java -cp /root/workspace/danglotb/dspot/385709878/dspot/src/test/resources/test-projects/target/test-classes:/root/workspace/danglotb/dspot/385709878/dspot/src/test/resources/test-projects/target/classes:/root/.m2/repository/junit/junit/4.11/junit-4.11.jar:/root/.m2/repository/org/hamcrest/hamcrest-core/1.3/hamcrest-core-1.3.jar:/root/workspace/danglotb/dspot/385709878/dspot/target/dspot/dependencies:/root/./workspace/danglotb/dspot/385709878/.m2/eu/stamp-project/test-runner/1.0.8/test-runner-1.0.8-jar-with-dependencies.jar eu.stamp_project.testrunner.runner.test.TestRunner example.TestSuiteExample test2_literalMutationString1:test2_literalMutationString2:test2_literalMutationString3:test2_literalMutationString4:test2_literalMutationString5:test2_literalMutationString6:test2_literalMutationNumber7:test2_literalMutationNumber8:test2_literalMutationNumber9:test2_literalMutationNumber10:test2_literalMutationNumber11
File saved to the following path: /root/workspace/danglotb/dspot/385709878/dspot/target/dspot/TestListener.ser
[385171] INFO EntryPoint - Test has been run: test2_literalMutationNumber10,test2_literalMutationNumber11,test2_literalMutationNumber7,test2_literalMutationNumber8,test2_literalMutationNumber9,test2_literalMutationString2,test2_literalMutationString3,test2_literalMutationString4,test2_literalMutationString5,test2_literalMutationString6,test2_literalMutationString1(example.TestSuiteExample): String index out of range: -1
[385171] INFO AssertGenerator - 10 test pass, generating assertion...
[385174] INFO MethodsAssertGenerator - Add observations points in passing tests.
[385174] INFO MethodsAssertGenerator - Instrumentation...
 10% |===== ]/ 20% |========== ]- 30% |=============== ]\ 40% |==================== ]| 50% |========================= ]/ 60% |============================== ]- 70% |=================================== ]\ 80% |======================================== ]| 90% |============================================= ]/100% |================================================== ]-
[385201] INFO MethodsAssertGenerator - Run instrumented tests. (30)
[385296] INFO EntryPoint - Run: java -cp /root/workspace/danglotb/dspot/385709878/dspot/src/test/resources/test-projects/target/test-classes:/root/workspace/danglotb/dspot/385709878/dspot/src/test/resources/test-projects/target/classes:/root/.m2/repository/junit/junit/4.11/junit-4.11.jar:/root/.m2/repository/org/hamcrest/hamcrest-core/1.3/hamcrest-core-1.3.jar:/root/workspace/danglotb/dspot/385709878/dspot/target/dspot/dependencies:/root/./workspace/danglotb/dspot/385709878/.m2/eu/stamp-project/test-runner/1.0.8/test-runner-1.0.8-jar-with-dependencies.jar eu.stamp_project.testrunner.runner.test.TestRunner example.TestSuiteExample test2_literalMutationString2_withlog0:test2_literalMutationString3_withlog0:test2_literalMutationString4_withlog0:test2_literalMutationString5_withlog0:test2_literalMutationString6_withlog0:test2_literalMutationNumber7_withlog0:test2_literalMutationNumber8_withlog0:test2_literalMutationNumber9_withlog0:test2_literalMutationNumber10_withlog0:test2_literalMutationNumber11_withlog0:test2_literalMutationString2_withlog1:test2_literalMutationString3_withlog1:test2_literalMutationString4_withlog1:test2_literalMutationString5_withlog1:test2_literalMutationString6_withlog1:test2_literalMutationNumber7_withlog1:test2_literalMutationNumber8_withlog1:test2_literalMutationNumber9_withlog1:test2_literalMutationNumber10_withlog1:test2_literalMutationNumber11_withlog1:test2_literalMutationString2_withlog2:test2_literalMutationString3_withlog2:test2_literalMutationString4_withlog2:test2_literalMutationString5_withlog2:test2_literalMutationString6_withlog2:test2_literalMutationNumber7_withlog2:test2_literalMutationNumber8_withlog2:test2_literalMutationNumber9_withlog2:test2_literalMutationNumber10_withlog2:test2_literalMutationNumber11_withlog2
File saved to the following path: /root/workspace/danglotb/dspot/385709878/dspot/target/dspot/observations.ser
File saved to the following path: /root/workspace/danglotb/dspot/385709878/dspot/target/dspot/TestListener.ser
[385954] INFO EntryPoint - Test has been run: test2_literalMutationNumber11_withlog0,test2_literalMutationNumber11_withlog1,test2_literalMutationNumber11_withlog2,test2_literalMutationNumber10_withlog0,test2_literalMutationNumber10_withlog1,test2_literalMutationNumber10_withlog2,test2_literalMutationString6_withlog0,test2_literalMutationString6_withlog1,test2_literalMutationString6_withlog2,test2_literalMutationNumber9_withlog0,test2_literalMutationNumber9_withlog1,test2_literalMutationNumber9_withlog2,test2_literalMutationString5_withlog0,test2_literalMutationString5_withlog1,test2_literalMutationString5_withlog2,test2_literalMutationNumber8_withlog0,test2_literalMutationNumber8_withlog1,test2_literalMutationNumber8_withlog2,test2_literalMutationString4_withlog0,test2_literalMutationString4_withlog1,test2_literalMutationString4_withlog2,test2_literalMutationNumber7_withlog0,test2_literalMutationNumber7_withlog1,test2_literalMutationNumber7_withlog2,test2_literalMutationString3_withlog0,test2_literalMutationString3_withlog1,test2_literalMutationString3_withlog2,test2_literalMutationString2_withlog0,test2_literalMutationString2_withlog1,test2_literalMutationString2_withlog2
[385956] INFO MethodsAssertGenerator - Generating assertions...
[385962] INFO AssertGenerator - 1 test fail, generating try/catch/fail blocks...
[385967] INFO AssertGenerator - 11 new tests with assertions generated
[386025] INFO EntryPoint - Run: java -cp /root/workspace/danglotb/dspot/385709878/dspot/src/test/resources/test-projects/target/test-classes:/root/workspace/danglotb/dspot/385709878/dspot/src/test/resources/test-projects/target/classes:/root/.m2/repository/junit/junit/4.11/junit-4.11.jar:/root/.m2/repository/org/hamcrest/hamcrest-core/1.3/hamcrest-core-1.3.jar:/root/workspace/danglotb/dspot/385709878/dspot/target/dspot/dependencies:/root/./workspace/danglotb/dspot/385709878/.m2/eu/stamp-project/test-runner/1.0.8/test-runner-1.0.8-jar-with-dependencies.jar eu.stamp_project.testrunner.runner.test.TestRunner example.TestSuiteExample test2_literalMutationString2:test2_literalMutationString3:test2_literalMutationString4:test2_literalMutationString5:test2_literalMutationString6:test2_literalMutationNumber7:test2_literalMutationNumber8:test2_literalMutationNumber9:test2_literalMutationNumber10:test2_literalMutationNumber11:test2_literalMutationString1_failAssert0
File saved to the following path: /root/workspace/danglotb/dspot/385709878/dspot/target/dspot/TestListener.ser
[386620] INFO EntryPoint - Test has been run: test2_literalMutationNumber10,test2_literalMutationNumber11,test2_literalMutationNumber7,test2_literalMutationNumber8,test2_literalMutationNumber9,test2_literalMutationString2,test2_literalMutationString3,test2_literalMutationString4,test2_literalMutationString5,test2_literalMutationString6,test2_literalMutationString1_failAssert0
[386620] INFO Amplification - 11 test method(s) has been successfully generated
[386620] INFO EntryPoint - Run: java -cp /root/.m2/repository/junit/junit/4.11/junit-4.11.jar:/root/.m2/repository/org/hamcrest/hamcrest-core/1.3/hamcrest-core-1.3.jar:/root/workspace/danglotb/dspot/385709878/dspot/src/test/resources/test-projects/target/classes:/root/workspace/danglotb/dspot/385709878/dspot/src/test/resources/test-projects/target/test-classes:/root/./workspace/danglotb/dspot/385709878/.m2/eu/stamp-project/test-runner/1.0.8/test-runner-1.0.8-jar-with-dependencies.jar:/root/./workspace/danglotb/dspot/385709878/.m2/org/jacoco/org.jacoco.core/0.7.9/org.jacoco.core-0.7.9.jar:/root/./workspace/danglotb/dspot/385709878/.m2/org/ow2/asm/asm-debug-all/5.2/asm-debug-all-5.2.jar:/root/./workspace/danglotb/dspot/385709878/.m2/commons-io/commons-io/2.5/commons-io-2.5.jar eu.stamp_project.testrunner.runner.coverage.JacocoRunnerPerTestMethods /root/workspace/danglotb/dspot/385709878/dspot/src/test/resources/test-projects/target/classes:/root/workspace/danglotb/dspot/385709878/dspot/src/test/resources/test-projects/target/test-classes example.TestSuiteExample test2_literalMutationString2:test2_literalMutationString3:test2_literalMutationString4:test2_literalMutationString5:test2_literalMutationString6:test2_literalMutationNumber7:test2_literalMutationNumber8:test2_literalMutationNumber9:test2_literalMutationNumber10:test2_literalMutationNumber11:test2_literalMutationString1_failAssert0
File saved to the following path: /root/workspace/danglotb/dspot/385709878/dspot/target/dspot/perTestCoverageResult.ser
[387285] INFO EntryPoint - Global Coverage has been computed TestListener{runningTests=[], failingTests=[], assumptionFailingTests=[], ignoredTests=[]}
</system-out>
  </testcase>
  <testcase classname="eu.stamp_project.stamp.MainTest" name="testOverrideExistingResults" time="9.491">
    <error type="java.lang.NullPointerException">java.lang.NullPointerException
	at eu.stamp_project.dspot.selector.JacocoCoverageSelector.lambda$selectToKeep$3(JacocoCoverageSelector.java:136)
	at java.util.stream.ReferencePipeline$2$1.accept(ReferencePipeline.java:174)
	at java.util.ArrayList$ArrayListSpliterator.forEachRemaining(ArrayList.java:1374)
	at java.util.stream.AbstractPipeline.copyInto(AbstractPipeline.java:481)
	at java.util.stream.AbstractPipeline.wrapAndCopyInto(AbstractPipeline.java:471)
	at java.util.stream.ReduceOps$ReduceOp.evaluateSequential(ReduceOps.java:708)
	at java.util.stream.AbstractPipeline.evaluate(AbstractPipeline.java:234)
	at java.util.stream.ReferencePipeline.collect(ReferencePipeline.java:499)
	at eu.stamp_project.dspot.selector.JacocoCoverageSelector.selectToKeep(JacocoCoverageSelector.java:150)
	at eu.stamp_project.dspot.Amplification.amplification(Amplification.java:172)
	at eu.stamp_project.dspot.Amplification.amplification(Amplification.java:110)
	at eu.stamp_project.dspot.DSpot.amplifyTest(DSpot.java:191)
	at eu.stamp_project.dspot.DSpot.amplifyTest(DSpot.java:178)
	at eu.stamp_project.Main.lambda$run$1(Main.java:83)
	at java.util.stream.ReferencePipeline$3$1.accept(ReferencePipeline.java:193)
	at java.util.Spliterators$ArraySpliterator.forEachRemaining(Spliterators.java:948)
	at java.util.stream.AbstractPipeline.copyInto(AbstractPipeline.java:481)
	at java.util.stream.AbstractPipeline.wrapAndCopyInto(AbstractPipeline.java:471)
	at java.util.stream.ReduceOps$ReduceOp.evaluateSequential(ReduceOps.java:708)
	at java.util.stream.AbstractPipeline.evaluate(AbstractPipeline.java:234)
	at java.util.stream.ReferencePipeline.collect(ReferencePipeline.java:499)
	at eu.stamp_project.Main.run(Main.java:84)
	at eu.stamp_project.Main.run(Main.java:94)
	at eu.stamp_project.Main.main(Main.java:43)
	at eu.stamp_project.stamp.MainTest.testOverrideExistingResults(MainTest.java:125)
	at sun.reflect.NativeMethodAccessorImpl.invoke0(Native Method)
	at sun.reflect.NativeMethodAccessorImpl.invoke(NativeMethodAccessorImpl.java:62)
	at sun.reflect.DelegatingMethodAccessorImpl.invoke(DelegatingMethodAccessorImpl.java:43)
	at java.lang.reflect.Method.invoke(Method.java:498)
	at org.junit.runners.model.FrameworkMethod$1.runReflectiveCall(FrameworkMethod.java:50)
	at org.junit.internal.runners.model.ReflectiveCallable.run(ReflectiveCallable.java:12)
	at org.junit.runners.model.FrameworkMethod.invokeExplosively(FrameworkMethod.java:47)
	at org.junit.internal.runners.statements.InvokeMethod.evaluate(InvokeMethod.java:17)
	at org.junit.internal.runners.statements.RunBefores.evaluate(RunBefores.java:26)
	at org.junit.internal.runners.statements.RunAfters.evaluate(RunAfters.java:27)
	at org.junit.runners.ParentRunner.runLeaf(ParentRunner.java:325)
	at org.junit.runners.BlockJUnit4ClassRunner.runChild(BlockJUnit4ClassRunner.java:78)
	at org.junit.runners.BlockJUnit4ClassRunner.runChild(BlockJUnit4ClassRunner.java:57)
	at org.junit.runners.ParentRunner$3.run(ParentRunner.java:290)
	at org.junit.runners.ParentRunner$1.schedule(ParentRunner.java:71)
	at org.junit.runners.ParentRunner.runChildren(ParentRunner.java:288)
	at org.junit.runners.ParentRunner.access$000(ParentRunner.java:58)
	at org.junit.runners.ParentRunner$2.evaluate(ParentRunner.java:268)
	at org.junit.runners.ParentRunner.run(ParentRunner.java:363)
	at org.apache.maven.surefire.junit4.JUnit4Provider.execute(JUnit4Provider.java:252)
	at org.apache.maven.surefire.junit4.JUnit4Provider.executeTestSet(JUnit4Provider.java:141)
	at org.apache.maven.surefire.junit4.JUnit4Provider.invoke(JUnit4Provider.java:112)
	at sun.reflect.NativeMethodAccessorImpl.invoke0(Native Method)
	at sun.reflect.NativeMethodAccessorImpl.invoke(NativeMethodAccessorImpl.java:62)
	at sun.reflect.DelegatingMethodAccessorImpl.invoke(DelegatingMethodAccessorImpl.java:43)
	at java.lang.reflect.Method.invoke(Method.java:498)
	at org.apache.maven.surefire.util.ReflectionUtils.invokeMethodWithArray(ReflectionUtils.java:189)
	at org.apache.maven.surefire.booter.ProviderFactory$ProviderProxy.invoke(ProviderFactory.java:165)
	at org.apache.maven.surefire.booter.ProviderFactory.invokeProvider(ProviderFactory.java:85)
	at org.apache.maven.surefire.booter.ForkedBooter.runSuitesInProcess(ForkedBooter.java:115)
	at org.apache.maven.surefire.booter.ForkedBooter.main(ForkedBooter.java:75)
</error>
    <system-out>[387292] INFO AutomaticBuilderFactory - Selected Maven automatic builder.
[387292] INFO MavenAutomaticBuilder - run maven clean test -DskipTests dependency:build-classpath -Dmdep.outputFile=target/dspot/classpath
[WARN] Maven will be executed in interactive mode, but no input stream has been configured for this MavenInvoker instance.
[393369] INFO Amplification - amplification of example.TestSuiteExample (1 test(s))
[393762] INFO Amplification - 0 amplified test(s) has been selected, global: 0
[393766] INFO Amplification - amp test2 (1/1)
[394127] INFO Amplification - iteration 0:
[394927] INFO Amplification - 1 tests selected to be amplified over 1 available tests
100% |================================================== ]/
[394950] INFO AssertGenerator - Run tests. (13)
[395316] INFO AssertGenerator - 12 test pass, generating assertion...
[395320] INFO MethodsAssertGenerator - Add observations points in passing tests.
[395320] INFO MethodsAssertGenerator - Instrumentation...
  8% |==== ]/ 16% |======== ]- 25% |============ ]\ 33% |================ ]| 41% |==================== ]/ 50% |========================= ]- 58% |============================= ]\ 66% |================================= ]| 75% |===================================== ]/ 83% |========================================= ]- 91% |============================================= ]\100% |================================================== ]|
[395355] INFO MethodsAssertGenerator - Run instrumented tests. (36)
[395950] INFO MethodsAssertGenerator - Generating assertions...
[395961] INFO AssertGenerator - 1 test fail, generating try/catch/fail blocks...
[395967] INFO AssertGenerator - 13 new tests with assertions generated
[396352] INFO Amplification - 13 test method(s) has been successfully generated
</system-out>
  </testcase>
  <testcase classname="eu.stamp_project.stamp.MainTest" name="testOnProjectWithResources" time="5.016">
    <error type="java.lang.NullPointerException">java.lang.NullPointerException
	at eu.stamp_project.dspot.selector.JacocoCoverageSelector.report(JacocoCoverageSelector.java:180)
	at eu.stamp_project.dspot.DSpot.amplifyTest(DSpot.java:198)
	at eu.stamp_project.dspot.DSpot.amplifyTest(DSpot.java:173)
	at java.util.stream.ReferencePipeline$3$1.accept(ReferencePipeline.java:193)
	at java.util.stream.ReferencePipeline$2$1.accept(ReferencePipeline.java:175)
	at java.util.ArrayList$ArrayListSpliterator.forEachRemaining(ArrayList.java:1374)
	at java.util.stream.AbstractPipeline.copyInto(AbstractPipeline.java:481)
	at java.util.stream.AbstractPipeline.wrapAndCopyInto(AbstractPipeline.java:471)
	at java.util.stream.ReduceOps$ReduceOp.evaluateSequential(ReduceOps.java:708)
	at java.util.stream.AbstractPipeline.evaluate(AbstractPipeline.java:234)
	at java.util.stream.ReferencePipeline.collect(ReferencePipeline.java:499)
	at eu.stamp_project.dspot.DSpot.amplifyAllTests(DSpot.java:152)
	at eu.stamp_project.dspot.DSpot.amplifyAllTests(DSpot.java:134)
	at eu.stamp_project.Main.run(Main.java:71)
	at eu.stamp_project.Main.run(Main.java:94)
	at eu.stamp_project.Main.main(Main.java:43)
	at eu.stamp_project.stamp.MainTest.testOnProjectWithResources(MainTest.java:49)
	at sun.reflect.NativeMethodAccessorImpl.invoke0(Native Method)
	at sun.reflect.NativeMethodAccessorImpl.invoke(NativeMethodAccessorImpl.java:62)
	at sun.reflect.DelegatingMethodAccessorImpl.invoke(DelegatingMethodAccessorImpl.java:43)
	at java.lang.reflect.Method.invoke(Method.java:498)
	at org.junit.runners.model.FrameworkMethod$1.runReflectiveCall(FrameworkMethod.java:50)
	at org.junit.internal.runners.model.ReflectiveCallable.run(ReflectiveCallable.java:12)
	at org.junit.runners.model.FrameworkMethod.invokeExplosively(FrameworkMethod.java:47)
	at org.junit.internal.runners.statements.InvokeMethod.evaluate(InvokeMethod.java:17)
	at org.junit.internal.runners.statements.RunBefores.evaluate(RunBefores.java:26)
	at org.junit.internal.runners.statements.RunAfters.evaluate(RunAfters.java:27)
	at org.junit.runners.ParentRunner.runLeaf(ParentRunner.java:325)
	at org.junit.runners.BlockJUnit4ClassRunner.runChild(BlockJUnit4ClassRunner.java:78)
	at org.junit.runners.BlockJUnit4ClassRunner.runChild(BlockJUnit4ClassRunner.java:57)
	at org.junit.runners.ParentRunner$3.run(ParentRunner.java:290)
	at org.junit.runners.ParentRunner$1.schedule(ParentRunner.java:71)
	at org.junit.runners.ParentRunner.runChildren(ParentRunner.java:288)
	at org.junit.runners.ParentRunner.access$000(ParentRunner.java:58)
	at org.junit.runners.ParentRunner$2.evaluate(ParentRunner.java:268)
	at org.junit.runners.ParentRunner.run(ParentRunner.java:363)
	at org.apache.maven.surefire.junit4.JUnit4Provider.execute(JUnit4Provider.java:252)
	at org.apache.maven.surefire.junit4.JUnit4Provider.executeTestSet(JUnit4Provider.java:141)
	at org.apache.maven.surefire.junit4.JUnit4Provider.invoke(JUnit4Provider.java:112)
	at sun.reflect.NativeMethodAccessorImpl.invoke0(Native Method)
	at sun.reflect.NativeMethodAccessorImpl.invoke(NativeMethodAccessorImpl.java:62)
	at sun.reflect.DelegatingMethodAccessorImpl.invoke(DelegatingMethodAccessorImpl.java:43)
	at java.lang.reflect.Method.invoke(Method.java:498)
	at org.apache.maven.surefire.util.ReflectionUtils.invokeMethodWithArray(ReflectionUtils.java:189)
	at org.apache.maven.surefire.booter.ProviderFactory$ProviderProxy.invoke(ProviderFactory.java:165)
	at org.apache.maven.surefire.booter.ProviderFactory.invokeProvider(ProviderFactory.java:85)
	at org.apache.maven.surefire.booter.ForkedBooter.runSuitesInProcess(ForkedBooter.java:115)
	at org.apache.maven.surefire.booter.ForkedBooter.main(ForkedBooter.java:75)
</error>
    <system-out>[396783] INFO AutomaticBuilderFactory - Selected Maven automatic builder.
[396783] INFO MavenAutomaticBuilder - run maven clean test -DskipTests dependency:build-classpath -Dmdep.outputFile=target/dspot/classpath
[WARN] Maven will be executed in interactive mode, but no input stream has been configured for this MavenInvoker instance.
[INFO] Scanning for projects...
[INFO]                                                                         
[INFO] ------------------------------------------------------------------------
[INFO] Building project-with-resources 0.0.1-SNAPSHOT
[INFO] ------------------------------------------------------------------------
[INFO] 
[INFO] --- maven-clean-plugin:2.5:clean (default-clean) @ project-with-resources ---
[INFO] Deleting /root/workspace/danglotb/dspot/385709878/dspot/src/test/resources/project-with-resources/target
[INFO] 
[INFO] --- maven-resources-plugin:2.6:resources (default-resources) @ project-with-resources ---
[WARNING] Using platform encoding (UTF-8 actually) to copy filtered resources, i.e. build is platform dependent!
[INFO] Copying 1 resource
[INFO] 
[INFO] --- maven-compiler-plugin:3.1:compile (default-compile) @ project-with-resources ---
[INFO] Changes detected - recompiling the module!
[WARNING] File encoding has not been set, using platform encoding UTF-8, i.e. build is platform dependent!
[INFO] Compiling 3 source files to /root/workspace/danglotb/dspot/385709878/dspot/src/test/resources/project-with-resources/target/classes
[INFO] 
[INFO] --- maven-resources-plugin:2.6:testResources (default-testResources) @ project-with-resources ---
[WARNING] Using platform encoding (UTF-8 actually) to copy filtered resources, i.e. build is platform dependent!
[INFO] Copying 1 resource
[INFO] Copying 3 resources
[INFO] 
[INFO] --- maven-compiler-plugin:3.1:testCompile (default-testCompile) @ project-with-resources ---
[INFO] Changes detected - recompiling the module!
[WARNING] File encoding has not been set, using platform encoding UTF-8, i.e. build is platform dependent!
[INFO] Compiling 2 source files to /root/workspace/danglotb/dspot/385709878/dspot/src/test/resources/project-with-resources/target/test-classes
[INFO] 
[INFO] --- maven-surefire-plugin:2.19.1:test (default-test) @ project-with-resources ---
[INFO] Tests are skipped.
[INFO] 
[INFO] --- maven-dependency-plugin:2.8:build-classpath (default-cli) @ project-with-resources ---
[INFO] Wrote classpath file &apos;/root/workspace/danglotb/dspot/385709878/dspot/src/test/resources/project-with-resources/target/dspot/classpath&apos;.
[INFO] ------------------------------------------------------------------------
[INFO] BUILD SUCCESS
[INFO] ------------------------------------------------------------------------
[INFO] Total time: 2.787 s
[INFO] Finished at: 2018-05-30T16:25:40+02:00
[INFO] Final Memory: 20M/292M
[INFO] ------------------------------------------------------------------------
[401427] INFO Amplification - amplification of resolver.ClasspathResolverTest (10 test(s))
[401460] INFO EntryPoint - Run: java -cp /root/workspace/danglotb/dspot/385709878/dspot/src/test/resources/project-with-resources/target/test-classes:/root/workspace/danglotb/dspot/385709878/dspot/src/test/resources/project-with-resources/target/classes:/root/.m2/repository/junit/junit/4.11/junit-4.11.jar:/root/.m2/repository/org/hamcrest/hamcrest-core/1.3/hamcrest-core-1.3.jar:/root/workspace/danglotb/dspot/385709878/dspot/src/test/resources/project-with-resources/src/test/resources/templates.jar:/root/workspace/danglotb/dspot/385709878/dspot/target/dspot/dependencies:/root/./workspace/danglotb/dspot/385709878/.m2/eu/stamp-project/test-runner/1.0.8/test-runner-1.0.8-jar-with-dependencies.jar eu.stamp_project.testrunner.runner.test.TestRunner resolver.ClasspathResolverTest getReaderNullRootAndNullResourceThrowsNullPointer:getReaderNullRootAndResourceHasRelativePath:getReaderNullRootDoesNotFindFileWithAbsolutePath:getReaderWithRootAndNullResource:getReaderWithRootAndResourceHasAbsolutePath:getReaderWithRootAndResourceHasDotRelativePath:getReaderWithRootAndResourceHasDoubleDotRelativePath:getReaderWithRootAndResourceHasRelativePath:getReaderWithRootThatHasTrailingForwardSlashAndResourceHasAbsolutePath:getReaderWithRootThatHasTrailingForwardSlashAndResourceHasRelativePath
File saved to the following path: /root/workspace/danglotb/dspot/385709878/dspot/target/dspot/TestListener.ser
[401773] INFO EntryPoint - Test has been run: getReaderWithRootAndResourceHasAbsolutePath,getReaderNullRootAndResourceHasRelativePath,getReaderWithRootAndResourceHasRelativePath,getReaderWithRootAndNullResource,getReaderWithRootThatHasTrailingForwardSlashAndResourceHasAbsolutePath,getReaderWithRootThatHasTrailingForwardSlashAndResourceHasRelativePath,getReaderWithRootAndResourceHasDotRelativePath,getReaderNullRootAndNullResourceThrowsNullPointer,getReaderWithRootAndResourceHasDoubleDotRelativePath,getReaderNullRootDoesNotFindFileWithAbsolutePath
[401773] INFO Amplification - 0 amplified test(s) has been selected, global: 0
[401773] INFO DSpot - elapsedTime 356
</system-out>
  </testcase>
</testsuite>