-------------------------------------------------------------------------------
Test set: TestSuite
-------------------------------------------------------------------------------
Tests run: 27, Failures: 1, Errors: 0, Skipped: 0, Time elapsed: 3.859 s <<< FAILURE! - in TestSuite
testMoveTopLevelDir(org.molgenis.data.file.FileStoreTest)  Time elapsed: 0.017 s  <<< FAILURE!
java.lang.AssertionError: expected [true] but found [false]
	at org.molgenis.data.file.FileStoreTest.testMoveTopLevelDir(FileStoreTest.java:50)

