-------------------------------------------------------------------------------
Test set: com.github.stevejagodzinski.bcm.transformers.HttpRequestTransformerTest
-------------------------------------------------------------------------------
Tests run: 1, Failures: 0, Errors: 1, Skipped: 0, Time elapsed: 0.624 sec <<< FAILURE!
testInstrumentedServiceMethodAddsUniqueIdToResponse(com.github.stevejagodzinski.bcm.transformers.HttpRequestTransformerTest)  Time elapsed: 0.56 sec  <<< ERROR!
java.lang.ExceptionInInitializerError
	at com.github.stevejagodzinski.bcm.agent.attach.DefaultAttachmentProvider.attach(DefaultAttachmentProvider.java:27)
	at com.github.stevejagodzinski.bcm.agent.attach.AgentInstaller.installAgent(AgentInstaller.java:20)
	at com.github.stevejagodzinski.bcm.transformers.HttpRequestTransformerTest.installAgent(HttpRequestTransformerTest.java:31)
	at com.github.stevejagodzinski.bcm.transformers.HttpRequestTransformerTest.before(HttpRequestTransformerTest.java:27)
	at sun.reflect.NativeMethodAccessorImpl.invoke0(Native Method)
	at sun.reflect.NativeMethodAccessorImpl.invoke(NativeMethodAccessorImpl.java:62)
	at sun.reflect.DelegatingMethodAccessorImpl.invoke(DelegatingMethodAccessorImpl.java:43)
	at java.lang.reflect.Method.invoke(Method.java:498)
	at org.junit.runners.model.FrameworkMethod$1.runReflectiveCall(FrameworkMethod.java:50)
	at org.junit.internal.runners.model.ReflectiveCallable.run(ReflectiveCallable.java:12)
	at org.junit.runners.model.FrameworkMethod.invokeExplosively(FrameworkMethod.java:47)
	at org.junit.internal.runners.statements.RunBefores.evaluate(RunBefores.java:24)
	at org.junit.runners.ParentRunner.runLeaf(ParentRunner.java:325)
	at org.junit.runners.BlockJUnit4ClassRunner.runChild(BlockJUnit4ClassRunner.java:78)
	at org.junit.runners.BlockJUnit4ClassRunner.runChild(BlockJUnit4ClassRunner.java:57)
	at org.junit.runners.ParentRunner$3.run(ParentRunner.java:290)
	at org.junit.runners.ParentRunner$1.schedule(ParentRunner.java:71)
	at org.junit.runners.ParentRunner.runChildren(ParentRunner.java:288)
	at org.junit.runners.ParentRunner.access$000(ParentRunner.java:58)
	at org.junit.runners.ParentRunner$2.evaluate(ParentRunner.java:268)
	at org.junit.runners.ParentRunner.run(ParentRunner.java:363)
	at org.apache.maven.surefire.junit4.JUnit4Provider.execute(JUnit4Provider.java:252)
	at org.apache.maven.surefire.junit4.JUnit4Provider.executeTestSet(JUnit4Provider.java:141)
	at org.apache.maven.surefire.junit4.JUnit4Provider.invoke(JUnit4Provider.java:112)
	at sun.reflect.NativeMethodAccessorImpl.invoke0(Native Method)
	at sun.reflect.NativeMethodAccessorImpl.invoke(NativeMethodAccessorImpl.java:62)
	at sun.reflect.DelegatingMethodAccessorImpl.invoke(DelegatingMethodAccessorImpl.java:43)
	at java.lang.reflect.Method.invoke(Method.java:498)
	at org.apache.maven.surefire.util.ReflectionUtils.invokeMethodWithArray(ReflectionUtils.java:189)
	at org.apache.maven.surefire.booter.ProviderFactory$ProviderProxy.invoke(ProviderFactory.java:165)
	at org.apache.maven.surefire.booter.ProviderFactory.invokeProvider(ProviderFactory.java:85)
	at org.apache.maven.surefire.booter.ForkedBooter.runSuitesInProcess(ForkedBooter.java:115)
	at org.apache.maven.surefire.booter.ForkedBooter.main(ForkedBooter.java:75)
Caused by: java.lang.IllegalStateException: Can not determine jar file containing java agent: classFilePath=/root/workspace/stevejagodzinski/ByteCodeManipulation/430824475/bytecodemanipulationz-agent/target/classes/com/github/stevejagodzinski/bcm/JavaAgent.class
	at com.github.stevejagodzinski.bcm.agent.attach.AgentJarPathProvider.findJarOnClasspath(AgentJarPathProvider.java:37)
	at java.util.Optional.orElseGet(Optional.java:267)
	at com.github.stevejagodzinski.bcm.agent.attach.AgentJarPathProvider.path(AgentJarPathProvider.java:23)
	at com.github.stevejagodzinski.bcm.agent.attach.AgentJarPathProvider.<clinit>(AgentJarPathProvider.java:20)
	... 33 more

