-------------------------------------------------------------------------------
Test set: io.atomix.protocols.raft.RaftTest
-------------------------------------------------------------------------------
Tests run: 65, Failures: 4, Errors: 2, Skipped: 1, Time elapsed: 435.429 sec <<< FAILURE!
testSequenceBoundedLinearizableOperations(io.atomix.protocols.raft.RaftTest)  Time elapsed: 4.774 sec  <<< FAILURE!
java.lang.AssertionError: expected:<1> but was:<2>
	at net.jodah.concurrentunit.Waiter.fail(Waiter.java:205)
	at net.jodah.concurrentunit.Waiter.assertEquals(Waiter.java:40)
	at net.jodah.concurrentunit.ConcurrentTestCase.threadAssertEquals(ConcurrentTestCase.java:20)
	at io.atomix.protocols.raft.RaftTest.lambda$testSequenceOperations$14(RaftTest.java:827)

testSessionMetadata(io.atomix.protocols.raft.RaftTest)  Time elapsed: 6.419 sec  <<< FAILURE!
java.lang.AssertionError: expected:<2> but was:<3>
	at org.junit.Assert.fail(Assert.java:88)
	at org.junit.Assert.failNotEquals(Assert.java:834)
	at org.junit.Assert.assertEquals(Assert.java:645)
	at org.junit.Assert.assertEquals(Assert.java:631)
	at io.atomix.protocols.raft.RaftTest.testSessionMetadata(RaftTest.java:155)

testSequenceSequentialOperations(io.atomix.protocols.raft.RaftTest)  Time elapsed: 3.138 sec  <<< FAILURE!
java.lang.AssertionError: expected:<1> but was:<4>
	at net.jodah.concurrentunit.Waiter.fail(Waiter.java:205)
	at net.jodah.concurrentunit.Waiter.assertEquals(Waiter.java:40)
	at net.jodah.concurrentunit.ConcurrentTestCase.threadAssertEquals(ConcurrentTestCase.java:20)
	at io.atomix.protocols.raft.RaftTest.lambda$testSequenceOperations$15(RaftTest.java:836)

testSequenceLinearizableOperations(io.atomix.protocols.raft.RaftTest)  Time elapsed: 5.227 sec  <<< FAILURE!
java.lang.AssertionError: expected:<1> but was:<4>
	at net.jodah.concurrentunit.Waiter.fail(Waiter.java:205)
	at net.jodah.concurrentunit.Waiter.assertEquals(Waiter.java:40)
	at net.jodah.concurrentunit.ConcurrentTestCase.threadAssertEquals(ConcurrentTestCase.java:20)
	at io.atomix.protocols.raft.RaftTest.lambda$testSequenceOperations$15(RaftTest.java:836)

testPassiveJoinLate(io.atomix.protocols.raft.RaftTest)  Time elapsed: 18.859 sec  <<< ERROR!
java.util.concurrent.TimeoutException: Test timed out while waiting for an expected result
	at net.jodah.concurrentunit.Waiter.await(Waiter.java:168)
	at net.jodah.concurrentunit.Waiter.await(Waiter.java:115)
	at net.jodah.concurrentunit.ConcurrentTestCase.await(ConcurrentTestCase.java:98)
	at io.atomix.protocols.raft.RaftTest.testServerJoinLate(RaftTest.java:204)
	at io.atomix.protocols.raft.RaftTest.testPassiveJoinLate(RaftTest.java:193)

testFiveNodesEventsAfterLeaderKill(io.atomix.protocols.raft.RaftTest)  Time elapsed: 41.027 sec  <<< ERROR!
java.util.concurrent.TimeoutException: Test timed out while waiting for an expected result
	at net.jodah.concurrentunit.Waiter.await(Waiter.java:168)
	at net.jodah.concurrentunit.Waiter.await(Waiter.java:142)
	at net.jodah.concurrentunit.ConcurrentTestCase.await(ConcurrentTestCase.java:105)
	at io.atomix.protocols.raft.RaftTest.testEventsAfterLeaderKill(RaftTest.java:1029)
	at io.atomix.protocols.raft.RaftTest.testFiveNodesEventsAfterLeaderKill(RaftTest.java:999)

