-------------------------------------------------------------------------------
Test set: org.keycloak.documentation.test.GettingStartedTest
-------------------------------------------------------------------------------
Tests run: 5, Failures: 1, Errors: 0, Skipped: 0, Time elapsed: 2.799 sec <<< FAILURE!
checkVariables(org.keycloak.documentation.test.GettingStartedTest)  Time elapsed: 0.006 sec  <<< FAILURE!
* project_version

