-------------------------------------------------------------------------------
Test set: org.keycloak.documentation.test.AuthorizationServicesTest
-------------------------------------------------------------------------------
Tests run: 5, Failures: 1, Errors: 0, Skipped: 0, Time elapsed: 18.36 sec <<< FAILURE!
checkVariables(org.keycloak.documentation.test.AuthorizationServicesTest)  Time elapsed: 0.017 sec  <<< FAILURE!
* request.parameter['a']
* request.header['b']
* request.cookie['c']
* request.remoteAddr
* request.method
* request.uri
* request.relativePath
* request.secure
* request.body['/a/b/c']
* request.body['/d/1']
* request.body
* keycloak.access_token['/sub']
* keycloak.access_token['/preferred_username']
* keycloak.access_token['/custom_claim']

