-------------------------------------------------------------------------------
Test set: com.ceszke.security.mllogin.login.LoginControllerTest
-------------------------------------------------------------------------------
Tests run: 1, Failures: 1, Errors: 0, Skipped: 0, Time elapsed: 9.078 s <<< FAILURE! - in com.ceszke.security.mllogin.login.LoginControllerTest
login(com.ceszke.security.mllogin.login.LoginControllerTest)  Time elapsed: 0.291 s  <<< FAILURE!
java.lang.AssertionError: Status expected:<201> but was:<405>
	at com.ceszke.security.mllogin.login.LoginControllerTest.login(LoginControllerTest.java:44)

