-------------------------------------------------------------------------------
Test set: TestSuite
-------------------------------------------------------------------------------
Tests run: 6, Failures: 6, Errors: 0, Skipped: 0, Time elapsed: 1.798 sec <<< FAILURE! - in TestSuite
titleOfDuckDuckGoShouldContainSearchQueryName(org.fluentlenium.e2e.test.DuckDuckGoTest)  Time elapsed: 0.021 sec  <<< FAILURE!
java.lang.NullPointerException
	at org.fluentlenium.e2e.test.DuckDuckGoTest.titleOfDuckDuckGoShouldContainSearchQueryName(DuckDuckGoTest.java:14)

firstMethod(org.fluentlenium.e2e.test.GoogleThreadsTest)  Time elapsed: 0 sec  <<< FAILURE!
java.lang.NullPointerException
	at org.fluentlenium.e2e.test.GoogleThreadsTest.firstMethod(GoogleThreadsTest.java:16)

firstMethod(org.fluentlenium.e2e.test.GoogleThreadsTest)  Time elapsed: 0 sec  <<< FAILURE!
java.lang.NullPointerException
	at org.fluentlenium.e2e.test.GoogleThreadsTest.firstMethod(GoogleThreadsTest.java:16)

afterMethod(org.fluentlenium.e2e.test.GoogleThreadsTest)  Time elapsed: 0 sec  <<< FAILURE!
java.lang.NullPointerException
	at org.fluentlenium.e2e.test.GoogleThreadsTest.afterMethod(GoogleThreadsTest.java:22)

afterMethod(org.fluentlenium.e2e.test.GoogleThreadsTest)  Time elapsed: 0.001 sec  <<< FAILURE!
java.lang.NullPointerException
	at org.fluentlenium.e2e.test.GoogleThreadsTest.afterMethod(GoogleThreadsTest.java:22)

afterClass(org.fluentlenium.e2e.test.GoogleThreadsTest)  Time elapsed: 0.011 sec  <<< FAILURE!
java.lang.NullPointerException

