-------------------------------------------------------------------------------
Test set: com.islomar.payments.core.model.PaymentValidatorShould
-------------------------------------------------------------------------------
Tests run: 3, Failures: 1, Errors: 0, Skipped: 0, Time elapsed: 0.784 sec <<< FAILURE! - in com.islomar.payments.core.model.PaymentValidatorShould
a_payment_with_all_the_mandatories_fields_filled_is_valid(com.islomar.payments.core.model.PaymentValidatorShould)  Time elapsed: 0.024 sec  <<< FAILURE!
java.lang.AssertionError: No exception should have been thrown!: null
	at org.junit.Assert.fail(Assert.java:88)
	at com.islomar.payments.core.model.PaymentValidatorShould.a_payment_with_all_the_mandatories_fields_filled_is_valid(PaymentValidatorShould.java:54)

