-------------------------------------------------------------------------------
Test set: de.zalando.ep.zalenium.proxy.BrowserStackRemoteProxyTest
-------------------------------------------------------------------------------
Tests run: 6, Failures: 0, Errors: 1, Skipped: 0, Time elapsed: 2.765 s <<< FAILURE! - in de.zalando.ep.zalenium.proxy.BrowserStackRemoteProxyTest
testInformationIsRetrievedWhenStoppingSession(de.zalando.ep.zalenium.proxy.BrowserStackRemoteProxyTest)  Time elapsed: 2.191 s  <<< ERROR!
org.awaitility.core.ConditionTimeoutException: Condition with de.zalando.ep.zalenium.proxy.BrowserStackRemoteProxyTest was not fulfilled within 2 seconds.
	at de.zalando.ep.zalenium.proxy.BrowserStackRemoteProxyTest.testInformationIsRetrievedWhenStoppingSession(BrowserStackRemoteProxyTest.java:202)

