-------------------------------------------------------------------------------
Test set: fr.inria.astor.test.repair.approaches.cardumen.CardumenExahustiveTest
-------------------------------------------------------------------------------
Tests run: 5, Failures: 0, Errors: 5, Skipped: 0, Time elapsed: 0.887 sec <<< FAILURE! - in fr.inria.astor.test.repair.approaches.cardumen.CardumenExahustiveTest
testCardumentM70ExhausitveMaxSuspiciousLimited(fr.inria.astor.test.repair.approaches.cardumen.CardumenExahustiveTest)  Time elapsed: 0.616 sec  <<< ERROR!
java.lang.IllegalArgumentException: The bin folder  /root/workspace/SpoonLabs/astor/388418272/./examples/math_70/target/classes does not exist.
	at fr.inria.main.AbstractMain.determineBinFolder(AbstractMain.java:783)
	at fr.inria.main.AbstractMain.getProjectConfiguration(AbstractMain.java:752)
	at fr.inria.main.evolution.AstorMain.initProject(AstorMain.java:53)
	at fr.inria.main.evolution.AstorMain.run(AstorMain.java:164)
	at fr.inria.main.evolution.AstorMain.execute(AstorMain.java:230)
	at fr.inria.astor.test.repair.approaches.cardumen.CardumenExahustiveTest.testCardumentM70ExhausitveMaxSuspiciousLimited(CardumenExahustiveTest.java:162)

testCardumentM70ExhausitveMaxLimited(fr.inria.astor.test.repair.approaches.cardumen.CardumenExahustiveTest)  Time elapsed: 0.007 sec  <<< ERROR!
java.lang.IllegalArgumentException: The bin folder  /root/workspace/SpoonLabs/astor/388418272/./examples/math_70/target/classes does not exist.
	at fr.inria.main.AbstractMain.determineBinFolder(AbstractMain.java:783)
	at fr.inria.main.AbstractMain.getProjectConfiguration(AbstractMain.java:752)
	at fr.inria.main.evolution.AstorMain.initProject(AstorMain.java:53)
	at fr.inria.main.evolution.AstorMain.run(AstorMain.java:164)
	at fr.inria.main.evolution.AstorMain.execute(AstorMain.java:230)
	at fr.inria.astor.test.repair.approaches.cardumen.CardumenExahustiveTest.testCardumentM70ExhausitveMaxLimited(CardumenExahustiveTest.java:132)

testCardumentM70Exhausitve(fr.inria.astor.test.repair.approaches.cardumen.CardumenExahustiveTest)  Time elapsed: 0.006 sec  <<< ERROR!
java.lang.IllegalArgumentException: The bin folder  /root/workspace/SpoonLabs/astor/388418272/./examples/math_70/target/classes does not exist.
	at fr.inria.main.AbstractMain.determineBinFolder(AbstractMain.java:783)
	at fr.inria.main.AbstractMain.getProjectConfiguration(AbstractMain.java:752)
	at fr.inria.main.evolution.AstorMain.initProject(AstorMain.java:53)
	at fr.inria.main.evolution.AstorMain.run(AstorMain.java:164)
	at fr.inria.main.evolution.AstorMain.execute(AstorMain.java:230)
	at fr.inria.astor.test.repair.approaches.cardumen.CardumenExahustiveTest.testCardumentM70Exhausitve(CardumenExahustiveTest.java:94)

testCardumentM70ExhausitveReplacement(fr.inria.astor.test.repair.approaches.cardumen.CardumenExahustiveTest)  Time elapsed: 0.005 sec  <<< ERROR!
java.lang.IllegalArgumentException: The bin folder  /root/workspace/SpoonLabs/astor/388418272/./examples/math_70/target/classes does not exist.
	at fr.inria.main.AbstractMain.determineBinFolder(AbstractMain.java:783)
	at fr.inria.main.AbstractMain.getProjectConfiguration(AbstractMain.java:752)
	at fr.inria.main.evolution.AstorMain.initProject(AstorMain.java:53)
	at fr.inria.main.evolution.AstorMain.run(AstorMain.java:164)
	at fr.inria.main.evolution.AstorMain.execute(AstorMain.java:230)
	at fr.inria.astor.test.repair.approaches.cardumen.CardumenExahustiveTest.testCardumentM70ExhausitveReplacement(CardumenExahustiveTest.java:196)

testCardumentM70ExhausitveComplete(fr.inria.astor.test.repair.approaches.cardumen.CardumenExahustiveTest)  Time elapsed: 0.006 sec  <<< ERROR!
java.lang.IllegalArgumentException: The bin folder  /root/workspace/SpoonLabs/astor/388418272/./examples/math_70/target/classes does not exist.
	at fr.inria.main.AbstractMain.determineBinFolder(AbstractMain.java:783)
	at fr.inria.main.AbstractMain.getProjectConfiguration(AbstractMain.java:752)
	at fr.inria.main.evolution.AstorMain.initProject(AstorMain.java:53)
	at fr.inria.main.evolution.AstorMain.run(AstorMain.java:164)
	at fr.inria.main.evolution.AstorMain.execute(AstorMain.java:230)
	at fr.inria.astor.test.repair.approaches.cardumen.CardumenExahustiveTest.testCardumentM70ExhausitveComplete(CardumenExahustiveTest.java:58)

