-------------------------------------------------------------------------------
Test set: loghub.security.TestJwt
-------------------------------------------------------------------------------
Tests run: 6, Failures: 1, Errors: 0, Skipped: 0, Time elapsed: 0.122 sec <<< FAILURE! - in loghub.security.TestJwt
testAuthHandlerPassword(loghub.security.TestJwt)  Time elapsed: 0.037 sec  <<< FAILURE!
java.lang.AssertionError
	at loghub.security.TestJwt.testAuthHandlerPassword(TestJwt.java:81)

