-------------------------------------------------------------------------------
Test set: org.codehaus.mojo.license.model.LicenseRepositoryTest
-------------------------------------------------------------------------------
Tests run: 2, Failures: 1, Errors: 0, Skipped: 0, Time elapsed: 0.033 sec <<< FAILURE! - in org.codehaus.mojo.license.model.LicenseRepositoryTest
testJarRepository(org.codehaus.mojo.license.model.LicenseRepositoryTest)  Time elapsed: 0.027 sec  <<< FAILURE!
java.lang.AssertionError: expected:<15> but was:<17>
	at org.codehaus.mojo.license.model.LicenseRepositoryTest.testJarRepository(LicenseRepositoryTest.java:61)

