-------------------------------------------------------------------------------
Test set: org.codehaus.mojo.license.model.LicenseStoreTest
-------------------------------------------------------------------------------
Tests run: 2, Failures: 1, Errors: 0, Skipped: 0, Time elapsed: 0.009 sec <<< FAILURE! - in org.codehaus.mojo.license.model.LicenseStoreTest
testJarRepository(org.codehaus.mojo.license.model.LicenseStoreTest)  Time elapsed: 0.009 sec  <<< FAILURE!
java.lang.AssertionError: expected:<15> but was:<17>
	at org.codehaus.mojo.license.model.LicenseStoreTest.testJarRepository(LicenseStoreTest.java:74)

