-------------------------------------------------------------------------------
Test set: org.shop.dao.impl.SequenceImplTest
-------------------------------------------------------------------------------
Tests run: 2, Failures: 1, Errors: 0, Skipped: 0, Time elapsed: 6.597 s <<< FAILURE! - in org.shop.dao.impl.SequenceImplTest
getNextSequenceId(org.shop.dao.impl.SequenceImplTest)  Time elapsed: 3.319 s  <<< FAILURE!
java.lang.AssertionError: Sequence is generated
	at org.shop.dao.impl.SequenceImplTest.getNextSequenceId(SequenceImplTest.java:20)

