-------------------------------------------------------------------------------
Test set: PGR301.AppTest
-------------------------------------------------------------------------------
Tests run: 1, Failures: 1, Errors: 0, Skipped: 0, Time elapsed: 0.036 s <<< FAILURE! - in PGR301.AppTest
shouldAnswerWithTrue(PGR301.AppTest)  Time elapsed: 0.007 s  <<< FAILURE!
java.lang.AssertionError
	at PGR301.AppTest.shouldAnswerWithTrue(AppTest.java:18)

