-------------------------------------------------------------------------------
Test set: services.RecipeSearchServiceTest
-------------------------------------------------------------------------------
Tests run: 3, Failures: 1, Errors: 0, Skipped: 0, Time elapsed: 3.551 s <<< FAILURE! - in services.RecipeSearchServiceTest
allRecipeGetRecipes(services.RecipeSearchServiceTest)  Time elapsed: 1.26 s  <<< FAILURE!
java.lang.AssertionError
	at services.RecipeSearchServiceTest.allRecipeGetRecipes(RecipeSearchServiceTest.java:58)

