-------------------------------------------------------------------------------
Test set: spoon.test.architecture.SpoonArchitectureEnforcerTest
-------------------------------------------------------------------------------
Tests run: 8, Failures: 1, Errors: 0, Skipped: 0, Time elapsed: 35.403 s <<< FAILURE! - in spoon.test.architecture.SpoonArchitectureEnforcerTest
testSrcMainJava(spoon.test.architecture.SpoonArchitectureEnforcerTest)  Time elapsed: 10.37 s  <<< FAILURE!
java.lang.AssertionError: 
1 public methods should be documented with proper API documentation: 
spoon.MavenLauncher$ProjectDependence#toFiles()
	at spoon.test.architecture.SpoonArchitectureEnforcerTest.testSrcMainJava(SpoonArchitectureEnforcerTest.java:163)

