-------------------------------------------------------------------------------
Test set: spoon.test.api.MetamodelTest
-------------------------------------------------------------------------------
Tests run: 14, Failures: 1, Errors: 0, Skipped: 0, Time elapsed: 13.239 s <<< FAILURE! - in spoon.test.api.MetamodelTest
testRuntimeMetamodel(spoon.test.api.MetamodelTest)  Time elapsed: 0.076 s  <<< FAILURE!
java.lang.AssertionError: Field CtParameter#defaultExpression<spoon.reflect.code.CtExpression<T>>.derived expected same:<false> was not:<true>
	at spoon.test.api.MetamodelTest.testRuntimeMetamodel(MetamodelTest.java:100)

