-------------------------------------------------------------------------------
Test set: spoon.test.filters.FilterTest
-------------------------------------------------------------------------------
Tests run: 43, Failures: 1, Errors: 0, Skipped: 0, Time elapsed: 3.536 s <<< FAILURE! - in spoon.test.filters.FilterTest
testgetTopDefinitions(spoon.test.filters.FilterTest)  Time elapsed: 0.09 s  <<< FAILURE!
java.lang.AssertionError: expected:<2> but was:<0>
	at spoon.test.filters.FilterTest.testgetTopDefinitions(FilterTest.java:398)

