-------------------------------------------------------------------------------
Test set: spoon.support.visitor.java.JavaReflectionTreeBuilderTest
-------------------------------------------------------------------------------
Tests run: 17, Failures: 1, Errors: 0, Skipped: 0, Time elapsed: 0.128 s <<< FAILURE! - in spoon.support.visitor.java.JavaReflectionTreeBuilderTest
testShadowModelEqualsNormalModel(spoon.support.visitor.java.JavaReflectionTreeBuilderTest)  Time elapsed: 0.007 s  <<< FAILURE!
java.lang.AssertionError
	at spoon.support.visitor.java.JavaReflectionTreeBuilderTest.checkShadowTypeIsEqual(JavaReflectionTreeBuilderTest.java:202)
	at spoon.support.visitor.java.JavaReflectionTreeBuilderTest.testShadowModelEqualsNormalModel(JavaReflectionTreeBuilderTest.java:188)

