-------------------------------------------------------------------------------
Test set: spoon.test.reference.ExecutableReferenceTest
-------------------------------------------------------------------------------
Tests run: 7, Failures: 1, Errors: 0, Skipped: 0, Time elapsed: 0.478 s <<< FAILURE! - in spoon.test.reference.ExecutableReferenceTest
testSpecifyGetAllExecutablesMethod(spoon.test.reference.ExecutableReferenceTest)  Time elapsed: 0.079 s  <<< FAILURE!
java.lang.AssertionError: expected:<1> but was:<13>
	at spoon.test.reference.ExecutableReferenceTest.testSpecifyGetAllExecutablesMethod(ExecutableReferenceTest.java:116)

