-------------------------------------------------------------------------------
Test set: spoon.reflect.visitor.CtScannerTest
-------------------------------------------------------------------------------
Tests run: 3, Failures: 0, Errors: 1, Skipped: 0, Time elapsed: 6.762 s <<< FAILURE! - in spoon.reflect.visitor.CtScannerTest
testScannerCallsAllProperties(spoon.reflect.visitor.CtScannerTest)  Time elapsed: 5.615 s  <<< ERROR!
spoon.SpoonException: No own method exists in type CtNamedElement#name<java.lang.String>
	at spoon.reflect.visitor.CtScannerTest.testScannerCallsAllProperties(CtScannerTest.java:131)

