-------------------------------------------------------------------------------
Test set: spoon.processing.CtGenerationTest
-------------------------------------------------------------------------------
Tests run: 4, Failures: 0, Errors: 3, Skipped: 0, Time elapsed: 5.465 s <<< FAILURE! - in spoon.processing.CtGenerationTest
testGenerateRoleHandler(spoon.processing.CtGenerationTest)  Time elapsed: 2.391 s  <<< ERROR!
spoon.SpoonException: No own method exists in type CtNamedElement#name<String>
	at spoon.processing.CtGenerationTest.testGenerateRoleHandler(CtGenerationTest.java:176)

testGenerateReplacementVisitor(spoon.processing.CtGenerationTest)  Time elapsed: 0.434 s  <<< ERROR!
spoon.SpoonException: Cannot create MethodTypingContext for method declared in different ClassTypingContext
	at spoon.processing.CtGenerationTest.testGenerateReplacementVisitor(CtGenerationTest.java:57)

testGenerateCloneVisitor(spoon.processing.CtGenerationTest)  Time elapsed: 1.511 s  <<< ERROR!
spoon.SpoonException: Cannot create MethodTypingContext for method declared in different ClassTypingContext
	at spoon.processing.CtGenerationTest.testGenerateCloneVisitor(CtGenerationTest.java:127)

