-------------------------------------------------------------------------------
Test set: spoon.MavenLauncherTest
-------------------------------------------------------------------------------
Tests run: 6, Failures: 2, Errors: 0, Skipped: 0, Time elapsed: 1.523 s <<< FAILURE! - in spoon.MavenLauncherTest
mavenLauncherTestMultiModulesAndVariables(spoon.MavenLauncherTest)  Time elapsed: 1.322 s  <<< FAILURE!
java.lang.AssertionError: Content of classpath: 
	at spoon.MavenLauncherTest.mavenLauncherTestMultiModulesAndVariables(MavenLauncherTest.java:70)

spoonMavenLauncherTest(spoon.MavenLauncherTest)  Time elapsed: 0.001 s  <<< FAILURE!
java.lang.AssertionError: expected:<10> but was:<0>
	at spoon.MavenLauncherTest.spoonMavenLauncherTest(MavenLauncherTest.java:18)

