-------------------------------------------------------------------------------
Test set: spoon.test.reference.TypeReferenceTest
-------------------------------------------------------------------------------
Tests run: 28, Failures: 1, Errors: 0, Skipped: 0, Time elapsed: 1.478 s <<< FAILURE! - in spoon.test.reference.TypeReferenceTest
testGetAllExecutablesForInterfaces(spoon.test.reference.TypeReferenceTest)  Time elapsed: 0.067 s  <<< FAILURE!
java.lang.AssertionError: expected:<2> but was:<14>
	at spoon.test.reference.TypeReferenceTest.testGetAllExecutablesForInterfaces(TypeReferenceTest.java:78)

