-------------------------------------------------------------------------------
Test set: spoon.test.method_overriding.MethodOverriddingTest
-------------------------------------------------------------------------------
Tests run: 5, Failures: 1, Errors: 0, Skipped: 0, Time elapsed: 0.212 s <<< FAILURE! - in spoon.test.method_overriding.MethodOverriddingTest
testLambdaInterfaceMethodsCanOverrideObjectMethods(spoon.test.method_overriding.MethodOverriddingTest)  Time elapsed: 0.06 s  <<< FAILURE!
java.lang.AssertionError
	at spoon.test.method_overriding.MethodOverriddingTest.testLambdaInterfaceMethodsCanOverrideObjectMethods(MethodOverriddingTest.java:82)

