-------------------------------------------------------------------------------
Test set: spoon.test.lambda.LambdaTest
-------------------------------------------------------------------------------
Tests run: 23, Failures: 1, Errors: 0, Skipped: 0, Time elapsed: 1.723 s <<< FAILURE! - in spoon.test.lambda.LambdaTest
testGetDeclarationOnTypeParameterFromLambda(spoon.test.lambda.LambdaTest)  Time elapsed: 0.062 s  <<< FAILURE!
java.lang.AssertionError
	at spoon.test.lambda.LambdaTest.testGetDeclarationOnTypeParameterFromLambda(LambdaTest.java:477)

