-------------------------------------------------------------------------------
Test set: spoon.reflect.declaration.CtTypeInformationTest
-------------------------------------------------------------------------------
Tests run: 4, Failures: 1, Errors: 2, Skipped: 0, Time elapsed: 0.255 s <<< FAILURE! - in spoon.reflect.declaration.CtTypeInformationTest
testClassTypingContextContinueScanning(spoon.reflect.declaration.CtTypeInformationTest)  Time elapsed: 0.042 s  <<< FAILURE!
org.junit.ComparisonFailure: expected:<...tion.testclasses.Sub[class]> but was:<...tion.testclasses.Sub[interface]>
	at spoon.reflect.declaration.CtTypeInformationTest.testClassTypingContextContinueScanning(CtTypeInformationTest.java:60)

testGetAllMethodsWontReturnOverriddenMethod(spoon.reflect.declaration.CtTypeInformationTest)  Time elapsed: 0.038 s  <<< ERROR!
spoon.SpoonException: Cannot create MethodTypingContext for method declared in different ClassTypingContext
	at spoon.reflect.declaration.CtTypeInformationTest.testGetAllMethodsWontReturnOverriddenMethod(CtTypeInformationTest.java:191)

testGetSuperclass(spoon.reflect.declaration.CtTypeInformationTest)  Time elapsed: 0.105 s  <<< ERROR!
spoon.SpoonException: Cannot create MethodTypingContext for method declared in different ClassTypingContext
	at spoon.reflect.declaration.CtTypeInformationTest.testGetSuperclass(CtTypeInformationTest.java:150)

