-------------------------------------------------------------------------------
Test set: spoon.test.replace.ReplaceParametrizedTest
-------------------------------------------------------------------------------
Tests run: 1, Failures: 0, Errors: 1, Skipped: 0, Time elapsed: 1.513 s <<< FAILURE! - in spoon.test.replace.ReplaceParametrizedTest
initializationError(spoon.test.replace.ReplaceParametrizedTest)  Time elapsed: 0 s  <<< ERROR!
spoon.SpoonException: No own method exists in type CtNamedElement#name<java.lang.String>
	at spoon.test.replace.ReplaceParametrizedTest.data(ReplaceParametrizedTest.java:47)

