-------------------------------------------------------------------------------
Test set: spoon.test.module.TestModule
-------------------------------------------------------------------------------
Tests run: 8, Failures: 0, Errors: 1, Skipped: 1, Time elapsed: 0.179 s <<< FAILURE! - in spoon.test.module.TestModule
testSimpleModuleCanBeBuiltAndCompiled(spoon.test.module.TestModule)  Time elapsed: 0.077 s  <<< ERROR!
spoon.compiler.ModelBuildingException: The package fr.simplemodule.pack does not exist or is empty at /root/workspace/INRIA/spoon/388739497/src/test/resources/spoon/test/module/simple_module_with_code/module-info.java:2
	at spoon.test.module.TestModule.testSimpleModuleCanBeBuiltAndCompiled(TestModule.java:272)

