-------------------------------------------------------------------------------
Test set: com.mitchellbosecke.pebble.MacroTest
-------------------------------------------------------------------------------
Tests run: 13, Failures: 1, Errors: 0, Skipped: 0, Time elapsed: 0.03 s <<< FAILURE! - in com.mitchellbosecke.pebble.MacroTest
testMacroHasAccessToGlobalVariables(com.mitchellbosecke.pebble.MacroTest)  Time elapsed: 0.008 s  <<< FAILURE!
org.junit.ComparisonFailure: expected:<[bar]> but was:<[]>
	at com.mitchellbosecke.pebble.MacroTest.testMacroHasAccessToGlobalVariables(MacroTest.java:194)

