-------------------------------------------------------------------------------
Test set: org.corfudb.runtime.view.ManagementViewTest
-------------------------------------------------------------------------------
Tests run: 19, Failures: 2, Errors: 0, Skipped: 0, Time elapsed: 128.069 sec <<< FAILURE! - in org.corfudb.runtime.view.ManagementViewTest
testSequencerFailover(org.corfudb.runtime.view.ManagementViewTest)  Time elapsed: 9.928 sec  <<< FAILURE!
org.junit.ComparisonFailure: expected:<...ers=[test:0], epoch=[2], clusterId=84a9054f...> but was:<...ers=[test:0], epoch=[3], clusterId=84a9054f...>
	at sun.reflect.NativeConstructorAccessorImpl.newInstance0(Native Method)
	at sun.reflect.NativeConstructorAccessorImpl.newInstance(NativeConstructorAccessorImpl.java:62)
	at sun.reflect.DelegatingConstructorAccessorImpl.newInstance(DelegatingConstructorAccessorImpl.java:45)
	at org.corfudb.runtime.view.ManagementViewTest.testSequencerFailover(ManagementViewTest.java:559)
	at sun.reflect.NativeMethodAccessorImpl.invoke0(Native Method)
	at sun.reflect.NativeMethodAccessorImpl.invoke(NativeMethodAccessorImpl.java:62)
	at sun.reflect.DelegatingMethodAccessorImpl.invoke(DelegatingMethodAccessorImpl.java:43)
	at java.lang.reflect.Method.invoke(Method.java:498)
	at org.junit.runners.model.FrameworkMethod$1.runReflectiveCall(FrameworkMethod.java:50)
	at org.junit.internal.runners.model.ReflectiveCallable.run(ReflectiveCallable.java:12)
	at org.junit.runners.model.FrameworkMethod.invokeExplosively(FrameworkMethod.java:47)
	at org.junit.internal.runners.statements.InvokeMethod.evaluate(InvokeMethod.java:17)
	at org.junit.internal.runners.statements.RunBefores.evaluate(RunBefores.java:26)
	at org.junit.internal.runners.statements.RunAfters.evaluate(RunAfters.java:27)
	at org.corfudb.AbstractCorfuTest$1$1.lambda$evaluate$0(AbstractCorfuTest.java:105)
	at java.lang.Thread.run(Thread.java:745)

removeSingleNodeFailure(org.corfudb.runtime.view.ManagementViewTest)  Time elapsed: 7.067 sec  <<< FAILURE!
org.junit.ComparisonFailure: expected:<[2]> but was:<[3]>
	at sun.reflect.NativeConstructorAccessorImpl.newInstance0(Native Method)
	at sun.reflect.NativeConstructorAccessorImpl.newInstance(NativeConstructorAccessorImpl.java:62)
	at sun.reflect.DelegatingConstructorAccessorImpl.newInstance(DelegatingConstructorAccessorImpl.java:45)
	at org.corfudb.runtime.view.ManagementViewTest.removeSingleNodeFailure(ManagementViewTest.java:203)
	at sun.reflect.NativeMethodAccessorImpl.invoke0(Native Method)
	at sun.reflect.NativeMethodAccessorImpl.invoke(NativeMethodAccessorImpl.java:62)
	at sun.reflect.DelegatingMethodAccessorImpl.invoke(DelegatingMethodAccessorImpl.java:43)
	at java.lang.reflect.Method.invoke(Method.java:498)
	at org.junit.runners.model.FrameworkMethod$1.runReflectiveCall(FrameworkMethod.java:50)
	at org.junit.internal.runners.model.ReflectiveCallable.run(ReflectiveCallable.java:12)
	at org.junit.runners.model.FrameworkMethod.invokeExplosively(FrameworkMethod.java:47)
	at org.junit.internal.runners.statements.InvokeMethod.evaluate(InvokeMethod.java:17)
	at org.junit.internal.runners.statements.RunBefores.evaluate(RunBefores.java:26)
	at org.junit.internal.runners.statements.RunAfters.evaluate(RunAfters.java:27)
	at org.corfudb.AbstractCorfuTest$1$1.lambda$evaluate$0(AbstractCorfuTest.java:105)
	at java.lang.Thread.run(Thread.java:745)

