-------------------------------------------------------------------------------
Test set: io.nflow.tests.Swagger2MarkupTest
-------------------------------------------------------------------------------
Tests run: 1, Failures: 1, Errors: 0, Skipped: 0, Time elapsed: 1.497 sec <<< FAILURE! - in io.nflow.tests.Swagger2MarkupTest
convertRemoteSwaggerToAsciiDoc(io.nflow.tests.Swagger2MarkupTest)  Time elapsed: 0.498 sec  <<< FAILURE!
java.lang.AssertionError: expected:<5> but was:<4>
	at io.nflow.tests.Swagger2MarkupTest.convertRemoteSwaggerToAsciiDoc(Swagger2MarkupTest.java:31)

