-------------------------------------------------------------------------------
Test set: com.sivalabs.jcart.admin.web.controllers.PermissionControllerTest
-------------------------------------------------------------------------------
Tests run: 4, Failures: 1, Errors: 0, Skipped: 0, Time elapsed: 5.907 s <<< FAILURE! - in com.sivalabs.jcart.admin.web.controllers.PermissionControllerTest
testListPermissionsWithAnonymousUser(com.sivalabs.jcart.admin.web.controllers.PermissionControllerTest)  Time elapsed: 0.036 s  <<< FAILURE!
java.lang.AssertionError: Range for response status value 401 expected:<REDIRECTION> but was:<CLIENT_ERROR>
	at com.sivalabs.jcart.admin.web.controllers.PermissionControllerTest.testListPermissionsWithAnonymousUser(PermissionControllerTest.java:94)

