-------------------------------------------------------------------------------
Test set: com.sivalabs.jcart.admin.web.controllers.ProductControllerTest
-------------------------------------------------------------------------------
Tests run: 7, Failures: 1, Errors: 0, Skipped: 2, Time elapsed: 1.179 s <<< FAILURE! - in com.sivalabs.jcart.admin.web.controllers.ProductControllerTest
testListProductsWithOutSecurity(com.sivalabs.jcart.admin.web.controllers.ProductControllerTest)  Time elapsed: 0.011 s  <<< FAILURE!
java.lang.AssertionError: Range for response status value 401 expected:<REDIRECTION> but was:<CLIENT_ERROR>
	at com.sivalabs.jcart.admin.web.controllers.ProductControllerTest.testListProductsWithOutSecurity(ProductControllerTest.java:117)

