<?xml version="1.0" encoding="UTF-8"?>
<testsuite name="de.fhg.iais.roberta.syntax.codegen.mbed.calliope.CppVisitorTest" time="0.387" tests="54" errors="0" skipped="7" failures="2">
  <properties>
    <property name="java.runtime.name" value="OpenJDK Runtime Environment"/>
    <property name="sun.boot.library.path" value="/usr/lib/jvm/java-8-openjdk-amd64/jre/lib/amd64"/>
    <property name="java.vm.version" value="25.121-b13"/>
    <property name="java.vm.vendor" value="Oracle Corporation"/>
    <property name="maven.multiModuleProjectDirectory" value="/root/workspace/OpenRoberta/robertalab/436048340/OpenRobertaParent"/>
    <property name="java.vendor.url" value="http://java.oracle.com/"/>
    <property name="path.separator" value=":"/>
    <property name="guice.disable.misplaced.annotation.check" value="true"/>
    <property name="skip.gulp" value="true"/>
    <property name="java.vm.name" value="OpenJDK 64-Bit Server VM"/>
    <property name="file.encoding.pkg" value="sun.io"/>
    <property name="sun.java.launcher" value="SUN_STANDARD"/>
    <property name="sun.os.patch.level" value="unknown"/>
    <property name="findbugs.skip" value="true"/>
    <property name="java.vm.specification.name" value="Java Virtual Machine Specification"/>
    <property name="user.dir" value="/root/workspace/OpenRoberta/robertalab/436048340/OpenRobertaParent"/>
    <property name="checkstyle.skip" value="true"/>
    <property name="java.runtime.version" value="1.8.0_121-8u121-b13-1~bpo8+1-b13"/>
    <property name="java.awt.graphicsenv" value="sun.awt.X11GraphicsEnvironment"/>
    <property name="skip.npm" value="true"/>
    <property name="java.endorsed.dirs" value="/usr/lib/jvm/java-8-openjdk-amd64/jre/lib/endorsed"/>
    <property name="os.arch" value="amd64"/>
    <property name="java.io.tmpdir" value="/tmp"/>
    <property name="gpg.skip" value="true"/>
    <property name="line.separator" value="&#10;"/>
    <property name="java.vm.specification.vendor" value="Oracle Corporation"/>
    <property name="cobertura.skip" value="true"/>
    <property name="os.name" value="Linux"/>
    <property name="classworlds.conf" value="/usr/share/maven/bin/m2.conf"/>
    <property name="sun.jnu.encoding" value="UTF-8"/>
    <property name="java.library.path" value="/usr/java/packages/lib/amd64:/usr/lib/x86_64-linux-gnu/jni:/lib/x86_64-linux-gnu:/usr/lib/x86_64-linux-gnu:/usr/lib/jni:/lib:/usr/lib"/>
    <property name="license.skip" value="true"/>
    <property name="java.specification.name" value="Java Platform API Specification"/>
    <property name="java.class.version" value="52.0"/>
    <property name="sun.management.compiler" value="HotSpot 64-Bit Tiered Compilers"/>
    <property name="skip.bower" value="true"/>
    <property name="maven.repo.local" value="/root/./workspace/OpenRoberta/robertalab/436048340/.m2"/>
    <property name="os.version" value="3.10.0-862.3.2.el7.x86_64"/>
    <property name="user.home" value="/root"/>
    <property name="user.timezone" value="Europe/Paris"/>
    <property name="java.awt.printerjob" value="sun.print.PSPrinterJob"/>
    <property name="java.specification.version" value="1.8"/>
    <property name="file.encoding" value="UTF-8"/>
    <property name="user.name" value="root"/>
    <property name="java.class.path" value="/usr/share/maven/boot/plexus-classworlds-2.5.2.jar"/>
    <property name="skipITs" value="true"/>
    <property name="java.vm.specification.version" value="1.8"/>
    <property name="sun.arch.data.model" value="64"/>
    <property name="java.home" value="/usr/lib/jvm/java-8-openjdk-amd64/jre"/>
    <property name="sun.java.command" value="org.codehaus.plexus.classworlds.launcher.Launcher -B -D enforcer.skip=true -D dependency-check.skip=true -D skipITs=true -D cobertura.skip=true -D maven.repo.local=/root/./workspace/OpenRoberta/robertalab/436048340/.m2 -D rat.skip=true -D findbugs.skip=true -D skip.bower=true -D gpg.skip=true -D checkstyle.skip=true -D skip.gulp=true -D license.skip=true -D skip.npm=true test"/>
    <property name="java.specification.vendor" value="Oracle Corporation"/>
    <property name="user.language" value="en"/>
    <property name="awt.toolkit" value="sun.awt.X11.XToolkit"/>
    <property name="dependency-check.skip" value="true"/>
    <property name="java.vm.info" value="mixed mode"/>
    <property name="java.version" value="1.8.0_121"/>
    <property name="java.ext.dirs" value="/usr/lib/jvm/java-8-openjdk-amd64/jre/lib/ext:/usr/java/packages/lib/ext"/>
    <property name="securerandom.source" value="file:/dev/./urandom"/>
    <property name="sun.boot.class.path" value="/usr/lib/jvm/java-8-openjdk-amd64/jre/lib/resources.jar:/usr/lib/jvm/java-8-openjdk-amd64/jre/lib/rt.jar:/usr/lib/jvm/java-8-openjdk-amd64/jre/lib/sunrsasign.jar:/usr/lib/jvm/java-8-openjdk-amd64/jre/lib/jsse.jar:/usr/lib/jvm/java-8-openjdk-amd64/jre/lib/jce.jar:/usr/lib/jvm/java-8-openjdk-amd64/jre/lib/charsets.jar:/usr/lib/jvm/java-8-openjdk-amd64/jre/lib/jfr.jar:/usr/lib/jvm/java-8-openjdk-amd64/jre/classes"/>
    <property name="java.vendor" value="Oracle Corporation"/>
    <property name="enforcer.skip" value="true"/>
    <property name="rat.skip" value="true"/>
    <property name="maven.home" value="/usr/share/maven"/>
    <property name="file.separator" value="/"/>
    <property name="java.vendor.url.bug" value="http://bugreport.sun.com/bugreport/"/>
    <property name="sun.cpu.endian" value="little"/>
    <property name="sun.io.unicode.encoding" value="UnicodeLittle"/>
    <property name="sun.cpu.isalist" value=""/>
  </properties>
  <testcase name="visitMainTask_ByDefault_ReturnsEmptyCppProgram" classname="de.fhg.iais.roberta.syntax.codegen.mbed.calliope.CppVisitorTest" time="0.06"/>
  <testcase name="visitPlayNoteAction_PlayNote261dot626Hz2000ms_ReturnsCorrectCppProgram" classname="de.fhg.iais.roberta.syntax.codegen.mbed.calliope.CppVisitorTest" time="0.004"/>
  <testcase name="visitPinSetPull_SetPullToValues_ReturnsCorrectCPP_Program" classname="de.fhg.iais.roberta.syntax.codegen.mbed.calliope.CppVisitorTest" time="0.01"/>
  <testcase name="check_loopWithBreakAndContinueInWait_returnsOneLabeledLoop" classname="de.fhg.iais.roberta.syntax.codegen.mbed.calliope.CppVisitorTest" time="0">
    <skipped message="Test is ignored currently"/>
  </testcase>
  <testcase name="visitPinGetValueSensor_DisplayAnalogReadPin0andDigitalReadPin2_ReturnsCorrectCppProgram" classname="de.fhg.iais.roberta.syntax.codegen.mbed.calliope.CppVisitorTest" time="0.006"/>
  <testcase name="visitAccelerationSensor_DisplayTheAccelerationInEachDirection_ReturnsCorrectCppProgram" classname="de.fhg.iais.roberta.syntax.codegen.mbed.calliope.CppVisitorTest" time="0.006"/>
  <testcase name="check_loopWithNestedTwoLoopsInsideWaitSecondContainWait_returnsFirstAndThirdLoopLabeled" classname="de.fhg.iais.roberta.syntax.codegen.mbed.calliope.CppVisitorTest" time="0.025"/>
  <testcase name="visitMathRandomIntFunct_ShowRandInt1to200_ReturnsCorrectCppProgram" classname="de.fhg.iais.roberta.syntax.codegen.mbed.calliope.CppVisitorTest" time="0.007"/>
  <testcase name="visitImage_ScriptCreatingImage_ReturnsCppProgram" classname="de.fhg.iais.roberta.syntax.codegen.mbed.calliope.CppVisitorTest" time="0.007"/>
  <testcase name="visitLedOnAction_TurnOnLedMissingColor_ReturnsCorrectCppProgram" classname="de.fhg.iais.roberta.syntax.codegen.mbed.calliope.CppVisitorTest" time="0.004"/>
  <testcase name="visitPinTouchSensor_DisplayIfPin0Pin2andPin3areTouched_ReturnsCorrectCppProgram" classname="de.fhg.iais.roberta.syntax.codegen.mbed.calliope.CppVisitorTest" time="0">
    <skipped message="Test is ignored until we have a solution for the pin mapping"/>
  </testcase>
  <testcase name="visitClearDisplayAction_ScriptWithClearDisplay_ReturnsCppProgramClearDisplay" classname="de.fhg.iais.roberta.syntax.codegen.mbed.calliope.CppVisitorTest" time="0.004"/>
  <testcase name="visitWaitStmt_TestAllTheSensorsInTheWaitStmt_ReturnsCorrectCppProgram" classname="de.fhg.iais.roberta.syntax.codegen.mbed.calliope.CppVisitorTest" time="0">
    <skipped message="Test is ignored until we have a solution for the wait statement"/>
  </testcase>
  <testcase name="visitMathOnListFunct_DisplayAllMathOnListFunctsResults_ReturnsCorrectCppProgram" classname="de.fhg.iais.roberta.syntax.codegen.mbed.calliope.CppVisitorTest" time="0.03"/>
  <testcase name="visitPredefinedImage_ScriptWithToImageVariables_ReturnsCppProgramWithTwoImageVariables" classname="de.fhg.iais.roberta.syntax.codegen.mbed.calliope.CppVisitorTest" time="0.016"/>
  <testcase name="check_threeLoopsWithNestedTwoLoopsInsideWaitSecondContainWait_returnsFirstThirdAndFourthLoopLabeled" classname="de.fhg.iais.roberta.syntax.codegen.mbed.calliope.CppVisitorTest" time="0.027"/>
  <testcase name="check_twoNestedloopsFirstWithBreakAndContinueInWaitSecondNot_returnsFirstLoopLabeled" classname="de.fhg.iais.roberta.syntax.codegen.mbed.calliope.CppVisitorTest" time="0.01"/>
  <testcase name="visitMotorOnAction_TurnOnMotorsA_B_AB_ReturnsCorrectCppProgram" classname="de.fhg.iais.roberta.syntax.codegen.mbed.calliope.CppVisitorTest" time="0.008"/>
  <testcase name="visitMainTask_timerUsed" classname="de.fhg.iais.roberta.syntax.codegen.mbed.calliope.CppVisitorTest" time="0.008"/>
  <testcase name="visitImageInvertFunction_ScriptWithMissingImage_ReturnsCppProgramInvertDefaultImage" classname="de.fhg.iais.roberta.syntax.codegen.mbed.calliope.CppVisitorTest" time="0.004"/>
  <testcase name="visitPinWriteValueSensor_SetAnalogPin0andDigitalPin2To0_ReturnsCorrectCppProgram" classname="de.fhg.iais.roberta.syntax.codegen.mbed.calliope.CppVisitorTest" time="0.004"/>
  <testcase name="check_nestedLoopsNoBreakorContinue_returnsNoLabeledLoops" classname="de.fhg.iais.roberta.syntax.codegen.mbed.calliope.CppVisitorTest" time="0">
    <skipped message="Test is ignored until next commit"/>
  </testcase>
  <testcase name="visitDisplayImageAction_ScriptWithMissinImageToDisplay_ReturnsCppProgramWithMissingImageToDisplay" classname="de.fhg.iais.roberta.syntax.codegen.mbed.calliope.CppVisitorTest" time="0.003"/>
  <testcase name="visitMotorStopAction_StopMotorFloatNonFloat_ReturnsCorrectCppProgram" classname="de.fhg.iais.roberta.syntax.codegen.mbed.calliope.CppVisitorTest" time="0.004"/>
  <testcase name="visitImageInvertFunction_ScriptWithInvertHeartImage_ReturnsCppProgramInvertHeartImage" classname="de.fhg.iais.roberta.syntax.codegen.mbed.calliope.CppVisitorTest" time="0.004"/>
  <testcase name="visitCompassSensor_ScriptDisplayCompassHeading_ReturnsCppProgram" classname="de.fhg.iais.roberta.syntax.codegen.mbed.calliope.CppVisitorTest" time="0.004"/>
  <testcase name="visitImageShiftFunction_ScriptWithMissingPositionImage_ReturnsCppProgramMissingPositionImage" classname="de.fhg.iais.roberta.syntax.codegen.mbed.calliope.CppVisitorTest" time="0.004"/>
  <testcase name="check_loopsWithBreakAndContinue_returnsNoLabeledLoops" classname="de.fhg.iais.roberta.syntax.codegen.mbed.calliope.CppVisitorTest" time="0.019"/>
  <testcase name="visitRadioSendAction_SendHelloMessage_ReturnsCorrectCppProgram" classname="de.fhg.iais.roberta.syntax.codegen.mbed.calliope.CppVisitorTest" time="0.003"/>
  <testcase name="visitLedOnAction_TurnOnLedInThreeDifferentColors_ReturnsCorrectCppProgram" classname="de.fhg.iais.roberta.syntax.codegen.mbed.calliope.CppVisitorTest" time="0.003"/>
  <testcase name="visitSingleMotorOnAction_TurnOnMotor_ReturnsCorrectCppProgram" classname="de.fhg.iais.roberta.syntax.codegen.mbed.calliope.CppVisitorTest" time="0.004"/>
  <testcase name="visitRadioRssiSensor_DisplayRssiValue_ReturnsCorrectCppProgram" classname="de.fhg.iais.roberta.syntax.codegen.mbed.calliope.CppVisitorTest" time="0.003"/>
  <testcase name="visitImageShiftFunction_ScriptWithShiftTwoImages_ReturnsCppProgramShiftTwoImages" classname="de.fhg.iais.roberta.syntax.codegen.mbed.calliope.CppVisitorTest" time="0.004"/>
  <testcase name="visitDisplayImageAction_ScriptWithDisplayImageAndAnimation_ReturnsCppProgramWithDisplayImageAndAnimation" classname="de.fhg.iais.roberta.syntax.codegen.mbed.calliope.CppVisitorTest" time="0.004"/>
  <testcase name="visitSingleMotorStopAction_StopMotorFloatNonFloatSleep_ReturnsCorrectCppProgram" classname="de.fhg.iais.roberta.syntax.codegen.mbed.calliope.CppVisitorTest" time="0.003"/>
  <testcase name="check_loopWithNestedTwoLoopsInsideWait_returnsFirstLoopLabeled" classname="de.fhg.iais.roberta.syntax.codegen.mbed.calliope.CppVisitorTest" time="0.009"/>
  <testcase name="visitTemperatureSensor_ScriptGetCurrentTemperatureAndDisplay_ReturnsCorrectCppProgram" classname="de.fhg.iais.roberta.syntax.codegen.mbed.calliope.CppVisitorTest" time="0.003"/>
  <testcase name="visitAccelerationOrientationSensor_DisplayTheTileAndRotation_ReturnsCorrectCppProgram" classname="de.fhg.iais.roberta.syntax.codegen.mbed.calliope.CppVisitorTest" time="0.003"/>
  <testcase name="check_noLoops_returnsNoLabeledLoops" classname="de.fhg.iais.roberta.syntax.codegen.mbed.calliope.CppVisitorTest" time="0">
    <skipped message="Test is ignored currently"/>
  </testcase>
  <testcase name="check_loopsWithBreakAndContinueFitstInWaitSecondNot_returnsFirstLoopLabeled" classname="de.fhg.iais.roberta.syntax.codegen.mbed.calliope.CppVisitorTest" time="0.006"/>
  <testcase name="visitMathPropertyFunct_ShowIsPrimeNumber_ReturnsCorrectCppProgram" classname="de.fhg.iais.roberta.syntax.codegen.mbed.calliope.CppVisitorTest" time="0.016">
    <failure message="expected:&lt;...anagedString(isPrime[](2)));release_fiber(...&gt; but was:&lt;...anagedString(isPrime[D](2)));release_fiber(...&gt;" type="org.junit.ComparisonFailure"><![CDATA[org.junit.ComparisonFailure: expected:<...anagedString(isPrime[](2)));release_fiber(...> but was:<...anagedString(isPrime[D](2)));release_fiber(...>
	at org.junit.Assert.assertEquals(Assert.java:115)
	at org.junit.Assert.assertEquals(Assert.java:144)
	at de.fhg.iais.roberta.syntax.codegen.mbed.calliope.CppVisitorTest.assertCodeIsOk(CppVisitorTest.java:1039)
	at de.fhg.iais.roberta.syntax.codegen.mbed.calliope.CppVisitorTest.visitMathPropertyFunct_ShowIsPrimeNumber_ReturnsCorrectCppProgram(CppVisitorTest.java:478)
]]></failure>
  </testcase>
  <testcase name="visitToneAction_PlayTone50Hz500ms_ReturnsCorrectCppProgram" classname="de.fhg.iais.roberta.syntax.codegen.mbed.calliope.CppVisitorTest" time="0.003"/>
  <testcase name="visitRadioSendAction_SendMissingMessage_ReturnsCorrectCppProgram" classname="de.fhg.iais.roberta.syntax.codegen.mbed.calliope.CppVisitorTest" time="0.003"/>
  <testcase name="visitMathRandomIntFunct_ShowRandIntMissingParam_ReturnsCorrectCppProgram" classname="de.fhg.iais.roberta.syntax.codegen.mbed.calliope.CppVisitorTest" time="0.003"/>
  <testcase name="visitRadioReceiveAction_ReceiveMessage_ReturnsCorrectCppProgram" classname="de.fhg.iais.roberta.syntax.codegen.mbed.calliope.CppVisitorTest" time="0.006"/>
  <testcase name="visitUserDefinedMethod__ReturnsCorrectCppProgram" classname="de.fhg.iais.roberta.syntax.codegen.mbed.calliope.CppVisitorTest" time="0.01"/>
  <testcase name="visitLightStatusAction_TurnOffLed_ReturnsCorrectCppProgram" classname="de.fhg.iais.roberta.syntax.codegen.mbed.calliope.CppVisitorTest" time="0.003"/>
  <testcase name="visitWaitStmt_TestTwoCases_ReturnsCorrectCppProgram" classname="de.fhg.iais.roberta.syntax.codegen.mbed.calliope.CppVisitorTest" time="0.004"/>
  <testcase name="visitMathPropertyFunct_ShowIsWholeNumber_ReturnsCorrectCppProgram" classname="de.fhg.iais.roberta.syntax.codegen.mbed.calliope.CppVisitorTest" time="0.003">
    <failure message="expected:&lt;...anagedString(isWhole[](2)));release_fiber(...&gt; but was:&lt;...anagedString(isWhole[D](2)));release_fiber(...&gt;" type="org.junit.ComparisonFailure"><![CDATA[org.junit.ComparisonFailure: expected:<...anagedString(isWhole[](2)));release_fiber(...> but was:<...anagedString(isWhole[D](2)));release_fiber(...>
	at org.junit.Assert.assertEquals(Assert.java:115)
	at org.junit.Assert.assertEquals(Assert.java:144)
	at de.fhg.iais.roberta.syntax.codegen.mbed.calliope.CppVisitorTest.assertCodeIsOk(CppVisitorTest.java:1039)
	at de.fhg.iais.roberta.syntax.codegen.mbed.calliope.CppVisitorTest.visitMathPropertyFunct_ShowIsWholeNumber_ReturnsCorrectCppProgram(CppVisitorTest.java:466)
]]></failure>
  </testcase>
  <testcase name="visitBrickSensor_ScriptChecksKeyAStatus_ReturnsCppProgram" classname="de.fhg.iais.roberta.syntax.codegen.mbed.calliope.CppVisitorTest" time="0.003"/>
  <testcase name="visitTAmbientLightSensor_GetAmbientLigthAndDisplay_ReturnsCorrectCppProgram" classname="de.fhg.iais.roberta.syntax.codegen.mbed.calliope.CppVisitorTest" time="0.006"/>
  <testcase name="visitGestureSensor_ScriptGetCurrentGestureAndDisplay_ReturnsCorrectCppProgram" classname="de.fhg.iais.roberta.syntax.codegen.mbed.calliope.CppVisitorTest" time="0">
    <skipped message="Test is ignored until next commit"/>
  </testcase>
  <testcase name="visitRgbColor_CreateColorAndDisplay_ReturnsCorrectCppProgram" classname="de.fhg.iais.roberta.syntax.codegen.mbed.calliope.CppVisitorTest" time="0">
    <skipped/>
  </testcase>
  <testcase name="visitDisplayText_ShowHelloScript_ReturnsCppProgramWithShowTextCall" classname="de.fhg.iais.roberta.syntax.codegen.mbed.calliope.CppVisitorTest" time="0.004"/>
</testsuite>