-------------------------------------------------------------------------------
Test set: com.datatorrent.stram.util.VersionInfoTest
-------------------------------------------------------------------------------
Tests run: 3, Failures: 1, Errors: 0, Skipped: 0, Time elapsed: 0.009 sec <<< FAILURE! - in com.datatorrent.stram.util.VersionInfoTest
testMavenProperties(com.datatorrent.stram.util.VersionInfoTest)  Time elapsed: 0.008 sec  <<< FAILURE!
java.lang.AssertionError: Version number pattern does not match: Unknown
	at com.datatorrent.stram.util.VersionInfoTest.testMavenProperties(VersionInfoTest.java:64)

