-------------------------------------------------------------------------------
Test set: com.google.errorprone.bugpatterns.apidiff.ApiDiffCheckerTest
-------------------------------------------------------------------------------
Tests run: 5, Failures: 3, Errors: 0, Skipped: 0, Time elapsed: 1.871 sec <<< FAILURE! - in com.google.errorprone.bugpatterns.apidiff.ApiDiffCheckerTest
subType(com.google.errorprone.bugpatterns.apidiff.ApiDiffCheckerTest)  Time elapsed: 1.071 sec  <<< FAILURE!
java.lang.AssertionError: 
Compilation failed unexpectedly: [parsing started SimpleFileObject[/tmp/junit1353298591191151741/junit2895589187541425623/Test.java]]
[parsing completed 1ms]
[search path for source files: ]
[search path for class files: /root/./workspace/google/error-prone/389479487/.m2/com/google/errorprone/javac/9+181-r4173-1/javac-9+181-r4173-1.jar,/usr/lib/jvm/java-8-openjdk-amd64/jre/lib/resources.jar,/usr/lib/jvm/java-8-openjdk-amd64/jre/lib/rt.jar,/usr/lib/jvm/java-8-openjdk-amd64/jre/lib/sunrsasign.jar,/usr/lib/jvm/java-8-openjdk-amd64/jre/lib/jsse.jar,/usr/lib/jvm/java-8-openjdk-amd64/jre/lib/jce.jar,/usr/lib/jvm/java-8-openjdk-amd64/jre/lib/charsets.jar,/usr/lib/jvm/java-8-openjdk-amd64/jre/lib/jfr.jar,/usr/lib/jvm/java-8-openjdk-amd64/jre/classes,/usr/lib/jvm/java-8-openjdk-amd64/jre/lib/ext/cldrdata.jar,/usr/lib/jvm/java-8-openjdk-amd64/jre/lib/ext/dnsns.jar,/usr/lib/jvm/java-8-openjdk-amd64/jre/lib/ext/icedtea-sound.jar,/usr/lib/jvm/java-8-openjdk-amd64/jre/lib/ext/jaccess.jar,/usr/lib/jvm/java-8-openjdk-amd64/jre/lib/ext/java-atk-wrapper.jar,/usr/lib/jvm/java-8-openjdk-amd64/jre/lib/ext/localedata.jar,/usr/lib/jvm/java-8-openjdk-amd64/jre/lib/ext/nashorn.jar,/usr/lib/jvm/java-8-openjdk-amd64/jre/lib/ext/sunec.jar,/usr/lib/jvm/java-8-openjdk-amd64/jre/lib/ext/sunjce_provider.jar,/usr/lib/jvm/java-8-openjdk-amd64/jre/lib/ext/sunpkcs11.jar,/usr/lib/jvm/java-8-openjdk-amd64/jre/lib/ext/zipfs.jar,/tmp/junit1353298591191151741/junit230121710849775952/output.jar]
[loading /tmp/junit1353298591191151741/junit230121710849775952/output.jar(/lib/A.class)]
[loading /usr/lib/jvm/java-8-openjdk-amd64/jre/lib/rt.jar(/java/lang/Object.class)]
[checking Test]
[loading /usr/lib/jvm/java-8-openjdk-amd64/jre/lib/rt.jar(/java/io/Serializable.class)]
[loading /usr/lib/jvm/java-8-openjdk-amd64/jre/lib/rt.jar(/java/lang/AutoCloseable.class)]
[loading /usr/lib/jvm/java-8-openjdk-amd64/jre/lib/rt.jar(/javax/annotation/Generated.class)]
[loading /usr/lib/jvm/java-8-openjdk-amd64/jre/lib/rt.jar(/java/lang/annotation/Retention.class)]
[loading /usr/lib/jvm/java-8-openjdk-amd64/jre/lib/rt.jar(/java/lang/annotation/RetentionPolicy.class)]
[loading /usr/lib/jvm/java-8-openjdk-amd64/jre/lib/rt.jar(/java/lang/annotation/Target.class)]
[loading /usr/lib/jvm/java-8-openjdk-amd64/jre/lib/rt.jar(/java/lang/annotation/ElementType.class)]
[loading /root/./workspace/google/error-prone/389479487/.m2/com/google/errorprone/javac/9+181-r4173-1/javac-9+181-r4173-1.jar(/javax/annotation/processing/Generated.class)]
[total 107ms]
: /tmp/junit1353298591191151741/junit2895589187541425623/Test.java:4: error: [SampleChecker] lib.A#f() is not available in <anonymous Test$1>
    new A() {}.f();
              ^
    (see https://errorprone.info/bugpattern/SampleChecker.md) (<false>) was expected to be true, but was false
	at com.google.errorprone.bugpatterns.apidiff.ApiDiffCheckerTest.subType(ApiDiffCheckerTest.java:385)

newDerivedMethod(com.google.errorprone.bugpatterns.apidiff.ApiDiffCheckerTest)  Time elapsed: 0.218 sec  <<< FAILURE!
java.lang.AssertionError: 
Compilation failed unexpectedly: [parsing started SimpleFileObject[/tmp/junit5904977822488283507/junit5788539035307312352/Test.java]]
[parsing completed 1ms]
[search path for source files: ]
[search path for class files: /root/./workspace/google/error-prone/389479487/.m2/com/google/errorprone/javac/9+181-r4173-1/javac-9+181-r4173-1.jar,/usr/lib/jvm/java-8-openjdk-amd64/jre/lib/resources.jar,/usr/lib/jvm/java-8-openjdk-amd64/jre/lib/rt.jar,/usr/lib/jvm/java-8-openjdk-amd64/jre/lib/sunrsasign.jar,/usr/lib/jvm/java-8-openjdk-amd64/jre/lib/jsse.jar,/usr/lib/jvm/java-8-openjdk-amd64/jre/lib/jce.jar,/usr/lib/jvm/java-8-openjdk-amd64/jre/lib/charsets.jar,/usr/lib/jvm/java-8-openjdk-amd64/jre/lib/jfr.jar,/usr/lib/jvm/java-8-openjdk-amd64/jre/classes,/usr/lib/jvm/java-8-openjdk-amd64/jre/lib/ext/cldrdata.jar,/usr/lib/jvm/java-8-openjdk-amd64/jre/lib/ext/dnsns.jar,/usr/lib/jvm/java-8-openjdk-amd64/jre/lib/ext/icedtea-sound.jar,/usr/lib/jvm/java-8-openjdk-amd64/jre/lib/ext/jaccess.jar,/usr/lib/jvm/java-8-openjdk-amd64/jre/lib/ext/java-atk-wrapper.jar,/usr/lib/jvm/java-8-openjdk-amd64/jre/lib/ext/localedata.jar,/usr/lib/jvm/java-8-openjdk-amd64/jre/lib/ext/nashorn.jar,/usr/lib/jvm/java-8-openjdk-amd64/jre/lib/ext/sunec.jar,/usr/lib/jvm/java-8-openjdk-amd64/jre/lib/ext/sunjce_provider.jar,/usr/lib/jvm/java-8-openjdk-amd64/jre/lib/ext/sunpkcs11.jar,/usr/lib/jvm/java-8-openjdk-amd64/jre/lib/ext/zipfs.jar,/tmp/junit5904977822488283507/junit391038007558070692/output.jar,/tmp/junit5904977822488283507/junit7980360250626082911/output.jar]
[loading /usr/lib/jvm/java-8-openjdk-amd64/jre/lib/rt.jar(/java/lang/Object.class)]
[checking Test]
[loading /usr/lib/jvm/java-8-openjdk-amd64/jre/lib/rt.jar(/java/io/Serializable.class)]
[loading /usr/lib/jvm/java-8-openjdk-amd64/jre/lib/rt.jar(/java/lang/AutoCloseable.class)]
[loading /tmp/junit5904977822488283507/junit391038007558070692/output.jar(/lib/Derived.class)]
[loading /tmp/junit5904977822488283507/junit7980360250626082911/output.jar(/lib/Base.class)]
[loading /usr/lib/jvm/java-8-openjdk-amd64/jre/lib/rt.jar(/javax/annotation/Generated.class)]
[loading /usr/lib/jvm/java-8-openjdk-amd64/jre/lib/rt.jar(/java/lang/annotation/Retention.class)]
[loading /usr/lib/jvm/java-8-openjdk-amd64/jre/lib/rt.jar(/java/lang/annotation/RetentionPolicy.class)]
[loading /usr/lib/jvm/java-8-openjdk-amd64/jre/lib/rt.jar(/java/lang/annotation/Target.class)]
[loading /usr/lib/jvm/java-8-openjdk-amd64/jre/lib/rt.jar(/java/lang/annotation/ElementType.class)]
[loading /root/./workspace/google/error-prone/389479487/.m2/com/google/errorprone/javac/9+181-r4173-1/javac-9+181-r4173-1.jar(/javax/annotation/processing/Generated.class)]
[total 26ms]
: /tmp/junit5904977822488283507/junit5788539035307312352/Test.java:5: error: [SampleChecker] lib.Derived#g() is not available in lib.Derived
    new Derived().g();
                 ^
    (see https://errorprone.info/bugpattern/SampleChecker.md) (<false>) was expected to be true, but was false
	at com.google.errorprone.bugpatterns.apidiff.ApiDiffCheckerTest.newDerivedMethod(ApiDiffCheckerTest.java:134)

movedToSuperMethodFromMiddle(com.google.errorprone.bugpatterns.apidiff.ApiDiffCheckerTest)  Time elapsed: 0.189 sec  <<< FAILURE!
java.lang.AssertionError: 
Compilation failed unexpectedly: [parsing started SimpleFileObject[/tmp/junit7120268782747268653/junit3346224424731120933/Test.java]]
[parsing completed 1ms]
[search path for source files: ]
[search path for class files: /root/./workspace/google/error-prone/389479487/.m2/com/google/errorprone/javac/9+181-r4173-1/javac-9+181-r4173-1.jar,/usr/lib/jvm/java-8-openjdk-amd64/jre/lib/resources.jar,/usr/lib/jvm/java-8-openjdk-amd64/jre/lib/rt.jar,/usr/lib/jvm/java-8-openjdk-amd64/jre/lib/sunrsasign.jar,/usr/lib/jvm/java-8-openjdk-amd64/jre/lib/jsse.jar,/usr/lib/jvm/java-8-openjdk-amd64/jre/lib/jce.jar,/usr/lib/jvm/java-8-openjdk-amd64/jre/lib/charsets.jar,/usr/lib/jvm/java-8-openjdk-amd64/jre/lib/jfr.jar,/usr/lib/jvm/java-8-openjdk-amd64/jre/classes,/usr/lib/jvm/java-8-openjdk-amd64/jre/lib/ext/cldrdata.jar,/usr/lib/jvm/java-8-openjdk-amd64/jre/lib/ext/dnsns.jar,/usr/lib/jvm/java-8-openjdk-amd64/jre/lib/ext/icedtea-sound.jar,/usr/lib/jvm/java-8-openjdk-amd64/jre/lib/ext/jaccess.jar,/usr/lib/jvm/java-8-openjdk-amd64/jre/lib/ext/java-atk-wrapper.jar,/usr/lib/jvm/java-8-openjdk-amd64/jre/lib/ext/localedata.jar,/usr/lib/jvm/java-8-openjdk-amd64/jre/lib/ext/nashorn.jar,/usr/lib/jvm/java-8-openjdk-amd64/jre/lib/ext/sunec.jar,/usr/lib/jvm/java-8-openjdk-amd64/jre/lib/ext/sunjce_provider.jar,/usr/lib/jvm/java-8-openjdk-amd64/jre/lib/ext/sunpkcs11.jar,/usr/lib/jvm/java-8-openjdk-amd64/jre/lib/ext/zipfs.jar,/tmp/junit7120268782747268653/junit2998783110672328968/output.jar]
[loading /usr/lib/jvm/java-8-openjdk-amd64/jre/lib/rt.jar(/java/lang/Object.class)]
[loading /tmp/junit7120268782747268653/junit2998783110672328968/output.jar(/lib/C.class)]
[checking Test]
[loading /usr/lib/jvm/java-8-openjdk-amd64/jre/lib/rt.jar(/java/io/Serializable.class)]
[loading /usr/lib/jvm/java-8-openjdk-amd64/jre/lib/rt.jar(/java/lang/AutoCloseable.class)]
[loading /usr/lib/jvm/java-8-openjdk-amd64/jre/lib/rt.jar(/java/lang/Deprecated.class)]
[loading /usr/lib/jvm/java-8-openjdk-amd64/jre/lib/rt.jar(/java/lang/annotation/Retention.class)]
[loading /usr/lib/jvm/java-8-openjdk-amd64/jre/lib/rt.jar(/java/lang/annotation/RetentionPolicy.class)]
[loading /usr/lib/jvm/java-8-openjdk-amd64/jre/lib/rt.jar(/java/lang/annotation/Target.class)]
[loading /usr/lib/jvm/java-8-openjdk-amd64/jre/lib/rt.jar(/java/lang/annotation/ElementType.class)]
[loading /tmp/junit7120268782747268653/junit2998783110672328968/output.jar(/lib/B.class)]
[loading /tmp/junit7120268782747268653/junit2998783110672328968/output.jar(/lib/A.class)]
[loading /usr/lib/jvm/java-8-openjdk-amd64/jre/lib/rt.jar(/javax/annotation/Generated.class)]
[loading /root/./workspace/google/error-prone/389479487/.m2/com/google/errorprone/javac/9+181-r4173-1/javac-9+181-r4173-1.jar(/javax/annotation/processing/Generated.class)]
[total 17ms]
: /tmp/junit7120268782747268653/junit3346224424731120933/Test.java:4: error: [SampleChecker] lib.A#f() is not available in lib.C
    c.f();
     ^
    (see https://errorprone.info/bugpattern/SampleChecker.md) (<false>) was expected to be true, but was false
	at com.google.errorprone.bugpatterns.apidiff.ApiDiffCheckerTest.movedToSuperMethodFromMiddle(ApiDiffCheckerTest.java:328)

