-------------------------------------------------------------------------------
Test set: org.apache.calcite.test.RelMetadataTest
-------------------------------------------------------------------------------
Tests run: 140, Failures: 0, Errors: 1, Skipped: 6, Time elapsed: 27.179 s <<< FAILURE! - in org.apache.calcite.test.RelMetadataTest
testPullUpPredicatesForExprsItr(org.apache.calcite.test.RelMetadataTest)  Time elapsed: 20.018 s  <<< ERROR!
org.junit.runners.model.TestTimedOutException: test timed out after 20000 milliseconds
	at org.apache.calcite.test.RelMetadataTest.testPullUpPredicatesForExprsItr(RelMetadataTest.java:1561)

