-------------------------------------------------------------------------------
Test set: org.apache.servicecomb.saga.alpha.server.AlphaIntegrationWithSSLTest
-------------------------------------------------------------------------------
Tests run: 14, Failures: 0, Errors: 1, Skipped: 0, Time elapsed: 26.552 sec <<< FAILURE! - in org.apache.servicecomb.saga.alpha.server.AlphaIntegrationWithSSLTest
compensateOnlyCompletedTransactions(org.apache.servicecomb.saga.alpha.server.AlphaIntegrationWithSSLTest)  Time elapsed: 1.456 sec  <<< ERROR!
org.awaitility.core.ConditionTimeoutException: Condition with lambda expression in org.apache.servicecomb.saga.alpha.server.AlphaIntegrationTest was not fulfilled within 1 seconds.

