-------------------------------------------------------------------------------
Test set: org.roaringbitmap.TestRoaringBitmap
-------------------------------------------------------------------------------
Tests run: 139, Failures: 1, Errors: 0, Skipped: 0, Time elapsed: 32.926 sec <<< FAILURE! - in org.roaringbitmap.TestRoaringBitmap
testNextValue(org.roaringbitmap.TestRoaringBitmap)  Time elapsed: 0.083 sec  <<< FAILURE!
java.lang.AssertionError: expected:<-1> but was:<14>
	at org.roaringbitmap.TestRoaringBitmap.testNextValue(TestRoaringBitmap.java:4712)

